[2022-12-16 13:23:27] [INFO   ] cannot read configuration file config.properties trying from resources.
[2022-12-16 13:23:27] [INFO   ] configuration file was loaded from resources directory.
[2022-12-16 13:23:29] [INFO   ] Thread dealer starting.
[2022-12-16 13:23:29] [INFO   ] Thread Thread-1starting.
[2022-12-16 13:23:29] [INFO   ] Thread Thread-0starting.
[2022-12-16 13:23:29] [SEVERE ] placing card 76 in slot 0
[2022-12-16 13:23:29] [SEVERE ] placing card 25 in slot 1
[2022-12-16 13:23:29] [SEVERE ] placing card 80 in slot 2
[2022-12-16 13:23:29] [SEVERE ] placing card 4 in slot 3
[2022-12-16 13:23:29] [SEVERE ] placing card 66 in slot 4
[2022-12-16 13:23:29] [SEVERE ] placing card 24 in slot 5
[2022-12-16 13:23:29] [SEVERE ] placing card 42 in slot 6
[2022-12-16 13:23:29] [SEVERE ] placing card 16 in slot 7
[2022-12-16 13:23:30] [SEVERE ] placing card 77 in slot 8
[2022-12-16 13:23:30] [SEVERE ] placing card 72 in slot 9
[2022-12-16 13:23:30] [SEVERE ] placing card 0 in slot 10
[2022-12-16 13:23:30] [SEVERE ] placing card 12 in slot 11
[2022-12-16 13:23:32] [SEVERE ] Key 81 was pressed by player 0
[2022-12-16 13:23:32] [SEVERE ] player 0 placing token on slot 0
[2022-12-16 13:23:32] [SEVERE ] Key 87 was pressed by player 0
[2022-12-16 13:23:32] [SEVERE ] player 0 placing token on slot 1
[2022-12-16 13:23:32] [SEVERE ] Key 87 was pressed by player 0
[2022-12-16 13:23:32] [SEVERE ] removing player 0 token from slot 1
[2022-12-16 13:23:32] [SEVERE ] Key 82 was pressed by player 0
[2022-12-16 13:23:32] [SEVERE ] player 0 placing token on slot 3
[2022-12-16 13:23:32] [SEVERE ] Key 69 was pressed by player 0
[2022-12-16 13:23:32] [SEVERE ] player 0 placing token on slot 2
[2022-12-16 13:23:32] [SEVERE ] Key 81 was pressed by player 0
[2022-12-16 13:23:32] [SEVERE ] removing player 0 token from slot 0
[2022-12-16 13:23:32] [SEVERE ] Key 69 was pressed by player 0
[2022-12-16 13:23:32] [SEVERE ] removing player 0 token from slot 2
[2022-12-16 13:23:32] [SEVERE ] Key 87 was pressed by player 0
[2022-12-16 13:23:32] [SEVERE ] player 0 placing token on slot 1
[2022-12-16 13:23:32] [SEVERE ] Key 69 was pressed by player 0
[2022-12-16 13:23:32] [SEVERE ] player 0 placing token on slot 2
[2022-12-16 13:23:32] [SEVERE ] Key 81 was pressed by player 0
[2022-12-16 13:23:32] [SEVERE ] Key 87 was pressed by player 0
[2022-12-16 13:23:32] [SEVERE ] removing player 0 token from slot 1
[2022-12-16 13:23:32] [SEVERE ] Key 69 was pressed by player 0
[2022-12-16 13:23:32] [SEVERE ] removing player 0 token from slot 2
[2022-12-16 13:23:33] [SEVERE ] Key 81 was pressed by player 0
[2022-12-16 13:23:33] [SEVERE ] player 0 placing token on slot 0
[2022-12-16 13:23:33] [SEVERE ] Key 87 was pressed by player 0
[2022-12-16 13:23:33] [SEVERE ] player 0 placing token on slot 1
[2022-12-16 13:23:33] [SEVERE ] Key 69 was pressed by player 0
[2022-12-16 13:23:33] [SEVERE ] Key 69 was pressed by player 0
[2022-12-16 13:23:33] [SEVERE ] Key 87 was pressed by player 0
[2022-12-16 13:23:33] [SEVERE ] removing player 0 token from slot 1
[2022-12-16 13:23:33] [SEVERE ] Key 81 was pressed by player 0
[2022-12-16 13:23:33] [SEVERE ] removing player 0 token from slot 0
[2022-12-16 13:23:33] [SEVERE ] setting player 0 freeze to 3000
[2022-12-16 13:23:33] [SEVERE ] Key 69 was pressed by player 0
[2022-12-16 13:23:33] [SEVERE ] Key 81 was pressed by player 0
[2022-12-16 13:23:33] [SEVERE ] Key 69 was pressed by player 0
[2022-12-16 13:23:34] [SEVERE ] Key 82 was pressed by player 0
[2022-12-16 13:23:34] [SEVERE ] setting player 0 freeze to 2000
[2022-12-16 13:23:35] [SEVERE ] setting player 0 freeze to 1000
[2022-12-16 13:23:36] [SEVERE ] setting player 0 freeze to 0
[2022-12-16 13:23:36] [SEVERE ] player 0 placing token on slot 2
[2022-12-16 13:23:36] [SEVERE ] player 0 placing token on slot 0
[2022-12-16 13:23:36] [SEVERE ] removing player 0 token from slot 2
[2022-12-16 13:23:37] [SEVERE ] Key 82 was pressed by player 0
[2022-12-16 13:23:37] [SEVERE ] removing player 0 token from slot 3
[2022-12-16 13:23:37] [SEVERE ] setting player 0 freeze to 3000
[2022-12-16 13:23:37] [SEVERE ] Key 87 was pressed by player 0
[2022-12-16 13:23:37] [SEVERE ] Key 69 was pressed by player 0
[2022-12-16 13:23:38] [SEVERE ] setting player 0 freeze to 2000
[2022-12-16 13:23:38] [SEVERE ] Key 87 was pressed by player 0
[2022-12-16 13:23:39] [SEVERE ] setting player 0 freeze to 1000
[2022-12-16 13:23:40] [SEVERE ] setting player 0 freeze to 0
[2022-12-16 13:23:40] [SEVERE ] player 0 placing token on slot 1
[2022-12-16 13:23:40] [SEVERE ] player 0 placing token on slot 2
[2022-12-16 13:23:40] [SEVERE ] removing player 0 token from slot 1
[2022-12-16 13:23:40] [SEVERE ] setting player 0 freeze to 3000
[2022-12-16 13:23:40] [SEVERE ] Key 87 was pressed by player 0
[2022-12-16 13:23:40] [SEVERE ] Key 69 was pressed by player 0
[2022-12-16 13:23:41] [SEVERE ] Key 82 was pressed by player 0
[2022-12-16 13:23:41] [SEVERE ] setting player 0 freeze to 2000
[2022-12-16 13:23:41] [SEVERE ] Key 87 was pressed by player 0
[2022-12-16 13:23:42] [SEVERE ] setting player 0 freeze to 1000
[2022-12-16 13:23:43] [SEVERE ] setting player 0 freeze to 0
[2022-12-16 13:23:43] [SEVERE ] player 0 placing token on slot 1
[2022-12-16 13:23:43] [SEVERE ] removing player 0 token from slot 2
[2022-12-16 13:23:43] [SEVERE ] player 0 placing token on slot 3
[2022-12-16 13:23:43] [SEVERE ] setting player 0 freeze to 3000
[2022-12-16 13:23:44] [SEVERE ] setting player 0 freeze to 2000
[2022-12-16 13:23:45] [SEVERE ] setting player 0 freeze to 1000
[2022-12-16 13:23:46] [SEVERE ] setting player 0 freeze to 0
[2022-12-16 13:23:47] [SEVERE ] Key 69 was pressed by player 0
[2022-12-16 13:23:48] [SEVERE ] Key 82 was pressed by player 0
[2022-12-16 13:23:48] [SEVERE ] removing player 0 token from slot 3
[2022-12-16 13:23:49] [SEVERE ] Key 87 was pressed by player 0
[2022-12-16 13:23:49] [SEVERE ] removing player 0 token from slot 1
[2022-12-16 13:23:50] [SEVERE ] Key 87 was pressed by player 0
[2022-12-16 13:23:50] [SEVERE ] player 0 placing token on slot 1
[2022-12-16 13:23:50] [SEVERE ] Key 82 was pressed by player 0
[2022-12-16 13:23:50] [SEVERE ] player 0 placing token on slot 3
[2022-12-16 13:23:51] [SEVERE ] setting player 0 freeze to 3000
[2022-12-16 13:23:52] [SEVERE ] setting player 0 freeze to 2000
[2022-12-16 13:23:53] [SEVERE ] setting player 0 freeze to 1000
