[2022-12-16 13:55:04] [INFO   ] cannot read configuration file config.properties trying from resources.
[2022-12-16 13:55:04] [INFO   ] configuration file was loaded from resources directory.
[2022-12-16 13:55:04] [INFO   ] Thread dealer starting.
[2022-12-16 13:55:04] [INFO   ] Thread Thread-0starting.
[2022-12-16 13:55:04] [INFO   ] Thread Thread-1starting.
[2022-12-16 13:55:04] [SEVERE ] placing card 69 in slot 0
[2022-12-16 13:55:04] [SEVERE ] placing card 70 in slot 1
[2022-12-16 13:55:05] [SEVERE ] placing card 10 in slot 2
[2022-12-16 13:55:05] [SEVERE ] placing card 50 in slot 3
[2022-12-16 13:55:05] [SEVERE ] placing card 22 in slot 4
[2022-12-16 13:55:05] [SEVERE ] placing card 79 in slot 5
[2022-12-16 13:55:05] [SEVERE ] placing card 1 in slot 6
[2022-12-16 13:55:05] [SEVERE ] placing card 21 in slot 7
[2022-12-16 13:55:05] [SEVERE ] placing card 41 in slot 8
[2022-12-16 13:55:05] [SEVERE ] placing card 32 in slot 9
[2022-12-16 13:55:05] [SEVERE ] placing card 51 in slot 10
[2022-12-16 13:55:06] [SEVERE ] placing card 75 in slot 11
[2022-12-16 13:55:07] [SEVERE ] Key 87 was pressed by player 0
[2022-12-16 13:55:07] [SEVERE ] player 0 placing token on slot 1
[2022-12-16 13:55:07] [SEVERE ] Key 81 was pressed by player 0
[2022-12-16 13:55:07] [SEVERE ] player 0 placing token on slot 0
[2022-12-16 13:55:09] [SEVERE ] Key 69 was pressed by player 0
[2022-12-16 13:55:09] [SEVERE ] player 0 placing token on slot 2
[2022-12-16 13:55:09] [SEVERE ] setting player 0 freeze to 3000
[2022-12-16 13:55:10] [SEVERE ] setting player 0 freeze to 2000
[2022-12-16 13:55:11] [SEVERE ] setting player 0 freeze to 1000
[2022-12-16 13:55:12] [SEVERE ] setting player 0 freeze to 0
[2022-12-16 13:55:12] [SEVERE ] setting player 0 freeze to 0
[2022-12-16 13:55:13] [SEVERE ] Key 69 was pressed by player 0
[2022-12-16 13:55:13] [SEVERE ] removing player 0 token from slot 2
[2022-12-16 13:55:14] [SEVERE ] Key 69 was pressed by player 0
[2022-12-16 13:55:14] [SEVERE ] player 0 placing token on slot 2
[2022-12-16 13:55:14] [SEVERE ] setting player 0 freeze to 3000
[2022-12-16 13:55:15] [SEVERE ] setting player 0 freeze to 2000
[2022-12-16 13:55:16] [SEVERE ] setting player 0 freeze to 1000
[2022-12-16 13:55:17] [SEVERE ] setting player 0 freeze to 0
[2022-12-16 13:55:17] [SEVERE ] setting player 0 freeze to 0
[2022-12-16 13:55:17] [SEVERE ] Key 69 was pressed by player 0
[2022-12-16 13:55:17] [SEVERE ] removing player 0 token from slot 2
[2022-12-16 13:55:18] [SEVERE ] Key 69 was pressed by player 0
[2022-12-16 13:55:18] [SEVERE ] player 0 placing token on slot 2
[2022-12-16 13:55:18] [SEVERE ] setting player 0 freeze to 3000
[2022-12-16 13:55:19] [SEVERE ] setting player 0 freeze to 2000
[2022-12-16 13:55:20] [SEVERE ] setting player 0 freeze to 1000
[2022-12-16 13:55:21] [SEVERE ] setting player 0 freeze to 0
[2022-12-16 13:55:21] [SEVERE ] setting player 0 freeze to 0
[2022-12-16 13:55:22] [SEVERE ] Key 69 was pressed by player 0
[2022-12-16 13:55:22] [SEVERE ] removing player 0 token from slot 2
[2022-12-16 13:55:22] [SEVERE ] Key 69 was pressed by player 0
[2022-12-16 13:55:22] [SEVERE ] player 0 placing token on slot 2
[2022-12-16 13:55:22] [SEVERE ] setting player 0 freeze to 3000
[2022-12-16 13:55:23] [SEVERE ] setting player 0 freeze to 2000
[2022-12-16 13:55:24] [SEVERE ] setting player 0 freeze to 1000
[2022-12-16 13:55:25] [SEVERE ] setting player 0 freeze to 0
[2022-12-16 13:55:25] [SEVERE ] Key 69 was pressed by player 0
[2022-12-16 13:55:25] [SEVERE ] Key 69 was pressed by player 0
[2022-12-16 13:55:25] [SEVERE ] setting player 0 freeze to 0
[2022-12-16 13:55:25] [SEVERE ] removing player 0 token from slot 2
[2022-12-16 13:55:25] [SEVERE ] player 0 placing token on slot 2
[2022-12-16 13:55:25] [SEVERE ] setting player 0 freeze to 3000
[2022-12-16 13:55:26] [SEVERE ] setting player 0 freeze to -1000
[2022-12-16 13:55:27] [SEVERE ] setting player 0 freeze to -2000
[2022-12-16 13:55:28] [SEVERE ] Key 69 was pressed by player 0
[2022-12-16 13:55:28] [SEVERE ] Key 69 was pressed by player 0
[2022-12-16 13:55:28] [SEVERE ] setting player 0 freeze to -3000
[2022-12-16 13:55:29] [SEVERE ] setting player 0 freeze to 0
[2022-12-16 13:55:29] [SEVERE ] removing player 0 token from slot 2
[2022-12-16 13:55:29] [SEVERE ] player 0 placing token on slot 2
[2022-12-16 13:55:29] [SEVERE ] setting player 0 freeze to 3000
[2022-12-16 13:55:29] [SEVERE ] setting player 0 freeze to -4000
[2022-12-16 13:55:30] [SEVERE ] setting player 0 freeze to -5000
[2022-12-16 13:55:31] [SEVERE ] setting player 0 freeze to -6000
[2022-12-16 13:55:32] [SEVERE ] setting player 0 freeze to 0
[2022-12-16 13:55:32] [SEVERE ] Key 69 was pressed by player 0
[2022-12-16 13:55:32] [SEVERE ] removing player 0 token from slot 2
[2022-12-16 13:55:32] [SEVERE ] Key 69 was pressed by player 0
[2022-12-16 13:55:32] [SEVERE ] player 0 placing token on slot 2
[2022-12-16 13:55:32] [SEVERE ] setting player 0 freeze to 3000
[2022-12-16 13:55:33] [SEVERE ] setting player 0 freeze to 2000
[2022-12-16 13:55:34] [SEVERE ] setting player 0 freeze to 1000
[2022-12-16 13:55:35] [SEVERE ] setting player 0 freeze to 0
[2022-12-16 13:55:35] [SEVERE ] setting player 0 freeze to 0
[2022-12-16 13:55:35] [SEVERE ] Key 69 was pressed by player 0
[2022-12-16 13:55:35] [SEVERE ] removing player 0 token from slot 2
[2022-12-16 13:55:35] [SEVERE ] Key 69 was pressed by player 0
[2022-12-16 13:55:35] [SEVERE ] player 0 placing token on slot 2
[2022-12-16 13:55:35] [SEVERE ] setting player 0 freeze to 3000
[2022-12-16 13:55:36] [SEVERE ] setting player 0 freeze to -1000
[2022-12-16 13:55:37] [SEVERE ] setting player 0 freeze to -2000
