[2022-12-14 15:37:47] [INFO   ] cannot read configuration file config.properties trying from resources.
[2022-12-14 15:37:47] [INFO   ] configuration file was loaded from resources directory.
[2022-12-14 15:37:48] [INFO   ] Thread dealer starting.
[2022-12-14 15:37:48] [SEVERE ] placing card 20 in slot 0
[2022-12-14 15:37:48] [SEVERE ] placing card 61 in slot 1
[2022-12-14 15:37:48] [SEVERE ] placing card 21 in slot 2
[2022-12-14 15:37:48] [SEVERE ] placing card 25 in slot 3
[2022-12-14 15:37:48] [SEVERE ] placing card 2 in slot 4
[2022-12-14 15:37:48] [SEVERE ] placing card 46 in slot 5
[2022-12-14 15:37:49] [SEVERE ] placing card 51 in slot 6
[2022-12-14 15:37:49] [SEVERE ] placing card 48 in slot 7
[2022-12-14 15:37:49] [SEVERE ] placing card 73 in slot 8
[2022-12-14 15:37:49] [SEVERE ] placing card 5 in slot 9
[2022-12-14 15:37:49] [SEVERE ] placing card 18 in slot 10
[2022-12-14 15:37:49] [SEVERE ] placing card 40 in slot 11
[2022-12-14 15:37:50] [SEVERE ] setting player 0 freeze to -1000
[2022-12-14 15:37:50] [SEVERE ] setting player 1 freeze to -1000
[2022-12-14 15:37:51] [SEVERE ] Key 81 was pressed by player 0
[2022-12-14 15:37:51] [SEVERE ] player 0 placing token on slot 0
[2022-12-14 15:37:51] [SEVERE ] Key 87 was pressed by player 0
[2022-12-14 15:37:51] [SEVERE ] player 0 placing token on slot 1
[2022-12-14 15:37:51] [SEVERE ] setting player 0 freeze to -2000
[2022-12-14 15:37:51] [SEVERE ] setting player 1 freeze to -2000
[2022-12-14 15:37:51] [SEVERE ] Key 69 was pressed by player 0
[2022-12-14 15:37:51] [SEVERE ] player 0 placing token on slot 2
[2022-12-14 15:37:52] [SEVERE ] setting player 0 freeze to -3000
[2022-12-14 15:37:52] [SEVERE ] setting player 1 freeze to -3000
[2022-12-14 15:37:52] [SEVERE ] setting player 0 freeze to 3000
[2022-12-14 15:37:56] [SEVERE ] setting player 0 freeze to 2000
[2022-12-14 15:37:56] [SEVERE ] setting player 1 freeze to -4000
[2022-12-14 15:37:57] [SEVERE ] setting player 0 freeze to 1000
[2022-12-14 15:37:57] [SEVERE ] setting player 1 freeze to -5000
[2022-12-14 15:37:58] [SEVERE ] setting player 0 freeze to 0
[2022-12-14 15:37:58] [SEVERE ] setting player 1 freeze to -6000
