[2022-12-16 15:11:00] [INFO   ] cannot read configuration file config.properties trying from resources.
[2022-12-16 15:11:00] [INFO   ] configuration file was loaded from resources directory.
[2022-12-16 15:11:01] [INFO   ] Thread dealer starting.
[2022-12-16 15:11:01] [INFO   ] Thread Thread-1starting.
[2022-12-16 15:11:01] [INFO   ] Thread Thread-2starting.
[2022-12-16 15:11:01] [INFO   ] Thread Thread-0starting.
[2022-12-16 15:11:01] [INFO   ] Thread computer-2 starting.
[2022-12-16 15:11:01] [SEVERE ] player 2 placing token on slot 5
[2022-12-16 15:11:01] [SEVERE ] placing card 64 in slot 0
[2022-12-16 15:11:01] [SEVERE ] placing card 45 in slot 1
[2022-12-16 15:11:01] [SEVERE ] placing card 33 in slot 2
[2022-12-16 15:11:01] [SEVERE ] placing card 15 in slot 3
[2022-12-16 15:11:01] [SEVERE ] placing card 9 in slot 4
[2022-12-16 15:11:01] [SEVERE ] placing card 61 in slot 5
[2022-12-16 15:11:02] [SEVERE ] placing card 49 in slot 6
[2022-12-16 15:11:02] [SEVERE ] player 2 placing token on slot 2
[2022-12-16 15:11:02] [SEVERE ] placing card 25 in slot 7
[2022-12-16 15:11:02] [SEVERE ] placing card 76 in slot 8
[2022-12-16 15:11:02] [SEVERE ] placing card 35 in slot 9
[2022-12-16 15:11:02] [SEVERE ] placing card 48 in slot 10
[2022-12-16 15:11:02] [SEVERE ] placing card 73 in slot 11
[2022-12-16 15:11:02] [SEVERE ] removing player 2 token from slot 5
[2022-12-16 15:11:03] [SEVERE ] player 2 placing token on slot 3
[2022-12-16 15:11:04] [SEVERE ] Exit button pressed
[2022-12-16 15:11:04] [INFO   ] Thanks for playing... it was fun!
