[2022-12-16 14:24:04] [INFO   ] cannot read configuration file config.properties trying from resources.
[2022-12-16 14:24:04] [INFO   ] configuration file was loaded from resources directory.
[2022-12-16 14:24:05] [INFO   ] Thread dealer starting.
[2022-12-16 14:24:05] [INFO   ] Thread Thread-0starting.
[2022-12-16 14:24:05] [INFO   ] Thread Thread-1starting.
[2022-12-16 14:24:05] [SEVERE ] placing card 38 in slot 0
[2022-12-16 14:24:05] [SEVERE ] placing card 62 in slot 1
[2022-12-16 14:24:05] [SEVERE ] placing card 36 in slot 2
[2022-12-16 14:24:05] [SEVERE ] placing card 75 in slot 3
[2022-12-16 14:24:05] [SEVERE ] placing card 50 in slot 4
[2022-12-16 14:24:05] [SEVERE ] placing card 24 in slot 5
[2022-12-16 14:24:06] [SEVERE ] placing card 25 in slot 6
[2022-12-16 14:24:06] [SEVERE ] placing card 27 in slot 7
[2022-12-16 14:24:06] [SEVERE ] placing card 46 in slot 8
[2022-12-16 14:24:06] [SEVERE ] placing card 32 in slot 9
[2022-12-16 14:24:06] [SEVERE ] placing card 67 in slot 10
[2022-12-16 14:24:06] [SEVERE ] placing card 20 in slot 11
[2022-12-16 14:25:06] [SEVERE ] removing tokens from slot 0
[2022-12-16 14:25:06] [SEVERE ] removing card from slot 0
[2022-12-16 14:25:06] [SEVERE ] removing tokens from slot 1
[2022-12-16 14:25:06] [SEVERE ] removing card from slot 1
[2022-12-16 14:25:06] [SEVERE ] removing tokens from slot 2
[2022-12-16 14:25:06] [SEVERE ] removing card from slot 2
[2022-12-16 14:25:06] [SEVERE ] removing tokens from slot 3
[2022-12-16 14:25:06] [SEVERE ] removing card from slot 3
[2022-12-16 14:25:06] [SEVERE ] removing tokens from slot 4
[2022-12-16 14:25:06] [SEVERE ] removing card from slot 4
[2022-12-16 14:25:06] [SEVERE ] removing tokens from slot 5
[2022-12-16 14:25:06] [SEVERE ] removing card from slot 5
[2022-12-16 14:25:06] [SEVERE ] removing tokens from slot 6
[2022-12-16 14:25:06] [SEVERE ] removing card from slot 6
[2022-12-16 14:25:06] [SEVERE ] removing tokens from slot 7
[2022-12-16 14:25:06] [SEVERE ] removing card from slot 7
[2022-12-16 14:25:06] [SEVERE ] removing tokens from slot 8
[2022-12-16 14:25:06] [SEVERE ] removing card from slot 8
[2022-12-16 14:25:07] [SEVERE ] removing tokens from slot 9
[2022-12-16 14:25:07] [SEVERE ] removing card from slot 9
[2022-12-16 14:25:07] [SEVERE ] removing tokens from slot 10
[2022-12-16 14:25:07] [SEVERE ] removing card from slot 10
[2022-12-16 14:25:07] [SEVERE ] removing tokens from slot 11
[2022-12-16 14:25:07] [SEVERE ] removing card from slot 11
[2022-12-16 14:25:07] [SEVERE ] placing card 77 in slot 0
[2022-12-16 14:25:07] [SEVERE ] placing card 53 in slot 1
[2022-12-16 14:25:07] [SEVERE ] placing card 63 in slot 2
[2022-12-16 14:25:07] [SEVERE ] placing card 66 in slot 3
[2022-12-16 14:25:07] [SEVERE ] placing card 50 in slot 4
[2022-12-16 14:25:07] [SEVERE ] placing card 73 in slot 5
[2022-12-16 14:25:08] [SEVERE ] placing card 21 in slot 6
[2022-12-16 14:25:08] [SEVERE ] placing card 25 in slot 7
[2022-12-16 14:25:08] [SEVERE ] placing card 37 in slot 8
[2022-12-16 14:25:08] [SEVERE ] placing card 3 in slot 9
[2022-12-16 14:25:08] [SEVERE ] placing card 75 in slot 10
[2022-12-16 14:25:08] [SEVERE ] placing card 58 in slot 11
[2022-12-16 14:25:12] [SEVERE ] Key 81 was pressed by player 0
[2022-12-16 14:25:12] [SEVERE ] player 0 placing token on slot 0
[2022-12-16 14:25:12] [SEVERE ] Key 82 was pressed by player 0
[2022-12-16 14:25:12] [SEVERE ] player 0 placing token on slot 3
[2022-12-16 14:25:15] [SEVERE ] Key 86 was pressed by player 0
[2022-12-16 14:25:15] [SEVERE ] player 0 placing token on slot 11
[2022-12-16 14:25:15] [SEVERE ] setting player 0 freeze to 5000
[2022-12-16 14:25:16] [SEVERE ] setting player 0 freeze to 4000
[2022-12-16 14:25:16] [SEVERE ] removing player 0 token from slot 0
[2022-12-16 14:25:16] [SEVERE ] removing player 0 token from slot 3
[2022-12-16 14:25:16] [SEVERE ] removing player 0 token from slot 11
[2022-12-16 14:25:16] [SEVERE ] setting player 0 score to 1
[2022-12-16 14:25:16] [SEVERE ] removing tokens from slot 0
[2022-12-16 14:25:16] [SEVERE ] removing card from slot 0
[2022-12-16 14:25:16] [SEVERE ] removing tokens from slot 3
[2022-12-16 14:25:16] [SEVERE ] removing card from slot 3
[2022-12-16 14:25:16] [SEVERE ] removing tokens from slot 11
[2022-12-16 14:25:16] [SEVERE ] removing card from slot 11
[2022-12-16 14:25:17] [SEVERE ] placing card 40 in slot 0
[2022-12-16 14:25:17] [SEVERE ] placing card 78 in slot 3
[2022-12-16 14:25:17] [SEVERE ] placing card 9 in slot 11
[2022-12-16 14:25:18] [SEVERE ] setting player 0 freeze to 3000
[2022-12-16 14:25:19] [SEVERE ] setting player 0 freeze to 2000
[2022-12-16 14:25:20] [SEVERE ] setting player 0 freeze to 1000
[2022-12-16 14:25:20] [SEVERE ] setting player 0 freeze to 0
