[2022-12-14 15:04:59] [INFO   ] cannot read configuration file config.properties trying from resources.
[2022-12-14 15:04:59] [INFO   ] configuration file was loaded from resources directory.
[2022-12-14 15:05:00] [INFO   ] Thread dealer starting.
[2022-12-14 15:05:00] [SEVERE ] placing card 44 in slot 0
[2022-12-14 15:05:00] [SEVERE ] placing card 38 in slot 1
[2022-12-14 15:05:00] [SEVERE ] placing card 8 in slot 2
[2022-12-14 15:05:00] [SEVERE ] placing card 66 in slot 3
[2022-12-14 15:05:00] [SEVERE ] placing card 56 in slot 4
[2022-12-14 15:05:00] [SEVERE ] Key 81 was pressed by player 0
[2022-12-14 15:05:00] [SEVERE ] player 0 placing token on slot 0
[2022-12-14 15:05:00] [SEVERE ] placing card 33 in slot 5
[2022-12-14 15:05:00] [SEVERE ] placing card 63 in slot 6
[2022-12-14 15:05:00] [SEVERE ] Key 87 was pressed by player 0
[2022-12-14 15:05:00] [SEVERE ] player 0 placing token on slot 1
[2022-12-14 15:05:00] [SEVERE ] placing card 31 in slot 7
[2022-12-14 15:05:00] [SEVERE ] Key 69 was pressed by player 0
[2022-12-14 15:05:00] [SEVERE ] player 0 placing token on slot 2
[2022-12-14 15:05:01] [SEVERE ] placing card 3 in slot 8
[2022-12-14 15:05:01] [SEVERE ] placing card 51 in slot 9
[2022-12-14 15:05:01] [SEVERE ] placing card 34 in slot 10
[2022-12-14 15:05:01] [SEVERE ] placing card 58 in slot 11
[2022-12-14 15:05:02] [SEVERE ] removing player 0 token from slot 0
[2022-12-14 15:05:02] [SEVERE ] removing player 0 token from slot 1
[2022-12-14 15:05:02] [SEVERE ] removing player 0 token from slot 2
[2022-12-14 15:05:02] [SEVERE ] setting player 0 score to 1
[2022-12-14 15:05:02] [SEVERE ] removing card from slot 0
[2022-12-14 15:05:02] [SEVERE ] removing card from slot 1
[2022-12-14 15:05:02] [SEVERE ] removing card from slot 2
[2022-12-14 15:05:02] [SEVERE ] placing card 71 in slot 0
[2022-12-14 15:05:02] [SEVERE ] placing card 50 in slot 1
[2022-12-14 15:05:02] [SEVERE ] placing card 69 in slot 2
[2022-12-14 15:05:04] [SEVERE ] Key 81 was pressed by player 0
[2022-12-14 15:05:04] [SEVERE ] player 0 placing token on slot 0
[2022-12-14 15:05:04] [SEVERE ] Key 87 was pressed by player 0
[2022-12-14 15:05:04] [SEVERE ] player 0 placing token on slot 1
[2022-12-14 15:05:04] [SEVERE ] Key 69 was pressed by player 0
[2022-12-14 15:05:04] [SEVERE ] player 0 placing token on slot 2
[2022-12-14 15:05:05] [SEVERE ] removing player 0 token from slot 0
[2022-12-14 15:05:05] [SEVERE ] removing player 0 token from slot 1
[2022-12-14 15:05:05] [SEVERE ] removing player 0 token from slot 2
[2022-12-14 15:05:05] [SEVERE ] setting player 0 score to 2
[2022-12-14 15:05:05] [SEVERE ] removing card from slot 0
[2022-12-14 15:05:05] [SEVERE ] removing card from slot 1
[2022-12-14 15:05:05] [SEVERE ] removing card from slot 2
[2022-12-14 15:05:05] [SEVERE ] placing card 22 in slot 0
[2022-12-14 15:05:05] [SEVERE ] placing card 73 in slot 1
[2022-12-14 15:05:05] [SEVERE ] placing card 48 in slot 2
[2022-12-14 15:05:06] [SEVERE ] Key 81 was pressed by player 0
[2022-12-14 15:05:06] [SEVERE ] player 0 placing token on slot 0
[2022-12-14 15:05:06] [SEVERE ] Key 87 was pressed by player 0
[2022-12-14 15:05:06] [SEVERE ] player 0 placing token on slot 1
[2022-12-14 15:05:06] [SEVERE ] Key 69 was pressed by player 0
[2022-12-14 15:05:06] [SEVERE ] player 0 placing token on slot 2
[2022-12-14 15:05:06] [SEVERE ] removing player 0 token from slot 0
[2022-12-14 15:05:06] [SEVERE ] removing player 0 token from slot 1
[2022-12-14 15:05:06] [SEVERE ] removing player 0 token from slot 2
[2022-12-14 15:05:06] [SEVERE ] setting player 0 score to 3
[2022-12-14 15:05:06] [SEVERE ] removing card from slot 0
[2022-12-14 15:05:06] [SEVERE ] removing card from slot 1
[2022-12-14 15:05:06] [SEVERE ] removing card from slot 2
[2022-12-14 15:05:07] [SEVERE ] placing card 12 in slot 0
[2022-12-14 15:05:07] [SEVERE ] placing card 11 in slot 1
[2022-12-14 15:05:07] [SEVERE ] placing card 40 in slot 2
[2022-12-14 15:05:09] [SEVERE ] Key 81 was pressed by player 0
[2022-12-14 15:05:09] [SEVERE ] player 0 placing token on slot 0
[2022-12-14 15:05:09] [SEVERE ] Key 87 was pressed by player 0
[2022-12-14 15:05:09] [SEVERE ] player 0 placing token on slot 1
[2022-12-14 15:05:10] [SEVERE ] Key 69 was pressed by player 0
[2022-12-14 15:05:10] [SEVERE ] player 0 placing token on slot 2
[2022-12-14 15:05:10] [SEVERE ] removing player 0 token from slot 0
[2022-12-14 15:05:10] [SEVERE ] removing player 0 token from slot 1
[2022-12-14 15:05:10] [SEVERE ] removing player 0 token from slot 2
[2022-12-14 15:05:10] [SEVERE ] setting player 0 score to 4
[2022-12-14 15:05:10] [SEVERE ] removing card from slot 0
[2022-12-14 15:05:10] [SEVERE ] removing card from slot 1
[2022-12-14 15:05:10] [SEVERE ] removing card from slot 2
[2022-12-14 15:05:10] [SEVERE ] placing card 26 in slot 0
[2022-12-14 15:05:10] [SEVERE ] placing card 0 in slot 1
[2022-12-14 15:05:10] [SEVERE ] placing card 68 in slot 2
[2022-12-14 15:05:11] [SEVERE ] Key 65 was pressed by player 0
[2022-12-14 15:05:11] [SEVERE ] player 0 placing token on slot 4
[2022-12-14 15:05:11] [SEVERE ] Key 83 was pressed by player 0
[2022-12-14 15:05:11] [SEVERE ] player 0 placing token on slot 5
[2022-12-14 15:05:11] [SEVERE ] Key 68 was pressed by player 0
[2022-12-14 15:05:11] [SEVERE ] player 0 placing token on slot 6
[2022-12-14 15:05:13] [SEVERE ] Key 65 was pressed by player 0
[2022-12-14 15:05:13] [SEVERE ] removing player 0 token from slot 4
[2022-12-14 15:05:13] [SEVERE ] Key 83 was pressed by player 0
[2022-12-14 15:05:13] [SEVERE ] removing player 0 token from slot 5
[2022-12-14 15:05:13] [SEVERE ] Key 68 was pressed by player 0
[2022-12-14 15:05:13] [SEVERE ] removing player 0 token from slot 6
[2022-12-14 15:05:14] [SEVERE ] Key 87 was pressed by player 0
[2022-12-14 15:05:14] [SEVERE ] player 0 placing token on slot 1
[2022-12-14 15:05:14] [SEVERE ] Key 69 was pressed by player 0
[2022-12-14 15:05:14] [SEVERE ] player 0 placing token on slot 2
[2022-12-14 15:05:14] [SEVERE ] Key 82 was pressed by player 0
[2022-12-14 15:05:14] [SEVERE ] player 0 placing token on slot 3
[2022-12-14 15:05:15] [SEVERE ] Key 87 was pressed by player 0
[2022-12-14 15:05:15] [SEVERE ] removing player 0 token from slot 1
[2022-12-14 15:05:16] [SEVERE ] Key 69 was pressed by player 0
[2022-12-14 15:05:16] [SEVERE ] removing player 0 token from slot 2
[2022-12-14 15:05:16] [SEVERE ] Key 82 was pressed by player 0
[2022-12-14 15:05:16] [SEVERE ] removing player 0 token from slot 3
[2022-12-14 15:05:16] [SEVERE ] Key 81 was pressed by player 0
[2022-12-14 15:05:16] [SEVERE ] player 0 placing token on slot 0
[2022-12-14 15:05:17] [SEVERE ] Key 87 was pressed by player 0
[2022-12-14 15:05:17] [SEVERE ] player 0 placing token on slot 1
[2022-12-14 15:05:17] [SEVERE ] Key 82 was pressed by player 0
[2022-12-14 15:05:17] [SEVERE ] player 0 placing token on slot 3
[2022-12-14 15:05:19] [SEVERE ] Key 81 was pressed by player 0
[2022-12-14 15:05:19] [SEVERE ] removing player 0 token from slot 0
[2022-12-14 15:05:19] [SEVERE ] Key 87 was pressed by player 0
[2022-12-14 15:05:19] [SEVERE ] removing player 0 token from slot 1
[2022-12-14 15:05:19] [SEVERE ] Key 82 was pressed by player 0
[2022-12-14 15:05:19] [SEVERE ] removing player 0 token from slot 3
[2022-12-14 15:05:20] [SEVERE ] Key 81 was pressed by player 0
[2022-12-14 15:05:20] [SEVERE ] player 0 placing token on slot 0
[2022-12-14 15:05:20] [SEVERE ] Key 87 was pressed by player 0
[2022-12-14 15:05:20] [SEVERE ] player 0 placing token on slot 1
[2022-12-14 15:05:20] [SEVERE ] Key 69 was pressed by player 0
[2022-12-14 15:05:20] [SEVERE ] player 0 placing token on slot 2
[2022-12-14 15:05:21] [SEVERE ] removing player 0 token from slot 0
[2022-12-14 15:05:21] [SEVERE ] removing player 0 token from slot 1
[2022-12-14 15:05:21] [SEVERE ] removing player 0 token from slot 2
[2022-12-14 15:05:21] [SEVERE ] setting player 0 score to 5
[2022-12-14 15:05:21] [SEVERE ] removing card from slot 0
[2022-12-14 15:05:21] [SEVERE ] removing card from slot 1
[2022-12-14 15:05:21] [SEVERE ] removing card from slot 2
[2022-12-14 15:05:21] [SEVERE ] placing card 21 in slot 0
[2022-12-14 15:05:21] [SEVERE ] placing card 1 in slot 1
[2022-12-14 15:05:21] [SEVERE ] placing card 39 in slot 2
[2022-12-14 15:05:23] [SEVERE ] Key 81 was pressed by player 0
[2022-12-14 15:05:23] [SEVERE ] player 0 placing token on slot 0
[2022-12-14 15:05:23] [SEVERE ] Key 87 was pressed by player 0
[2022-12-14 15:05:23] [SEVERE ] player 0 placing token on slot 1
[2022-12-14 15:05:24] [SEVERE ] Key 70 was pressed by player 0
[2022-12-14 15:05:24] [SEVERE ] player 0 placing token on slot 7
[2022-12-14 15:05:26] [SEVERE ] Key 70 was pressed by player 0
[2022-12-14 15:05:26] [SEVERE ] removing player 0 token from slot 7
[2022-12-14 15:05:27] [SEVERE ] Key 87 was pressed by player 0
[2022-12-14 15:05:27] [SEVERE ] removing player 0 token from slot 1
[2022-12-14 15:05:27] [SEVERE ] Key 81 was pressed by player 0
[2022-12-14 15:05:27] [SEVERE ] removing player 0 token from slot 0
[2022-12-14 15:05:28] [SEVERE ] Key 65 was pressed by player 0
[2022-12-14 15:05:28] [SEVERE ] player 0 placing token on slot 4
[2022-12-14 15:05:29] [SEVERE ] Key 65 was pressed by player 0
[2022-12-14 15:05:29] [SEVERE ] removing player 0 token from slot 4
[2022-12-14 15:05:29] [SEVERE ] Key 90 was pressed by player 0
[2022-12-14 15:05:29] [SEVERE ] player 0 placing token on slot 8
[2022-12-14 15:05:30] [SEVERE ] Key 88 was pressed by player 0
[2022-12-14 15:05:30] [SEVERE ] player 0 placing token on slot 9
[2022-12-14 15:05:30] [SEVERE ] Key 67 was pressed by player 0
[2022-12-14 15:05:30] [SEVERE ] player 0 placing token on slot 10
[2022-12-14 15:05:31] [SEVERE ] Key 90 was pressed by player 0
[2022-12-14 15:05:31] [SEVERE ] removing player 0 token from slot 8
[2022-12-14 15:05:31] [SEVERE ] Key 88 was pressed by player 0
[2022-12-14 15:05:31] [SEVERE ] removing player 0 token from slot 9
[2022-12-14 15:05:31] [SEVERE ] Key 67 was pressed by player 0
[2022-12-14 15:05:31] [SEVERE ] removing player 0 token from slot 10
[2022-12-14 15:05:32] [SEVERE ] Key 88 was pressed by player 0
[2022-12-14 15:05:32] [SEVERE ] player 0 placing token on slot 9
[2022-12-14 15:05:32] [SEVERE ] Key 67 was pressed by player 0
[2022-12-14 15:05:32] [SEVERE ] player 0 placing token on slot 10
[2022-12-14 15:05:32] [SEVERE ] Key 86 was pressed by player 0
[2022-12-14 15:05:32] [SEVERE ] player 0 placing token on slot 11
[2022-12-14 15:05:32] [SEVERE ] removing player 0 token from slot 9
[2022-12-14 15:05:32] [SEVERE ] removing player 0 token from slot 10
[2022-12-14 15:05:32] [SEVERE ] removing player 0 token from slot 11
[2022-12-14 15:05:32] [SEVERE ] setting player 0 score to 6
[2022-12-14 15:05:32] [SEVERE ] removing card from slot 9
[2022-12-14 15:05:33] [SEVERE ] removing card from slot 10
[2022-12-14 15:05:33] [SEVERE ] removing card from slot 11
[2022-12-14 15:05:33] [SEVERE ] placing card 65 in slot 9
[2022-12-14 15:05:33] [SEVERE ] placing card 7 in slot 10
[2022-12-14 15:05:33] [SEVERE ] placing card 47 in slot 11
[2022-12-14 15:05:34] [SEVERE ] Key 88 was pressed by player 0
[2022-12-14 15:05:34] [SEVERE ] player 0 placing token on slot 9
[2022-12-14 15:05:34] [SEVERE ] Key 67 was pressed by player 0
[2022-12-14 15:05:34] [SEVERE ] player 0 placing token on slot 10
[2022-12-14 15:05:34] [SEVERE ] Key 86 was pressed by player 0
[2022-12-14 15:05:34] [SEVERE ] player 0 placing token on slot 11
[2022-12-14 15:05:35] [SEVERE ] removing player 0 token from slot 9
[2022-12-14 15:05:35] [SEVERE ] removing player 0 token from slot 10
[2022-12-14 15:05:35] [SEVERE ] removing player 0 token from slot 11
[2022-12-14 15:05:35] [SEVERE ] setting player 0 score to 7
[2022-12-14 15:05:35] [SEVERE ] removing card from slot 9
[2022-12-14 15:05:35] [SEVERE ] removing card from slot 10
[2022-12-14 15:05:35] [SEVERE ] removing card from slot 11
[2022-12-14 15:05:35] [SEVERE ] placing card 14 in slot 9
[2022-12-14 15:05:35] [SEVERE ] placing card 35 in slot 10
[2022-12-14 15:05:36] [SEVERE ] placing card 6 in slot 11
[2022-12-14 15:05:36] [SEVERE ] Key 81 was pressed by player 0
[2022-12-14 15:05:36] [SEVERE ] player 0 placing token on slot 0
[2022-12-14 15:05:36] [SEVERE ] Key 87 was pressed by player 0
[2022-12-14 15:05:36] [SEVERE ] player 0 placing token on slot 1
[2022-12-14 15:05:36] [SEVERE ] Key 69 was pressed by player 0
[2022-12-14 15:05:36] [SEVERE ] player 0 placing token on slot 2
[2022-12-14 15:05:37] [SEVERE ] removing player 0 token from slot 0
[2022-12-14 15:05:37] [SEVERE ] removing player 0 token from slot 1
[2022-12-14 15:05:37] [SEVERE ] removing player 0 token from slot 2
[2022-12-14 15:05:37] [SEVERE ] setting player 0 score to 8
[2022-12-14 15:05:37] [SEVERE ] removing card from slot 0
[2022-12-14 15:05:37] [SEVERE ] removing card from slot 1
[2022-12-14 15:05:37] [SEVERE ] removing card from slot 2
[2022-12-14 15:05:37] [SEVERE ] placing card 4 in slot 0
[2022-12-14 15:05:37] [SEVERE ] placing card 67 in slot 1
[2022-12-14 15:05:37] [SEVERE ] placing card 64 in slot 2
[2022-12-14 15:05:38] [SEVERE ] Key 88 was pressed by player 0
[2022-12-14 15:05:38] [SEVERE ] player 0 placing token on slot 9
[2022-12-14 15:05:38] [SEVERE ] Key 67 was pressed by player 0
[2022-12-14 15:05:38] [SEVERE ] player 0 placing token on slot 10
[2022-12-14 15:05:38] [SEVERE ] Key 86 was pressed by player 0
[2022-12-14 15:05:38] [SEVERE ] player 0 placing token on slot 11
[2022-12-14 15:05:38] [SEVERE ] removing player 0 token from slot 9
[2022-12-14 15:05:38] [SEVERE ] removing player 0 token from slot 10
[2022-12-14 15:05:38] [SEVERE ] removing player 0 token from slot 11
[2022-12-14 15:05:38] [SEVERE ] setting player 0 score to 9
[2022-12-14 15:05:38] [SEVERE ] removing card from slot 9
[2022-12-14 15:05:38] [SEVERE ] removing card from slot 10
[2022-12-14 15:05:39] [SEVERE ] removing card from slot 11
[2022-12-14 15:05:39] [SEVERE ] placing card 59 in slot 9
[2022-12-14 15:05:39] [SEVERE ] placing card 25 in slot 10
[2022-12-14 15:05:39] [SEVERE ] placing card 55 in slot 11
