[2022-12-16 16:35:16] [INFO   ] cannot read configuration file config.properties trying from resources.
[2022-12-16 16:35:16] [INFO   ] configuration file was loaded from resources directory.
[2022-12-16 16:35:17] [INFO   ] Thread dealer starting.
[2022-12-16 16:35:17] [INFO   ] Thread Thread-1starting.
[2022-12-16 16:35:17] [INFO   ] Thread Thread-0starting.
[2022-12-16 16:35:17] [INFO   ] Thread Thread-3starting.
[2022-12-16 16:35:17] [INFO   ] Thread Thread-2starting.
[2022-12-16 16:35:17] [INFO   ] Thread computer-3 starting.
[2022-12-16 16:35:17] [INFO   ] Thread computer-2 starting.
[2022-12-16 16:35:17] [SEVERE ] placing card 14 in slot 0
[2022-12-16 16:35:17] [SEVERE ] placing card 59 in slot 1
[2022-12-16 16:35:18] [SEVERE ] placing card 20 in slot 2
[2022-12-16 16:35:18] [SEVERE ] placing card 24 in slot 3
[2022-12-16 16:35:18] [SEVERE ] player 2 placing token on slot 3
[2022-12-16 16:35:18] [SEVERE ] player 3 placing token on slot 3
[2022-12-16 16:35:18] [SEVERE ] placing card 10 in slot 4
[2022-12-16 16:35:18] [SEVERE ] placing card 40 in slot 5
[2022-12-16 16:35:18] [SEVERE ] placing card 8 in slot 6
[2022-12-16 16:35:19] [SEVERE ] player 3 placing token on slot 2
[2022-12-16 16:35:19] [SEVERE ] player 2 placing token on slot 4
[2022-12-16 16:35:19] [SEVERE ] placing card 42 in slot 7
[2022-12-16 16:35:19] [SEVERE ] placing card 33 in slot 8
[2022-12-16 16:35:19] [SEVERE ] placing card 32 in slot 9
[2022-12-16 16:35:19] [SEVERE ] placing card 1 in slot 10
[2022-12-16 16:35:19] [SEVERE ] player 2 placing token on slot 7
[2022-12-16 16:35:19] [SEVERE ] player 3 placing token on slot 9
[2022-12-16 16:35:19] [SEVERE ] setting player 3 freeze to 3000
[2022-12-16 16:35:19] [SEVERE ] setting player 2 freeze to 3000
[2022-12-16 16:35:20] [SEVERE ] placing card 58 in slot 11
[2022-12-16 16:35:21] [SEVERE ] setting player 2 freeze to 2000
[2022-12-16 16:35:21] [SEVERE ] setting player 3 freeze to 2000
[2022-12-16 16:35:22] [SEVERE ] setting player 2 freeze to 1000
[2022-12-16 16:35:22] [SEVERE ] setting player 3 freeze to 1000
[2022-12-16 16:35:22] [SEVERE ] setting player 2 freeze to 0
[2022-12-16 16:35:22] [SEVERE ] setting player 3 freeze to 0
[2022-12-16 16:35:22] [SEVERE ] removing player 2 token from slot 4
[2022-12-16 16:35:22] [SEVERE ] removing player 3 token from slot 3
[2022-12-16 16:35:22] [SEVERE ] removing player 2 token from slot 7
[2022-12-16 16:35:22] [SEVERE ] player 3 placing token on slot 8
[2022-12-16 16:35:22] [SEVERE ] removing player 3 token from slot 2
[2022-12-16 16:35:22] [SEVERE ] setting player 3 freeze to 3000
[2022-12-16 16:35:23] [SEVERE ] setting player 3 freeze to 0
[2022-12-16 16:35:23] [SEVERE ] player 2 placing token on slot 6
[2022-12-16 16:35:23] [SEVERE ] player 2 placing token on slot 7
[2022-12-16 16:35:23] [SEVERE ] setting player 2 freeze to 3000
[2022-12-16 16:35:24] [SEVERE ] setting player 2 freeze to 0
[2022-12-16 16:35:24] [SEVERE ] setting player 3 freeze to 2000
[2022-12-16 16:35:25] [SEVERE ] setting player 2 freeze to 2000
[2022-12-16 16:35:25] [SEVERE ] setting player 3 freeze to 1000
[2022-12-16 16:35:25] [SEVERE ] setting player 3 freeze to 0
[2022-12-16 16:35:25] [SEVERE ] player 3 placing token on slot 5
[2022-12-16 16:35:25] [SEVERE ] setting player 3 freeze to 3000
[2022-12-16 16:35:26] [SEVERE ] setting player 2 freeze to 1000
[2022-12-16 16:35:26] [SEVERE ] setting player 3 freeze to 0
[2022-12-16 16:35:26] [SEVERE ] setting player 2 freeze to 0
[2022-12-16 16:35:26] [SEVERE ] removing player 2 token from slot 3
[2022-12-16 16:35:26] [SEVERE ] player 2 placing token on slot 5
[2022-12-16 16:35:26] [SEVERE ] setting player 2 freeze to 3000
[2022-12-16 16:35:27] [SEVERE ] setting player 2 freeze to 0
[2022-12-16 16:35:27] [SEVERE ] setting player 3 freeze to 2000
[2022-12-16 16:35:28] [SEVERE ] setting player 2 freeze to 2000
[2022-12-16 16:35:28] [SEVERE ] setting player 3 freeze to 1000
[2022-12-16 16:35:28] [SEVERE ] setting player 3 freeze to 0
[2022-12-16 16:35:28] [SEVERE ] removing player 3 token from slot 5
[2022-12-16 16:35:29] [SEVERE ] setting player 2 freeze to 1000
[2022-12-16 16:35:29] [SEVERE ] player 3 placing token on slot 3
[2022-12-16 16:35:29] [SEVERE ] setting player 3 freeze to 3000
[2022-12-16 16:35:30] [SEVERE ] setting player 2 freeze to 0
[2022-12-16 16:35:30] [SEVERE ] removing player 2 token from slot 6
[2022-12-16 16:35:30] [SEVERE ] setting player 3 freeze to 0
[2022-12-16 16:35:30] [SEVERE ] player 2 placing token on slot 4
[2022-12-16 16:35:30] [SEVERE ] setting player 2 freeze to 3000
[2022-12-16 16:35:31] [SEVERE ] setting player 2 freeze to 0
[2022-12-16 16:35:31] [SEVERE ] setting player 3 freeze to 2000
[2022-12-16 16:35:32] [SEVERE ] setting player 2 freeze to 2000
[2022-12-16 16:35:32] [SEVERE ] setting player 3 freeze to 1000
[2022-12-16 16:35:32] [SEVERE ] setting player 3 freeze to 0
[2022-12-16 16:35:32] [SEVERE ] removing player 3 token from slot 3
[2022-12-16 16:35:32] [SEVERE ] removing player 3 token from slot 8
[2022-12-16 16:35:33] [SEVERE ] setting player 2 freeze to 1000
[2022-12-16 16:35:33] [SEVERE ] setting player 2 freeze to 0
[2022-12-16 16:35:33] [SEVERE ] player 3 placing token on slot 1
[2022-12-16 16:35:33] [SEVERE ] removing player 2 token from slot 4
[2022-12-16 16:35:34] [SEVERE ] player 3 placing token on slot 3
[2022-12-16 16:35:34] [SEVERE ] player 2 placing token on slot 10
[2022-12-16 16:35:34] [SEVERE ] setting player 2 freeze to 3000
[2022-12-16 16:35:34] [SEVERE ] setting player 3 freeze to 3000
[2022-12-16 16:35:35] [SEVERE ] setting player 2 freeze to 0
[2022-12-16 16:35:35] [SEVERE ] setting player 3 freeze to 0
[2022-12-16 16:35:36] [SEVERE ] setting player 2 freeze to 2000
[2022-12-16 16:35:36] [SEVERE ] setting player 3 freeze to 2000
[2022-12-16 16:35:37] [SEVERE ] setting player 2 freeze to 1000
[2022-12-16 16:35:37] [SEVERE ] setting player 3 freeze to 1000
[2022-12-16 16:35:37] [SEVERE ] setting player 2 freeze to 0
[2022-12-16 16:35:37] [SEVERE ] removing player 2 token from slot 10
[2022-12-16 16:35:37] [SEVERE ] setting player 3 freeze to 0
[2022-12-16 16:35:37] [SEVERE ] removing player 3 token from slot 9
[2022-12-16 16:35:37] [SEVERE ] removing player 2 token from slot 7
[2022-12-16 16:35:37] [SEVERE ] player 3 placing token on slot 5
[2022-12-16 16:35:37] [SEVERE ] setting player 3 freeze to 3000
[2022-12-16 16:35:38] [SEVERE ] setting player 3 freeze to 0
[2022-12-16 16:35:38] [SEVERE ] player 2 placing token on slot 11
[2022-12-16 16:35:39] [SEVERE ] setting player 3 freeze to 2000
[2022-12-16 16:35:39] [SEVERE ] removing player 2 token from slot 11
[2022-12-16 16:35:40] [SEVERE ] player 2 placing token on slot 7
[2022-12-16 16:35:40] [SEVERE ] setting player 3 freeze to 1000
[2022-12-16 16:35:40] [SEVERE ] setting player 3 freeze to 0
[2022-12-16 16:35:40] [SEVERE ] removing player 3 token from slot 1
[2022-12-16 16:35:40] [SEVERE ] player 2 placing token on slot 3
[2022-12-16 16:35:40] [SEVERE ] setting player 2 freeze to 3000
[2022-12-16 16:35:41] [SEVERE ] setting player 2 freeze to 0
[2022-12-16 16:35:41] [SEVERE ] player 3 placing token on slot 6
[2022-12-16 16:35:41] [SEVERE ] setting player 3 freeze to 3000
[2022-12-16 16:35:42] [SEVERE ] setting player 2 freeze to 2000
[2022-12-16 16:35:42] [SEVERE ] setting player 3 freeze to 0
[2022-12-16 16:35:43] [SEVERE ] setting player 2 freeze to 1000
[2022-12-16 16:35:43] [SEVERE ] setting player 3 freeze to 2000
[2022-12-16 16:35:43] [SEVERE ] setting player 2 freeze to 0
[2022-12-16 16:35:44] [SEVERE ] setting player 3 freeze to 1000
[2022-12-16 16:35:44] [SEVERE ] setting player 3 freeze to 0
[2022-12-16 16:35:44] [SEVERE ] removing player 3 token from slot 3
[2022-12-16 16:35:44] [SEVERE ] player 3 placing token on slot 8
[2022-12-16 16:35:44] [SEVERE ] setting player 3 freeze to 3000
[2022-12-16 16:35:45] [SEVERE ] setting player 3 freeze to 0
[2022-12-16 16:35:45] [SEVERE ] removing player 2 token from slot 7
[2022-12-16 16:35:46] [SEVERE ] setting player 3 freeze to 2000
[2022-12-16 16:35:46] [SEVERE ] removing player 2 token from slot 3
[2022-12-16 16:35:47] [SEVERE ] setting player 3 freeze to 1000
[2022-12-16 16:35:47] [SEVERE ] player 2 placing token on slot 3
[2022-12-16 16:35:47] [SEVERE ] setting player 3 freeze to 0
[2022-12-16 16:35:48] [SEVERE ] player 2 placing token on slot 9
[2022-12-16 16:35:48] [SEVERE ] setting player 2 freeze to 3000
[2022-12-16 16:35:48] [SEVERE ] setting player 2 freeze to 0
[2022-12-16 16:35:49] [SEVERE ] setting player 2 freeze to 2000
[2022-12-16 16:35:50] [SEVERE ] setting player 2 freeze to 1000
[2022-12-16 16:35:50] [SEVERE ] removing player 3 token from slot 5
[2022-12-16 16:35:51] [SEVERE ] setting player 2 freeze to 0
[2022-12-16 16:35:51] [SEVERE ] removing player 2 token from slot 3
[2022-12-16 16:35:51] [SEVERE ] player 2 placing token on slot 7
[2022-12-16 16:35:51] [SEVERE ] removing player 2 token from slot 9
[2022-12-16 16:35:51] [SEVERE ] setting player 2 freeze to 3000
[2022-12-16 16:35:51] [SEVERE ] setting player 2 freeze to 0
[2022-12-16 16:35:51] [SEVERE ] player 3 placing token on slot 5
[2022-12-16 16:35:51] [SEVERE ] setting player 3 freeze to 3000
[2022-12-16 16:35:52] [SEVERE ] setting player 2 freeze to 2000
[2022-12-16 16:35:52] [SEVERE ] setting player 3 freeze to 0
[2022-12-16 16:35:52] [SEVERE ] Key 81 was pressed by player 0
[2022-12-16 16:35:52] [SEVERE ] player 0 placing token on slot 0
[2022-12-16 16:35:52] [SEVERE ] Key 87 was pressed by player 0
[2022-12-16 16:35:52] [SEVERE ] player 0 placing token on slot 1
[2022-12-16 16:35:52] [SEVERE ] Key 69 was pressed by player 0
[2022-12-16 16:35:52] [SEVERE ] player 0 placing token on slot 2
[2022-12-16 16:35:52] [SEVERE ] setting player 0 freeze to 3000
[2022-12-16 16:35:53] [SEVERE ] setting player 0 freeze to 2000
[2022-12-16 16:35:53] [SEVERE ] setting player 2 freeze to 1000
[2022-12-16 16:35:53] [SEVERE ] setting player 3 freeze to 2000
[2022-12-16 16:35:54] [SEVERE ] setting player 2 freeze to 0
[2022-12-16 16:35:54] [SEVERE ] player 2 placing token on slot 1
[2022-12-16 16:35:54] [SEVERE ] removing player 2 token from slot 5
[2022-12-16 16:35:54] [SEVERE ] setting player 2 freeze to 3000
[2022-12-16 16:35:54] [SEVERE ] setting player 0 freeze to 1000
[2022-12-16 16:35:54] [SEVERE ] setting player 2 freeze to 0
[2022-12-16 16:35:54] [SEVERE ] setting player 3 freeze to 1000
[2022-12-16 16:35:54] [SEVERE ] setting player 3 freeze to 0
[2022-12-16 16:35:54] [SEVERE ] removing player 3 token from slot 6
[2022-12-16 16:35:54] [SEVERE ] removing player 3 token from slot 8
[2022-12-16 16:35:54] [SEVERE ] player 3 placing token on slot 11
[2022-12-16 16:35:54] [SEVERE ] Exit button pressed
[2022-12-16 16:35:54] [SEVERE ] player 3 placing token on slot 9
[2022-12-16 16:35:54] [SEVERE ] setting player 3 freeze to 3000
[2022-12-16 16:35:55] [SEVERE ] setting player 0 freeze to 0
[2022-12-16 16:35:55] [SEVERE ] setting player 2 freeze to 2000
[2022-12-16 16:35:55] [SEVERE ] setting player 3 freeze to 0
[2022-12-16 16:35:55] [SEVERE ] removing tokens from slot 0
[2022-12-16 16:35:55] [SEVERE ] removing card from slot 0
[2022-12-16 16:35:55] [SEVERE ] removing tokens from slot 1
[2022-12-16 16:35:55] [SEVERE ] removing card from slot 1
[2022-12-16 16:35:55] [SEVERE ] setting player 0 freeze to 0
[2022-12-16 16:35:55] [SEVERE ] removing tokens from slot 2
[2022-12-16 16:35:55] [SEVERE ] removing card from slot 2
[2022-12-16 16:35:56] [SEVERE ] removing tokens from slot 3
[2022-12-16 16:35:56] [SEVERE ] removing card from slot 3
[2022-12-16 16:35:56] [SEVERE ] removing tokens from slot 4
[2022-12-16 16:35:56] [SEVERE ] removing card from slot 4
[2022-12-16 16:35:56] [SEVERE ] removing tokens from slot 5
[2022-12-16 16:35:56] [SEVERE ] removing card from slot 5
[2022-12-16 16:35:56] [SEVERE ] removing tokens from slot 6
[2022-12-16 16:35:56] [SEVERE ] removing card from slot 6
[2022-12-16 16:35:56] [SEVERE ] removing tokens from slot 7
[2022-12-16 16:35:56] [SEVERE ] removing card from slot 7
