[2022-12-16 14:54:28] [INFO   ] cannot read configuration file config.properties trying from resources.
[2022-12-16 14:54:28] [INFO   ] configuration file was loaded from resources directory.
[2022-12-16 14:54:29] [INFO   ] Thread dealer starting.
[2022-12-16 14:54:29] [INFO   ] Thread Thread-0starting.
[2022-12-16 14:54:29] [INFO   ] Thread Thread-2starting.
[2022-12-16 14:54:29] [INFO   ] Thread Thread-1starting.
[2022-12-16 14:54:29] [INFO   ] Thread computer-2 starting.
[2022-12-16 14:54:29] [SEVERE ] player 2 placing token on slot 3
[2022-12-16 14:54:29] [SEVERE ] placing card 30 in slot 0
[2022-12-16 14:54:29] [SEVERE ] placing card 28 in slot 1
[2022-12-16 14:54:29] [SEVERE ] placing card 22 in slot 2
[2022-12-16 14:54:29] [SEVERE ] placing card 60 in slot 3
[2022-12-16 14:54:29] [SEVERE ] player 2 placing token on slot 4
[2022-12-16 14:54:29] [SEVERE ] placing card 55 in slot 4
[2022-12-16 14:54:30] [SEVERE ] placing card 62 in slot 5
[2022-12-16 14:54:30] [SEVERE ] placing card 42 in slot 6
[2022-12-16 14:54:30] [SEVERE ] placing card 33 in slot 7
[2022-12-16 14:54:30] [SEVERE ] placing card 68 in slot 8
[2022-12-16 14:54:30] [SEVERE ] player 2 placing token on slot 8
[2022-12-16 14:54:30] [SEVERE ] setting player 2 freeze to 3000
[2022-12-16 14:54:30] [SEVERE ] placing card 29 in slot 9
[2022-12-16 14:54:30] [SEVERE ] placing card 12 in slot 10
[2022-12-16 14:54:30] [SEVERE ] placing card 25 in slot 11
[2022-12-16 14:54:31] [SEVERE ] setting player 2 freeze to 2000
[2022-12-16 14:54:32] [SEVERE ] setting player 2 freeze to 1000
[2022-12-16 14:54:33] [SEVERE ] setting player 2 freeze to 0
[2022-12-16 14:54:33] [SEVERE ] removing player 2 token from slot 3
[2022-12-16 14:54:33] [SEVERE ] player 2 placing token on slot 1
[2022-12-16 14:54:33] [SEVERE ] setting player 2 freeze to 3000
[2022-12-16 14:54:33] [SEVERE ] setting player 2 freeze to 0
[2022-12-16 14:54:34] [SEVERE ] setting player 2 freeze to 2000
[2022-12-16 14:54:35] [SEVERE ] setting player 2 freeze to 1000
[2022-12-16 14:54:36] [SEVERE ] setting player 2 freeze to 0
[2022-12-16 14:54:36] [SEVERE ] removing player 2 token from slot 4
[2022-12-16 14:54:36] [SEVERE ] player 2 placing token on slot 3
[2022-12-16 14:54:36] [SEVERE ] setting player 2 freeze to 3000
[2022-12-16 14:54:36] [SEVERE ] setting player 2 freeze to 0
[2022-12-16 14:54:37] [SEVERE ] setting player 2 freeze to 2000
[2022-12-16 14:54:38] [SEVERE ] setting player 2 freeze to 1000
[2022-12-16 14:54:39] [SEVERE ] setting player 2 freeze to 0
[2022-12-16 14:54:39] [SEVERE ] removing player 2 token from slot 1
[2022-12-16 14:54:39] [SEVERE ] player 2 placing token on slot 9
[2022-12-16 14:54:39] [SEVERE ] setting player 2 freeze to 3000
[2022-12-16 14:54:39] [SEVERE ] setting player 2 freeze to 0
[2022-12-16 14:54:40] [SEVERE ] setting player 2 freeze to 2000
[2022-12-16 14:54:41] [SEVERE ] setting player 2 freeze to 1000
[2022-12-16 14:54:42] [SEVERE ] setting player 2 freeze to 0
[2022-12-16 14:54:42] [SEVERE ] removing player 2 token from slot 9
[2022-12-16 14:54:42] [SEVERE ] player 2 placing token on slot 4
[2022-12-16 14:54:42] [SEVERE ] removing player 2 token from slot 8
[2022-12-16 14:54:42] [SEVERE ] setting player 2 freeze to 3000
[2022-12-16 14:54:42] [SEVERE ] setting player 2 freeze to 0
[2022-12-16 14:54:43] [SEVERE ] setting player 2 freeze to 2000
[2022-12-16 14:54:44] [SEVERE ] setting player 2 freeze to 1000
[2022-12-16 14:54:45] [SEVERE ] setting player 2 freeze to 0
[2022-12-16 14:54:45] [SEVERE ] player 2 placing token on slot 1
[2022-12-16 14:54:45] [SEVERE ] removing player 2 token from slot 1
[2022-12-16 14:54:45] [SEVERE ] player 2 placing token on slot 0
[2022-12-16 14:54:45] [SEVERE ] removing player 2 token from slot 0
[2022-12-16 14:54:45] [SEVERE ] setting player 2 freeze to 3000
[2022-12-16 14:54:45] [SEVERE ] setting player 2 freeze to 0
[2022-12-16 14:54:46] [SEVERE ] setting player 2 freeze to 2000
[2022-12-16 14:54:47] [SEVERE ] setting player 2 freeze to 1000
[2022-12-16 14:54:48] [SEVERE ] setting player 2 freeze to 0
[2022-12-16 14:54:48] [SEVERE ] player 2 placing token on slot 10
[2022-12-16 14:54:48] [SEVERE ] setting player 2 freeze to 3000
[2022-12-16 14:54:48] [SEVERE ] setting player 2 freeze to 0
[2022-12-16 14:54:49] [SEVERE ] setting player 2 freeze to 2000
[2022-12-16 14:54:50] [SEVERE ] setting player 2 freeze to 1000
[2022-12-16 14:54:51] [SEVERE ] setting player 2 freeze to 0
[2022-12-16 14:54:51] [SEVERE ] removing player 2 token from slot 4
[2022-12-16 14:54:51] [SEVERE ] player 2 placing token on slot 6
[2022-12-16 14:54:51] [SEVERE ] removing player 2 token from slot 10
[2022-12-16 14:54:51] [SEVERE ] setting player 2 freeze to 3000
[2022-12-16 14:54:51] [SEVERE ] setting player 2 freeze to 0
[2022-12-16 14:54:52] [SEVERE ] setting player 2 freeze to 2000
[2022-12-16 14:54:53] [SEVERE ] setting player 2 freeze to 1000
[2022-12-16 14:54:54] [SEVERE ] setting player 2 freeze to 0
[2022-12-16 14:54:54] [SEVERE ] removing player 2 token from slot 6
[2022-12-16 14:54:54] [SEVERE ] player 2 placing token on slot 6
[2022-12-16 14:54:54] [SEVERE ] player 2 placing token on slot 0
[2022-12-16 14:54:54] [SEVERE ] setting player 2 freeze to 3000
[2022-12-16 14:54:54] [SEVERE ] setting player 2 freeze to 0
[2022-12-16 14:54:55] [SEVERE ] setting player 2 freeze to 2000
[2022-12-16 14:54:56] [SEVERE ] setting player 2 freeze to 1000
[2022-12-16 14:54:57] [SEVERE ] setting player 2 freeze to 0
[2022-12-16 14:54:57] [SEVERE ] removing player 2 token from slot 3
[2022-12-16 14:54:57] [SEVERE ] player 2 placing token on slot 5
[2022-12-16 14:54:57] [SEVERE ] setting player 2 freeze to 3000
[2022-12-16 14:54:57] [SEVERE ] setting player 2 freeze to 0
[2022-12-16 14:54:58] [SEVERE ] setting player 2 freeze to 2000
[2022-12-16 14:54:59] [SEVERE ] setting player 2 freeze to 1000
[2022-12-16 14:55:00] [SEVERE ] setting player 2 freeze to 0
[2022-12-16 14:55:00] [SEVERE ] removing player 2 token from slot 6
[2022-12-16 14:55:00] [SEVERE ] player 2 placing token on slot 9
[2022-12-16 14:55:00] [SEVERE ] removing player 2 token from slot 9
[2022-12-16 14:55:00] [SEVERE ] player 2 placing token on slot 10
[2022-12-16 14:55:00] [SEVERE ] setting player 2 freeze to 3000
[2022-12-16 14:55:00] [SEVERE ] setting player 2 freeze to 0
[2022-12-16 14:55:01] [SEVERE ] setting player 2 freeze to 2000
[2022-12-16 14:55:02] [SEVERE ] setting player 2 freeze to 1000
[2022-12-16 14:55:03] [SEVERE ] setting player 2 freeze to 0
[2022-12-16 14:55:03] [SEVERE ] removing player 2 token from slot 5
[2022-12-16 14:55:03] [SEVERE ] player 2 placing token on slot 2
[2022-12-16 14:55:03] [SEVERE ] setting player 2 freeze to 3000
[2022-12-16 14:55:03] [SEVERE ] setting player 2 freeze to 0
[2022-12-16 14:55:04] [SEVERE ] setting player 2 freeze to 2000
[2022-12-16 14:55:05] [SEVERE ] setting player 2 freeze to 1000
[2022-12-16 14:55:06] [SEVERE ] setting player 2 freeze to 0
[2022-12-16 14:55:06] [SEVERE ] removing player 2 token from slot 10
[2022-12-16 14:55:06] [SEVERE ] player 2 placing token on slot 6
[2022-12-16 14:55:06] [SEVERE ] setting player 2 freeze to 3000
[2022-12-16 14:55:06] [SEVERE ] setting player 2 freeze to 0
[2022-12-16 14:55:07] [SEVERE ] setting player 2 freeze to 2000
[2022-12-16 14:55:08] [SEVERE ] setting player 2 freeze to 1000
[2022-12-16 14:55:09] [SEVERE ] setting player 2 freeze to 0
[2022-12-16 14:55:09] [SEVERE ] removing player 2 token from slot 2
[2022-12-16 14:55:09] [SEVERE ] player 2 placing token on slot 2
[2022-12-16 14:55:09] [SEVERE ] removing player 2 token from slot 2
[2022-12-16 14:55:09] [SEVERE ] setting player 2 freeze to 3000
[2022-12-16 14:55:10] [SEVERE ] setting player 2 freeze to 0
[2022-12-16 14:55:11] [SEVERE ] setting player 2 freeze to 2000
[2022-12-16 14:55:12] [SEVERE ] setting player 2 freeze to 1000
[2022-12-16 14:55:12] [SEVERE ] setting player 2 freeze to 0
[2022-12-16 14:55:12] [SEVERE ] player 2 placing token on slot 9
[2022-12-16 14:55:12] [SEVERE ] removing player 2 token from slot 9
[2022-12-16 14:55:12] [SEVERE ] player 2 placing token on slot 4
[2022-12-16 14:55:12] [SEVERE ] setting player 2 freeze to 3000
[2022-12-16 14:55:13] [SEVERE ] setting player 2 freeze to 0
[2022-12-16 14:55:14] [SEVERE ] setting player 2 freeze to 2000
[2022-12-16 14:55:15] [SEVERE ] setting player 2 freeze to 1000
[2022-12-16 14:55:15] [SEVERE ] setting player 2 freeze to 0
[2022-12-16 14:55:15] [SEVERE ] removing player 2 token from slot 0
[2022-12-16 14:55:15] [SEVERE ] player 2 placing token on slot 10
[2022-12-16 14:55:15] [SEVERE ] removing player 2 token from slot 4
[2022-12-16 14:55:15] [SEVERE ] removing player 2 token from slot 6
[2022-12-16 14:55:15] [SEVERE ] setting player 2 freeze to 3000
[2022-12-16 14:55:16] [SEVERE ] setting player 2 freeze to 0
[2022-12-16 14:55:17] [SEVERE ] setting player 2 freeze to 2000
[2022-12-16 14:55:18] [SEVERE ] setting player 2 freeze to 1000
[2022-12-16 14:55:18] [SEVERE ] setting player 2 freeze to 0
[2022-12-16 14:55:18] [SEVERE ] player 2 placing token on slot 3
[2022-12-16 14:55:18] [SEVERE ] player 2 placing token on slot 7
[2022-12-16 14:55:18] [SEVERE ] removing player 2 token from slot 3
[2022-12-16 14:55:18] [SEVERE ] player 2 placing token on slot 9
[2022-12-16 14:55:18] [SEVERE ] setting player 2 freeze to 3000
[2022-12-16 14:55:19] [SEVERE ] setting player 2 freeze to 0
[2022-12-16 14:55:20] [SEVERE ] setting player 2 freeze to 2000
[2022-12-16 14:55:21] [SEVERE ] setting player 2 freeze to 1000
[2022-12-16 14:55:21] [SEVERE ] setting player 2 freeze to 0
[2022-12-16 14:55:21] [SEVERE ] removing player 2 token from slot 10
[2022-12-16 14:55:21] [SEVERE ] player 2 placing token on slot 4
[2022-12-16 14:55:21] [SEVERE ] removing player 2 token from slot 9
[2022-12-16 14:55:21] [SEVERE ] player 2 placing token on slot 8
[2022-12-16 14:55:21] [SEVERE ] setting player 2 freeze to 3000
