[2022-12-16 14:18:21] [INFO   ] cannot read configuration file config.properties trying from resources.
[2022-12-16 14:18:21] [INFO   ] configuration file was loaded from resources directory.
[2022-12-16 14:18:22] [INFO   ] Thread dealer starting.
[2022-12-16 14:18:22] [INFO   ] Thread Thread-0starting.
[2022-12-16 14:18:22] [INFO   ] Thread Thread-1starting.
[2022-12-16 14:18:22] [SEVERE ] placing card 8 in slot 0
[2022-12-16 14:18:22] [SEVERE ] placing card 2 in slot 1
[2022-12-16 14:18:22] [SEVERE ] placing card 52 in slot 2
[2022-12-16 14:18:22] [SEVERE ] placing card 6 in slot 3
[2022-12-16 14:18:22] [SEVERE ] placing card 36 in slot 4
[2022-12-16 14:18:23] [SEVERE ] placing card 43 in slot 5
[2022-12-16 14:18:23] [SEVERE ] placing card 48 in slot 6
[2022-12-16 14:18:23] [SEVERE ] placing card 42 in slot 7
[2022-12-16 14:18:23] [SEVERE ] placing card 28 in slot 8
[2022-12-16 14:18:23] [SEVERE ] placing card 70 in slot 9
[2022-12-16 14:18:23] [SEVERE ] placing card 9 in slot 10
[2022-12-16 14:18:23] [SEVERE ] placing card 66 in slot 11
[2022-12-16 14:19:23] [SEVERE ] removing tokens from slot 0
[2022-12-16 14:19:23] [SEVERE ] removing card from slot 0
[2022-12-16 14:19:23] [SEVERE ] removing tokens from slot 1
[2022-12-16 14:19:23] [SEVERE ] removing card from slot 1
[2022-12-16 14:19:23] [SEVERE ] removing tokens from slot 2
[2022-12-16 14:19:23] [SEVERE ] removing card from slot 2
[2022-12-16 14:19:23] [SEVERE ] removing tokens from slot 3
[2022-12-16 14:19:23] [SEVERE ] removing card from slot 3
[2022-12-16 14:19:23] [SEVERE ] removing tokens from slot 4
[2022-12-16 14:19:23] [SEVERE ] removing card from slot 4
[2022-12-16 14:19:23] [SEVERE ] removing tokens from slot 5
[2022-12-16 14:19:23] [SEVERE ] removing card from slot 5
[2022-12-16 14:19:23] [SEVERE ] removing tokens from slot 6
[2022-12-16 14:19:23] [SEVERE ] removing card from slot 6
[2022-12-16 14:19:23] [SEVERE ] removing tokens from slot 7
[2022-12-16 14:19:23] [SEVERE ] removing card from slot 7
[2022-12-16 14:19:24] [SEVERE ] removing tokens from slot 8
[2022-12-16 14:19:24] [SEVERE ] removing card from slot 8
[2022-12-16 14:19:24] [SEVERE ] removing tokens from slot 9
[2022-12-16 14:19:24] [SEVERE ] removing card from slot 9
[2022-12-16 14:19:24] [SEVERE ] removing tokens from slot 10
[2022-12-16 14:19:24] [SEVERE ] removing card from slot 10
[2022-12-16 14:19:24] [SEVERE ] removing tokens from slot 11
[2022-12-16 14:19:24] [SEVERE ] removing card from slot 11
[2022-12-16 14:19:24] [SEVERE ] placing card 35 in slot 0
[2022-12-16 14:19:24] [SEVERE ] placing card 8 in slot 1
[2022-12-16 14:19:24] [SEVERE ] placing card 69 in slot 2
[2022-12-16 14:19:24] [SEVERE ] placing card 5 in slot 3
[2022-12-16 14:19:24] [SEVERE ] placing card 73 in slot 4
[2022-12-16 14:19:25] [SEVERE ] placing card 79 in slot 5
[2022-12-16 14:19:25] [SEVERE ] placing card 62 in slot 6
[2022-12-16 14:19:25] [SEVERE ] placing card 27 in slot 7
[2022-12-16 14:19:25] [SEVERE ] placing card 52 in slot 8
[2022-12-16 14:19:25] [SEVERE ] placing card 23 in slot 9
[2022-12-16 14:19:25] [SEVERE ] placing card 7 in slot 10
[2022-12-16 14:19:25] [SEVERE ] placing card 34 in slot 11
[2022-12-16 14:19:32] [SEVERE ] Key 69 was pressed by player 0
[2022-12-16 14:19:32] [SEVERE ] player 0 placing token on slot 2
[2022-12-16 14:19:33] [SEVERE ] Key 83 was pressed by player 0
[2022-12-16 14:19:33] [SEVERE ] player 0 placing token on slot 5
[2022-12-16 14:19:34] [SEVERE ] Key 68 was pressed by player 0
[2022-12-16 14:19:34] [SEVERE ] player 0 placing token on slot 6
[2022-12-16 14:19:34] [SEVERE ] setting player 0 freeze to 1000
[2022-12-16 14:19:34] [SEVERE ] setting player 0 freeze to 0
[2022-12-16 14:19:34] [SEVERE ] removing player 0 token from slot 2
[2022-12-16 14:19:34] [SEVERE ] removing player 0 token from slot 5
[2022-12-16 14:19:34] [SEVERE ] removing player 0 token from slot 6
[2022-12-16 14:19:34] [SEVERE ] setting player 0 score to 1
[2022-12-16 14:19:34] [SEVERE ] removing tokens from slot 2
[2022-12-16 14:19:34] [SEVERE ] removing card from slot 2
[2022-12-16 14:19:34] [SEVERE ] removing tokens from slot 5
[2022-12-16 14:19:34] [SEVERE ] removing card from slot 5
[2022-12-16 14:19:35] [SEVERE ] removing tokens from slot 6
[2022-12-16 14:19:35] [SEVERE ] removing card from slot 6
[2022-12-16 14:19:35] [SEVERE ] placing card 42 in slot 2
[2022-12-16 14:19:35] [SEVERE ] placing card 6 in slot 5
[2022-12-16 14:19:35] [SEVERE ] placing card 29 in slot 6
[2022-12-16 14:19:35] [SEVERE ] setting player 0 freeze to 0
