[2022-12-16 11:16:41] [INFO   ] cannot read configuration file config.properties trying from resources.
[2022-12-16 11:16:41] [INFO   ] configuration file was loaded from resources directory.
[2022-12-16 11:16:41] [INFO   ] Thread dealer starting.
[2022-12-16 11:16:42] [SEVERE ] placing card 24 in slot 0
[2022-12-16 11:16:42] [SEVERE ] placing card 77 in slot 1
[2022-12-16 11:16:42] [SEVERE ] placing card 36 in slot 2
[2022-12-16 11:16:42] [SEVERE ] placing card 1 in slot 3
[2022-12-16 11:16:42] [SEVERE ] placing card 73 in slot 4
[2022-12-16 11:16:42] [SEVERE ] placing card 48 in slot 5
[2022-12-16 11:16:42] [SEVERE ] placing card 78 in slot 6
[2022-12-16 11:16:42] [SEVERE ] placing card 35 in slot 7
[2022-12-16 11:16:42] [SEVERE ] placing card 57 in slot 8
[2022-12-16 11:16:43] [SEVERE ] placing card 74 in slot 9
[2022-12-16 11:16:43] [SEVERE ] placing card 79 in slot 10
[2022-12-16 11:16:43] [SEVERE ] placing card 8 in slot 11
[2022-12-16 11:16:45] [SEVERE ] Key 81 was pressed by player 0
[2022-12-16 11:16:45] [SEVERE ] Key 87 was pressed by player 0
[2022-12-16 11:16:45] [SEVERE ] Key 69 was pressed by player 0
[2022-12-16 11:16:46] [SEVERE ] player 0 placing token on slot 0
[2022-12-16 11:16:46] [SEVERE ] player 0 placing token on slot 1
[2022-12-16 11:16:46] [SEVERE ] player 0 placing token on slot 2
[2022-12-16 11:16:46] [SEVERE ] setting player 0 freeze to 3000
[2022-12-16 11:16:48] [SEVERE ] Key 81 was pressed by player 0
[2022-12-16 11:16:48] [SEVERE ] Key 87 was pressed by player 0
[2022-12-16 11:16:48] [SEVERE ] Key 69 was pressed by player 0
[2022-12-16 11:16:50] [SEVERE ] removing player 0 token from slot 0
[2022-12-16 11:16:50] [SEVERE ] removing player 0 token from slot 1
[2022-12-16 11:16:50] [SEVERE ] removing player 0 token from slot 2
[2022-12-16 11:16:52] [SEVERE ] Key 81 was pressed by player 0
[2022-12-16 11:16:52] [SEVERE ] player 0 placing token on slot 0
[2022-12-16 11:16:53] [SEVERE ] Key 87 was pressed by player 0
[2022-12-16 11:16:53] [SEVERE ] player 0 placing token on slot 1
[2022-12-16 11:16:54] [SEVERE ] Key 81 was pressed by player 0
[2022-12-16 11:16:54] [SEVERE ] removing player 0 token from slot 0
[2022-12-16 11:16:54] [SEVERE ] Key 87 was pressed by player 0
[2022-12-16 11:16:55] [SEVERE ] removing player 0 token from slot 1
[2022-12-16 11:16:55] [SEVERE ] Key 81 was pressed by player 0
[2022-12-16 11:16:56] [SEVERE ] player 0 placing token on slot 0
[2022-12-16 11:16:56] [SEVERE ] Key 87 was pressed by player 0
[2022-12-16 11:16:57] [SEVERE ] player 0 placing token on slot 1
[2022-12-16 11:16:57] [SEVERE ] Key 81 was pressed by player 0
[2022-12-16 11:16:58] [SEVERE ] removing player 0 token from slot 0
[2022-12-16 11:16:58] [SEVERE ] Key 87 was pressed by player 0
[2022-12-16 11:16:59] [SEVERE ] removing player 0 token from slot 1
[2022-12-16 11:17:00] [SEVERE ] Key 81 was pressed by player 0
[2022-12-16 11:17:01] [SEVERE ] Key 87 was pressed by player 0
[2022-12-16 11:17:01] [SEVERE ] player 0 placing token on slot 0
[2022-12-16 11:17:01] [SEVERE ] player 0 placing token on slot 1
[2022-12-16 11:17:01] [SEVERE ] Key 69 was pressed by player 0
[2022-12-16 11:17:02] [SEVERE ] player 0 placing token on slot 2
[2022-12-16 11:17:02] [SEVERE ] setting player 0 freeze to 3000
[2022-12-16 11:17:03] [SEVERE ] Key 82 was pressed by player 0
[2022-12-16 11:17:04] [SEVERE ] Key 69 was pressed by player 0
[2022-12-16 11:17:04] [SEVERE ] Key 87 was pressed by player 0
[2022-12-16 11:17:05] [SEVERE ] Key 81 was pressed by player 0
[2022-12-16 11:17:05] [SEVERE ] Key 69 was pressed by player 0
[2022-12-16 11:17:06] [SEVERE ] Key 81 was pressed by player 0
[2022-12-16 11:17:06] [SEVERE ] removing player 0 token from slot 2
[2022-12-16 11:17:06] [SEVERE ] removing player 0 token from slot 1
[2022-12-16 11:17:06] [SEVERE ] Key 69 was pressed by player 0
[2022-12-16 11:17:07] [SEVERE ] player 0 placing token on slot 2
