[2022-12-16 14:15:57] [INFO   ] cannot read configuration file config.properties trying from resources.
[2022-12-16 14:15:57] [INFO   ] configuration file was loaded from resources directory.
[2022-12-16 14:15:58] [INFO   ] Thread dealer starting.
[2022-12-16 14:15:58] [INFO   ] Thread Thread-0starting.
[2022-12-16 14:15:58] [INFO   ] Thread Thread-1starting.
[2022-12-16 14:15:58] [SEVERE ] placing card 45 in slot 0
[2022-12-16 14:15:58] [SEVERE ] placing card 37 in slot 1
[2022-12-16 14:15:58] [SEVERE ] placing card 25 in slot 2
[2022-12-16 14:15:58] [SEVERE ] placing card 44 in slot 3
[2022-12-16 14:15:59] [SEVERE ] placing card 65 in slot 4
[2022-12-16 14:15:59] [SEVERE ] placing card 54 in slot 5
[2022-12-16 14:15:59] [SEVERE ] placing card 74 in slot 6
[2022-12-16 14:15:59] [SEVERE ] placing card 69 in slot 7
[2022-12-16 14:15:59] [SEVERE ] placing card 17 in slot 8
[2022-12-16 14:15:59] [SEVERE ] placing card 49 in slot 9
[2022-12-16 14:15:59] [SEVERE ] placing card 66 in slot 10
[2022-12-16 14:15:59] [SEVERE ] placing card 48 in slot 11
[2022-12-16 14:16:01] [SEVERE ] Key 81 was pressed by player 0
[2022-12-16 14:16:01] [SEVERE ] player 0 placing token on slot 0
[2022-12-16 14:16:01] [SEVERE ] Key 87 was pressed by player 0
[2022-12-16 14:16:01] [SEVERE ] player 0 placing token on slot 1
[2022-12-16 14:16:02] [SEVERE ] Key 69 was pressed by player 0
[2022-12-16 14:16:02] [SEVERE ] player 0 placing token on slot 2
[2022-12-16 14:16:02] [SEVERE ] setting player 0 freeze to 3000
[2022-12-16 14:16:02] [SEVERE ] setting player 0 freeze to 2000
[2022-12-16 14:16:03] [SEVERE ] setting player 0 freeze to 1000
[2022-12-16 14:16:04] [SEVERE ] setting player 0 freeze to 0
[2022-12-16 14:16:05] [SEVERE ] setting player 0 freeze to 0
[2022-12-16 14:16:06] [SEVERE ] Key 69 was pressed by player 0
[2022-12-16 14:16:06] [SEVERE ] removing player 0 token from slot 2
[2022-12-16 14:16:06] [SEVERE ] Key 69 was pressed by player 0
[2022-12-16 14:16:06] [SEVERE ] player 0 placing token on slot 2
[2022-12-16 14:16:06] [SEVERE ] setting player 0 freeze to 3000
[2022-12-16 14:16:06] [SEVERE ] setting player 0 freeze to 2000
[2022-12-16 14:16:07] [SEVERE ] setting player 0 freeze to 1000
[2022-12-16 14:16:08] [SEVERE ] setting player 0 freeze to 0
[2022-12-16 14:16:09] [SEVERE ] Key 69 was pressed by player 0
[2022-12-16 14:16:09] [SEVERE ] setting player 0 freeze to 0
[2022-12-16 14:16:09] [SEVERE ] removing player 0 token from slot 2
[2022-12-16 14:16:09] [SEVERE ] Key 69 was pressed by player 0
[2022-12-16 14:16:09] [SEVERE ] player 0 placing token on slot 2
[2022-12-16 14:16:09] [SEVERE ] setting player 0 freeze to 3000
[2022-12-16 14:16:09] [SEVERE ] setting player 0 freeze to 2000
[2022-12-16 14:16:10] [SEVERE ] setting player 0 freeze to 1000
[2022-12-16 14:16:11] [SEVERE ] Key 69 was pressed by player 0
[2022-12-16 14:16:11] [SEVERE ] Key 69 was pressed by player 0
[2022-12-16 14:16:11] [SEVERE ] setting player 0 freeze to 0
[2022-12-16 14:16:12] [SEVERE ] setting player 0 freeze to 0
[2022-12-16 14:16:12] [SEVERE ] removing player 0 token from slot 2
[2022-12-16 14:16:12] [SEVERE ] player 0 placing token on slot 2
[2022-12-16 14:16:12] [SEVERE ] setting player 0 freeze to 3000
[2022-12-16 14:16:12] [SEVERE ] setting player 0 freeze to 2000
[2022-12-16 14:16:13] [SEVERE ] setting player 0 freeze to 1000
