[2022-12-14 13:00:48] [INFO   ] cannot read configuration file config.properties trying from resources.
[2022-12-14 13:00:48] [INFO   ] configuration file was loaded from resources directory.
[2022-12-14 13:00:48] [INFO   ] Thread dealer starting.
[2022-12-14 13:00:48] [SEVERE ] placing card 0 in slot 0
[2022-12-14 13:00:48] [SEVERE ] placing card 1 in slot 1
[2022-12-14 13:00:49] [SEVERE ] placing card 2 in slot 2
[2022-12-14 13:00:49] [SEVERE ] placing card 3 in slot 3
[2022-12-14 13:00:49] [SEVERE ] placing card 4 in slot 4
[2022-12-14 13:00:49] [SEVERE ] placing card 5 in slot 5
[2022-12-14 13:00:49] [SEVERE ] placing card 6 in slot 6
[2022-12-14 13:00:49] [SEVERE ] placing card 7 in slot 7
[2022-12-14 13:00:49] [SEVERE ] placing card 8 in slot 8
[2022-12-14 13:00:49] [SEVERE ] placing card 9 in slot 9
[2022-12-14 13:00:49] [SEVERE ] placing card 10 in slot 10
[2022-12-14 13:00:49] [SEVERE ] placing card 11 in slot 11
[2022-12-14 13:00:50] [SEVERE ] Key 81 was pressed by player 0
[2022-12-14 13:00:50] [SEVERE ] player 0 placing token on slot 0
[2022-12-14 13:00:51] [SEVERE ] Key 87 was pressed by player 0
[2022-12-14 13:00:51] [SEVERE ] player 0 placing token on slot 1
[2022-12-14 13:00:51] [SEVERE ] Key 69 was pressed by player 0
[2022-12-14 13:00:51] [SEVERE ] player 0 placing token on slot 2
[2022-12-14 13:00:52] [SEVERE ] removing player 0 token from slot 0
[2022-12-14 13:00:52] [SEVERE ] removing player 0 token from slot 1
[2022-12-14 13:00:52] [SEVERE ] removing player 0 token from slot 2
[2022-12-14 13:00:52] [SEVERE ] setting player 0 score to 1
[2022-12-14 13:00:52] [SEVERE ] removing card from slot 0
[2022-12-14 13:00:52] [SEVERE ] removing card from slot 1
[2022-12-14 13:00:52] [SEVERE ] removing card from slot 2
[2022-12-14 13:00:52] [SEVERE ] placing card 12 in slot 0
[2022-12-14 13:00:52] [SEVERE ] placing card 13 in slot 1
[2022-12-14 13:00:52] [SEVERE ] placing card 14 in slot 2
[2022-12-14 13:00:53] [SEVERE ] Key 65 was pressed by player 0
[2022-12-14 13:00:53] [SEVERE ] player 0 placing token on slot 4
[2022-12-14 13:00:53] [SEVERE ] Key 83 was pressed by player 0
[2022-12-14 13:00:53] [SEVERE ] player 0 placing token on slot 5
[2022-12-14 13:00:54] [SEVERE ] Key 68 was pressed by player 0
[2022-12-14 13:00:54] [SEVERE ] player 0 placing token on slot 6
[2022-12-14 13:00:54] [SEVERE ] removing card from slot 4
[2022-12-14 13:00:54] [SEVERE ] removing card from slot 5
[2022-12-14 13:00:55] [SEVERE ] removing card from slot 6
[2022-12-14 13:00:55] [SEVERE ] placing card 15 in slot 4
[2022-12-14 13:00:55] [SEVERE ] placing card 16 in slot 5
[2022-12-14 13:00:55] [SEVERE ] placing card 17 in slot 6
[2022-12-14 13:00:57] [SEVERE ] Key 65 was pressed by player 0
[2022-12-14 13:00:57] [SEVERE ] removing player 0 token from slot 4
[2022-12-14 13:00:57] [SEVERE ] Key 83 was pressed by player 0
[2022-12-14 13:00:57] [SEVERE ] removing player 0 token from slot 5
[2022-12-14 13:00:58] [SEVERE ] Key 68 was pressed by player 0
[2022-12-14 13:00:58] [SEVERE ] removing player 0 token from slot 6
[2022-12-14 13:01:00] [SEVERE ] Key 65 was pressed by player 0
[2022-12-14 13:01:00] [SEVERE ] player 0 placing token on slot 4
[2022-12-14 13:01:00] [SEVERE ] Key 83 was pressed by player 0
[2022-12-14 13:01:00] [SEVERE ] player 0 placing token on slot 5
[2022-12-14 13:01:01] [SEVERE ] Key 68 was pressed by player 0
[2022-12-14 13:01:01] [SEVERE ] player 0 placing token on slot 6
[2022-12-14 13:01:01] [SEVERE ] removing card from slot 4
[2022-12-14 13:01:01] [SEVERE ] removing card from slot 5
[2022-12-14 13:01:01] [SEVERE ] removing card from slot 6
[2022-12-14 13:01:01] [SEVERE ] placing card 18 in slot 4
[2022-12-14 13:01:01] [SEVERE ] placing card 19 in slot 5
[2022-12-14 13:01:02] [SEVERE ] placing card 20 in slot 6
[2022-12-14 13:01:03] [SEVERE ] Key 65 was pressed by player 0
[2022-12-14 13:01:03] [SEVERE ] removing player 0 token from slot 4
[2022-12-14 13:01:04] [SEVERE ] Key 83 was pressed by player 0
[2022-12-14 13:01:04] [SEVERE ] removing player 0 token from slot 5
[2022-12-14 13:01:04] [SEVERE ] Key 68 was pressed by player 0
[2022-12-14 13:01:04] [SEVERE ] removing player 0 token from slot 6
[2022-12-14 13:01:04] [SEVERE ] Key 81 was pressed by player 0
[2022-12-14 13:01:04] [SEVERE ] player 0 placing token on slot 0
[2022-12-14 13:01:05] [SEVERE ] Key 87 was pressed by player 0
[2022-12-14 13:01:05] [SEVERE ] player 0 placing token on slot 1
[2022-12-14 13:01:05] [SEVERE ] Key 69 was pressed by player 0
[2022-12-14 13:01:05] [SEVERE ] player 0 placing token on slot 2
[2022-12-14 13:01:06] [SEVERE ] removing player 0 token from slot 0
[2022-12-14 13:01:06] [SEVERE ] removing player 0 token from slot 1
[2022-12-14 13:01:06] [SEVERE ] removing player 0 token from slot 2
[2022-12-14 13:01:06] [SEVERE ] setting player 0 score to 2
[2022-12-14 13:01:06] [SEVERE ] removing card from slot 0
[2022-12-14 13:01:06] [SEVERE ] removing card from slot 1
[2022-12-14 13:01:06] [SEVERE ] removing card from slot 2
[2022-12-14 13:01:06] [SEVERE ] placing card 21 in slot 0
[2022-12-14 13:01:06] [SEVERE ] placing card 22 in slot 1
[2022-12-14 13:01:06] [SEVERE ] placing card 23 in slot 2
[2022-12-14 13:01:07] [SEVERE ] Key 65 was pressed by player 0
[2022-12-14 13:01:07] [SEVERE ] player 0 placing token on slot 4
[2022-12-14 13:01:07] [SEVERE ] Key 83 was pressed by player 0
[2022-12-14 13:01:07] [SEVERE ] player 0 placing token on slot 5
[2022-12-14 13:01:07] [SEVERE ] Key 68 was pressed by player 0
[2022-12-14 13:01:07] [SEVERE ] player 0 placing token on slot 6
[2022-12-14 13:01:07] [SEVERE ] removing card from slot 4
[2022-12-14 13:01:07] [SEVERE ] removing card from slot 5
[2022-12-14 13:01:08] [SEVERE ] removing card from slot 6
[2022-12-14 13:01:08] [SEVERE ] placing card 24 in slot 4
[2022-12-14 13:01:08] [SEVERE ] placing card 25 in slot 5
[2022-12-14 13:01:08] [SEVERE ] placing card 26 in slot 6
