[2022-12-16 15:56:37] [INFO   ] cannot read configuration file config.properties trying from resources.
[2022-12-16 15:56:37] [INFO   ] configuration file was loaded from resources directory.
[2022-12-16 15:56:38] [INFO   ] Thread dealer starting.
[2022-12-16 15:56:38] [INFO   ] Thread Thread-0starting.
[2022-12-16 15:56:38] [INFO   ] Thread Thread-2starting.
[2022-12-16 15:56:38] [INFO   ] Thread Thread-1starting.
[2022-12-16 15:56:38] [INFO   ] Thread Thread-3starting.
[2022-12-16 15:56:38] [INFO   ] Thread computer-2 starting.
[2022-12-16 15:56:38] [SEVERE ] player 2 placing token on slot 6
[2022-12-16 15:56:38] [INFO   ] Thread computer-3 starting.
[2022-12-16 15:56:38] [SEVERE ] player 3 placing token on slot 8
[2022-12-16 15:56:38] [SEVERE ] placing card 69 in slot 0
[2022-12-16 15:56:38] [SEVERE ] placing card 34 in slot 1
[2022-12-16 15:56:38] [SEVERE ] placing card 6 in slot 2
[2022-12-16 15:56:38] [SEVERE ] placing card 48 in slot 3
[2022-12-16 15:56:39] [SEVERE ] placing card 47 in slot 4
[2022-12-16 15:56:39] [SEVERE ] placing card 67 in slot 5
[2022-12-16 15:56:39] [SEVERE ] placing card 61 in slot 6
[2022-12-16 15:56:39] [SEVERE ] player 2 placing token on slot 11
[2022-12-16 15:56:39] [SEVERE ] player 3 placing token on slot 0
[2022-12-16 15:56:39] [SEVERE ] placing card 68 in slot 7
[2022-12-16 15:56:39] [SEVERE ] placing card 75 in slot 8
[2022-12-16 15:56:39] [SEVERE ] placing card 72 in slot 9
[2022-12-16 15:56:39] [SEVERE ] placing card 5 in slot 10
[2022-12-16 15:56:39] [SEVERE ] placing card 51 in slot 11
[2022-12-16 15:56:40] [SEVERE ] player 2 placing token on slot 7
[2022-12-16 15:56:40] [SEVERE ] player 3 placing token on slot 6
[2022-12-16 15:56:40] [SEVERE ] setting player 2 freeze to 3000
[2022-12-16 15:56:40] [SEVERE ] setting player 3 freeze to 3000
[2022-12-16 15:56:40] [SEVERE ] setting player 2 freeze to 2000
[2022-12-16 15:56:40] [SEVERE ] setting player 3 freeze to 2000
[2022-12-16 15:56:41] [SEVERE ] setting player 2 freeze to 1000
[2022-12-16 15:56:41] [SEVERE ] setting player 3 freeze to 1000
[2022-12-16 15:56:42] [SEVERE ] setting player 2 freeze to 0
[2022-12-16 15:56:42] [SEVERE ] setting player 3 freeze to 0
[2022-12-16 15:56:43] [SEVERE ] setting player 3 freeze to 0
[2022-12-16 15:56:43] [SEVERE ] setting player 2 freeze to 0
[2022-12-16 15:56:43] [SEVERE ] removing player 3 token from slot 6
[2022-12-16 15:56:43] [SEVERE ] removing player 2 token from slot 7
[2022-12-16 15:56:43] [SEVERE ] removing player 3 token from slot 0
[2022-12-16 15:56:43] [SEVERE ] player 2 placing token on slot 9
[2022-12-16 15:56:43] [SEVERE ] setting player 2 freeze to 3000
[2022-12-16 15:56:43] [SEVERE ] player 3 placing token on slot 11
[2022-12-16 15:56:43] [SEVERE ] setting player 2 freeze to 2000
[2022-12-16 15:56:44] [SEVERE ] removing player 3 token from slot 8
[2022-12-16 15:56:44] [SEVERE ] setting player 2 freeze to 1000
[2022-12-16 15:56:44] [SEVERE ] player 3 placing token on slot 10
[2022-12-16 15:56:45] [SEVERE ] removing player 3 token from slot 10
[2022-12-16 15:56:45] [SEVERE ] setting player 2 freeze to 0
[2022-12-16 15:56:46] [SEVERE ] setting player 2 freeze to 0
[2022-12-16 15:56:46] [SEVERE ] player 3 placing token on slot 5
[2022-12-16 15:56:47] [SEVERE ] player 3 placing token on slot 2
[2022-12-16 15:56:47] [SEVERE ] setting player 3 freeze to 3000
[2022-12-16 15:56:47] [SEVERE ] setting player 3 freeze to 2000
[2022-12-16 15:56:48] [SEVERE ] setting player 3 freeze to 1000
[2022-12-16 15:56:49] [SEVERE ] setting player 3 freeze to 0
[2022-12-16 15:56:50] [SEVERE ] setting player 3 freeze to 0
[2022-12-16 15:56:50] [SEVERE ] removing player 3 token from slot 11
[2022-12-16 15:56:50] [SEVERE ] player 3 placing token on slot 10
[2022-12-16 15:56:50] [SEVERE ] setting player 3 freeze to 3000
[2022-12-16 15:56:50] [SEVERE ] setting player 3 freeze to 2000
[2022-12-16 15:56:51] [SEVERE ] setting player 3 freeze to 1000
[2022-12-16 15:56:52] [SEVERE ] setting player 3 freeze to 0
[2022-12-16 15:56:53] [SEVERE ] setting player 3 freeze to 0
[2022-12-16 15:56:53] [SEVERE ] removing player 3 token from slot 2
[2022-12-16 15:56:53] [SEVERE ] player 3 placing token on slot 9
[2022-12-16 15:56:53] [SEVERE ] setting player 3 freeze to 3000
[2022-12-16 15:56:53] [SEVERE ] removing player 2 token from slot 9
[2022-12-16 15:56:53] [SEVERE ] setting player 3 freeze to 2000
[2022-12-16 15:56:54] [SEVERE ] player 2 placing token on slot 9
[2022-12-16 15:56:54] [SEVERE ] setting player 2 freeze to 3000
[2022-12-16 15:56:54] [SEVERE ] setting player 2 freeze to 2000
[2022-12-16 15:56:54] [SEVERE ] setting player 3 freeze to 1000
[2022-12-16 15:56:55] [SEVERE ] setting player 2 freeze to 1000
[2022-12-16 15:56:55] [SEVERE ] setting player 3 freeze to 0
[2022-12-16 15:56:56] [SEVERE ] setting player 3 freeze to 0
[2022-12-16 15:56:56] [SEVERE ] setting player 2 freeze to 0
[2022-12-16 15:56:57] [SEVERE ] setting player 2 freeze to 0
[2022-12-16 15:56:57] [SEVERE ] removing player 2 token from slot 11
[2022-12-16 15:56:57] [SEVERE ] player 2 placing token on slot 1
[2022-12-16 15:56:57] [SEVERE ] setting player 2 freeze to 3000
[2022-12-16 15:56:57] [SEVERE ] setting player 2 freeze to 2000
[2022-12-16 15:56:58] [SEVERE ] setting player 2 freeze to 1000
[2022-12-16 15:56:59] [SEVERE ] setting player 2 freeze to 0
[2022-12-16 15:57:00] [SEVERE ] setting player 2 freeze to 0
[2022-12-16 15:57:00] [SEVERE ] removing player 2 token from slot 1
[2022-12-16 15:57:00] [SEVERE ] player 2 placing token on slot 11
[2022-12-16 15:57:00] [SEVERE ] setting player 2 freeze to 3000
[2022-12-16 15:57:00] [SEVERE ] setting player 2 freeze to 2000
[2022-12-16 15:57:01] [SEVERE ] removing player 3 token from slot 9
[2022-12-16 15:57:01] [SEVERE ] setting player 2 freeze to 1000
[2022-12-16 15:57:02] [SEVERE ] player 3 placing token on slot 11
[2022-12-16 15:57:02] [SEVERE ] setting player 3 freeze to 3000
[2022-12-16 15:57:02] [SEVERE ] setting player 2 freeze to 0
[2022-12-16 15:57:02] [SEVERE ] setting player 3 freeze to 2000
[2022-12-16 15:57:03] [SEVERE ] setting player 2 freeze to 0
[2022-12-16 15:57:03] [SEVERE ] setting player 3 freeze to 1000
[2022-12-16 15:57:04] [SEVERE ] setting player 3 freeze to 0
[2022-12-16 15:57:05] [SEVERE ] setting player 3 freeze to 0
[2022-12-16 15:57:05] [SEVERE ] removing player 3 token from slot 5
[2022-12-16 15:57:05] [SEVERE ] player 3 placing token on slot 8
[2022-12-16 15:57:05] [SEVERE ] setting player 3 freeze to 3000
[2022-12-16 15:57:05] [SEVERE ] removing player 2 token from slot 6
[2022-12-16 15:57:06] [SEVERE ] setting player 3 freeze to 2000
[2022-12-16 15:57:06] [SEVERE ] player 2 placing token on slot 2
[2022-12-16 15:57:06] [SEVERE ] setting player 2 freeze to 3000
[2022-12-16 15:57:07] [SEVERE ] setting player 2 freeze to 2000
[2022-12-16 15:57:07] [SEVERE ] setting player 3 freeze to 1000
[2022-12-16 15:57:08] [SEVERE ] setting player 2 freeze to 1000
[2022-12-16 15:57:08] [SEVERE ] setting player 3 freeze to 0
[2022-12-16 15:57:08] [SEVERE ] setting player 3 freeze to 0
[2022-12-16 15:57:08] [SEVERE ] removing player 3 token from slot 8
[2022-12-16 15:57:08] [SEVERE ] player 3 placing token on slot 7
[2022-12-16 15:57:08] [SEVERE ] removing player 3 token from slot 7
[2022-12-16 15:57:08] [SEVERE ] setting player 3 freeze to 3000
[2022-12-16 15:57:09] [SEVERE ] setting player 2 freeze to 0
[2022-12-16 15:57:09] [SEVERE ] setting player 3 freeze to 2000
[2022-12-16 15:57:09] [SEVERE ] setting player 2 freeze to 0
[2022-12-16 15:57:09] [SEVERE ] removing player 2 token from slot 2
[2022-12-16 15:57:09] [SEVERE ] player 2 placing token on slot 0
[2022-12-16 15:57:09] [SEVERE ] removing player 2 token from slot 0
[2022-12-16 15:57:09] [SEVERE ] setting player 2 freeze to 3000
[2022-12-16 15:57:10] [SEVERE ] setting player 2 freeze to 2000
[2022-12-16 15:57:10] [SEVERE ] setting player 3 freeze to 1000
[2022-12-16 15:57:11] [SEVERE ] setting player 2 freeze to 1000
[2022-12-16 15:57:11] [SEVERE ] setting player 3 freeze to 0
[2022-12-16 15:57:11] [SEVERE ] setting player 3 freeze to 0
[2022-12-16 15:57:11] [SEVERE ] player 3 placing token on slot 0
[2022-12-16 15:57:11] [SEVERE ] setting player 3 freeze to 3000
[2022-12-16 15:57:11] [SEVERE ] Key 81 was pressed by player 0
[2022-12-16 15:57:11] [SEVERE ] player 0 placing token on slot 0
[2022-12-16 15:57:12] [SEVERE ] setting player 2 freeze to 0
[2022-12-16 15:57:12] [SEVERE ] setting player 3 freeze to 2000
[2022-12-16 15:57:12] [SEVERE ] Key 87 was pressed by player 0
[2022-12-16 15:57:12] [SEVERE ] player 0 placing token on slot 1
[2022-12-16 15:57:12] [SEVERE ] Key 69 was pressed by player 0
[2022-12-16 15:57:12] [SEVERE ] player 0 placing token on slot 2
[2022-12-16 15:57:12] [SEVERE ] setting player 0 freeze to 3000
[2022-12-16 15:57:12] [SEVERE ] setting player 2 freeze to 0
[2022-12-16 15:57:12] [SEVERE ] player 2 placing token on slot 1
[2022-12-16 15:57:12] [SEVERE ] setting player 2 freeze to 3000
[2022-12-16 15:57:13] [SEVERE ] setting player 0 freeze to 2000
[2022-12-16 15:57:13] [SEVERE ] setting player 2 freeze to 2000
[2022-12-16 15:57:13] [SEVERE ] setting player 3 freeze to 1000
[2022-12-16 15:57:14] [SEVERE ] setting player 0 freeze to 1000
[2022-12-16 15:57:14] [SEVERE ] setting player 2 freeze to 1000
[2022-12-16 15:57:14] [SEVERE ] setting player 3 freeze to 0
[2022-12-16 15:57:14] [SEVERE ] setting player 3 freeze to 0
[2022-12-16 15:57:15] [SEVERE ] setting player 0 freeze to 0
[2022-12-16 15:57:15] [SEVERE ] setting player 2 freeze to 0
[2022-12-16 15:57:15] [SEVERE ] setting player 0 freeze to 0
[2022-12-16 15:57:15] [SEVERE ] setting player 2 freeze to 0
[2022-12-16 15:57:16] [SEVERE ] removing player 2 token from slot 1
[2022-12-16 15:57:16] [SEVERE ] Key 81 was pressed by player 0
[2022-12-16 15:57:16] [SEVERE ] removing player 0 token from slot 0
[2022-12-16 15:57:16] [SEVERE ] Key 87 was pressed by player 0
[2022-12-16 15:57:16] [SEVERE ] removing player 0 token from slot 1
[2022-12-16 15:57:16] [SEVERE ] Key 69 was pressed by player 0
[2022-12-16 15:57:16] [SEVERE ] removing player 0 token from slot 2
[2022-12-16 15:57:17] [SEVERE ] removing player 3 token from slot 11
[2022-12-16 15:57:17] [SEVERE ] player 2 placing token on slot 1
[2022-12-16 15:57:17] [SEVERE ] setting player 2 freeze to 3000
[2022-12-16 15:57:17] [SEVERE ] player 3 placing token on slot 6
[2022-12-16 15:57:17] [SEVERE ] setting player 3 freeze to 3000
[2022-12-16 15:57:18] [SEVERE ] setting player 2 freeze to 2000
[2022-12-16 15:57:18] [SEVERE ] setting player 3 freeze to 2000
[2022-12-16 15:57:19] [SEVERE ] setting player 2 freeze to 1000
[2022-12-16 15:57:19] [SEVERE ] setting player 3 freeze to 1000
[2022-12-16 15:57:20] [SEVERE ] setting player 2 freeze to 0
[2022-12-16 15:57:20] [SEVERE ] setting player 3 freeze to 0
[2022-12-16 15:57:20] [SEVERE ] setting player 2 freeze to 0
[2022-12-16 15:57:20] [SEVERE ] removing player 2 token from slot 1
[2022-12-16 15:57:20] [SEVERE ] removing player 2 token from slot 11
[2022-12-16 15:57:20] [SEVERE ] player 2 placing token on slot 8
[2022-12-16 15:57:20] [SEVERE ] player 2 placing token on slot 5
[2022-12-16 15:57:20] [SEVERE ] setting player 2 freeze to 3000
[2022-12-16 15:57:20] [SEVERE ] setting player 3 freeze to 0
[2022-12-16 15:57:21] [SEVERE ] setting player 2 freeze to 2000
[2022-12-16 15:57:22] [SEVERE ] setting player 2 freeze to 1000
[2022-12-16 15:57:23] [SEVERE ] setting player 2 freeze to 0
[2022-12-16 15:57:23] [SEVERE ] setting player 2 freeze to 0
[2022-12-16 15:57:23] [SEVERE ] removing player 2 token from slot 9
[2022-12-16 15:57:23] [SEVERE ] player 2 placing token on slot 2
[2022-12-16 15:57:23] [SEVERE ] setting player 2 freeze to 3000
[2022-12-16 15:57:24] [SEVERE ] setting player 2 freeze to 2000
[2022-12-16 15:57:24] [SEVERE ] removing player 3 token from slot 6
[2022-12-16 15:57:25] [SEVERE ] setting player 2 freeze to 1000
[2022-12-16 15:57:25] [SEVERE ] removing player 3 token from slot 0
[2022-12-16 15:57:26] [SEVERE ] player 3 placing token on slot 1
[2022-12-16 15:57:26] [SEVERE ] setting player 2 freeze to 0
[2022-12-16 15:57:26] [SEVERE ] setting player 2 freeze to 0
[2022-12-16 15:57:26] [SEVERE ] removing player 2 token from slot 5
[2022-12-16 15:57:26] [SEVERE ] player 2 placing token on slot 9
[2022-12-16 15:57:26] [SEVERE ] setting player 2 freeze to 3000
[2022-12-16 15:57:26] [SEVERE ] player 3 placing token on slot 6
[2022-12-16 15:57:26] [SEVERE ] setting player 3 freeze to 3000
[2022-12-16 15:57:27] [SEVERE ] setting player 2 freeze to 2000
[2022-12-16 15:57:27] [SEVERE ] setting player 3 freeze to 2000
[2022-12-16 15:57:28] [SEVERE ] Exit button pressed
[2022-12-16 15:57:28] [SEVERE ] setting player 2 freeze to 1000
[2022-12-16 15:57:28] [SEVERE ] setting player 3 freeze to 1000
[2022-12-16 15:57:28] [SEVERE ] removing tokens from slot 0
[2022-12-16 15:57:28] [SEVERE ] removing card from slot 0
[2022-12-16 15:57:28] [SEVERE ] removing tokens from slot 1
[2022-12-16 15:57:28] [SEVERE ] removing card from slot 1
[2022-12-16 15:57:28] [SEVERE ] removing tokens from slot 2
[2022-12-16 15:57:28] [SEVERE ] removing card from slot 2
[2022-12-16 15:57:28] [SEVERE ] removing tokens from slot 3
[2022-12-16 15:57:28] [SEVERE ] removing card from slot 3
[2022-12-16 15:57:28] [SEVERE ] removing tokens from slot 4
[2022-12-16 15:57:28] [SEVERE ] removing card from slot 4
[2022-12-16 15:57:28] [SEVERE ] removing tokens from slot 5
[2022-12-16 15:57:28] [SEVERE ] removing card from slot 5
[2022-12-16 15:57:28] [SEVERE ] removing tokens from slot 6
[2022-12-16 15:57:28] [SEVERE ] removing card from slot 6
[2022-12-16 15:57:29] [SEVERE ] removing tokens from slot 7
[2022-12-16 15:57:29] [SEVERE ] removing card from slot 7
[2022-12-16 15:57:29] [SEVERE ] removing tokens from slot 8
[2022-12-16 15:57:29] [SEVERE ] removing card from slot 8
[2022-12-16 15:57:29] [SEVERE ] removing tokens from slot 9
[2022-12-16 15:57:29] [SEVERE ] removing card from slot 9
[2022-12-16 15:57:29] [SEVERE ] removing tokens from slot 10
[2022-12-16 15:57:29] [SEVERE ] removing card from slot 10
[2022-12-16 15:57:29] [SEVERE ] setting player 2 freeze to 0
[2022-12-16 15:57:29] [SEVERE ] removing player 2 token from slot 9
[2022-12-16 15:57:29] [SEVERE ] removing tokens from slot 11
[2022-12-16 15:57:29] [SEVERE ] removing card from slot 11
[2022-12-16 15:57:29] [INFO   ] Thread Thread-1 terminated.
[2022-12-16 15:57:29] [INFO   ] Thread Thread-0 terminated.
[2022-12-16 15:57:29] [INFO   ] Thread main terminated.
