[2022-12-16 16:23:31] [INFO   ] cannot read configuration file config.properties trying from resources.
[2022-12-16 16:23:31] [INFO   ] configuration file was loaded from resources directory.
[2022-12-16 16:23:32] [INFO   ] Thread dealer starting.
[2022-12-16 16:23:32] [INFO   ] Thread Thread-1starting.
[2022-12-16 16:23:32] [INFO   ] Thread Thread-0starting.
[2022-12-16 16:23:32] [INFO   ] Thread Thread-2starting.
[2022-12-16 16:23:32] [INFO   ] Thread Thread-3starting.
[2022-12-16 16:23:32] [INFO   ] Thread computer-2 starting.
[2022-12-16 16:23:32] [SEVERE ] player 2 placing token on slot 1
[2022-12-16 16:23:32] [INFO   ] Thread computer-3 starting.
[2022-12-16 16:23:32] [SEVERE ] player 3 placing token on slot 7
[2022-12-16 16:23:33] [SEVERE ] placing card 28 in slot 0
[2022-12-16 16:23:33] [SEVERE ] placing card 29 in slot 1
[2022-12-16 16:23:33] [SEVERE ] placing card 78 in slot 2
[2022-12-16 16:23:33] [SEVERE ] player 3 placing token on slot 1
[2022-12-16 16:23:33] [SEVERE ] player 2 placing token on slot 2
[2022-12-16 16:23:33] [SEVERE ] placing card 45 in slot 3
[2022-12-16 16:23:33] [SEVERE ] placing card 64 in slot 4
[2022-12-16 16:23:34] [SEVERE ] placing card 70 in slot 5
[2022-12-16 16:23:34] [SEVERE ] placing card 73 in slot 6
[2022-12-16 16:23:34] [SEVERE ] placing card 8 in slot 7
[2022-12-16 16:23:34] [SEVERE ] placing card 51 in slot 8
[2022-12-16 16:23:34] [SEVERE ] placing card 30 in slot 9
[2022-12-16 16:23:35] [SEVERE ] placing card 19 in slot 10
[2022-12-16 16:23:35] [SEVERE ] placing card 4 in slot 11
[2022-12-16 16:23:39] [SEVERE ] Exit button pressed
[2022-12-16 16:23:39] [SEVERE ] removing tokens from slot 0
[2022-12-16 16:23:39] [SEVERE ] removing card from slot 0
[2022-12-16 16:23:39] [SEVERE ] removing tokens from slot 1
[2022-12-16 16:23:39] [SEVERE ] removing card from slot 1
[2022-12-16 16:23:40] [SEVERE ] removing tokens from slot 2
[2022-12-16 16:23:40] [SEVERE ] removing card from slot 2
[2022-12-16 16:23:40] [SEVERE ] removing tokens from slot 3
[2022-12-16 16:23:40] [SEVERE ] removing card from slot 3
[2022-12-16 16:23:40] [SEVERE ] removing tokens from slot 4
[2022-12-16 16:23:40] [SEVERE ] removing card from slot 4
[2022-12-16 16:23:40] [SEVERE ] removing tokens from slot 5
[2022-12-16 16:23:40] [SEVERE ] removing card from slot 5
[2022-12-16 16:23:40] [SEVERE ] removing tokens from slot 6
[2022-12-16 16:23:40] [SEVERE ] removing card from slot 6
[2022-12-16 16:23:41] [SEVERE ] removing tokens from slot 7
[2022-12-16 16:23:41] [SEVERE ] removing card from slot 7
[2022-12-16 16:23:41] [SEVERE ] removing tokens from slot 8
[2022-12-16 16:23:41] [SEVERE ] removing card from slot 8
[2022-12-16 16:23:41] [SEVERE ] removing tokens from slot 9
[2022-12-16 16:23:41] [SEVERE ] removing card from slot 9
[2022-12-16 16:23:41] [SEVERE ] removing tokens from slot 10
[2022-12-16 16:23:41] [SEVERE ] removing card from slot 10
[2022-12-16 16:23:42] [SEVERE ] removing tokens from slot 11
[2022-12-16 16:23:42] [SEVERE ] removing card from slot 11
[2022-12-16 16:23:42] [INFO   ] Thread Thread-0 terminated.
[2022-12-16 16:23:42] [INFO   ] Thread Thread-1 terminated.
[2022-12-16 16:23:42] [SEVERE ] announcing winners: [0, 1, 2, 3]
[2022-12-16 16:23:42] [INFO   ] Thread dealer terminated.
[2022-12-16 16:23:42] [INFO   ] Thread main terminated.
