[2022-12-14 16:15:34] [INFO   ] cannot read configuration file config.properties trying from resources.
[2022-12-14 16:15:34] [INFO   ] configuration file was loaded from resources directory.
[2022-12-14 16:15:34] [INFO   ] Thread dealer starting.
[2022-12-14 16:15:35] [SEVERE ] placing card 35 in slot 0
[2022-12-14 16:15:35] [SEVERE ] placing card 13 in slot 1
[2022-12-14 16:15:35] [SEVERE ] placing card 65 in slot 2
[2022-12-14 16:15:35] [SEVERE ] placing card 69 in slot 3
[2022-12-14 16:15:35] [SEVERE ] placing card 79 in slot 4
[2022-12-14 16:15:35] [SEVERE ] placing card 42 in slot 5
[2022-12-14 16:15:35] [SEVERE ] placing card 12 in slot 6
[2022-12-14 16:15:35] [SEVERE ] placing card 33 in slot 7
[2022-12-14 16:15:35] [SEVERE ] placing card 20 in slot 8
[2022-12-14 16:15:36] [SEVERE ] placing card 80 in slot 9
[2022-12-14 16:15:36] [SEVERE ] placing card 8 in slot 10
[2022-12-14 16:15:36] [SEVERE ] placing card 37 in slot 11
[2022-12-14 16:15:37] [SEVERE ] setting player 0 freeze to -1000
[2022-12-14 16:15:37] [SEVERE ] setting player 1 freeze to -1000
[2022-12-14 16:16:35] [SEVERE ] removing tokens from slot 0
[2022-12-14 16:16:35] [SEVERE ] removing card from slot 0
[2022-12-14 16:16:35] [SEVERE ] removing tokens from slot 1
[2022-12-14 16:16:35] [SEVERE ] removing card from slot 1
[2022-12-14 16:16:36] [SEVERE ] removing tokens from slot 2
[2022-12-14 16:16:36] [SEVERE ] removing card from slot 2
[2022-12-14 16:16:36] [SEVERE ] removing tokens from slot 3
[2022-12-14 16:16:36] [SEVERE ] removing card from slot 3
[2022-12-14 16:16:36] [SEVERE ] removing tokens from slot 4
[2022-12-14 16:16:36] [SEVERE ] removing card from slot 4
[2022-12-14 16:16:36] [SEVERE ] removing tokens from slot 5
[2022-12-14 16:16:36] [SEVERE ] removing card from slot 5
[2022-12-14 16:16:36] [SEVERE ] removing tokens from slot 6
[2022-12-14 16:16:36] [SEVERE ] removing card from slot 6
[2022-12-14 16:16:36] [SEVERE ] removing tokens from slot 7
[2022-12-14 16:16:36] [SEVERE ] removing card from slot 7
[2022-12-14 16:16:36] [SEVERE ] removing tokens from slot 8
[2022-12-14 16:16:36] [SEVERE ] removing card from slot 8
[2022-12-14 16:16:36] [SEVERE ] removing tokens from slot 9
[2022-12-14 16:16:36] [SEVERE ] removing card from slot 9
[2022-12-14 16:16:36] [SEVERE ] removing tokens from slot 10
[2022-12-14 16:16:36] [SEVERE ] removing card from slot 10
[2022-12-14 16:16:37] [SEVERE ] removing tokens from slot 11
[2022-12-14 16:16:37] [SEVERE ] removing card from slot 11
[2022-12-14 16:16:37] [SEVERE ] placing card 4 in slot 0
[2022-12-14 16:16:37] [SEVERE ] placing card 40 in slot 1
[2022-12-14 16:16:37] [SEVERE ] placing card 28 in slot 2
[2022-12-14 16:16:37] [SEVERE ] placing card 19 in slot 3
[2022-12-14 16:16:37] [SEVERE ] placing card 74 in slot 4
[2022-12-14 16:16:37] [SEVERE ] placing card 53 in slot 5
[2022-12-14 16:16:37] [SEVERE ] placing card 30 in slot 6
[2022-12-14 16:16:37] [SEVERE ] placing card 7 in slot 7
[2022-12-14 16:16:38] [SEVERE ] placing card 60 in slot 8
[2022-12-14 16:16:38] [SEVERE ] placing card 78 in slot 9
[2022-12-14 16:16:38] [SEVERE ] placing card 63 in slot 10
[2022-12-14 16:16:38] [SEVERE ] placing card 27 in slot 11
