[2022-12-16 15:09:28] [INFO   ] cannot read configuration file config.properties trying from resources.
[2022-12-16 15:09:28] [INFO   ] configuration file was loaded from resources directory.
[2022-12-16 15:09:30] [INFO   ] Thread dealer starting.
[2022-12-16 15:09:30] [INFO   ] Thread Thread-0starting.
[2022-12-16 15:09:30] [INFO   ] Thread Thread-2starting.
[2022-12-16 15:09:30] [INFO   ] Thread Thread-1starting.
[2022-12-16 15:09:30] [INFO   ] Thread computer-2 starting.
[2022-12-16 15:09:30] [SEVERE ] player 2 placing token on slot 3
[2022-12-16 15:09:30] [SEVERE ] placing card 72 in slot 0
[2022-12-16 15:09:30] [SEVERE ] placing card 52 in slot 1
[2022-12-16 15:09:30] [SEVERE ] placing card 77 in slot 2
[2022-12-16 15:09:30] [SEVERE ] placing card 54 in slot 3
[2022-12-16 15:09:30] [SEVERE ] placing card 0 in slot 4
[2022-12-16 15:09:30] [SEVERE ] placing card 10 in slot 5
[2022-12-16 15:09:30] [SEVERE ] placing card 45 in slot 6
[2022-12-16 15:09:31] [SEVERE ] player 2 placing token on slot 5
[2022-12-16 15:09:31] [SEVERE ] placing card 24 in slot 7
[2022-12-16 15:09:31] [SEVERE ] placing card 71 in slot 8
[2022-12-16 15:09:31] [SEVERE ] placing card 51 in slot 9
[2022-12-16 15:09:31] [SEVERE ] placing card 59 in slot 10
[2022-12-16 15:09:31] [SEVERE ] placing card 13 in slot 11
[2022-12-16 15:09:31] [SEVERE ] player 2 placing token on slot 1
[2022-12-16 15:09:31] [SEVERE ] setting player 2 freeze to 3000
[2022-12-16 15:09:32] [SEVERE ] setting player 2 freeze to 2000
[2022-12-16 15:09:33] [SEVERE ] setting player 2 freeze to 1000
[2022-12-16 15:09:33] [SEVERE ] Exit button pressed
[2022-12-16 15:09:34] [SEVERE ] setting player 2 freeze to 0
[2022-12-16 15:09:34] [SEVERE ] setting player 2 freeze to 0
[2022-12-16 15:09:35] [SEVERE ] removing player 2 token from slot 3
[2022-12-16 15:09:36] [SEVERE ] player 2 placing token on slot 4
[2022-12-16 15:09:36] [SEVERE ] setting player 2 freeze to 3000
[2022-12-16 15:09:37] [SEVERE ] setting player 2 freeze to 2000
[2022-12-16 15:09:38] [SEVERE ] setting player 2 freeze to 1000
[2022-12-16 15:09:39] [SEVERE ] setting player 2 freeze to 0
[2022-12-16 15:09:39] [SEVERE ] setting player 2 freeze to 0
[2022-12-16 15:09:39] [SEVERE ] removing player 2 token from slot 5
[2022-12-16 15:09:39] [SEVERE ] player 2 placing token on slot 6
[2022-12-16 15:09:39] [SEVERE ] setting player 2 freeze to 3000
[2022-12-16 15:09:40] [SEVERE ] setting player 2 freeze to 2000
[2022-12-16 15:09:41] [SEVERE ] setting player 2 freeze to 1000
[2022-12-16 15:09:42] [SEVERE ] setting player 2 freeze to 0
[2022-12-16 15:09:42] [SEVERE ] setting player 2 freeze to 0
[2022-12-16 15:09:42] [SEVERE ] removing player 2 token from slot 1
[2022-12-16 15:09:42] [SEVERE ] player 2 placing token on slot 7
[2022-12-16 15:09:42] [SEVERE ] setting player 2 freeze to 3000
[2022-12-16 15:09:43] [SEVERE ] setting player 2 freeze to 2000
[2022-12-16 15:09:44] [SEVERE ] setting player 2 freeze to 1000
[2022-12-16 15:09:45] [SEVERE ] setting player 2 freeze to 0
[2022-12-16 15:09:45] [SEVERE ] setting player 2 freeze to 0
[2022-12-16 15:09:47] [SEVERE ] removing player 2 token from slot 6
