[2022-12-16 11:56:07] [INFO   ] cannot read configuration file config.properties trying from resources.
[2022-12-16 11:56:07] [INFO   ] configuration file was loaded from resources directory.
[2022-12-16 11:56:07] [INFO   ] Thread dealer starting.
[2022-12-16 11:56:07] [INFO   ] Thread Thread-0starting.
[2022-12-16 11:56:07] [INFO   ] Thread Thread-1starting.
[2022-12-16 11:56:08] [SEVERE ] placing card 36 in slot 0
[2022-12-16 11:56:08] [SEVERE ] placing card 53 in slot 1
[2022-12-16 11:56:08] [SEVERE ] placing card 44 in slot 2
[2022-12-16 11:56:08] [SEVERE ] placing card 9 in slot 3
[2022-12-16 11:56:08] [SEVERE ] placing card 37 in slot 4
[2022-12-16 11:56:08] [SEVERE ] placing card 69 in slot 5
[2022-12-16 11:56:08] [SEVERE ] placing card 66 in slot 6
[2022-12-16 11:56:08] [SEVERE ] placing card 10 in slot 7
[2022-12-16 11:56:08] [SEVERE ] placing card 57 in slot 8
[2022-12-16 11:56:09] [SEVERE ] placing card 4 in slot 9
[2022-12-16 11:56:09] [SEVERE ] placing card 31 in slot 10
[2022-12-16 11:56:09] [SEVERE ] placing card 68 in slot 11
[2022-12-16 11:56:11] [SEVERE ] Key 81 was pressed by player 0
[2022-12-16 11:56:11] [SEVERE ] player 0 placing token on slot 0
[2022-12-16 11:56:11] [SEVERE ] Key 87 was pressed by player 0
[2022-12-16 11:56:12] [SEVERE ] player 0 placing token on slot 1
[2022-12-16 11:56:12] [SEVERE ] Key 69 was pressed by player 0
[2022-12-16 11:56:13] [SEVERE ] player 0 placing token on slot 2
[2022-12-16 11:56:13] [SEVERE ] setting player 0 freeze to 3000
