[2022-12-14 15:07:01] [INFO   ] cannot read configuration file config.properties trying from resources.
[2022-12-14 15:07:01] [INFO   ] configuration file was loaded from resources directory.
[2022-12-14 15:07:01] [INFO   ] Thread dealer starting.
[2022-12-14 15:07:02] [SEVERE ] placing card 38 in slot 0
[2022-12-14 15:07:02] [SEVERE ] placing card 16 in slot 1
[2022-12-14 15:07:02] [SEVERE ] placing card 35 in slot 2
[2022-12-14 15:07:02] [SEVERE ] placing card 70 in slot 3
[2022-12-14 15:07:02] [SEVERE ] placing card 10 in slot 4
[2022-12-14 15:07:02] [SEVERE ] placing card 60 in slot 5
[2022-12-14 15:07:02] [SEVERE ] placing card 8 in slot 6
[2022-12-14 15:07:02] [SEVERE ] placing card 66 in slot 7
[2022-12-14 15:07:02] [SEVERE ] placing card 18 in slot 8
[2022-12-14 15:07:03] [SEVERE ] placing card 69 in slot 9
[2022-12-14 15:07:03] [SEVERE ] placing card 37 in slot 10
[2022-12-14 15:07:03] [SEVERE ] placing card 59 in slot 11
[2022-12-14 15:07:03] [SEVERE ] Key 85 was pressed by player 1
[2022-12-14 15:07:03] [SEVERE ] player 1 placing token on slot 0
[2022-12-14 15:07:04] [SEVERE ] Key 81 was pressed by player 0
[2022-12-14 15:07:04] [SEVERE ] player 0 placing token on slot 0
[2022-12-14 15:07:04] [SEVERE ] Key 87 was pressed by player 0
[2022-12-14 15:07:04] [SEVERE ] player 0 placing token on slot 1
[2022-12-14 15:07:04] [SEVERE ] Key 69 was pressed by player 0
[2022-12-14 15:07:04] [SEVERE ] player 0 placing token on slot 2
[2022-12-14 15:07:05] [SEVERE ] removing player 0 token from slot 0
[2022-12-14 15:07:05] [SEVERE ] removing player 0 token from slot 1
[2022-12-14 15:07:05] [SEVERE ] removing player 0 token from slot 2
[2022-12-14 15:07:05] [SEVERE ] setting player 0 score to 1
[2022-12-14 15:07:05] [INFO   ] Thread main terminated.
