[2022-12-16 15:48:00] [INFO   ] cannot read configuration file config.properties trying from resources.
[2022-12-16 15:48:01] [INFO   ] configuration file was loaded from resources directory.
[2022-12-16 15:48:01] [INFO   ] Thread dealer starting.
[2022-12-16 15:48:01] [INFO   ] Thread Thread-0starting.
[2022-12-16 15:48:01] [INFO   ] Thread Thread-1starting.
[2022-12-16 15:48:01] [INFO   ] Thread Thread-2starting.
[2022-12-16 15:48:01] [INFO   ] Thread computer-2 starting.
[2022-12-16 15:48:01] [SEVERE ] player 2 placing token on slot 7
[2022-12-16 15:48:02] [SEVERE ] placing card 11 in slot 0
[2022-12-16 15:48:02] [SEVERE ] placing card 66 in slot 1
[2022-12-16 15:48:02] [SEVERE ] placing card 58 in slot 2
[2022-12-16 15:48:02] [SEVERE ] player 2 placing token on slot 3
[2022-12-16 15:48:02] [SEVERE ] placing card 0 in slot 3
[2022-12-16 15:48:02] [SEVERE ] placing card 18 in slot 4
[2022-12-16 15:48:03] [SEVERE ] placing card 45 in slot 5
[2022-12-16 15:48:03] [SEVERE ] placing card 17 in slot 6
[2022-12-16 15:48:03] [SEVERE ] placing card 50 in slot 7
[2022-12-16 15:48:03] [SEVERE ] placing card 68 in slot 8
[2022-12-16 15:48:03] [SEVERE ] placing card 77 in slot 9
[2022-12-16 15:48:04] [SEVERE ] placing card 38 in slot 10
[2022-12-16 15:48:04] [SEVERE ] placing card 80 in slot 11
[2022-12-16 15:48:08] [SEVERE ] Exit button pressed
[2022-12-16 15:48:09] [SEVERE ] removing tokens from slot 0
[2022-12-16 15:48:09] [SEVERE ] removing card from slot 0
[2022-12-16 15:48:09] [SEVERE ] removing tokens from slot 1
[2022-12-16 15:48:09] [SEVERE ] removing card from slot 1
[2022-12-16 15:48:10] [SEVERE ] removing tokens from slot 2
[2022-12-16 15:48:10] [SEVERE ] removing card from slot 2
[2022-12-16 15:48:10] [SEVERE ] removing tokens from slot 3
[2022-12-16 15:48:10] [SEVERE ] removing card from slot 3
[2022-12-16 15:48:10] [SEVERE ] removing tokens from slot 4
[2022-12-16 15:48:10] [SEVERE ] removing card from slot 4
[2022-12-16 15:48:10] [SEVERE ] removing tokens from slot 5
[2022-12-16 15:48:10] [SEVERE ] removing card from slot 5
[2022-12-16 15:48:10] [SEVERE ] removing tokens from slot 6
[2022-12-16 15:48:10] [SEVERE ] removing card from slot 6
[2022-12-16 15:48:11] [SEVERE ] removing tokens from slot 7
[2022-12-16 15:48:11] [SEVERE ] removing card from slot 7
[2022-12-16 15:48:11] [SEVERE ] removing tokens from slot 8
[2022-12-16 15:48:11] [SEVERE ] removing card from slot 8
[2022-12-16 15:48:11] [SEVERE ] removing tokens from slot 9
[2022-12-16 15:48:11] [SEVERE ] removing card from slot 9
[2022-12-16 15:48:11] [SEVERE ] removing tokens from slot 10
[2022-12-16 15:48:11] [SEVERE ] removing card from slot 10
[2022-12-16 15:48:12] [SEVERE ] removing tokens from slot 11
[2022-12-16 15:48:12] [SEVERE ] removing card from slot 11
[2022-12-16 15:48:12] [INFO   ] Thread Thread-1 terminated.
[2022-12-16 15:48:12] [INFO   ] Thread Thread-0 terminated.
[2022-12-16 15:48:12] [INFO   ] Thread main terminated.
