[2022-12-14 16:53:31] [INFO   ] cannot read configuration file config.properties trying from resources.
[2022-12-14 16:53:31] [INFO   ] configuration file was loaded from resources directory.
[2022-12-14 16:53:32] [INFO   ] Thread dealer starting.
[2022-12-14 16:53:32] [SEVERE ] placing card 75 in slot 0
[2022-12-14 16:53:32] [SEVERE ] placing card 12 in slot 1
[2022-12-14 16:53:33] [SEVERE ] placing card 63 in slot 2
[2022-12-14 16:53:33] [SEVERE ] placing card 33 in slot 3
[2022-12-14 16:53:33] [SEVERE ] placing card 73 in slot 4
[2022-12-14 16:53:33] [SEVERE ] placing card 45 in slot 5
[2022-12-14 16:53:33] [SEVERE ] placing card 64 in slot 6
[2022-12-14 16:53:33] [SEVERE ] placing card 8 in slot 7
[2022-12-14 16:53:33] [SEVERE ] placing card 70 in slot 8
[2022-12-14 16:53:33] [SEVERE ] placing card 58 in slot 9
[2022-12-14 16:53:33] [SEVERE ] placing card 37 in slot 10
[2022-12-14 16:53:34] [SEVERE ] placing card 26 in slot 11
[2022-12-14 16:53:35] [SEVERE ] Key 81 was pressed by player 0
[2022-12-14 16:53:35] [SEVERE ] player 0 placing token on slot 0
[2022-12-14 16:53:35] [SEVERE ] Key 87 was pressed by player 0
[2022-12-14 16:53:35] [SEVERE ] player 0 placing token on slot 1
[2022-12-14 16:53:35] [SEVERE ] Key 69 was pressed by player 0
[2022-12-14 16:53:35] [SEVERE ] player 0 placing token on slot 2
[2022-12-14 16:53:36] [SEVERE ] setting player 0 freeze to 3000
