[2022-12-16 14:01:53] [INFO   ] cannot read configuration file config.properties trying from resources.
[2022-12-16 14:01:53] [INFO   ] configuration file was loaded from resources directory.
[2022-12-16 14:01:54] [INFO   ] Thread dealer starting.
[2022-12-16 14:01:54] [INFO   ] Thread Thread-1starting.
[2022-12-16 14:01:54] [INFO   ] Thread Thread-0starting.
[2022-12-16 14:01:54] [SEVERE ] placing card 80 in slot 0
[2022-12-16 14:01:54] [SEVERE ] placing card 47 in slot 1
[2022-12-16 14:01:54] [SEVERE ] placing card 46 in slot 2
[2022-12-16 14:01:54] [SEVERE ] placing card 27 in slot 3
[2022-12-16 14:01:55] [SEVERE ] placing card 23 in slot 4
[2022-12-16 14:01:55] [SEVERE ] placing card 50 in slot 5
[2022-12-16 14:01:55] [SEVERE ] placing card 12 in slot 6
[2022-12-16 14:01:55] [SEVERE ] placing card 78 in slot 7
[2022-12-16 14:01:55] [SEVERE ] placing card 63 in slot 8
[2022-12-16 14:01:55] [SEVERE ] placing card 5 in slot 9
[2022-12-16 14:01:55] [SEVERE ] placing card 26 in slot 10
[2022-12-16 14:01:55] [SEVERE ] placing card 56 in slot 11
[2022-12-16 14:01:57] [SEVERE ] Key 81 was pressed by player 0
[2022-12-16 14:01:57] [SEVERE ] player 0 placing token on slot 0
[2022-12-16 14:01:57] [SEVERE ] Key 87 was pressed by player 0
[2022-12-16 14:01:57] [SEVERE ] player 0 placing token on slot 1
[2022-12-16 14:01:57] [SEVERE ] Key 69 was pressed by player 0
[2022-12-16 14:01:57] [SEVERE ] player 0 placing token on slot 2
[2022-12-16 14:01:57] [SEVERE ] setting player 0 freeze to 3000
[2022-12-16 14:01:58] [SEVERE ] setting player 0 freeze to 2000
[2022-12-16 14:01:59] [SEVERE ] setting player 0 freeze to 1000
[2022-12-16 14:02:00] [SEVERE ] Key 69 was pressed by player 0
[2022-12-16 14:02:00] [SEVERE ] setting player 0 freeze to 0
[2022-12-16 14:02:00] [SEVERE ] setting player 0 freeze to 0
[2022-12-16 14:02:00] [SEVERE ] removing player 0 token from slot 2
[2022-12-16 14:02:01] [SEVERE ] Key 69 was pressed by player 0
[2022-12-16 14:02:01] [SEVERE ] player 0 placing token on slot 2
[2022-12-16 14:02:01] [SEVERE ] setting player 0 freeze to 3000
[2022-12-16 14:02:01] [SEVERE ] Key 69 was pressed by player 0
[2022-12-16 14:02:01] [SEVERE ] Key 69 was pressed by player 0
[2022-12-16 14:02:01] [SEVERE ] setting player 0 freeze to -1000
[2022-12-16 14:02:02] [SEVERE ] Key 69 was pressed by player 0
[2022-12-16 14:02:02] [SEVERE ] Key 87 was pressed by player 0
[2022-12-16 14:02:02] [SEVERE ] setting player 0 freeze to -2000
[2022-12-16 14:02:02] [SEVERE ] Key 69 was pressed by player 0
[2022-12-16 14:02:03] [SEVERE ] Key 87 was pressed by player 0
[2022-12-16 14:02:03] [SEVERE ] setting player 0 freeze to -3000
[2022-12-16 14:02:04] [SEVERE ] setting player 0 freeze to 0
[2022-12-16 14:02:04] [SEVERE ] removing player 0 token from slot 2
[2022-12-16 14:02:04] [SEVERE ] player 0 placing token on slot 2
[2022-12-16 14:02:04] [SEVERE ] removing player 0 token from slot 2
[2022-12-16 14:02:04] [SEVERE ] setting player 0 freeze to 3000
[2022-12-16 14:02:04] [SEVERE ] setting player 0 freeze to -4000
[2022-12-16 14:02:05] [SEVERE ] Key 69 was pressed by player 0
[2022-12-16 14:02:05] [SEVERE ] setting player 0 freeze to -5000
[2022-12-16 14:02:06] [SEVERE ] Key 69 was pressed by player 0
[2022-12-16 14:02:06] [SEVERE ] Key 87 was pressed by player 0
[2022-12-16 14:02:06] [SEVERE ] setting player 0 freeze to -6000
[2022-12-16 14:02:07] [SEVERE ] setting player 0 freeze to 0
[2022-12-16 14:02:07] [SEVERE ] player 0 placing token on slot 2
[2022-12-16 14:02:07] [SEVERE ] removing player 0 token from slot 2
[2022-12-16 14:02:07] [SEVERE ] removing player 0 token from slot 1
[2022-12-16 14:02:07] [SEVERE ] setting player 0 freeze to 3000
[2022-12-16 14:02:07] [SEVERE ] setting player 0 freeze to -7000
[2022-12-16 14:02:08] [SEVERE ] setting player 0 freeze to -8000
[2022-12-16 14:02:09] [SEVERE ] Key 87 was pressed by player 0
[2022-12-16 14:02:09] [SEVERE ] setting player 0 freeze to -9000
[2022-12-16 14:02:10] [SEVERE ] setting player 0 freeze to 0
[2022-12-16 14:02:10] [SEVERE ] player 0 placing token on slot 1
[2022-12-16 14:02:11] [SEVERE ] Key 87 was pressed by player 0
[2022-12-16 14:02:11] [SEVERE ] removing player 0 token from slot 1
[2022-12-16 14:02:11] [SEVERE ] Key 87 was pressed by player 0
[2022-12-16 14:02:11] [SEVERE ] player 0 placing token on slot 1
[2022-12-16 14:02:12] [SEVERE ] Key 87 was pressed by player 0
[2022-12-16 14:02:12] [SEVERE ] removing player 0 token from slot 1
[2022-12-16 14:02:12] [SEVERE ] Key 87 was pressed by player 0
[2022-12-16 14:02:12] [SEVERE ] player 0 placing token on slot 1
[2022-12-16 14:02:12] [SEVERE ] Key 87 was pressed by player 0
[2022-12-16 14:02:12] [SEVERE ] removing player 0 token from slot 1
[2022-12-16 14:02:13] [SEVERE ] Key 87 was pressed by player 0
[2022-12-16 14:02:13] [SEVERE ] player 0 placing token on slot 1
[2022-12-16 14:02:13] [SEVERE ] Key 87 was pressed by player 0
[2022-12-16 14:02:13] [SEVERE ] removing player 0 token from slot 1
[2022-12-16 14:02:14] [SEVERE ] Key 87 was pressed by player 0
[2022-12-16 14:02:14] [SEVERE ] player 0 placing token on slot 1
[2022-12-16 14:02:14] [SEVERE ] Key 69 was pressed by player 0
[2022-12-16 14:02:14] [SEVERE ] player 0 placing token on slot 2
[2022-12-16 14:02:14] [SEVERE ] setting player 0 freeze to 3000
[2022-12-16 14:02:14] [SEVERE ] setting player 0 freeze to 2000
[2022-12-16 14:02:15] [SEVERE ] setting player 0 freeze to 1000
[2022-12-16 14:02:16] [SEVERE ] setting player 0 freeze to 0
[2022-12-16 14:02:17] [SEVERE ] Key 69 was pressed by player 0
[2022-12-16 14:02:17] [SEVERE ] Key 69 was pressed by player 0
[2022-12-16 14:02:17] [SEVERE ] setting player 0 freeze to 0
[2022-12-16 14:02:17] [SEVERE ] removing player 0 token from slot 2
[2022-12-16 14:02:17] [SEVERE ] player 0 placing token on slot 2
[2022-12-16 14:02:17] [SEVERE ] setting player 0 freeze to 3000
[2022-12-16 14:02:17] [SEVERE ] setting player 0 freeze to -1000
[2022-12-16 14:02:18] [SEVERE ] setting player 0 freeze to -2000
[2022-12-16 14:02:19] [SEVERE ] setting player 0 freeze to -3000
[2022-12-16 14:02:20] [SEVERE ] Key 69 was pressed by player 0
[2022-12-16 14:02:20] [SEVERE ] setting player 0 freeze to 0
[2022-12-16 14:02:20] [SEVERE ] removing player 0 token from slot 2
[2022-12-16 14:02:24] [SEVERE ] Key 69 was pressed by player 0
[2022-12-16 14:02:24] [SEVERE ] player 0 placing token on slot 2
[2022-12-16 14:02:24] [SEVERE ] setting player 0 freeze to 3000
[2022-12-16 14:02:24] [SEVERE ] Key 69 was pressed by player 0
[2022-12-16 14:02:24] [SEVERE ] setting player 0 freeze to 2000
[2022-12-16 14:02:25] [SEVERE ] setting player 0 freeze to 1000
[2022-12-16 14:02:26] [SEVERE ] setting player 0 freeze to 0
[2022-12-16 14:02:27] [SEVERE ] Key 69 was pressed by player 0
[2022-12-16 14:02:27] [SEVERE ] setting player 0 freeze to 0
[2022-12-16 14:02:27] [SEVERE ] removing player 0 token from slot 2
[2022-12-16 14:02:27] [SEVERE ] player 0 placing token on slot 2
[2022-12-16 14:02:27] [SEVERE ] setting player 0 freeze to 3000
[2022-12-16 14:02:27] [SEVERE ] Key 69 was pressed by player 0
[2022-12-16 14:02:27] [SEVERE ] setting player 0 freeze to -1000
[2022-12-16 14:02:29] [SEVERE ] setting player 0 freeze to -2000
[2022-12-16 14:02:29] [SEVERE ] Key 69 was pressed by player 0
[2022-12-16 14:02:30] [SEVERE ] setting player 0 freeze to -3000
[2022-12-16 14:02:30] [SEVERE ] setting player 0 freeze to 0
[2022-12-16 14:02:30] [SEVERE ] removing player 0 token from slot 2
[2022-12-16 14:02:30] [SEVERE ] player 0 placing token on slot 2
[2022-12-16 14:02:30] [SEVERE ] setting player 0 freeze to 3000
[2022-12-16 14:02:30] [SEVERE ] Key 69 was pressed by player 0
[2022-12-16 14:02:31] [SEVERE ] setting player 0 freeze to -4000
[2022-12-16 14:02:32] [SEVERE ] setting player 0 freeze to -5000
[2022-12-16 14:02:33] [SEVERE ] setting player 0 freeze to -6000
[2022-12-16 14:02:33] [SEVERE ] setting player 0 freeze to 0
[2022-12-16 14:02:33] [SEVERE ] removing player 0 token from slot 2
