[2022-12-14 13:04:08] [INFO   ] cannot read configuration file config.properties trying from resources.
[2022-12-14 13:04:08] [INFO   ] configuration file was loaded from resources directory.
[2022-12-14 13:04:09] [INFO   ] Thread dealer starting.
[2022-12-14 13:04:09] [SEVERE ] placing card 7 in slot 0
[2022-12-14 13:04:09] [SEVERE ] placing card 71 in slot 1
[2022-12-14 13:04:09] [SEVERE ] placing card 49 in slot 2
[2022-12-14 13:04:09] [SEVERE ] placing card 27 in slot 3
[2022-12-14 13:04:09] [SEVERE ] placing card 61 in slot 4
[2022-12-14 13:04:09] [SEVERE ] placing card 69 in slot 5
[2022-12-14 13:04:10] [SEVERE ] placing card 74 in slot 6
[2022-12-14 13:04:10] [SEVERE ] placing card 80 in slot 7
[2022-12-14 13:04:10] [SEVERE ] placing card 68 in slot 8
[2022-12-14 13:04:10] [SEVERE ] placing card 2 in slot 9
[2022-12-14 13:04:10] [SEVERE ] placing card 38 in slot 10
[2022-12-14 13:04:10] [SEVERE ] placing card 18 in slot 11
[2022-12-14 13:04:11] [SEVERE ] Key 81 was pressed by player 0
[2022-12-14 13:04:11] [SEVERE ] player 0 placing token on slot 0
[2022-12-14 13:04:11] [SEVERE ] Key 87 was pressed by player 0
[2022-12-14 13:04:11] [SEVERE ] player 0 placing token on slot 1
[2022-12-14 13:04:12] [SEVERE ] Key 69 was pressed by player 0
[2022-12-14 13:04:12] [SEVERE ] player 0 placing token on slot 2
[2022-12-14 13:04:12] [SEVERE ] removing player 0 token from slot 0
[2022-12-14 13:04:12] [SEVERE ] removing player 0 token from slot 1
[2022-12-14 13:04:12] [SEVERE ] removing player 0 token from slot 2
[2022-12-14 13:04:12] [SEVERE ] setting player 0 score to 1
[2022-12-14 13:04:12] [SEVERE ] removing card from slot 0
[2022-12-14 13:04:12] [SEVERE ] removing card from slot 1
[2022-12-14 13:04:12] [SEVERE ] removing card from slot 2
[2022-12-14 13:04:12] [SEVERE ] placing card 4 in slot 0
[2022-12-14 13:04:13] [SEVERE ] placing card 26 in slot 1
[2022-12-14 13:04:13] [SEVERE ] placing card 34 in slot 2
[2022-12-14 13:04:16] [SEVERE ] Key 81 was pressed by player 0
[2022-12-14 13:04:16] [SEVERE ] player 0 placing token on slot 0
[2022-12-14 13:04:16] [SEVERE ] Key 87 was pressed by player 0
[2022-12-14 13:04:16] [SEVERE ] player 0 placing token on slot 1
[2022-12-14 13:04:19] [SEVERE ] Key 69 was pressed by player 0
[2022-12-14 13:04:19] [SEVERE ] player 0 placing token on slot 2
[2022-12-14 13:04:19] [SEVERE ] removing player 0 token from slot 0
[2022-12-14 13:04:19] [SEVERE ] removing player 0 token from slot 1
[2022-12-14 13:04:19] [SEVERE ] removing player 0 token from slot 2
[2022-12-14 13:04:19] [SEVERE ] setting player 0 score to 2
[2022-12-14 13:04:19] [SEVERE ] removing card from slot 0
[2022-12-14 13:04:19] [SEVERE ] removing card from slot 1
[2022-12-14 13:04:19] [SEVERE ] removing card from slot 2
[2022-12-14 13:04:19] [SEVERE ] placing card 36 in slot 0
[2022-12-14 13:04:19] [SEVERE ] placing card 23 in slot 1
[2022-12-14 13:04:19] [SEVERE ] placing card 47 in slot 2
[2022-12-14 13:04:27] [SEVERE ] Key 65 was pressed by player 0
[2022-12-14 13:04:27] [SEVERE ] player 0 placing token on slot 4
[2022-12-14 13:04:27] [SEVERE ] Key 83 was pressed by player 0
[2022-12-14 13:04:27] [SEVERE ] player 0 placing token on slot 5
[2022-12-14 13:04:27] [SEVERE ] Key 68 was pressed by player 0
[2022-12-14 13:04:27] [SEVERE ] player 0 placing token on slot 6
[2022-12-14 13:04:28] [SEVERE ] Key 90 was pressed by player 0
[2022-12-14 13:04:29] [SEVERE ] Key 88 was pressed by player 0
