[2022-12-16 13:53:28] [INFO   ] cannot read configuration file config.properties trying from resources.
[2022-12-16 13:53:28] [INFO   ] configuration file was loaded from resources directory.
[2022-12-16 13:53:29] [INFO   ] Thread dealer starting.
[2022-12-16 13:53:29] [INFO   ] Thread Thread-0starting.
[2022-12-16 13:53:29] [INFO   ] Thread Thread-1starting.
[2022-12-16 13:53:29] [SEVERE ] placing card 3 in slot 0
[2022-12-16 13:53:29] [SEVERE ] placing card 50 in slot 1
[2022-12-16 13:53:29] [SEVERE ] placing card 49 in slot 2
[2022-12-16 13:53:29] [SEVERE ] placing card 15 in slot 3
[2022-12-16 13:53:29] [SEVERE ] placing card 36 in slot 4
[2022-12-16 13:53:30] [SEVERE ] placing card 10 in slot 5
[2022-12-16 13:53:30] [SEVERE ] placing card 54 in slot 6
[2022-12-16 13:53:30] [SEVERE ] placing card 58 in slot 7
[2022-12-16 13:53:30] [SEVERE ] placing card 46 in slot 8
[2022-12-16 13:53:30] [SEVERE ] placing card 69 in slot 9
[2022-12-16 13:53:30] [SEVERE ] placing card 41 in slot 10
[2022-12-16 13:53:30] [SEVERE ] placing card 20 in slot 11
[2022-12-16 13:53:32] [SEVERE ] Key 81 was pressed by player 0
[2022-12-16 13:53:32] [SEVERE ] player 0 placing token on slot 0
[2022-12-16 13:53:32] [SEVERE ] Key 87 was pressed by player 0
[2022-12-16 13:53:32] [SEVERE ] player 0 placing token on slot 1
[2022-12-16 13:53:33] [SEVERE ] Key 69 was pressed by player 0
[2022-12-16 13:53:33] [SEVERE ] player 0 placing token on slot 2
[2022-12-16 13:53:33] [SEVERE ] setting player 0 freeze to 3000
[2022-12-16 13:53:33] [SEVERE ] setting player 0 freeze to 2000
[2022-12-16 13:53:34] [SEVERE ] setting player 0 freeze to 1000
[2022-12-16 13:53:35] [SEVERE ] setting player 0 freeze to 0
[2022-12-16 13:53:36] [SEVERE ] setting player 0 freeze to 0
[2022-12-16 13:53:37] [SEVERE ] Key 81 was pressed by player 0
[2022-12-16 13:53:37] [SEVERE ] removing player 0 token from slot 0
[2022-12-16 13:53:37] [SEVERE ] Key 87 was pressed by player 0
[2022-12-16 13:53:37] [SEVERE ] removing player 0 token from slot 1
[2022-12-16 13:53:37] [SEVERE ] Key 69 was pressed by player 0
[2022-12-16 13:53:37] [SEVERE ] removing player 0 token from slot 2
[2022-12-16 13:53:39] [SEVERE ] Key 81 was pressed by player 0
[2022-12-16 13:53:39] [SEVERE ] player 0 placing token on slot 0
[2022-12-16 13:53:39] [SEVERE ] Key 69 was pressed by player 0
[2022-12-16 13:53:39] [SEVERE ] player 0 placing token on slot 2
[2022-12-16 13:53:39] [SEVERE ] Key 87 was pressed by player 0
[2022-12-16 13:53:39] [SEVERE ] player 0 placing token on slot 1
[2022-12-16 13:53:39] [SEVERE ] setting player 0 freeze to 3000
[2022-12-16 13:53:39] [SEVERE ] setting player 0 freeze to 2000
[2022-12-16 13:53:39] [SEVERE ] Key 81 was pressed by player 0
[2022-12-16 13:53:39] [SEVERE ] Key 69 was pressed by player 0
[2022-12-16 13:53:39] [SEVERE ] Key 87 was pressed by player 0
[2022-12-16 13:53:39] [SEVERE ] Key 81 was pressed by player 0
[2022-12-16 13:53:40] [SEVERE ] Key 87 was pressed by player 0
[2022-12-16 13:53:40] [SEVERE ] Key 69 was pressed by player 0
[2022-12-16 13:53:40] [SEVERE ] Key 81 was pressed by player 0
[2022-12-16 13:53:40] [SEVERE ] Key 69 was pressed by player 0
[2022-12-16 13:53:40] [SEVERE ] Key 87 was pressed by player 0
[2022-12-16 13:53:40] [SEVERE ] setting player 0 freeze to 1000
[2022-12-16 13:53:41] [SEVERE ] setting player 0 freeze to 0
[2022-12-16 13:53:42] [SEVERE ] setting player 0 freeze to 0
[2022-12-16 13:53:42] [SEVERE ] removing player 0 token from slot 0
[2022-12-16 13:53:42] [SEVERE ] removing player 0 token from slot 2
[2022-12-16 13:53:42] [SEVERE ] removing player 0 token from slot 1
[2022-12-16 13:53:44] [SEVERE ] Key 81 was pressed by player 0
[2022-12-16 13:53:44] [SEVERE ] player 0 placing token on slot 0
[2022-12-16 13:53:44] [SEVERE ] Key 87 was pressed by player 0
[2022-12-16 13:53:44] [SEVERE ] player 0 placing token on slot 1
[2022-12-16 13:53:44] [SEVERE ] Key 69 was pressed by player 0
[2022-12-16 13:53:44] [SEVERE ] player 0 placing token on slot 2
[2022-12-16 13:53:44] [SEVERE ] setting player 0 freeze to 3000
[2022-12-16 13:53:44] [SEVERE ] setting player 0 freeze to 2000
[2022-12-16 13:53:45] [SEVERE ] setting player 0 freeze to 1000
[2022-12-16 13:53:46] [SEVERE ] setting player 0 freeze to 0
[2022-12-16 13:53:47] [SEVERE ] Key 69 was pressed by player 0
[2022-12-16 13:53:47] [SEVERE ] setting player 0 freeze to 0
[2022-12-16 13:53:47] [SEVERE ] removing player 0 token from slot 2
[2022-12-16 13:53:47] [SEVERE ] Key 87 was pressed by player 0
[2022-12-16 13:53:47] [SEVERE ] removing player 0 token from slot 1
[2022-12-16 13:53:48] [SEVERE ] Key 81 was pressed by player 0
[2022-12-16 13:53:48] [SEVERE ] removing player 0 token from slot 0
[2022-12-16 13:53:48] [SEVERE ] Key 81 was pressed by player 0
[2022-12-16 13:53:48] [SEVERE ] player 0 placing token on slot 0
[2022-12-16 13:53:48] [SEVERE ] Key 87 was pressed by player 0
[2022-12-16 13:53:48] [SEVERE ] player 0 placing token on slot 1
[2022-12-16 13:53:48] [SEVERE ] Key 69 was pressed by player 0
[2022-12-16 13:53:48] [SEVERE ] player 0 placing token on slot 2
[2022-12-16 13:53:48] [SEVERE ] setting player 0 freeze to 3000
[2022-12-16 13:53:49] [SEVERE ] setting player 0 freeze to 2000
[2022-12-16 13:53:50] [SEVERE ] setting player 0 freeze to 1000
[2022-12-16 13:53:51] [SEVERE ] setting player 0 freeze to 0
[2022-12-16 13:53:51] [SEVERE ] setting player 0 freeze to 0
[2022-12-16 13:53:52] [SEVERE ] Key 69 was pressed by player 0
[2022-12-16 13:53:52] [SEVERE ] removing player 0 token from slot 2
[2022-12-16 13:53:52] [SEVERE ] Key 69 was pressed by player 0
[2022-12-16 13:53:52] [SEVERE ] player 0 placing token on slot 2
[2022-12-16 13:53:52] [SEVERE ] setting player 0 freeze to 3000
[2022-12-16 13:53:52] [SEVERE ] setting player 0 freeze to -1000
[2022-12-16 13:53:53] [SEVERE ] setting player 0 freeze to -2000
[2022-12-16 13:53:54] [SEVERE ] Key 69 was pressed by player 0
[2022-12-16 13:53:54] [SEVERE ] setting player 0 freeze to -3000
[2022-12-16 13:53:54] [SEVERE ] Key 69 was pressed by player 0
[2022-12-16 13:53:55] [SEVERE ] Key 81 was pressed by player 0
[2022-12-16 13:53:55] [SEVERE ] Key 87 was pressed by player 0
[2022-12-16 13:53:55] [SEVERE ] Key 69 was pressed by player 0
[2022-12-16 13:53:55] [SEVERE ] setting player 0 freeze to 0
[2022-12-16 13:53:55] [SEVERE ] removing player 0 token from slot 2
[2022-12-16 13:53:55] [SEVERE ] player 0 placing token on slot 2
[2022-12-16 13:53:55] [SEVERE ] removing player 0 token from slot 0
[2022-12-16 13:53:55] [SEVERE ] setting player 0 freeze to 3000
[2022-12-16 13:53:55] [SEVERE ] setting player 0 freeze to -4000
[2022-12-16 13:53:56] [SEVERE ] Key 69 was pressed by player 0
[2022-12-16 13:53:56] [SEVERE ] setting player 0 freeze to -5000
[2022-12-16 13:53:56] [SEVERE ] Key 87 was pressed by player 0
[2022-12-16 13:53:56] [SEVERE ] Key 69 was pressed by player 0
[2022-12-16 13:53:57] [SEVERE ] setting player 0 freeze to -6000
[2022-12-16 13:53:58] [SEVERE ] setting player 0 freeze to 0
[2022-12-16 13:53:58] [SEVERE ] removing player 0 token from slot 2
[2022-12-16 13:53:58] [SEVERE ] removing player 0 token from slot 1
[2022-12-16 13:53:58] [SEVERE ] player 0 placing token on slot 2
