[2022-12-14 15:04:37] [INFO   ] cannot read configuration file config.properties trying from resources.
[2022-12-14 15:04:37] [INFO   ] configuration file was loaded from resources directory.
[2022-12-14 15:04:38] [INFO   ] Thread dealer starting.
[2022-12-14 15:04:38] [SEVERE ] placing card 43 in slot 0
[2022-12-14 15:04:38] [SEVERE ] placing card 4 in slot 1
[2022-12-14 15:04:38] [SEVERE ] placing card 38 in slot 2
[2022-12-14 15:04:38] [SEVERE ] placing card 65 in slot 3
[2022-12-14 15:04:39] [SEVERE ] placing card 0 in slot 4
[2022-12-14 15:04:39] [SEVERE ] placing card 7 in slot 5
[2022-12-14 15:04:39] [SEVERE ] placing card 47 in slot 6
[2022-12-14 15:04:39] [SEVERE ] placing card 57 in slot 7
[2022-12-14 15:04:39] [SEVERE ] placing card 11 in slot 8
[2022-12-14 15:04:39] [SEVERE ] placing card 26 in slot 9
[2022-12-14 15:04:39] [SEVERE ] placing card 10 in slot 10
[2022-12-14 15:04:39] [SEVERE ] placing card 59 in slot 11
[2022-12-14 15:04:45] [SEVERE ] Key 81 was pressed by player 0
[2022-12-14 15:04:45] [SEVERE ] player 0 placing token on slot 0
[2022-12-14 15:04:46] [SEVERE ] Key 87 was pressed by player 0
[2022-12-14 15:04:46] [SEVERE ] player 0 placing token on slot 1
[2022-12-14 15:04:47] [SEVERE ] Key 69 was pressed by player 0
[2022-12-14 15:04:47] [SEVERE ] player 0 placing token on slot 2
[2022-12-14 15:04:47] [SEVERE ] removing player 0 token from slot 0
[2022-12-14 15:04:47] [SEVERE ] removing player 0 token from slot 1
[2022-12-14 15:04:47] [SEVERE ] removing player 0 token from slot 2
[2022-12-14 15:04:47] [SEVERE ] setting player 0 score to 1
[2022-12-14 15:04:47] [SEVERE ] removing card from slot 0
[2022-12-14 15:04:48] [SEVERE ] removing card from slot 1
[2022-12-14 15:04:48] [SEVERE ] removing card from slot 2
[2022-12-14 15:04:48] [SEVERE ] placing card 44 in slot 0
[2022-12-14 15:04:48] [SEVERE ] placing card 45 in slot 1
[2022-12-14 15:04:48] [SEVERE ] placing card 23 in slot 2
[2022-12-14 15:04:49] [SEVERE ] Key 81 was pressed by player 0
[2022-12-14 15:04:49] [SEVERE ] player 0 placing token on slot 0
[2022-12-14 15:04:49] [SEVERE ] Key 87 was pressed by player 0
[2022-12-14 15:04:49] [SEVERE ] player 0 placing token on slot 1
[2022-12-14 15:04:50] [SEVERE ] Key 69 was pressed by player 0
[2022-12-14 15:04:50] [SEVERE ] player 0 placing token on slot 2
[2022-12-14 15:04:50] [SEVERE ] removing player 0 token from slot 0
[2022-12-14 15:04:50] [SEVERE ] removing player 0 token from slot 1
[2022-12-14 15:04:50] [SEVERE ] removing player 0 token from slot 2
[2022-12-14 15:04:50] [SEVERE ] setting player 0 score to 2
[2022-12-14 15:04:50] [SEVERE ] removing card from slot 0
[2022-12-14 15:04:50] [SEVERE ] removing card from slot 1
[2022-12-14 15:04:50] [SEVERE ] removing card from slot 2
[2022-12-14 15:04:50] [SEVERE ] placing card 6 in slot 0
[2022-12-14 15:04:51] [SEVERE ] placing card 30 in slot 1
[2022-12-14 15:04:51] [SEVERE ] placing card 75 in slot 2
