[2022-12-16 13:54:05] [INFO   ] cannot read configuration file config.properties trying from resources.
[2022-12-16 13:54:05] [INFO   ] configuration file was loaded from resources directory.
[2022-12-16 13:54:05] [INFO   ] Thread dealer starting.
[2022-12-16 13:54:05] [INFO   ] Thread Thread-0starting.
[2022-12-16 13:54:05] [INFO   ] Thread Thread-1starting.
[2022-12-16 13:54:06] [SEVERE ] placing card 42 in slot 0
[2022-12-16 13:54:06] [SEVERE ] placing card 40 in slot 1
[2022-12-16 13:54:06] [SEVERE ] placing card 33 in slot 2
[2022-12-16 13:54:06] [SEVERE ] placing card 63 in slot 3
[2022-12-16 13:54:06] [SEVERE ] placing card 48 in slot 4
[2022-12-16 13:54:06] [SEVERE ] placing card 80 in slot 5
[2022-12-16 13:54:06] [SEVERE ] placing card 6 in slot 6
[2022-12-16 13:54:06] [SEVERE ] placing card 2 in slot 7
[2022-12-16 13:54:06] [SEVERE ] placing card 70 in slot 8
[2022-12-16 13:54:07] [SEVERE ] placing card 54 in slot 9
[2022-12-16 13:54:07] [SEVERE ] placing card 69 in slot 10
[2022-12-16 13:54:07] [SEVERE ] placing card 44 in slot 11
[2022-12-16 13:54:08] [SEVERE ] Key 81 was pressed by player 0
[2022-12-16 13:54:08] [SEVERE ] player 0 placing token on slot 0
[2022-12-16 13:54:09] [SEVERE ] Key 87 was pressed by player 0
[2022-12-16 13:54:09] [SEVERE ] player 0 placing token on slot 1
[2022-12-16 13:54:09] [SEVERE ] Key 69 was pressed by player 0
[2022-12-16 13:54:09] [SEVERE ] player 0 placing token on slot 2
[2022-12-16 13:54:09] [SEVERE ] setting player 0 freeze to 3000
[2022-12-16 13:54:10] [SEVERE ] setting player 0 freeze to 2000
[2022-12-16 13:54:11] [SEVERE ] setting player 0 freeze to 1000
[2022-12-16 13:54:12] [SEVERE ] setting player 0 freeze to 0
[2022-12-16 13:54:12] [SEVERE ] setting player 0 freeze to 0
[2022-12-16 13:54:12] [SEVERE ] Key 69 was pressed by player 0
[2022-12-16 13:54:12] [SEVERE ] removing player 0 token from slot 2
[2022-12-16 13:54:14] [SEVERE ] Key 69 was pressed by player 0
[2022-12-16 13:54:14] [SEVERE ] player 0 placing token on slot 2
[2022-12-16 13:54:14] [SEVERE ] setting player 0 freeze to 3000
[2022-12-16 13:54:15] [SEVERE ] setting player 0 freeze to 2000
[2022-12-16 13:54:16] [SEVERE ] setting player 0 freeze to 1000
[2022-12-16 13:54:17] [SEVERE ] setting player 0 freeze to 0
[2022-12-16 13:54:17] [SEVERE ] Key 69 was pressed by player 0
[2022-12-16 13:54:17] [SEVERE ] setting player 0 freeze to 0
[2022-12-16 13:54:17] [SEVERE ] removing player 0 token from slot 2
[2022-12-16 13:54:18] [SEVERE ] Key 69 was pressed by player 0
[2022-12-16 13:54:18] [SEVERE ] player 0 placing token on slot 2
[2022-12-16 13:54:18] [SEVERE ] setting player 0 freeze to 3000
[2022-12-16 13:54:18] [SEVERE ] setting player 0 freeze to -1000
[2022-12-16 13:54:19] [SEVERE ] setting player 0 freeze to -2000
[2022-12-16 13:54:20] [SEVERE ] setting player 0 freeze to -3000
[2022-12-16 13:54:21] [SEVERE ] setting player 0 freeze to 0
[2022-12-16 13:54:21] [SEVERE ] Key 69 was pressed by player 0
[2022-12-16 13:54:21] [SEVERE ] removing player 0 token from slot 2
[2022-12-16 13:54:21] [SEVERE ] Key 69 was pressed by player 0
[2022-12-16 13:54:21] [SEVERE ] player 0 placing token on slot 2
[2022-12-16 13:54:21] [SEVERE ] setting player 0 freeze to 3000
[2022-12-16 13:54:22] [SEVERE ] setting player 0 freeze to 2000
[2022-12-16 13:54:23] [SEVERE ] setting player 0 freeze to 1000
[2022-12-16 13:54:24] [SEVERE ] setting player 0 freeze to 0
[2022-12-16 13:54:24] [SEVERE ] setting player 0 freeze to 0
[2022-12-16 13:54:25] [SEVERE ] Key 69 was pressed by player 0
[2022-12-16 13:54:25] [SEVERE ] removing player 0 token from slot 2
[2022-12-16 13:54:25] [SEVERE ] Key 69 was pressed by player 0
[2022-12-16 13:54:25] [SEVERE ] player 0 placing token on slot 2
[2022-12-16 13:54:25] [SEVERE ] setting player 0 freeze to 3000
[2022-12-16 13:54:25] [SEVERE ] setting player 0 freeze to -1000
[2022-12-16 13:54:26] [SEVERE ] setting player 0 freeze to -2000
[2022-12-16 13:54:27] [SEVERE ] setting player 0 freeze to -3000
[2022-12-16 13:54:27] [SEVERE ] Key 69 was pressed by player 0
[2022-12-16 13:54:27] [SEVERE ] Key 69 was pressed by player 0
[2022-12-16 13:54:28] [SEVERE ] setting player 0 freeze to 0
[2022-12-16 13:54:28] [SEVERE ] removing player 0 token from slot 2
[2022-12-16 13:54:28] [SEVERE ] player 0 placing token on slot 2
[2022-12-16 13:54:28] [SEVERE ] setting player 0 freeze to 3000
[2022-12-16 13:54:28] [SEVERE ] setting player 0 freeze to -4000
[2022-12-16 13:54:29] [SEVERE ] Key 69 was pressed by player 0
[2022-12-16 13:54:29] [SEVERE ] setting player 0 freeze to -5000
[2022-12-16 13:54:29] [SEVERE ] Key 69 was pressed by player 0
[2022-12-16 13:54:30] [SEVERE ] Key 69 was pressed by player 0
[2022-12-16 13:54:30] [SEVERE ] setting player 0 freeze to -6000
[2022-12-16 13:54:31] [SEVERE ] setting player 0 freeze to 0
[2022-12-16 13:54:31] [SEVERE ] removing player 0 token from slot 2
[2022-12-16 13:54:31] [SEVERE ] player 0 placing token on slot 2
[2022-12-16 13:54:31] [SEVERE ] removing player 0 token from slot 2
[2022-12-16 13:54:31] [SEVERE ] setting player 0 freeze to 3000
[2022-12-16 13:54:31] [SEVERE ] setting player 0 freeze to -7000
[2022-12-16 13:54:32] [SEVERE ] Key 69 was pressed by player 0
[2022-12-16 13:54:32] [SEVERE ] setting player 0 freeze to -8000
[2022-12-16 13:54:33] [SEVERE ] Key 69 was pressed by player 0
[2022-12-16 13:54:33] [SEVERE ] setting player 0 freeze to -9000
[2022-12-16 13:54:34] [SEVERE ] setting player 0 freeze to 0
[2022-12-16 13:54:34] [SEVERE ] player 0 placing token on slot 2
[2022-12-16 13:54:34] [SEVERE ] removing player 0 token from slot 2
[2022-12-16 13:54:34] [SEVERE ] setting player 0 freeze to 3000
[2022-12-16 13:54:34] [SEVERE ] setting player 0 freeze to -10000
[2022-12-16 13:54:34] [SEVERE ] Key 87 was pressed by player 0
[2022-12-16 13:54:35] [SEVERE ] setting player 0 freeze to -11000
[2022-12-16 13:54:35] [SEVERE ] Key 81 was pressed by player 0
[2022-12-16 13:54:36] [SEVERE ] Key 69 was pressed by player 0
[2022-12-16 13:54:36] [SEVERE ] Key 87 was pressed by player 0
[2022-12-16 13:54:36] [SEVERE ] Key 81 was pressed by player 0
[2022-12-16 13:54:36] [SEVERE ] setting player 0 freeze to -12000
[2022-12-16 13:54:36] [SEVERE ] Key 69 was pressed by player 0
[2022-12-16 13:54:36] [SEVERE ] Key 81 was pressed by player 0
[2022-12-16 13:54:36] [SEVERE ] Key 87 was pressed by player 0
[2022-12-16 13:54:36] [SEVERE ] Key 69 was pressed by player 0
[2022-12-16 13:54:37] [SEVERE ] Key 87 was pressed by player 0
[2022-12-16 13:54:37] [SEVERE ] Key 81 was pressed by player 0
[2022-12-16 13:54:37] [SEVERE ] setting player 0 freeze to 0
[2022-12-16 13:54:37] [SEVERE ] removing player 0 token from slot 1
[2022-12-16 13:54:37] [SEVERE ] removing player 0 token from slot 0
[2022-12-16 13:54:37] [SEVERE ] player 0 placing token on slot 2
[2022-12-16 13:54:37] [SEVERE ] Key 69 was pressed by player 0
[2022-12-16 13:54:37] [SEVERE ] removing player 0 token from slot 2
[2022-12-16 13:54:37] [SEVERE ] Key 87 was pressed by player 0
[2022-12-16 13:54:37] [SEVERE ] player 0 placing token on slot 1
[2022-12-16 13:54:37] [SEVERE ] Key 81 was pressed by player 0
[2022-12-16 13:54:37] [SEVERE ] player 0 placing token on slot 0
[2022-12-16 13:54:37] [SEVERE ] Key 69 was pressed by player 0
[2022-12-16 13:54:37] [SEVERE ] player 0 placing token on slot 2
[2022-12-16 13:54:37] [SEVERE ] setting player 0 freeze to 3000
[2022-12-16 13:54:37] [SEVERE ] Key 81 was pressed by player 0
[2022-12-16 13:54:38] [SEVERE ] Key 69 was pressed by player 0
[2022-12-16 13:54:38] [SEVERE ] setting player 0 freeze to 2000
