[2022-12-16 16:08:57] [INFO   ] cannot read configuration file config.properties trying from resources.
[2022-12-16 16:08:57] [INFO   ] configuration file was loaded from resources directory.
[2022-12-16 16:08:58] [INFO   ] Thread dealer starting.
[2022-12-16 16:08:58] [INFO   ] Thread Thread-0starting.
[2022-12-16 16:08:58] [INFO   ] Thread Thread-3starting.
[2022-12-16 16:08:58] [INFO   ] Thread Thread-2starting.
[2022-12-16 16:08:58] [INFO   ] Thread Thread-1starting.
[2022-12-16 16:08:58] [INFO   ] Thread computer-3 starting.
[2022-12-16 16:08:58] [SEVERE ] player 3 placing token on slot 9
[2022-12-16 16:08:58] [INFO   ] Thread computer-2 starting.
[2022-12-16 16:08:58] [SEVERE ] player 2 placing token on slot 0
[2022-12-16 16:08:58] [SEVERE ] placing card 73 in slot 0
[2022-12-16 16:08:58] [SEVERE ] placing card 46 in slot 1
[2022-12-16 16:08:58] [SEVERE ] placing card 69 in slot 2
[2022-12-16 16:08:58] [SEVERE ] placing card 71 in slot 3
[2022-12-16 16:08:59] [SEVERE ] placing card 0 in slot 4
[2022-12-16 16:08:59] [SEVERE ] placing card 80 in slot 5
[2022-12-16 16:08:59] [SEVERE ] placing card 24 in slot 6
[2022-12-16 16:08:59] [SEVERE ] player 3 placing token on slot 2
[2022-12-16 16:08:59] [SEVERE ] player 2 placing token on slot 5
[2022-12-16 16:08:59] [SEVERE ] placing card 60 in slot 7
[2022-12-16 16:08:59] [SEVERE ] placing card 76 in slot 8
[2022-12-16 16:08:59] [SEVERE ] placing card 21 in slot 9
[2022-12-16 16:08:59] [SEVERE ] placing card 10 in slot 10
[2022-12-16 16:08:59] [SEVERE ] placing card 5 in slot 11
[2022-12-16 16:09:00] [SEVERE ] player 2 placing token on slot 10
[2022-12-16 16:09:00] [SEVERE ] player 3 placing token on slot 8
[2022-12-16 16:09:00] [SEVERE ] setting player 3 freeze to 3000
[2022-12-16 16:09:00] [SEVERE ] setting player 2 freeze to 3000
[2022-12-16 16:09:00] [SEVERE ] setting player 2 freeze to 2000
[2022-12-16 16:09:00] [SEVERE ] setting player 3 freeze to 2000
[2022-12-16 16:09:01] [SEVERE ] Exit button pressed
[2022-12-16 16:09:01] [SEVERE ] setting player 2 freeze to 1000
[2022-12-16 16:09:01] [SEVERE ] setting player 3 freeze to 1000
[2022-12-16 16:09:01] [SEVERE ] removing tokens from slot 0
[2022-12-16 16:09:01] [SEVERE ] removing card from slot 0
[2022-12-16 16:09:02] [SEVERE ] removing tokens from slot 1
[2022-12-16 16:09:02] [SEVERE ] removing card from slot 1
[2022-12-16 16:09:02] [SEVERE ] removing tokens from slot 2
[2022-12-16 16:09:02] [SEVERE ] removing card from slot 2
[2022-12-16 16:09:02] [SEVERE ] removing tokens from slot 3
[2022-12-16 16:09:02] [SEVERE ] removing card from slot 3
[2022-12-16 16:09:02] [SEVERE ] removing tokens from slot 4
[2022-12-16 16:09:02] [SEVERE ] removing card from slot 4
[2022-12-16 16:09:02] [SEVERE ] removing tokens from slot 5
[2022-12-16 16:09:02] [SEVERE ] removing card from slot 5
[2022-12-16 16:09:02] [SEVERE ] removing tokens from slot 6
[2022-12-16 16:09:02] [SEVERE ] removing card from slot 6
[2022-12-16 16:09:02] [SEVERE ] removing tokens from slot 7
[2022-12-16 16:09:02] [SEVERE ] removing card from slot 7
[2022-12-16 16:09:02] [SEVERE ] removing tokens from slot 8
[2022-12-16 16:09:02] [SEVERE ] removing card from slot 8
[2022-12-16 16:09:02] [SEVERE ] removing tokens from slot 9
[2022-12-16 16:09:02] [SEVERE ] removing card from slot 9
[2022-12-16 16:09:03] [SEVERE ] removing tokens from slot 10
[2022-12-16 16:09:03] [SEVERE ] removing card from slot 10
[2022-12-16 16:09:03] [SEVERE ] removing tokens from slot 11
[2022-12-16 16:09:03] [SEVERE ] removing card from slot 11
[2022-12-16 16:09:03] [INFO   ] Thread Thread-0 terminated.
[2022-12-16 16:09:03] [INFO   ] Thread Thread-1 terminated.
[2022-12-16 16:09:03] [SEVERE ] announcing winners: [0, 1, 2, 3]
[2022-12-16 16:09:03] [INFO   ] Thread dealer terminated.
[2022-12-16 16:09:03] [INFO   ] Thread main terminated.
