[2022-12-16 14:45:28] [INFO   ] cannot read configuration file config.properties trying from resources.
[2022-12-16 14:45:28] [INFO   ] configuration file was loaded from resources directory.
[2022-12-16 14:45:29] [INFO   ] Thread dealer starting.
[2022-12-16 14:45:29] [INFO   ] Thread Thread-2starting.
[2022-12-16 14:45:29] [INFO   ] Thread Thread-0starting.
[2022-12-16 14:45:29] [INFO   ] Thread Thread-1starting.
[2022-12-16 14:45:29] [INFO   ] Thread computer-2 starting.
[2022-12-16 14:45:29] [SEVERE ] player 2 placing token on slot 6
[2022-12-16 14:45:29] [SEVERE ] placing card 21 in slot 0
[2022-12-16 14:45:29] [SEVERE ] placing card 23 in slot 1
[2022-12-16 14:45:29] [SEVERE ] placing card 51 in slot 2
[2022-12-16 14:45:30] [SEVERE ] placing card 24 in slot 3
[2022-12-16 14:45:30] [SEVERE ] placing card 61 in slot 4
[2022-12-16 14:45:30] [SEVERE ] placing card 67 in slot 5
[2022-12-16 14:45:30] [SEVERE ] placing card 22 in slot 6
[2022-12-16 14:45:30] [SEVERE ] placing card 42 in slot 7
[2022-12-16 14:45:30] [SEVERE ] placing card 78 in slot 8
[2022-12-16 14:45:30] [SEVERE ] placing card 79 in slot 9
[2022-12-16 14:45:30] [SEVERE ] placing card 35 in slot 10
[2022-12-16 14:45:30] [SEVERE ] placing card 50 in slot 11
