[2022-12-14 15:07:33] [INFO   ] cannot read configuration file config.properties trying from resources.
[2022-12-14 15:07:33] [INFO   ] configuration file was loaded from resources directory.
[2022-12-14 15:07:33] [INFO   ] Thread dealer starting.
[2022-12-14 15:07:33] [SEVERE ] placing card 41 in slot 0
[2022-12-14 15:07:34] [SEVERE ] placing card 77 in slot 1
[2022-12-14 15:07:34] [SEVERE ] placing card 78 in slot 2
[2022-12-14 15:07:34] [SEVERE ] placing card 73 in slot 3
[2022-12-14 15:07:34] [SEVERE ] placing card 80 in slot 4
[2022-12-14 15:07:34] [SEVERE ] placing card 27 in slot 5
[2022-12-14 15:07:34] [SEVERE ] placing card 45 in slot 6
[2022-12-14 15:07:34] [SEVERE ] placing card 28 in slot 7
[2022-12-14 15:07:34] [SEVERE ] placing card 37 in slot 8
[2022-12-14 15:07:34] [SEVERE ] placing card 51 in slot 9
[2022-12-14 15:07:35] [SEVERE ] placing card 26 in slot 10
[2022-12-14 15:07:35] [SEVERE ] placing card 5 in slot 11
[2022-12-14 15:07:35] [SEVERE ] Key 85 was pressed by player 1
[2022-12-14 15:07:35] [SEVERE ] player 1 placing token on slot 0
[2022-12-14 15:07:38] [SEVERE ] Key 73 was pressed by player 1
[2022-12-14 15:07:38] [SEVERE ] player 1 placing token on slot 1
[2022-12-14 15:07:40] [SEVERE ] Key 73 was pressed by player 1
[2022-12-14 15:07:40] [SEVERE ] removing player 1 token from slot 1
[2022-12-14 15:07:41] [SEVERE ] Key 81 was pressed by player 0
[2022-12-14 15:07:41] [SEVERE ] player 0 placing token on slot 0
[2022-12-14 15:07:42] [SEVERE ] Key 87 was pressed by player 0
[2022-12-14 15:07:42] [SEVERE ] player 0 placing token on slot 1
[2022-12-14 15:07:43] [SEVERE ] Key 69 was pressed by player 0
[2022-12-14 15:07:43] [SEVERE ] player 0 placing token on slot 2
[2022-12-14 15:07:44] [SEVERE ] removing player 0 token from slot 0
[2022-12-14 15:07:44] [SEVERE ] removing player 0 token from slot 1
[2022-12-14 15:07:44] [SEVERE ] removing player 0 token from slot 2
[2022-12-14 15:07:44] [SEVERE ] setting player 0 score to 1
[2022-12-14 15:07:44] [INFO   ] Thread main terminated.
