[2022-12-16 14:12:01] [INFO   ] cannot read configuration file config.properties trying from resources.
[2022-12-16 14:12:01] [INFO   ] configuration file was loaded from resources directory.
[2022-12-16 14:12:02] [INFO   ] Thread dealer starting.
[2022-12-16 14:12:02] [INFO   ] Thread Thread-0starting.
[2022-12-16 14:12:02] [INFO   ] Thread Thread-1starting.
[2022-12-16 14:12:02] [SEVERE ] placing card 72 in slot 0
[2022-12-16 14:12:02] [SEVERE ] placing card 35 in slot 1
[2022-12-16 14:12:02] [SEVERE ] placing card 39 in slot 2
[2022-12-16 14:12:02] [SEVERE ] placing card 57 in slot 3
[2022-12-16 14:12:02] [SEVERE ] placing card 73 in slot 4
[2022-12-16 14:12:02] [SEVERE ] placing card 77 in slot 5
[2022-12-16 14:12:02] [SEVERE ] placing card 26 in slot 6
[2022-12-16 14:12:03] [SEVERE ] placing card 18 in slot 7
[2022-12-16 14:12:03] [SEVERE ] placing card 4 in slot 8
[2022-12-16 14:12:03] [SEVERE ] placing card 52 in slot 9
[2022-12-16 14:12:03] [SEVERE ] placing card 75 in slot 10
[2022-12-16 14:12:03] [SEVERE ] placing card 33 in slot 11
[2022-12-16 14:12:04] [SEVERE ] Key 69 was pressed by player 0
[2022-12-16 14:12:04] [SEVERE ] player 0 placing token on slot 2
[2022-12-16 14:12:05] [SEVERE ] Key 69 was pressed by player 0
[2022-12-16 14:12:05] [SEVERE ] removing player 0 token from slot 2
[2022-12-16 14:12:05] [SEVERE ] Key 69 was pressed by player 0
[2022-12-16 14:12:05] [SEVERE ] player 0 placing token on slot 2
[2022-12-16 14:12:06] [SEVERE ] Key 81 was pressed by player 0
[2022-12-16 14:12:06] [SEVERE ] player 0 placing token on slot 0
[2022-12-16 14:12:07] [SEVERE ] Key 87 was pressed by player 0
[2022-12-16 14:12:07] [SEVERE ] player 0 placing token on slot 1
[2022-12-16 14:12:07] [SEVERE ] setting player 0 freeze to 3000
[2022-12-16 14:12:07] [SEVERE ] setting player 0 freeze to 2000
[2022-12-16 14:12:08] [SEVERE ] Key 87 was pressed by player 0
[2022-12-16 14:12:08] [SEVERE ] Key 87 was pressed by player 0
[2022-12-16 14:12:08] [SEVERE ] setting player 0 freeze to 1000
[2022-12-16 14:12:09] [SEVERE ] setting player 0 freeze to 0
[2022-12-16 14:12:10] [SEVERE ] setting player 0 freeze to 0
[2022-12-16 14:12:10] [SEVERE ] removing player 0 token from slot 1
[2022-12-16 14:12:10] [SEVERE ] player 0 placing token on slot 1
[2022-12-16 14:12:10] [SEVERE ] setting player 0 freeze to 3000
[2022-12-16 14:12:10] [SEVERE ] setting player 0 freeze to 2000
[2022-12-16 14:12:11] [SEVERE ] setting player 0 freeze to 1000
[2022-12-16 14:12:12] [SEVERE ] Key 87 was pressed by player 0
[2022-12-16 14:12:12] [SEVERE ] Key 87 was pressed by player 0
[2022-12-16 14:12:12] [SEVERE ] setting player 0 freeze to 0
[2022-12-16 14:12:13] [SEVERE ] setting player 0 freeze to 0
[2022-12-16 14:12:13] [SEVERE ] removing player 0 token from slot 1
[2022-12-16 14:12:13] [SEVERE ] player 0 placing token on slot 1
[2022-12-16 14:12:13] [SEVERE ] setting player 0 freeze to 3000
[2022-12-16 14:12:13] [SEVERE ] setting player 0 freeze to 2000
[2022-12-16 14:12:14] [SEVERE ] setting player 0 freeze to 1000
[2022-12-16 14:12:15] [SEVERE ] setting player 0 freeze to 0
[2022-12-16 14:12:16] [SEVERE ] setting player 0 freeze to 0
[2022-12-16 14:12:17] [SEVERE ] Key 69 was pressed by player 0
[2022-12-16 14:12:17] [SEVERE ] removing player 0 token from slot 2
[2022-12-16 14:12:18] [SEVERE ] Key 87 was pressed by player 0
[2022-12-16 14:12:18] [SEVERE ] removing player 0 token from slot 1
[2022-12-16 14:12:18] [SEVERE ] Key 81 was pressed by player 0
[2022-12-16 14:12:18] [SEVERE ] removing player 0 token from slot 0
[2022-12-16 14:12:21] [SEVERE ] Key 81 was pressed by player 0
[2022-12-16 14:12:21] [SEVERE ] player 0 placing token on slot 0
[2022-12-16 14:12:21] [SEVERE ] Key 87 was pressed by player 0
[2022-12-16 14:12:21] [SEVERE ] player 0 placing token on slot 1
[2022-12-16 14:12:21] [SEVERE ] Key 69 was pressed by player 0
[2022-12-16 14:12:21] [SEVERE ] player 0 placing token on slot 2
[2022-12-16 14:12:21] [SEVERE ] setting player 0 freeze to 3000
[2022-12-16 14:12:21] [SEVERE ] setting player 0 freeze to 2000
[2022-12-16 14:12:22] [SEVERE ] setting player 0 freeze to 1000
[2022-12-16 14:12:23] [SEVERE ] Key 69 was pressed by player 0
[2022-12-16 14:12:23] [SEVERE ] Key 69 was pressed by player 0
[2022-12-16 14:12:23] [SEVERE ] setting player 0 freeze to 0
[2022-12-16 14:12:24] [SEVERE ] setting player 0 freeze to 0
[2022-12-16 14:12:24] [SEVERE ] removing player 0 token from slot 2
[2022-12-16 14:12:24] [SEVERE ] player 0 placing token on slot 2
[2022-12-16 14:12:24] [SEVERE ] setting player 0 freeze to 3000
[2022-12-16 14:12:24] [SEVERE ] setting player 0 freeze to 2000
[2022-12-16 14:12:25] [SEVERE ] setting player 0 freeze to 1000
[2022-12-16 14:12:26] [SEVERE ] Key 69 was pressed by player 0
[2022-12-16 14:12:26] [SEVERE ] setting player 0 freeze to 0
[2022-12-16 14:12:27] [SEVERE ] setting player 0 freeze to 0
[2022-12-16 14:12:27] [SEVERE ] removing player 0 token from slot 2
[2022-12-16 14:12:28] [SEVERE ] Key 69 was pressed by player 0
[2022-12-16 14:12:28] [SEVERE ] player 0 placing token on slot 2
[2022-12-16 14:12:28] [SEVERE ] setting player 0 freeze to 3000
[2022-12-16 14:12:28] [SEVERE ] setting player 0 freeze to 2000
[2022-12-16 14:12:29] [SEVERE ] setting player 0 freeze to 1000
[2022-12-16 14:12:30] [SEVERE ] setting player 0 freeze to 0
[2022-12-16 14:12:31] [SEVERE ] setting player 0 freeze to 0
[2022-12-16 14:12:31] [SEVERE ] Key 69 was pressed by player 0
[2022-12-16 14:12:31] [SEVERE ] removing player 0 token from slot 2
[2022-12-16 14:12:32] [SEVERE ] Key 69 was pressed by player 0
[2022-12-16 14:12:32] [SEVERE ] player 0 placing token on slot 2
[2022-12-16 14:12:32] [SEVERE ] setting player 0 freeze to 3000
[2022-12-16 14:12:32] [SEVERE ] Key 69 was pressed by player 0
[2022-12-16 14:12:32] [SEVERE ] setting player 0 freeze to 2000
[2022-12-16 14:12:33] [SEVERE ] setting player 0 freeze to 1000
[2022-12-16 14:12:34] [SEVERE ] setting player 0 freeze to 0
[2022-12-16 14:12:35] [SEVERE ] Key 69 was pressed by player 0
[2022-12-16 14:12:35] [SEVERE ] setting player 0 freeze to 0
[2022-12-16 14:12:35] [SEVERE ] removing player 0 token from slot 2
[2022-12-16 14:12:35] [SEVERE ] player 0 placing token on slot 2
[2022-12-16 14:12:35] [SEVERE ] setting player 0 freeze to 3000
[2022-12-16 14:12:35] [SEVERE ] setting player 0 freeze to 2000
[2022-12-16 14:12:36] [SEVERE ] setting player 0 freeze to 1000
[2022-12-16 14:12:37] [SEVERE ] setting player 0 freeze to 0
[2022-12-16 14:12:38] [SEVERE ] Key 69 was pressed by player 0
[2022-12-16 14:12:38] [SEVERE ] setting player 0 freeze to 0
[2022-12-16 14:12:38] [SEVERE ] removing player 0 token from slot 2
[2022-12-16 14:12:38] [SEVERE ] Key 69 was pressed by player 0
[2022-12-16 14:12:38] [SEVERE ] player 0 placing token on slot 2
[2022-12-16 14:12:38] [SEVERE ] setting player 0 freeze to 3000
[2022-12-16 14:12:39] [SEVERE ] setting player 0 freeze to 2000
[2022-12-16 14:12:40] [SEVERE ] setting player 0 freeze to 1000
