[2022-12-16 14:10:38] [INFO   ] cannot read configuration file config.properties trying from resources.
[2022-12-16 14:10:38] [INFO   ] configuration file was loaded from resources directory.
[2022-12-16 14:10:39] [INFO   ] Thread dealer starting.
[2022-12-16 14:10:39] [INFO   ] Thread Thread-0starting.
[2022-12-16 14:10:39] [INFO   ] Thread Thread-1starting.
[2022-12-16 14:10:39] [SEVERE ] placing card 61 in slot 0
[2022-12-16 14:10:39] [SEVERE ] placing card 43 in slot 1
[2022-12-16 14:10:39] [SEVERE ] placing card 78 in slot 2
[2022-12-16 14:10:39] [SEVERE ] placing card 6 in slot 3
[2022-12-16 14:10:39] [SEVERE ] placing card 26 in slot 4
[2022-12-16 14:10:39] [SEVERE ] placing card 9 in slot 5
[2022-12-16 14:10:39] [SEVERE ] placing card 36 in slot 6
[2022-12-16 14:10:40] [SEVERE ] placing card 23 in slot 7
[2022-12-16 14:10:40] [SEVERE ] placing card 39 in slot 8
[2022-12-16 14:10:40] [SEVERE ] placing card 40 in slot 9
[2022-12-16 14:10:40] [SEVERE ] placing card 22 in slot 10
[2022-12-16 14:10:40] [SEVERE ] placing card 76 in slot 11
[2022-12-16 14:10:42] [SEVERE ] Key 81 was pressed by player 0
[2022-12-16 14:10:42] [SEVERE ] player 0 placing token on slot 0
[2022-12-16 14:10:43] [SEVERE ] Key 87 was pressed by player 0
[2022-12-16 14:10:43] [SEVERE ] player 0 placing token on slot 1
[2022-12-16 14:10:43] [SEVERE ] Key 69 was pressed by player 0
[2022-12-16 14:10:43] [SEVERE ] player 0 placing token on slot 2
[2022-12-16 14:10:43] [SEVERE ] setting player 0 freeze to 3000
[2022-12-16 14:10:44] [SEVERE ] setting player 0 freeze to 2000
[2022-12-16 14:10:45] [SEVERE ] setting player 0 freeze to 1000
[2022-12-16 14:10:46] [SEVERE ] setting player 0 freeze to 2000
[2022-12-16 14:10:46] [SEVERE ] Key 69 was pressed by player 0
[2022-12-16 14:10:46] [SEVERE ] setting player 0 freeze to 0
[2022-12-16 14:10:46] [SEVERE ] removing player 0 token from slot 2
[2022-12-16 14:10:46] [SEVERE ] Key 69 was pressed by player 0
[2022-12-16 14:10:46] [SEVERE ] player 0 placing token on slot 2
[2022-12-16 14:10:46] [SEVERE ] setting player 0 freeze to 3000
[2022-12-16 14:10:47] [SEVERE ] setting player 0 freeze to 1000
[2022-12-16 14:10:48] [SEVERE ] setting player 0 freeze to 2000
[2022-12-16 14:10:49] [SEVERE ] setting player 0 freeze to 1000
[2022-12-16 14:10:49] [SEVERE ] setting player 0 freeze to 0
[2022-12-16 14:10:52] [SEVERE ] Key 69 was pressed by player 0
[2022-12-16 14:10:52] [SEVERE ] removing player 0 token from slot 2
[2022-12-16 14:10:52] [SEVERE ] Key 69 was pressed by player 0
[2022-12-16 14:10:52] [SEVERE ] player 0 placing token on slot 2
[2022-12-16 14:10:52] [SEVERE ] setting player 0 freeze to 3000
[2022-12-16 14:10:53] [SEVERE ] setting player 0 freeze to 2000
[2022-12-16 14:10:54] [SEVERE ] setting player 0 freeze to 1000
[2022-12-16 14:10:55] [SEVERE ] Key 69 was pressed by player 0
[2022-12-16 14:10:55] [SEVERE ] Key 69 was pressed by player 0
[2022-12-16 14:10:55] [SEVERE ] setting player 0 freeze to 2000
[2022-12-16 14:10:55] [SEVERE ] Key 69 was pressed by player 0
[2022-12-16 14:10:55] [SEVERE ] setting player 0 freeze to 0
[2022-12-16 14:10:55] [SEVERE ] removing player 0 token from slot 2
[2022-12-16 14:10:55] [SEVERE ] player 0 placing token on slot 2
[2022-12-16 14:10:55] [SEVERE ] removing player 0 token from slot 2
[2022-12-16 14:10:55] [SEVERE ] setting player 0 freeze to 3000
[2022-12-16 14:10:56] [SEVERE ] setting player 0 freeze to 1000
[2022-12-16 14:10:57] [SEVERE ] setting player 0 freeze to 2000
[2022-12-16 14:10:58] [SEVERE ] setting player 0 freeze to 1000
[2022-12-16 14:10:58] [SEVERE ] setting player 0 freeze to 0
