[2022-12-16 13:57:45] [INFO   ] cannot read configuration file config.properties trying from resources.
[2022-12-16 13:57:45] [INFO   ] configuration file was loaded from resources directory.
[2022-12-16 13:57:46] [INFO   ] Thread dealer starting.
[2022-12-16 13:57:46] [INFO   ] Thread Thread-1starting.
[2022-12-16 13:57:46] [INFO   ] Thread Thread-0starting.
[2022-12-16 13:57:46] [SEVERE ] placing card 48 in slot 0
[2022-12-16 13:57:46] [SEVERE ] placing card 50 in slot 1
[2022-12-16 13:57:46] [SEVERE ] placing card 25 in slot 2
[2022-12-16 13:57:46] [SEVERE ] placing card 78 in slot 3
[2022-12-16 13:57:46] [SEVERE ] placing card 61 in slot 4
[2022-12-16 13:57:46] [SEVERE ] placing card 57 in slot 5
[2022-12-16 13:57:47] [SEVERE ] placing card 76 in slot 6
[2022-12-16 13:57:47] [SEVERE ] placing card 11 in slot 7
[2022-12-16 13:57:47] [SEVERE ] placing card 24 in slot 8
[2022-12-16 13:57:47] [SEVERE ] placing card 70 in slot 9
[2022-12-16 13:57:47] [SEVERE ] placing card 60 in slot 10
[2022-12-16 13:57:47] [SEVERE ] placing card 51 in slot 11
[2022-12-16 13:57:48] [SEVERE ] Key 81 was pressed by player 0
[2022-12-16 13:57:48] [SEVERE ] player 0 placing token on slot 0
[2022-12-16 13:57:49] [SEVERE ] Key 87 was pressed by player 0
[2022-12-16 13:57:49] [SEVERE ] player 0 placing token on slot 1
[2022-12-16 13:57:49] [SEVERE ] Key 69 was pressed by player 0
[2022-12-16 13:57:49] [SEVERE ] player 0 placing token on slot 2
[2022-12-16 13:57:49] [SEVERE ] setting player 0 freeze to 3000
[2022-12-16 13:57:50] [SEVERE ] setting player 0 freeze to 2000
[2022-12-16 13:57:51] [SEVERE ] setting player 0 freeze to 1000
[2022-12-16 13:57:52] [SEVERE ] setting player 0 freeze to 0
[2022-12-16 13:57:52] [SEVERE ] setting player 0 freeze to 0
[2022-12-16 13:57:53] [SEVERE ] Key 69 was pressed by player 0
[2022-12-16 13:57:53] [SEVERE ] removing player 0 token from slot 2
[2022-12-16 13:57:53] [SEVERE ] Key 69 was pressed by player 0
[2022-12-16 13:57:53] [SEVERE ] player 0 placing token on slot 2
[2022-12-16 13:57:53] [SEVERE ] setting player 0 freeze to 3000
[2022-12-16 13:57:53] [SEVERE ] setting player 0 freeze to -1000
[2022-12-16 13:57:54] [SEVERE ] setting player 0 freeze to -2000
[2022-12-16 13:57:55] [SEVERE ] setting player 0 freeze to -3000
[2022-12-16 13:57:55] [SEVERE ] Key 69 was pressed by player 0
[2022-12-16 13:57:56] [SEVERE ] Key 69 was pressed by player 0
[2022-12-16 13:57:56] [SEVERE ] setting player 0 freeze to 0
[2022-12-16 13:57:56] [SEVERE ] removing player 0 token from slot 2
[2022-12-16 13:57:56] [SEVERE ] player 0 placing token on slot 2
[2022-12-16 13:57:56] [SEVERE ] setting player 0 freeze to 3000
[2022-12-16 13:57:56] [SEVERE ] setting player 0 freeze to -4000
[2022-12-16 13:57:57] [SEVERE ] setting player 0 freeze to -5000
[2022-12-16 13:57:58] [SEVERE ] Key 69 was pressed by player 0
[2022-12-16 13:57:58] [SEVERE ] Key 69 was pressed by player 0
[2022-12-16 13:57:58] [SEVERE ] setting player 0 freeze to -6000
[2022-12-16 13:57:58] [SEVERE ] Key 69 was pressed by player 0
[2022-12-16 13:57:59] [SEVERE ] Key 69 was pressed by player 0
[2022-12-16 13:57:59] [SEVERE ] setting player 0 freeze to 0
[2022-12-16 13:57:59] [SEVERE ] removing player 0 token from slot 2
[2022-12-16 13:57:59] [SEVERE ] player 0 placing token on slot 2
[2022-12-16 13:57:59] [SEVERE ] removing player 0 token from slot 2
[2022-12-16 13:57:59] [SEVERE ] setting player 0 freeze to 3000
[2022-12-16 13:57:59] [SEVERE ] setting player 0 freeze to -7000
[2022-12-16 13:58:00] [SEVERE ] setting player 0 freeze to -8000
