[2022-12-16 16:20:44] [INFO   ] cannot read configuration file config.properties trying from resources.
[2022-12-16 16:20:44] [INFO   ] configuration file was loaded from resources directory.
[2022-12-16 16:20:44] [INFO   ] Thread dealer starting.
[2022-12-16 16:20:44] [INFO   ] Thread Thread-1starting.
[2022-12-16 16:20:44] [INFO   ] Thread Thread-3starting.
[2022-12-16 16:20:44] [INFO   ] Thread Thread-2starting.
[2022-12-16 16:20:44] [INFO   ] Thread Thread-0starting.
[2022-12-16 16:20:44] [INFO   ] Thread computer-2 starting.
[2022-12-16 16:20:44] [INFO   ] Thread computer-3 starting.
[2022-12-16 16:20:44] [SEVERE ] player 2 placing token on slot 4
[2022-12-16 16:20:44] [SEVERE ] player 3 placing token on slot 11
[2022-12-16 16:20:45] [SEVERE ] placing card 77 in slot 0
[2022-12-16 16:20:45] [SEVERE ] placing card 37 in slot 1
[2022-12-16 16:20:45] [SEVERE ] placing card 65 in slot 2
[2022-12-16 16:20:45] [SEVERE ] player 2 placing token on slot 8
[2022-12-16 16:20:45] [SEVERE ] player 3 placing token on slot 0
[2022-12-16 16:20:45] [SEVERE ] placing card 75 in slot 3
[2022-12-16 16:20:46] [SEVERE ] placing card 10 in slot 4
[2022-12-16 16:20:46] [SEVERE ] placing card 7 in slot 5
[2022-12-16 16:20:46] [SEVERE ] placing card 40 in slot 6
[2022-12-16 16:20:46] [SEVERE ] placing card 72 in slot 7
[2022-12-16 16:20:46] [SEVERE ] placing card 34 in slot 8
[2022-12-16 16:20:47] [SEVERE ] placing card 47 in slot 9
[2022-12-16 16:20:47] [SEVERE ] placing card 49 in slot 10
[2022-12-16 16:20:47] [SEVERE ] placing card 32 in slot 11
[2022-12-16 16:20:57] [SEVERE ] Exit button pressed
[2022-12-16 16:20:57] [SEVERE ] removing tokens from slot 0
[2022-12-16 16:20:57] [SEVERE ] removing card from slot 0
[2022-12-16 16:20:58] [SEVERE ] removing tokens from slot 1
[2022-12-16 16:20:58] [SEVERE ] removing card from slot 1
[2022-12-16 16:20:58] [SEVERE ] removing tokens from slot 2
[2022-12-16 16:20:58] [SEVERE ] removing card from slot 2
[2022-12-16 16:20:58] [SEVERE ] removing tokens from slot 3
[2022-12-16 16:20:58] [SEVERE ] removing card from slot 3
[2022-12-16 16:20:58] [SEVERE ] removing tokens from slot 4
[2022-12-16 16:20:58] [SEVERE ] removing card from slot 4
[2022-12-16 16:20:58] [SEVERE ] removing tokens from slot 5
[2022-12-16 16:20:58] [SEVERE ] removing card from slot 5
[2022-12-16 16:20:59] [SEVERE ] removing tokens from slot 6
[2022-12-16 16:20:59] [SEVERE ] removing card from slot 6
[2022-12-16 16:20:59] [SEVERE ] removing tokens from slot 7
[2022-12-16 16:20:59] [SEVERE ] removing card from slot 7
[2022-12-16 16:20:59] [SEVERE ] removing tokens from slot 8
[2022-12-16 16:20:59] [SEVERE ] removing card from slot 8
[2022-12-16 16:20:59] [SEVERE ] removing tokens from slot 9
[2022-12-16 16:20:59] [SEVERE ] removing card from slot 9
[2022-12-16 16:21:00] [SEVERE ] removing tokens from slot 10
[2022-12-16 16:21:00] [SEVERE ] removing card from slot 10
[2022-12-16 16:21:00] [SEVERE ] removing tokens from slot 11
[2022-12-16 16:21:00] [SEVERE ] removing card from slot 11
[2022-12-16 16:21:00] [INFO   ] Thread Thread-0 terminated.
[2022-12-16 16:21:00] [INFO   ] Thread Thread-1 terminated.
[2022-12-16 16:21:00] [SEVERE ] announcing winners: [0, 1, 2, 3]
[2022-12-16 16:21:00] [INFO   ] Thread dealer terminated.
[2022-12-16 16:21:00] [INFO   ] Thread main terminated.
