[2022-12-14 15:16:18] [INFO   ] cannot read configuration file config.properties trying from resources.
[2022-12-14 15:16:18] [INFO   ] configuration file was loaded from resources directory.
[2022-12-14 15:16:19] [INFO   ] Thread dealer starting.
[2022-12-14 15:16:19] [SEVERE ] placing card 54 in slot 0
[2022-12-14 15:16:19] [SEVERE ] placing card 76 in slot 1
[2022-12-14 15:16:20] [SEVERE ] placing card 80 in slot 2
[2022-12-14 15:16:20] [SEVERE ] placing card 28 in slot 3
[2022-12-14 15:16:20] [SEVERE ] placing card 3 in slot 4
[2022-12-14 15:16:20] [SEVERE ] placing card 32 in slot 5
[2022-12-14 15:16:20] [SEVERE ] placing card 17 in slot 6
[2022-12-14 15:16:20] [SEVERE ] placing card 63 in slot 7
[2022-12-14 15:16:20] [SEVERE ] placing card 79 in slot 8
[2022-12-14 15:16:20] [SEVERE ] placing card 13 in slot 9
[2022-12-14 15:16:20] [SEVERE ] placing card 61 in slot 10
[2022-12-14 15:16:21] [SEVERE ] placing card 35 in slot 11
[2022-12-14 15:16:23] [SEVERE ] Key 81 was pressed by player 0
[2022-12-14 15:16:38] [SEVERE ] player 0 placing token on slot 0
[2022-12-14 15:16:38] [SEVERE ] Key 87 was pressed by player 0
[2022-12-14 15:16:38] [SEVERE ] player 0 placing token on slot 1
[2022-12-14 15:16:38] [SEVERE ] Key 69 was pressed by player 0
[2022-12-14 15:16:38] [SEVERE ] player 0 placing token on slot 2
[2022-12-14 15:16:59] [SEVERE ] removing player 0 token from slot 0
[2022-12-14 15:16:59] [SEVERE ] removing player 0 token from slot 1
[2022-12-14 15:16:59] [SEVERE ] removing player 0 token from slot 2
[2022-12-14 15:16:59] [SEVERE ] setting player 0 score to 1
[2022-12-14 15:16:59] [SEVERE ] removing tokens from slot 0
[2022-12-14 15:16:59] [SEVERE ] removing card from slot 0
[2022-12-14 15:16:59] [SEVERE ] removing tokens from slot 1
[2022-12-14 15:16:59] [SEVERE ] removing card from slot 1
[2022-12-14 15:17:00] [SEVERE ] removing tokens from slot 2
[2022-12-14 15:17:00] [SEVERE ] removing card from slot 2
[2022-12-14 15:17:00] [SEVERE ] placing card 8 in slot 0
[2022-12-14 15:17:00] [SEVERE ] placing card 33 in slot 1
[2022-12-14 15:17:00] [SEVERE ] placing card 53 in slot 2
[2022-12-14 15:17:03] [SEVERE ] Key 81 was pressed by player 0
[2022-12-14 15:17:03] [SEVERE ] player 0 placing token on slot 0
[2022-12-14 15:17:03] [SEVERE ] Key 87 was pressed by player 0
[2022-12-14 15:17:03] [SEVERE ] player 0 placing token on slot 1
[2022-12-14 15:17:03] [SEVERE ] Key 69 was pressed by player 0
[2022-12-14 15:17:03] [SEVERE ] player 0 placing token on slot 2
