[2022-12-16 15:44:31] [INFO   ] cannot read configuration file config.properties trying from resources.
[2022-12-16 15:44:31] [INFO   ] configuration file was loaded from resources directory.
[2022-12-16 15:44:32] [INFO   ] Thread dealer starting.
[2022-12-16 15:44:32] [INFO   ] Thread Thread-0starting.
[2022-12-16 15:44:32] [INFO   ] Thread Thread-1starting.
[2022-12-16 15:44:32] [INFO   ] Thread Thread-2starting.
[2022-12-16 15:44:32] [INFO   ] Thread computer-2 starting.
[2022-12-16 15:44:33] [SEVERE ] placing card 41 in slot 0
[2022-12-16 15:44:33] [SEVERE ] placing card 60 in slot 1
[2022-12-16 15:44:33] [SEVERE ] placing card 27 in slot 2
[2022-12-16 15:44:33] [SEVERE ] placing card 20 in slot 3
[2022-12-16 15:44:34] [SEVERE ] placing card 14 in slot 4
[2022-12-16 15:44:34] [SEVERE ] placing card 7 in slot 5
[2022-12-16 15:44:34] [SEVERE ] placing card 37 in slot 6
[2022-12-16 15:44:34] [SEVERE ] placing card 75 in slot 7
[2022-12-16 15:44:34] [SEVERE ] placing card 46 in slot 8
[2022-12-16 15:44:35] [SEVERE ] placing card 61 in slot 9
[2022-12-16 15:44:35] [SEVERE ] placing card 21 in slot 10
[2022-12-16 15:44:35] [SEVERE ] placing card 0 in slot 11
[2022-12-16 15:45:33] [SEVERE ] removing tokens from slot 0
[2022-12-16 15:45:33] [SEVERE ] removing card from slot 0
[2022-12-16 15:45:33] [SEVERE ] removing tokens from slot 1
[2022-12-16 15:45:33] [SEVERE ] removing card from slot 1
[2022-12-16 15:45:33] [SEVERE ] removing tokens from slot 2
[2022-12-16 15:45:33] [SEVERE ] removing card from slot 2
[2022-12-16 15:45:33] [SEVERE ] removing tokens from slot 3
[2022-12-16 15:45:33] [SEVERE ] removing card from slot 3
[2022-12-16 15:45:34] [SEVERE ] removing tokens from slot 4
[2022-12-16 15:45:34] [SEVERE ] removing card from slot 4
[2022-12-16 15:45:34] [SEVERE ] removing tokens from slot 5
[2022-12-16 15:45:34] [SEVERE ] removing card from slot 5
[2022-12-16 15:45:34] [SEVERE ] removing tokens from slot 6
[2022-12-16 15:45:34] [SEVERE ] removing card from slot 6
[2022-12-16 15:45:34] [SEVERE ] removing tokens from slot 7
[2022-12-16 15:45:34] [SEVERE ] removing card from slot 7
[2022-12-16 15:45:34] [SEVERE ] removing tokens from slot 8
[2022-12-16 15:45:34] [SEVERE ] removing card from slot 8
[2022-12-16 15:45:35] [SEVERE ] removing tokens from slot 9
[2022-12-16 15:45:35] [SEVERE ] removing card from slot 9
[2022-12-16 15:45:35] [SEVERE ] removing tokens from slot 10
[2022-12-16 15:45:35] [SEVERE ] removing card from slot 10
[2022-12-16 15:45:35] [SEVERE ] removing tokens from slot 11
[2022-12-16 15:45:35] [SEVERE ] removing card from slot 11
[2022-12-16 15:45:35] [SEVERE ] placing card 19 in slot 0
[2022-12-16 15:45:36] [SEVERE ] placing card 31 in slot 1
[2022-12-16 15:45:36] [SEVERE ] placing card 10 in slot 2
[2022-12-16 15:45:36] [SEVERE ] placing card 15 in slot 3
[2022-12-16 15:45:36] [SEVERE ] placing card 50 in slot 4
[2022-12-16 15:45:36] [SEVERE ] placing card 62 in slot 5
[2022-12-16 15:45:37] [SEVERE ] placing card 77 in slot 6
[2022-12-16 15:45:37] [SEVERE ] placing card 41 in slot 7
[2022-12-16 15:45:37] [SEVERE ] placing card 52 in slot 8
[2022-12-16 15:45:37] [SEVERE ] placing card 38 in slot 9
[2022-12-16 15:45:37] [SEVERE ] placing card 30 in slot 10
[2022-12-16 15:45:38] [SEVERE ] placing card 13 in slot 11
[2022-12-16 15:46:36] [SEVERE ] removing tokens from slot 0
[2022-12-16 15:46:36] [SEVERE ] removing card from slot 0
[2022-12-16 15:46:36] [SEVERE ] removing tokens from slot 1
[2022-12-16 15:46:36] [SEVERE ] removing card from slot 1
[2022-12-16 15:46:37] [SEVERE ] removing tokens from slot 2
[2022-12-16 15:46:37] [SEVERE ] removing card from slot 2
[2022-12-16 15:46:37] [SEVERE ] removing tokens from slot 3
[2022-12-16 15:46:37] [SEVERE ] removing card from slot 3
[2022-12-16 15:46:37] [SEVERE ] removing tokens from slot 4
[2022-12-16 15:46:37] [SEVERE ] removing card from slot 4
[2022-12-16 15:46:37] [SEVERE ] removing tokens from slot 5
[2022-12-16 15:46:37] [SEVERE ] removing card from slot 5
[2022-12-16 15:46:37] [SEVERE ] removing tokens from slot 6
[2022-12-16 15:46:37] [SEVERE ] removing card from slot 6
[2022-12-16 15:46:38] [SEVERE ] removing tokens from slot 7
[2022-12-16 15:46:38] [SEVERE ] removing card from slot 7
[2022-12-16 15:46:38] [SEVERE ] removing tokens from slot 8
[2022-12-16 15:46:38] [SEVERE ] removing card from slot 8
[2022-12-16 15:46:38] [SEVERE ] removing tokens from slot 9
[2022-12-16 15:46:38] [SEVERE ] removing card from slot 9
[2022-12-16 15:46:38] [SEVERE ] removing tokens from slot 10
[2022-12-16 15:46:38] [SEVERE ] removing card from slot 10
[2022-12-16 15:46:39] [SEVERE ] removing tokens from slot 11
[2022-12-16 15:46:39] [SEVERE ] removing card from slot 11
[2022-12-16 15:46:39] [SEVERE ] placing card 55 in slot 0
[2022-12-16 15:46:39] [SEVERE ] placing card 12 in slot 1
[2022-12-16 15:46:39] [SEVERE ] placing card 38 in slot 2
[2022-12-16 15:46:39] [SEVERE ] placing card 51 in slot 3
[2022-12-16 15:46:40] [SEVERE ] placing card 21 in slot 4
[2022-12-16 15:46:40] [SEVERE ] placing card 10 in slot 5
[2022-12-16 15:46:40] [SEVERE ] placing card 77 in slot 6
[2022-12-16 15:46:40] [SEVERE ] placing card 1 in slot 7
[2022-12-16 15:46:41] [SEVERE ] placing card 68 in slot 8
[2022-12-16 15:46:41] [SEVERE ] placing card 24 in slot 9
[2022-12-16 15:46:41] [SEVERE ] placing card 73 in slot 10
[2022-12-16 15:46:41] [SEVERE ] placing card 17 in slot 11
