[2022-12-14 15:39:54] [INFO   ] cannot read configuration file config.properties trying from resources.
[2022-12-14 15:39:54] [INFO   ] configuration file was loaded from resources directory.
[2022-12-14 15:39:55] [INFO   ] Thread dealer starting.
[2022-12-14 15:39:55] [SEVERE ] placing card 2 in slot 0
[2022-12-14 15:39:55] [SEVERE ] placing card 80 in slot 1
[2022-12-14 15:39:55] [SEVERE ] placing card 57 in slot 2
[2022-12-14 15:39:55] [SEVERE ] placing card 29 in slot 3
[2022-12-14 15:39:56] [SEVERE ] placing card 24 in slot 4
[2022-12-14 15:39:56] [SEVERE ] placing card 45 in slot 5
[2022-12-14 15:39:56] [SEVERE ] placing card 26 in slot 6
[2022-12-14 15:39:56] [SEVERE ] placing card 41 in slot 7
[2022-12-14 15:39:56] [SEVERE ] placing card 40 in slot 8
[2022-12-14 15:39:56] [SEVERE ] placing card 62 in slot 9
[2022-12-14 15:39:56] [SEVERE ] placing card 64 in slot 10
[2022-12-14 15:39:56] [SEVERE ] placing card 69 in slot 11
[2022-12-14 15:39:57] [SEVERE ] setting player 0 freeze to -1000
[2022-12-14 15:39:57] [SEVERE ] setting player 1 freeze to -1000
[2022-12-14 15:39:58] [SEVERE ] Key 81 was pressed by player 0
[2022-12-14 15:39:58] [SEVERE ] player 0 placing token on slot 0
[2022-12-14 15:39:58] [SEVERE ] Key 87 was pressed by player 0
[2022-12-14 15:39:58] [SEVERE ] player 0 placing token on slot 1
[2022-12-14 15:39:58] [SEVERE ] Key 69 was pressed by player 0
[2022-12-14 15:39:58] [SEVERE ] player 0 placing token on slot 2
[2022-12-14 15:39:58] [SEVERE ] setting player 0 freeze to 3000
[2022-12-14 15:40:01] [SEVERE ] setting player 0 freeze to 2000
[2022-12-14 15:40:02] [SEVERE ] setting player 0 freeze to 1000
[2022-12-14 15:40:03] [SEVERE ] setting player 0 freeze to 0
[2022-12-14 15:40:04] [SEVERE ] setting player 0 freeze to -1000
[2022-12-14 15:40:07] [SEVERE ] Key 69 was pressed by player 0
[2022-12-14 15:40:07] [SEVERE ] removing player 0 token from slot 2
[2022-12-14 15:40:08] [SEVERE ] Key 87 was pressed by player 0
[2022-12-14 15:40:08] [SEVERE ] removing player 0 token from slot 1
[2022-12-14 15:40:08] [SEVERE ] Key 81 was pressed by player 0
[2022-12-14 15:40:08] [SEVERE ] removing player 0 token from slot 0
