[2022-12-14 15:32:25] [INFO   ] cannot read configuration file config.properties trying from resources.
[2022-12-14 15:32:25] [INFO   ] configuration file was loaded from resources directory.
[2022-12-14 15:32:26] [INFO   ] Thread dealer starting.
[2022-12-14 15:32:26] [SEVERE ] placing card 80 in slot 0
[2022-12-14 15:32:26] [SEVERE ] placing card 67 in slot 1
[2022-12-14 15:32:26] [SEVERE ] placing card 41 in slot 2
[2022-12-14 15:32:26] [SEVERE ] placing card 48 in slot 3
[2022-12-14 15:32:27] [SEVERE ] placing card 47 in slot 4
[2022-12-14 15:32:27] [SEVERE ] placing card 24 in slot 5
[2022-12-14 15:32:27] [SEVERE ] placing card 51 in slot 6
[2022-12-14 15:32:27] [SEVERE ] placing card 16 in slot 7
[2022-12-14 15:32:27] [SEVERE ] placing card 45 in slot 8
[2022-12-14 15:32:27] [SEVERE ] placing card 61 in slot 9
[2022-12-14 15:32:27] [SEVERE ] placing card 70 in slot 10
[2022-12-14 15:32:27] [SEVERE ] placing card 38 in slot 11
[2022-12-14 15:32:28] [SEVERE ] Key 81 was pressed by player 0
[2022-12-14 15:32:28] [SEVERE ] player 0 placing token on slot 0
[2022-12-14 15:32:28] [SEVERE ] Key 87 was pressed by player 0
[2022-12-14 15:32:28] [SEVERE ] player 0 placing token on slot 1
[2022-12-14 15:32:28] [SEVERE ] Key 69 was pressed by player 0
[2022-12-14 15:32:28] [SEVERE ] player 0 placing token on slot 2
[2022-12-14 15:32:28] [SEVERE ] setting player 0 freeze to 3000
[2022-12-14 15:32:32] [SEVERE ] Key 81 was pressed by player 0
[2022-12-14 15:32:32] [SEVERE ] removing player 0 token from slot 0
[2022-12-14 15:32:32] [SEVERE ] Key 87 was pressed by player 0
[2022-12-14 15:32:32] [SEVERE ] removing player 0 token from slot 1
[2022-12-14 15:32:32] [SEVERE ] Key 69 was pressed by player 0
[2022-12-14 15:32:32] [SEVERE ] removing player 0 token from slot 2
[2022-12-14 15:32:35] [SEVERE ] Key 81 was pressed by player 0
[2022-12-14 15:32:35] [SEVERE ] player 0 placing token on slot 0
[2022-12-14 15:32:35] [SEVERE ] Key 69 was pressed by player 0
[2022-12-14 15:32:35] [SEVERE ] player 0 placing token on slot 2
[2022-12-14 15:32:35] [SEVERE ] Key 87 was pressed by player 0
[2022-12-14 15:32:35] [SEVERE ] player 0 placing token on slot 1
[2022-12-14 15:32:36] [SEVERE ] setting player 0 freeze to 3000
