[2022-12-16 11:11:04] [INFO   ] cannot read configuration file config.properties trying from resources.
[2022-12-16 11:11:04] [INFO   ] configuration file was loaded from resources directory.
[2022-12-16 11:11:05] [INFO   ] Thread dealer starting.
[2022-12-16 11:11:05] [SEVERE ] placing card 2 in slot 0
[2022-12-16 11:11:05] [SEVERE ] placing card 39 in slot 1
[2022-12-16 11:11:05] [SEVERE ] placing card 66 in slot 2
[2022-12-16 11:11:05] [SEVERE ] placing card 5 in slot 3
[2022-12-16 11:11:05] [SEVERE ] placing card 29 in slot 4
[2022-12-16 11:11:06] [SEVERE ] placing card 59 in slot 5
[2022-12-16 11:11:06] [SEVERE ] placing card 6 in slot 6
[2022-12-16 11:11:06] [SEVERE ] placing card 42 in slot 7
[2022-12-16 11:11:06] [SEVERE ] placing card 40 in slot 8
[2022-12-16 11:11:06] [SEVERE ] placing card 67 in slot 9
[2022-12-16 11:11:06] [SEVERE ] placing card 7 in slot 10
[2022-12-16 11:11:06] [SEVERE ] placing card 71 in slot 11
[2022-12-16 11:11:09] [SEVERE ] Key 81 was pressed by player 0
[2022-12-16 11:11:09] [SEVERE ] player 0 placing token on slot 0
[2022-12-16 11:11:11] [SEVERE ] Key 87 was pressed by player 0
[2022-12-16 11:11:11] [SEVERE ] player 0 placing token on slot 1
[2022-12-16 11:11:14] [SEVERE ] Key 69 was pressed by player 0
[2022-12-16 11:11:14] [SEVERE ] player 0 placing token on slot 2
[2022-12-16 11:11:14] [SEVERE ] setting player 0 freeze to 3000
[2022-12-16 11:11:19] [SEVERE ] Key 69 was pressed by player 0
[2022-12-16 11:11:19] [SEVERE ] removing player 0 token from slot 2
[2022-12-16 11:11:20] [SEVERE ] Key 87 was pressed by player 0
[2022-12-16 11:11:20] [SEVERE ] removing player 0 token from slot 1
[2022-12-16 11:11:21] [SEVERE ] Key 81 was pressed by player 0
[2022-12-16 11:11:21] [SEVERE ] removing player 0 token from slot 0
