[2022-12-16 15:18:44] [INFO   ] cannot read configuration file config.properties trying from resources.
[2022-12-16 15:18:44] [INFO   ] configuration file was loaded from resources directory.
[2022-12-16 15:18:45] [INFO   ] Thread dealer starting.
[2022-12-16 15:18:45] [INFO   ] Thread Thread-1starting.
[2022-12-16 15:18:45] [INFO   ] Thread Thread-0starting.
[2022-12-16 15:18:45] [INFO   ] Thread Thread-2starting.
[2022-12-16 15:18:45] [INFO   ] Thread computer-2 starting.
[2022-12-16 15:18:45] [SEVERE ] player 2 placing token on slot 1
[2022-12-16 15:18:45] [SEVERE ] placing card 18 in slot 0
[2022-12-16 15:18:45] [SEVERE ] placing card 22 in slot 1
[2022-12-16 15:18:45] [SEVERE ] placing card 6 in slot 2
[2022-12-16 15:18:45] [SEVERE ] placing card 59 in slot 3
[2022-12-16 15:18:45] [SEVERE ] placing card 42 in slot 4
[2022-12-16 15:18:45] [SEVERE ] placing card 29 in slot 5
[2022-12-16 15:18:46] [SEVERE ] placing card 41 in slot 6
[2022-12-16 15:18:46] [SEVERE ] placing card 51 in slot 7
[2022-12-16 15:18:46] [SEVERE ] player 2 placing token on slot 3
[2022-12-16 15:18:46] [SEVERE ] placing card 34 in slot 8
[2022-12-16 15:18:46] [SEVERE ] placing card 35 in slot 9
[2022-12-16 15:18:46] [SEVERE ] placing card 31 in slot 10
[2022-12-16 15:18:46] [SEVERE ] placing card 44 in slot 11
[2022-12-16 15:18:46] [SEVERE ] player 2 placing token on slot 7
[2022-12-16 15:18:46] [SEVERE ] setting player 2 freeze to 3000
[2022-12-16 15:18:47] [SEVERE ] setting player 2 freeze to 2000
[2022-12-16 15:18:48] [SEVERE ] Exit button pressed
[2022-12-16 15:18:48] [SEVERE ] setting player 2 freeze to 1000
[2022-12-16 15:18:48] [SEVERE ] removing tokens from slot 0
[2022-12-16 15:18:48] [SEVERE ] removing card from slot 0
[2022-12-16 15:18:48] [SEVERE ] removing tokens from slot 1
[2022-12-16 15:18:48] [SEVERE ] removing card from slot 1
[2022-12-16 15:18:48] [SEVERE ] removing tokens from slot 2
[2022-12-16 15:18:48] [SEVERE ] removing card from slot 2
[2022-12-16 15:18:49] [SEVERE ] removing tokens from slot 3
[2022-12-16 15:18:49] [SEVERE ] removing card from slot 3
[2022-12-16 15:18:49] [SEVERE ] removing tokens from slot 4
[2022-12-16 15:18:49] [SEVERE ] removing card from slot 4
[2022-12-16 15:18:49] [SEVERE ] removing tokens from slot 5
[2022-12-16 15:18:49] [SEVERE ] removing card from slot 5
[2022-12-16 15:18:49] [SEVERE ] removing tokens from slot 6
[2022-12-16 15:18:49] [SEVERE ] removing card from slot 6
[2022-12-16 15:18:49] [SEVERE ] removing tokens from slot 7
[2022-12-16 15:18:49] [SEVERE ] removing card from slot 7
[2022-12-16 15:18:49] [SEVERE ] removing tokens from slot 8
[2022-12-16 15:18:49] [SEVERE ] removing card from slot 8
[2022-12-16 15:18:49] [SEVERE ] removing tokens from slot 9
[2022-12-16 15:18:49] [SEVERE ] removing card from slot 9
[2022-12-16 15:18:49] [SEVERE ] removing tokens from slot 10
[2022-12-16 15:18:49] [SEVERE ] removing card from slot 10
[2022-12-16 15:18:49] [SEVERE ] removing tokens from slot 11
[2022-12-16 15:18:49] [SEVERE ] removing card from slot 11
[2022-12-16 15:18:49] [INFO   ] Thread main terminated.
