[2022-12-16 14:56:20] [INFO   ] cannot read configuration file config.properties trying from resources.
[2022-12-16 14:56:20] [INFO   ] configuration file was loaded from resources directory.
[2022-12-16 14:56:21] [INFO   ] Thread dealer starting.
[2022-12-16 14:56:21] [INFO   ] Thread Thread-0starting.
[2022-12-16 14:56:21] [INFO   ] Thread Thread-2starting.
[2022-12-16 14:56:21] [INFO   ] Thread Thread-1starting.
[2022-12-16 14:56:21] [INFO   ] Thread computer-2 starting.
[2022-12-16 14:56:21] [SEVERE ] player 2 placing token on slot 7
[2022-12-16 14:56:21] [SEVERE ] placing card 74 in slot 0
[2022-12-16 14:56:21] [SEVERE ] placing card 25 in slot 1
[2022-12-16 14:56:21] [SEVERE ] placing card 53 in slot 2
[2022-12-16 14:56:21] [SEVERE ] placing card 11 in slot 3
[2022-12-16 14:56:22] [SEVERE ] placing card 45 in slot 4
[2022-12-16 14:56:22] [SEVERE ] placing card 31 in slot 5
[2022-12-16 14:56:22] [SEVERE ] placing card 72 in slot 6
[2022-12-16 14:56:22] [SEVERE ] placing card 56 in slot 7
[2022-12-16 14:56:22] [SEVERE ] placing card 12 in slot 8
[2022-12-16 14:56:22] [SEVERE ] player 2 placing token on slot 8
[2022-12-16 14:56:22] [SEVERE ] placing card 57 in slot 9
[2022-12-16 14:56:22] [SEVERE ] placing card 75 in slot 10
[2022-12-16 14:56:22] [SEVERE ] placing card 30 in slot 11
[2022-12-16 14:56:23] [SEVERE ] player 2 placing token on slot 1
[2022-12-16 14:56:23] [SEVERE ] setting player 2 freeze to 3000
[2022-12-16 14:56:23] [SEVERE ] setting player 2 freeze to 2000
[2022-12-16 14:56:24] [SEVERE ] setting player 2 freeze to 1000
[2022-12-16 14:56:25] [SEVERE ] setting player 2 freeze to 0
[2022-12-16 14:56:26] [SEVERE ] setting player 2 freeze to 0
[2022-12-16 14:56:28] [SEVERE ] removing player 2 token from slot 1
[2022-12-16 14:56:29] [SEVERE ] removing player 2 token from slot 7
[2022-12-16 14:56:30] [SEVERE ] player 2 placing token on slot 3
[2022-12-16 14:56:31] [SEVERE ] player 2 placing token on slot 7
[2022-12-16 14:56:31] [SEVERE ] setting player 2 freeze to 3000
[2022-12-16 14:56:31] [SEVERE ] setting player 2 freeze to 2000
[2022-12-16 14:56:32] [SEVERE ] setting player 2 freeze to 1000
[2022-12-16 14:56:33] [SEVERE ] setting player 2 freeze to 0
[2022-12-16 14:56:34] [SEVERE ] setting player 2 freeze to 0
[2022-12-16 14:56:34] [SEVERE ] removing player 2 token from slot 8
[2022-12-16 14:56:34] [SEVERE ] player 2 placing token on slot 2
[2022-12-16 14:56:34] [SEVERE ] setting player 2 freeze to 3000
[2022-12-16 14:56:34] [SEVERE ] setting player 2 freeze to 2000
[2022-12-16 14:56:35] [SEVERE ] setting player 2 freeze to 1000
[2022-12-16 14:56:36] [SEVERE ] setting player 2 freeze to 0
[2022-12-16 14:56:37] [SEVERE ] setting player 2 freeze to 0
[2022-12-16 14:56:37] [SEVERE ] removing player 2 token from slot 7
[2022-12-16 14:56:37] [SEVERE ] player 2 placing token on slot 10
[2022-12-16 14:56:37] [SEVERE ] setting player 2 freeze to 3000
[2022-12-16 14:56:37] [SEVERE ] setting player 2 freeze to 2000
[2022-12-16 14:56:38] [SEVERE ] setting player 2 freeze to 1000
[2022-12-16 14:56:39] [SEVERE ] setting player 2 freeze to 0
[2022-12-16 14:56:40] [SEVERE ] setting player 2 freeze to 0
[2022-12-16 14:56:45] [SEVERE ] removing player 2 token from slot 2
[2022-12-16 14:56:46] [SEVERE ] removing player 2 token from slot 10
[2022-12-16 14:56:47] [SEVERE ] player 2 placing token on slot 4
[2022-12-16 14:56:48] [SEVERE ] player 2 placing token on slot 5
[2022-12-16 14:56:48] [SEVERE ] setting player 2 freeze to 3000
[2022-12-16 14:56:48] [SEVERE ] setting player 2 freeze to 2000
[2022-12-16 14:56:50] [SEVERE ] setting player 2 freeze to 1000
[2022-12-16 14:56:51] [SEVERE ] setting player 2 freeze to 0
[2022-12-16 14:56:51] [SEVERE ] setting player 2 freeze to 0
[2022-12-16 14:56:51] [SEVERE ] removing player 2 token from slot 3
[2022-12-16 14:56:51] [SEVERE ] player 2 placing token on slot 2
[2022-12-16 14:56:51] [SEVERE ] removing player 2 token from slot 5
[2022-12-16 14:56:51] [SEVERE ] setting player 2 freeze to 3000
