[2022-12-14 15:14:35] [INFO   ] cannot read configuration file config.properties trying from resources.
[2022-12-14 15:14:35] [INFO   ] configuration file was loaded from resources directory.
[2022-12-14 15:14:35] [INFO   ] Thread dealer starting.
[2022-12-14 15:14:35] [SEVERE ] placing card 63 in slot 0
[2022-12-14 15:14:35] [SEVERE ] placing card 41 in slot 1
[2022-12-14 15:14:36] [SEVERE ] placing card 77 in slot 2
[2022-12-14 15:14:36] [SEVERE ] placing card 69 in slot 3
[2022-12-14 15:14:36] [SEVERE ] placing card 4 in slot 4
[2022-12-14 15:14:36] [SEVERE ] placing card 18 in slot 5
[2022-12-14 15:14:36] [SEVERE ] placing card 26 in slot 6
[2022-12-14 15:14:36] [SEVERE ] placing card 72 in slot 7
[2022-12-14 15:14:36] [SEVERE ] Key 85 was pressed by player 1
[2022-12-14 15:14:36] [SEVERE ] player 1 placing token on slot 0
[2022-12-14 15:14:36] [SEVERE ] placing card 35 in slot 8
[2022-12-14 15:14:36] [SEVERE ] placing card 50 in slot 9
[2022-12-14 15:14:36] [SEVERE ] placing card 13 in slot 10
[2022-12-14 15:14:37] [SEVERE ] placing card 17 in slot 11
[2022-12-14 15:14:37] [SEVERE ] Key 81 was pressed by player 0
[2022-12-14 15:14:37] [SEVERE ] player 0 placing token on slot 0
[2022-12-14 15:14:37] [SEVERE ] Key 87 was pressed by player 0
[2022-12-14 15:14:37] [SEVERE ] player 0 placing token on slot 1
[2022-12-14 15:14:37] [SEVERE ] Key 69 was pressed by player 0
[2022-12-14 15:14:37] [SEVERE ] player 0 placing token on slot 2
[2022-12-14 15:14:38] [SEVERE ] removing player 0 token from slot 0
[2022-12-14 15:14:38] [SEVERE ] removing player 0 token from slot 1
[2022-12-14 15:14:38] [SEVERE ] removing player 0 token from slot 2
[2022-12-14 15:14:38] [SEVERE ] setting player 0 score to 1
[2022-12-14 15:14:38] [INFO   ] Thread main terminated.
