[2022-12-16 11:13:04] [INFO   ] cannot read configuration file config.properties trying from resources.
[2022-12-16 11:13:04] [INFO   ] configuration file was loaded from resources directory.
[2022-12-16 11:13:05] [INFO   ] Thread dealer starting.
[2022-12-16 11:13:05] [SEVERE ] placing card 31 in slot 0
[2022-12-16 11:13:05] [SEVERE ] placing card 6 in slot 1
[2022-12-16 11:13:05] [SEVERE ] placing card 15 in slot 2
[2022-12-16 11:13:05] [SEVERE ] placing card 5 in slot 3
[2022-12-16 11:13:05] [SEVERE ] placing card 39 in slot 4
[2022-12-16 11:13:05] [SEVERE ] placing card 26 in slot 5
[2022-12-16 11:13:05] [SEVERE ] placing card 24 in slot 6
[2022-12-16 11:13:06] [SEVERE ] placing card 59 in slot 7
[2022-12-16 11:13:06] [SEVERE ] placing card 38 in slot 8
[2022-12-16 11:13:06] [SEVERE ] placing card 58 in slot 9
[2022-12-16 11:13:06] [SEVERE ] placing card 75 in slot 10
[2022-12-16 11:13:06] [SEVERE ] placing card 57 in slot 11
[2022-12-16 11:13:06] [INFO   ] Thread dealerstarting.
[2022-12-16 11:13:08] [SEVERE ] Key 81 was pressed by player 0
[2022-12-16 11:13:08] [SEVERE ] player 0 placing token on slot 0
[2022-12-16 11:13:08] [SEVERE ] Key 87 was pressed by player 0
[2022-12-16 11:13:08] [SEVERE ] player 0 placing token on slot 1
[2022-12-16 11:13:09] [SEVERE ] Key 69 was pressed by player 0
[2022-12-16 11:13:09] [SEVERE ] player 0 placing token on slot 2
