[2022-12-14 16:47:31] [INFO   ] cannot read configuration file config.properties trying from resources.
[2022-12-14 16:47:31] [INFO   ] configuration file was loaded from resources directory.
[2022-12-14 16:47:32] [INFO   ] Thread dealer starting.
[2022-12-14 16:47:32] [SEVERE ] placing card 37 in slot 0
[2022-12-14 16:47:32] [SEVERE ] placing card 72 in slot 1
[2022-12-14 16:47:32] [SEVERE ] placing card 80 in slot 2
[2022-12-14 16:47:33] [SEVERE ] placing card 48 in slot 3
[2022-12-14 16:47:33] [SEVERE ] placing card 76 in slot 4
[2022-12-14 16:47:33] [SEVERE ] placing card 10 in slot 5
[2022-12-14 16:47:33] [SEVERE ] placing card 53 in slot 6
[2022-12-14 16:47:33] [SEVERE ] placing card 1 in slot 7
[2022-12-14 16:47:33] [SEVERE ] placing card 70 in slot 8
[2022-12-14 16:47:33] [SEVERE ] placing card 15 in slot 9
[2022-12-14 16:47:33] [SEVERE ] placing card 47 in slot 10
[2022-12-14 16:47:33] [SEVERE ] placing card 7 in slot 11
[2022-12-14 16:47:40] [SEVERE ] Key 81 was pressed by player 0
[2022-12-14 16:47:40] [SEVERE ] player 0 placing token on slot 0
[2022-12-14 16:47:40] [SEVERE ] Key 87 was pressed by player 0
[2022-12-14 16:47:40] [SEVERE ] player 0 placing token on slot 1
[2022-12-14 16:47:40] [SEVERE ] Key 69 was pressed by player 0
[2022-12-14 16:47:40] [SEVERE ] player 0 placing token on slot 2
[2022-12-14 16:47:40] [SEVERE ] setting player 0 freeze to 3000
