[2022-12-16 16:37:04] [INFO   ] cannot read configuration file config.properties trying from resources.
[2022-12-16 16:37:04] [INFO   ] configuration file was loaded from resources directory.
[2022-12-16 16:37:05] [INFO   ] Thread dealer starting.
[2022-12-16 16:37:05] [INFO   ] Thread Thread-1starting.
[2022-12-16 16:37:05] [INFO   ] Thread Thread-2starting.
[2022-12-16 16:37:05] [INFO   ] Thread Thread-3starting.
[2022-12-16 16:37:05] [INFO   ] Thread Thread-0starting.
[2022-12-16 16:37:05] [INFO   ] Thread computer-3 starting.
[2022-12-16 16:37:05] [INFO   ] Thread computer-2 starting.
[2022-12-16 16:37:05] [SEVERE ] placing card 67 in slot 0
[2022-12-16 16:37:05] [SEVERE ] placing card 75 in slot 1
[2022-12-16 16:37:05] [SEVERE ] Key 81 was pressed by player 0
[2022-12-16 16:37:05] [SEVERE ] player 0 placing token on slot 0
[2022-12-16 16:37:05] [SEVERE ] placing card 43 in slot 2
[2022-12-16 16:37:05] [SEVERE ] player 3 placing token on slot 9
[2022-12-16 16:37:05] [SEVERE ] player 2 placing token on slot 3
[2022-12-16 16:37:05] [SEVERE ] placing card 36 in slot 3
[2022-12-16 16:37:06] [SEVERE ] placing card 8 in slot 4
[2022-12-16 16:37:06] [SEVERE ] Key 83 was pressed by player 0
[2022-12-16 16:37:06] [SEVERE ] player 0 placing token on slot 5
[2022-12-16 16:37:06] [SEVERE ] Key 68 was pressed by player 0
[2022-12-16 16:37:06] [SEVERE ] placing card 32 in slot 5
[2022-12-16 16:37:06] [SEVERE ] placing card 13 in slot 6
[2022-12-16 16:37:06] [SEVERE ] player 3 placing token on slot 11
[2022-12-16 16:37:06] [SEVERE ] Key 70 was pressed by player 0
[2022-12-16 16:37:06] [SEVERE ] player 2 placing token on slot 4
[2022-12-16 16:37:06] [SEVERE ] placing card 35 in slot 7
[2022-12-16 16:37:07] [SEVERE ] placing card 39 in slot 8
[2022-12-16 16:37:07] [SEVERE ] placing card 7 in slot 9
[2022-12-16 16:37:07] [SEVERE ] Key 86 was pressed by player 0
[2022-12-16 16:37:07] [SEVERE ] Key 67 was pressed by player 0
[2022-12-16 16:37:07] [SEVERE ] placing card 18 in slot 10
[2022-12-16 16:37:07] [SEVERE ] player 2 placing token on slot 5
[2022-12-16 16:37:07] [SEVERE ] setting player 2 freeze to 3000
[2022-12-16 16:37:07] [SEVERE ] placing card 23 in slot 11
[2022-12-16 16:37:08] [SEVERE ] setting player 2 freeze to 2000
[2022-12-16 16:37:08] [SEVERE ] Exit button pressed
[2022-12-16 16:37:09] [SEVERE ] setting player 2 freeze to 1000
[2022-12-16 16:37:09] [SEVERE ] removing tokens from slot 0
[2022-12-16 16:37:09] [SEVERE ] removing card from slot 0
[2022-12-16 16:37:10] [SEVERE ] removing tokens from slot 1
[2022-12-16 16:37:10] [SEVERE ] removing card from slot 1
[2022-12-16 16:37:10] [SEVERE ] removing tokens from slot 2
[2022-12-16 16:37:10] [SEVERE ] removing card from slot 2
[2022-12-16 16:37:10] [SEVERE ] setting player 2 freeze to 0
[2022-12-16 16:37:10] [SEVERE ] removing tokens from slot 3
[2022-12-16 16:37:10] [SEVERE ] removing card from slot 3
[2022-12-16 16:37:10] [SEVERE ] removing tokens from slot 4
[2022-12-16 16:37:10] [SEVERE ] removing card from slot 4
[2022-12-16 16:37:10] [SEVERE ] removing tokens from slot 5
[2022-12-16 16:37:10] [SEVERE ] removing card from slot 5
[2022-12-16 16:37:11] [SEVERE ] removing tokens from slot 6
[2022-12-16 16:37:11] [SEVERE ] removing card from slot 6
[2022-12-16 16:37:11] [SEVERE ] removing tokens from slot 7
[2022-12-16 16:37:11] [SEVERE ] removing card from slot 7
[2022-12-16 16:37:11] [SEVERE ] removing tokens from slot 8
[2022-12-16 16:37:11] [SEVERE ] removing card from slot 8
[2022-12-16 16:37:11] [SEVERE ] removing tokens from slot 9
[2022-12-16 16:37:11] [SEVERE ] removing card from slot 9
[2022-12-16 16:37:12] [SEVERE ] removing tokens from slot 10
[2022-12-16 16:37:12] [SEVERE ] removing card from slot 10
[2022-12-16 16:37:12] [SEVERE ] removing tokens from slot 11
[2022-12-16 16:37:12] [SEVERE ] removing card from slot 11
[2022-12-16 16:37:12] [INFO   ] Thread Thread-1 terminated.
[2022-12-16 16:37:12] [SEVERE ] announcing winners: [0, 1, 2, 3]
[2022-12-16 16:37:12] [INFO   ] Thread dealer terminated.
[2022-12-16 16:37:12] [INFO   ] Thread main terminated.
