[2022-12-16 14:05:04] [INFO   ] cannot read configuration file config.properties trying from resources.
[2022-12-16 14:05:04] [INFO   ] configuration file was loaded from resources directory.
[2022-12-16 14:05:05] [INFO   ] Thread dealer starting.
[2022-12-16 14:05:05] [INFO   ] Thread Thread-0starting.
[2022-12-16 14:05:05] [INFO   ] Thread Thread-1starting.
[2022-12-16 14:05:05] [SEVERE ] placing card 15 in slot 0
[2022-12-16 14:05:05] [SEVERE ] placing card 59 in slot 1
[2022-12-16 14:05:05] [SEVERE ] placing card 61 in slot 2
[2022-12-16 14:05:05] [SEVERE ] placing card 76 in slot 3
[2022-12-16 14:05:05] [SEVERE ] placing card 60 in slot 4
[2022-12-16 14:05:05] [SEVERE ] placing card 37 in slot 5
[2022-12-16 14:05:05] [SEVERE ] placing card 14 in slot 6
[2022-12-16 14:05:06] [SEVERE ] placing card 50 in slot 7
[2022-12-16 14:05:06] [SEVERE ] placing card 3 in slot 8
[2022-12-16 14:05:06] [SEVERE ] placing card 48 in slot 9
[2022-12-16 14:05:06] [SEVERE ] placing card 23 in slot 10
[2022-12-16 14:05:06] [SEVERE ] placing card 16 in slot 11
[2022-12-16 14:05:07] [SEVERE ] Key 81 was pressed by player 0
[2022-12-16 14:05:07] [SEVERE ] player 0 placing token on slot 0
[2022-12-16 14:05:07] [SEVERE ] Key 87 was pressed by player 0
[2022-12-16 14:05:07] [SEVERE ] player 0 placing token on slot 1
[2022-12-16 14:05:08] [SEVERE ] Key 69 was pressed by player 0
[2022-12-16 14:05:08] [SEVERE ] player 0 placing token on slot 2
[2022-12-16 14:05:08] [SEVERE ] setting player 0 freeze to 3000
[2022-12-16 14:05:08] [SEVERE ] setting player 0 freeze to 2000
[2022-12-16 14:05:09] [SEVERE ] setting player 0 freeze to 1000
[2022-12-16 14:05:10] [SEVERE ] setting player 0 freeze to 0
[2022-12-16 14:05:10] [SEVERE ] Key 69 was pressed by player 0
[2022-12-16 14:05:10] [SEVERE ] Key 69 was pressed by player 0
[2022-12-16 14:05:11] [SEVERE ] setting player 0 freeze to 0
[2022-12-16 14:05:11] [SEVERE ] removing player 0 token from slot 2
[2022-12-16 14:05:11] [SEVERE ] player 0 placing token on slot 2
[2022-12-16 14:05:11] [SEVERE ] setting player 0 freeze to 3000
[2022-12-16 14:05:11] [SEVERE ] setting player 0 freeze to -1000
[2022-12-16 14:05:12] [SEVERE ] setting player 0 freeze to -2000
