[2022-12-16 15:39:16] [INFO   ] cannot read configuration file config.properties trying from resources.
[2022-12-16 15:39:16] [INFO   ] configuration file was loaded from resources directory.
[2022-12-16 15:39:17] [INFO   ] Thread dealer starting.
[2022-12-16 15:39:17] [INFO   ] Thread Thread-0starting.
[2022-12-16 15:39:17] [INFO   ] Thread Thread-2starting.
[2022-12-16 15:39:17] [INFO   ] Thread Thread-1starting.
[2022-12-16 15:39:17] [INFO   ] Thread computer-2 starting.
[2022-12-16 15:39:17] [SEVERE ] player 2 placing token on slot 6
[2022-12-16 15:39:18] [SEVERE ] placing card 7 in slot 0
[2022-12-16 15:39:18] [SEVERE ] placing card 57 in slot 1
[2022-12-16 15:39:18] [SEVERE ] placing card 73 in slot 2
[2022-12-16 15:39:18] [SEVERE ] player 2 placing token on slot 3
[2022-12-16 15:39:18] [SEVERE ] placing card 54 in slot 3
[2022-12-16 15:39:18] [SEVERE ] placing card 13 in slot 4
[2022-12-16 15:39:19] [SEVERE ] placing card 28 in slot 5
[2022-12-16 15:39:19] [SEVERE ] placing card 10 in slot 6
[2022-12-16 15:39:19] [SEVERE ] placing card 50 in slot 7
[2022-12-16 15:39:19] [SEVERE ] placing card 9 in slot 8
[2022-12-16 15:39:20] [SEVERE ] placing card 23 in slot 9
[2022-12-16 15:39:20] [SEVERE ] placing card 55 in slot 10
[2022-12-16 15:39:20] [SEVERE ] placing card 40 in slot 11
[2022-12-16 15:39:33] [SEVERE ] Exit button pressed
[2022-12-16 15:39:34] [SEVERE ] removing tokens from slot 0
[2022-12-16 15:39:34] [SEVERE ] removing card from slot 0
[2022-12-16 15:39:35] [SEVERE ] removing tokens from slot 1
[2022-12-16 15:39:35] [SEVERE ] removing card from slot 1
[2022-12-16 15:39:35] [SEVERE ] removing tokens from slot 2
[2022-12-16 15:39:35] [SEVERE ] removing card from slot 2
[2022-12-16 15:39:35] [SEVERE ] removing tokens from slot 3
[2022-12-16 15:39:35] [SEVERE ] removing card from slot 3
[2022-12-16 15:39:35] [SEVERE ] removing tokens from slot 4
[2022-12-16 15:39:35] [SEVERE ] removing card from slot 4
[2022-12-16 15:39:35] [SEVERE ] removing tokens from slot 5
[2022-12-16 15:39:35] [SEVERE ] removing card from slot 5
[2022-12-16 15:39:36] [SEVERE ] removing tokens from slot 6
[2022-12-16 15:39:36] [SEVERE ] removing card from slot 6
[2022-12-16 15:39:36] [SEVERE ] removing tokens from slot 7
[2022-12-16 15:39:36] [SEVERE ] removing card from slot 7
[2022-12-16 15:39:36] [SEVERE ] removing tokens from slot 8
[2022-12-16 15:39:36] [SEVERE ] removing card from slot 8
[2022-12-16 15:39:36] [SEVERE ] removing tokens from slot 9
[2022-12-16 15:39:36] [SEVERE ] removing card from slot 9
[2022-12-16 15:39:36] [SEVERE ] removing tokens from slot 10
[2022-12-16 15:39:36] [SEVERE ] removing card from slot 10
[2022-12-16 15:39:37] [SEVERE ] removing tokens from slot 11
[2022-12-16 15:39:37] [SEVERE ] removing card from slot 11
[2022-12-16 15:39:37] [INFO   ] Thread Thread-0 terminated.
[2022-12-16 15:39:37] [INFO   ] Thread Thread-1 terminated.
[2022-12-16 15:39:37] [INFO   ] Thread main terminated.
