[2022-12-14 15:26:12] [INFO   ] cannot read configuration file config.properties trying from resources.
[2022-12-14 15:26:12] [INFO   ] configuration file was loaded from resources directory.
[2022-12-14 15:26:13] [INFO   ] Thread dealer starting.
[2022-12-14 15:26:13] [SEVERE ] placing card 66 in slot 0
[2022-12-14 15:26:13] [SEVERE ] placing card 67 in slot 1
[2022-12-14 15:26:13] [SEVERE ] placing card 44 in slot 2
[2022-12-14 15:26:13] [SEVERE ] placing card 42 in slot 3
[2022-12-14 15:26:13] [SEVERE ] placing card 52 in slot 4
[2022-12-14 15:26:14] [SEVERE ] placing card 6 in slot 5
[2022-12-14 15:26:14] [SEVERE ] placing card 65 in slot 6
[2022-12-14 15:26:14] [SEVERE ] placing card 53 in slot 7
[2022-12-14 15:26:14] [SEVERE ] placing card 5 in slot 8
[2022-12-14 15:26:14] [SEVERE ] placing card 51 in slot 9
[2022-12-14 15:26:14] [SEVERE ] placing card 7 in slot 10
[2022-12-14 15:26:14] [SEVERE ] placing card 41 in slot 11
[2022-12-14 15:27:14] [SEVERE ] removing tokens from slot 0
[2022-12-14 15:27:14] [SEVERE ] removing card from slot 0
[2022-12-14 15:27:14] [SEVERE ] removing tokens from slot 1
[2022-12-14 15:27:14] [SEVERE ] removing card from slot 1
[2022-12-14 15:27:14] [SEVERE ] removing tokens from slot 2
[2022-12-14 15:27:14] [SEVERE ] removing card from slot 2
[2022-12-14 15:27:14] [SEVERE ] removing tokens from slot 3
[2022-12-14 15:27:14] [SEVERE ] removing card from slot 3
[2022-12-14 15:27:14] [SEVERE ] removing tokens from slot 4
[2022-12-14 15:27:14] [SEVERE ] removing card from slot 4
[2022-12-14 15:27:14] [SEVERE ] removing tokens from slot 5
[2022-12-14 15:27:14] [SEVERE ] removing card from slot 5
[2022-12-14 15:27:14] [SEVERE ] removing tokens from slot 6
[2022-12-14 15:27:14] [SEVERE ] removing card from slot 6
[2022-12-14 15:27:15] [SEVERE ] removing tokens from slot 7
[2022-12-14 15:27:15] [SEVERE ] removing card from slot 7
[2022-12-14 15:27:15] [SEVERE ] removing tokens from slot 8
[2022-12-14 15:27:15] [SEVERE ] removing card from slot 8
[2022-12-14 15:27:15] [SEVERE ] removing tokens from slot 9
[2022-12-14 15:27:15] [SEVERE ] removing card from slot 9
[2022-12-14 15:27:15] [SEVERE ] removing tokens from slot 10
[2022-12-14 15:27:15] [SEVERE ] removing card from slot 10
[2022-12-14 15:27:15] [SEVERE ] removing tokens from slot 11
[2022-12-14 15:27:15] [SEVERE ] removing card from slot 11
[2022-12-14 15:27:15] [SEVERE ] placing card 10 in slot 0
[2022-12-14 15:27:15] [SEVERE ] placing card 49 in slot 1
[2022-12-14 15:27:15] [SEVERE ] placing card 29 in slot 2
[2022-12-14 15:27:15] [SEVERE ] placing card 56 in slot 3
[2022-12-14 15:27:16] [SEVERE ] placing card 69 in slot 4
[2022-12-14 15:27:16] [SEVERE ] placing card 1 in slot 5
[2022-12-14 15:27:16] [SEVERE ] placing card 20 in slot 6
[2022-12-14 15:27:16] [SEVERE ] placing card 37 in slot 7
[2022-12-14 15:27:16] [SEVERE ] placing card 23 in slot 8
[2022-12-14 15:27:16] [SEVERE ] placing card 24 in slot 9
[2022-12-14 15:27:16] [SEVERE ] placing card 25 in slot 10
[2022-12-14 15:27:16] [SEVERE ] placing card 43 in slot 11
[2022-12-14 15:27:30] [SEVERE ] Key 90 was pressed by player 0
[2022-12-14 15:27:30] [SEVERE ] player 0 placing token on slot 8
[2022-12-14 15:27:31] [SEVERE ] Key 88 was pressed by player 0
[2022-12-14 15:27:31] [SEVERE ] player 0 placing token on slot 9
[2022-12-14 15:27:33] [SEVERE ] Key 73 was pressed by player 1
[2022-12-14 15:27:33] [SEVERE ] player 1 placing token on slot 1
[2022-12-14 15:27:33] [SEVERE ] Key 73 was pressed by player 1
[2022-12-14 15:27:33] [SEVERE ] removing player 1 token from slot 1
[2022-12-14 15:27:34] [SEVERE ] Key 75 was pressed by player 1
[2022-12-14 15:27:34] [SEVERE ] player 1 placing token on slot 5
[2022-12-14 15:27:34] [SEVERE ] Key 73 was pressed by player 1
[2022-12-14 15:27:34] [SEVERE ] player 1 placing token on slot 1
[2022-12-14 15:27:36] [SEVERE ] Key 68 was pressed by player 0
[2022-12-14 15:27:36] [SEVERE ] player 0 placing token on slot 6
[2022-12-14 15:27:36] [SEVERE ] Key 68 was pressed by player 0
[2022-12-14 15:27:36] [SEVERE ] removing player 0 token from slot 6
[2022-12-14 15:27:37] [SEVERE ] Key 83 was pressed by player 0
[2022-12-14 15:27:37] [SEVERE ] player 0 placing token on slot 5
[2022-12-14 15:27:39] [SEVERE ] Key 83 was pressed by player 0
[2022-12-14 15:27:39] [SEVERE ] removing player 0 token from slot 5
[2022-12-14 15:27:39] [SEVERE ] Key 83 was pressed by player 0
[2022-12-14 15:27:39] [SEVERE ] player 0 placing token on slot 5
[2022-12-14 15:27:48] [SEVERE ] Key 90 was pressed by player 0
[2022-12-14 15:27:48] [SEVERE ] removing player 0 token from slot 8
[2022-12-14 15:27:49] [SEVERE ] Key 81 was pressed by player 0
[2022-12-14 15:27:49] [SEVERE ] player 0 placing token on slot 0
[2022-12-14 15:27:51] [SEVERE ] Key 88 was pressed by player 0
[2022-12-14 15:27:51] [SEVERE ] removing player 0 token from slot 9
[2022-12-14 15:27:51] [SEVERE ] Key 68 was pressed by player 0
[2022-12-14 15:27:51] [SEVERE ] player 0 placing token on slot 6
[2022-12-14 15:28:16] [SEVERE ] removing tokens from slot 0
[2022-12-14 15:28:16] [SEVERE ] removing card from slot 0
[2022-12-14 15:28:16] [SEVERE ] removing tokens from slot 1
[2022-12-14 15:28:16] [SEVERE ] removing card from slot 1
[2022-12-14 15:28:16] [SEVERE ] removing tokens from slot 2
[2022-12-14 15:28:16] [SEVERE ] removing card from slot 2
[2022-12-14 15:28:16] [SEVERE ] removing tokens from slot 3
[2022-12-14 15:28:16] [SEVERE ] removing card from slot 3
[2022-12-14 15:28:16] [SEVERE ] removing tokens from slot 4
[2022-12-14 15:28:16] [SEVERE ] removing card from slot 4
[2022-12-14 15:28:16] [SEVERE ] removing tokens from slot 5
[2022-12-14 15:28:16] [SEVERE ] removing card from slot 5
[2022-12-14 15:28:17] [SEVERE ] removing tokens from slot 6
[2022-12-14 15:28:17] [SEVERE ] removing card from slot 6
[2022-12-14 15:28:17] [SEVERE ] removing tokens from slot 7
[2022-12-14 15:28:17] [SEVERE ] removing card from slot 7
[2022-12-14 15:28:17] [SEVERE ] removing tokens from slot 8
[2022-12-14 15:28:17] [SEVERE ] removing card from slot 8
[2022-12-14 15:28:17] [SEVERE ] removing tokens from slot 9
[2022-12-14 15:28:17] [SEVERE ] removing card from slot 9
[2022-12-14 15:28:17] [SEVERE ] removing tokens from slot 10
[2022-12-14 15:28:17] [SEVERE ] removing card from slot 10
[2022-12-14 15:28:17] [SEVERE ] removing tokens from slot 11
[2022-12-14 15:28:17] [SEVERE ] removing card from slot 11
[2022-12-14 15:28:17] [SEVERE ] placing card 30 in slot 0
[2022-12-14 15:28:17] [SEVERE ] placing card 27 in slot 1
[2022-12-14 15:28:17] [SEVERE ] placing card 16 in slot 2
[2022-12-14 15:28:18] [SEVERE ] placing card 26 in slot 3
[2022-12-14 15:28:18] [SEVERE ] placing card 4 in slot 4
[2022-12-14 15:28:18] [SEVERE ] placing card 9 in slot 5
[2022-12-14 15:28:18] [SEVERE ] placing card 18 in slot 6
[2022-12-14 15:28:18] [SEVERE ] placing card 58 in slot 7
[2022-12-14 15:28:18] [SEVERE ] placing card 71 in slot 8
[2022-12-14 15:28:18] [SEVERE ] placing card 32 in slot 9
[2022-12-14 15:28:18] [SEVERE ] placing card 11 in slot 10
[2022-12-14 15:28:18] [SEVERE ] placing card 48 in slot 11
[2022-12-14 15:28:56] [SEVERE ] Key 87 was pressed by player 0
[2022-12-14 15:28:56] [SEVERE ] player 0 placing token on slot 1
[2022-12-14 15:28:57] [SEVERE ] Key 82 was pressed by player 0
[2022-12-14 15:28:57] [SEVERE ] player 0 placing token on slot 3
[2022-12-14 15:28:59] [SEVERE ] Key 85 was pressed by player 1
[2022-12-14 15:28:59] [SEVERE ] player 1 placing token on slot 0
[2022-12-14 15:28:59] [SEVERE ] Key 85 was pressed by player 1
[2022-12-14 15:28:59] [SEVERE ] removing player 1 token from slot 0
[2022-12-14 15:28:59] [SEVERE ] Key 73 was pressed by player 1
[2022-12-14 15:28:59] [SEVERE ] player 1 placing token on slot 1
[2022-12-14 15:29:00] [SEVERE ] Key 85 was pressed by player 1
[2022-12-14 15:29:00] [SEVERE ] player 1 placing token on slot 0
[2022-12-14 15:29:02] [SEVERE ] Key 70 was pressed by player 0
[2022-12-14 15:29:02] [SEVERE ] player 0 placing token on slot 7
[2022-12-14 15:29:18] [SEVERE ] removing tokens from slot 0
[2022-12-14 15:29:18] [SEVERE ] removing card from slot 0
[2022-12-14 15:29:18] [SEVERE ] removing tokens from slot 1
[2022-12-14 15:29:18] [SEVERE ] removing card from slot 1
[2022-12-14 15:29:18] [SEVERE ] removing tokens from slot 2
[2022-12-14 15:29:18] [SEVERE ] removing card from slot 2
[2022-12-14 15:29:18] [SEVERE ] removing tokens from slot 3
[2022-12-14 15:29:18] [SEVERE ] removing card from slot 3
[2022-12-14 15:29:19] [SEVERE ] removing tokens from slot 4
[2022-12-14 15:29:19] [SEVERE ] removing card from slot 4
[2022-12-14 15:29:19] [SEVERE ] removing tokens from slot 5
[2022-12-14 15:29:19] [SEVERE ] removing card from slot 5
[2022-12-14 15:29:19] [SEVERE ] removing tokens from slot 6
[2022-12-14 15:29:19] [SEVERE ] removing card from slot 6
[2022-12-14 15:29:19] [SEVERE ] removing tokens from slot 7
[2022-12-14 15:29:19] [SEVERE ] removing card from slot 7
[2022-12-14 15:29:19] [SEVERE ] removing tokens from slot 8
[2022-12-14 15:29:19] [SEVERE ] removing card from slot 8
[2022-12-14 15:29:19] [SEVERE ] removing tokens from slot 9
[2022-12-14 15:29:19] [SEVERE ] removing card from slot 9
[2022-12-14 15:29:19] [SEVERE ] removing tokens from slot 10
[2022-12-14 15:29:19] [SEVERE ] removing card from slot 10
[2022-12-14 15:29:19] [SEVERE ] removing tokens from slot 11
[2022-12-14 15:29:19] [SEVERE ] removing card from slot 11
[2022-12-14 15:29:19] [SEVERE ] placing card 8 in slot 0
[2022-12-14 15:29:19] [SEVERE ] placing card 57 in slot 1
[2022-12-14 15:29:20] [SEVERE ] placing card 15 in slot 2
[2022-12-14 15:29:20] [SEVERE ] placing card 31 in slot 3
[2022-12-14 15:29:20] [SEVERE ] placing card 59 in slot 4
[2022-12-14 15:29:20] [SEVERE ] placing card 63 in slot 5
[2022-12-14 15:29:20] [SEVERE ] placing card 19 in slot 6
[2022-12-14 15:29:20] [SEVERE ] placing card 46 in slot 7
[2022-12-14 15:29:20] [SEVERE ] placing card 3 in slot 8
[2022-12-14 15:29:20] [SEVERE ] placing card 35 in slot 9
[2022-12-14 15:29:20] [SEVERE ] placing card 72 in slot 10
[2022-12-14 15:29:21] [SEVERE ] placing card 54 in slot 11
[2022-12-14 15:29:27] [SEVERE ] Key 83 was pressed by player 0
[2022-12-14 15:29:27] [SEVERE ] player 0 placing token on slot 5
[2022-12-14 15:29:28] [SEVERE ] Key 67 was pressed by player 0
[2022-12-14 15:29:28] [SEVERE ] player 0 placing token on slot 10
[2022-12-14 15:29:29] [SEVERE ] Key 74 was pressed by player 1
[2022-12-14 15:29:29] [SEVERE ] player 1 placing token on slot 4
[2022-12-14 15:29:29] [SEVERE ] Key 74 was pressed by player 1
[2022-12-14 15:29:29] [SEVERE ] removing player 1 token from slot 4
[2022-12-14 15:29:30] [SEVERE ] Key 74 was pressed by player 1
[2022-12-14 15:29:30] [SEVERE ] player 1 placing token on slot 4
[2022-12-14 15:29:30] [SEVERE ] Key 75 was pressed by player 1
[2022-12-14 15:29:30] [SEVERE ] player 1 placing token on slot 5
[2022-12-14 15:29:31] [SEVERE ] Key 86 was pressed by player 0
[2022-12-14 15:29:31] [SEVERE ] player 0 placing token on slot 11
[2022-12-14 15:29:32] [SEVERE ] removing player 0 token from slot 5
[2022-12-14 15:29:32] [SEVERE ] removing player 0 token from slot 10
[2022-12-14 15:29:32] [SEVERE ] removing player 0 token from slot 11
[2022-12-14 15:29:32] [SEVERE ] setting player 0 score to 1
[2022-12-14 15:29:32] [SEVERE ] removing player 1 token from slot 1
[2022-12-14 15:29:32] [SEVERE ] removing tokens from slot 5
[2022-12-14 15:29:32] [SEVERE ] removing card from slot 5
[2022-12-14 15:29:32] [SEVERE ] removing tokens from slot 10
[2022-12-14 15:29:32] [SEVERE ] removing card from slot 10
[2022-12-14 15:29:32] [SEVERE ] removing tokens from slot 11
[2022-12-14 15:29:32] [SEVERE ] removing card from slot 11
[2022-12-14 15:29:32] [SEVERE ] removing tokens from slot 0
[2022-12-14 15:29:32] [SEVERE ] removing card from slot 0
[2022-12-14 15:29:32] [SEVERE ] placing card 55 in slot 0
[2022-12-14 15:29:32] [SEVERE ] placing card 13 in slot 5
[2022-12-14 15:29:32] [SEVERE ] placing card 80 in slot 10
[2022-12-14 15:29:33] [SEVERE ] placing card 38 in slot 11
