[2022-12-16 14:46:01] [INFO   ] cannot read configuration file config.properties trying from resources.
[2022-12-16 14:46:01] [INFO   ] configuration file was loaded from resources directory.
[2022-12-16 14:46:02] [INFO   ] Thread dealer starting.
[2022-12-16 14:46:02] [INFO   ] Thread Thread-0starting.
[2022-12-16 14:46:02] [INFO   ] Thread Thread-1starting.
[2022-12-16 14:46:02] [INFO   ] Thread Thread-2starting.
[2022-12-16 14:46:02] [INFO   ] Thread computer-2 starting.
[2022-12-16 14:46:02] [SEVERE ] player 2 placing token on slot 0
[2022-12-16 14:46:02] [SEVERE ] placing card 32 in slot 0
[2022-12-16 14:46:02] [SEVERE ] placing card 21 in slot 1
[2022-12-16 14:46:03] [SEVERE ] placing card 29 in slot 2
[2022-12-16 14:46:03] [SEVERE ] placing card 73 in slot 3
[2022-12-16 14:46:03] [SEVERE ] placing card 61 in slot 4
[2022-12-16 14:46:03] [SEVERE ] placing card 4 in slot 5
[2022-12-16 14:46:03] [SEVERE ] placing card 19 in slot 6
[2022-12-16 14:46:03] [SEVERE ] placing card 34 in slot 7
[2022-12-16 14:46:03] [SEVERE ] placing card 2 in slot 8
[2022-12-16 14:46:03] [SEVERE ] player 2 placing token on slot 7
[2022-12-16 14:46:03] [SEVERE ] placing card 35 in slot 9
[2022-12-16 14:46:03] [SEVERE ] placing card 57 in slot 10
[2022-12-16 14:46:04] [SEVERE ] placing card 75 in slot 11
[2022-12-16 14:46:04] [SEVERE ] player 2 placing token on slot 3
[2022-12-16 14:46:04] [SEVERE ] setting player 2 freeze to 3000
[2022-12-16 14:46:05] [SEVERE ] setting player 2 freeze to 2000
[2022-12-16 14:46:06] [SEVERE ] setting player 2 freeze to 1000
[2022-12-16 14:46:07] [SEVERE ] setting player 2 freeze to 0
[2022-12-16 14:46:07] [SEVERE ] setting player 2 freeze to 0
[2022-12-16 14:46:12] [SEVERE ] removing player 2 token from slot 3
[2022-12-16 14:46:13] [SEVERE ] player 2 placing token on slot 9
[2022-12-16 14:46:13] [SEVERE ] setting player 2 freeze to 3000
[2022-12-16 14:46:14] [SEVERE ] setting player 2 freeze to 2000
[2022-12-16 14:46:15] [SEVERE ] setting player 2 freeze to 1000
[2022-12-16 14:46:16] [SEVERE ] setting player 2 freeze to 0
[2022-12-16 14:46:16] [SEVERE ] setting player 2 freeze to 0
