[2022-12-16 15:59:38] [INFO   ] cannot read configuration file config.properties trying from resources.
[2022-12-16 15:59:38] [INFO   ] configuration file was loaded from resources directory.
[2022-12-16 15:59:39] [INFO   ] Thread dealer starting.
[2022-12-16 15:59:39] [INFO   ] Thread Thread-1starting.
[2022-12-16 15:59:39] [INFO   ] Thread Thread-2starting.
[2022-12-16 15:59:39] [INFO   ] Thread Thread-0starting.
[2022-12-16 15:59:39] [INFO   ] Thread Thread-3starting.
[2022-12-16 15:59:39] [INFO   ] Thread computer-3 starting.
[2022-12-16 15:59:39] [INFO   ] Thread computer-2 starting.
[2022-12-16 15:59:40] [SEVERE ] placing card 12 in slot 0
[2022-12-16 15:59:40] [SEVERE ] placing card 26 in slot 1
[2022-12-16 15:59:40] [SEVERE ] placing card 68 in slot 2
[2022-12-16 15:59:40] [SEVERE ] placing card 61 in slot 3
[2022-12-16 15:59:40] [SEVERE ] placing card 40 in slot 4
[2022-12-16 15:59:40] [SEVERE ] placing card 36 in slot 5
[2022-12-16 15:59:40] [SEVERE ] placing card 73 in slot 6
[2022-12-16 15:59:40] [SEVERE ] placing card 18 in slot 7
[2022-12-16 15:59:40] [SEVERE ] placing card 2 in slot 8
[2022-12-16 15:59:41] [SEVERE ] placing card 16 in slot 9
[2022-12-16 15:59:41] [SEVERE ] placing card 32 in slot 10
[2022-12-16 15:59:41] [SEVERE ] placing card 42 in slot 11
[2022-12-16 16:00:35] [SEVERE ] player 2 placing token on slot 1
[2022-12-16 16:00:35] [SEVERE ] player 2 placing token on slot 10
[2022-12-16 16:00:35] [SEVERE ] player 2 placing token on slot 9
[2022-12-16 16:00:35] [SEVERE ] removing player 2 token from slot 1
[2022-12-16 16:00:35] [SEVERE ] removing player 2 token from slot 9
[2022-12-16 16:00:35] [SEVERE ] player 2 placing token on slot 2
[2022-12-16 16:00:35] [SEVERE ] removing player 2 token from slot 10
[2022-12-16 16:00:35] [SEVERE ] player 2 placing token on slot 5
[2022-12-16 16:00:35] [SEVERE ] player 2 placing token on slot 11
[2022-12-16 16:00:35] [SEVERE ] removing player 2 token from slot 2
[2022-12-16 16:00:35] [SEVERE ] player 2 placing token on slot 7
[2022-12-16 16:00:35] [SEVERE ] removing player 2 token from slot 11
[2022-12-16 16:00:35] [SEVERE ] removing player 2 token from slot 5
[2022-12-16 16:00:35] [SEVERE ] removing player 2 token from slot 7
[2022-12-16 16:00:35] [SEVERE ] player 2 placing token on slot 7
[2022-12-16 16:00:35] [SEVERE ] player 2 placing token on slot 9
[2022-12-16 16:00:35] [SEVERE ] player 2 placing token on slot 1
[2022-12-16 16:00:35] [SEVERE ] removing player 2 token from slot 1
[2022-12-16 16:00:35] [SEVERE ] player 2 placing token on slot 1
[2022-12-16 16:00:35] [SEVERE ] removing player 2 token from slot 1
[2022-12-16 16:00:35] [SEVERE ] player 2 placing token on slot 6
[2022-12-16 16:00:35] [SEVERE ] setting player 2 freeze to 3000
[2022-12-16 16:00:38] [SEVERE ] setting player 2 freeze to 0
[2022-12-16 16:00:38] [SEVERE ] removing player 2 token from slot 9
[2022-12-16 16:00:39] [SEVERE ] player 2 placing token on slot 4
[2022-12-16 16:00:39] [SEVERE ] setting player 2 freeze to 3000
[2022-12-16 16:00:41] [SEVERE ] setting player 2 freeze to 2000
[2022-12-16 16:00:41] [SEVERE ] removing tokens from slot 0
[2022-12-16 16:00:41] [SEVERE ] removing card from slot 0
[2022-12-16 16:00:41] [SEVERE ] removing tokens from slot 1
[2022-12-16 16:00:41] [SEVERE ] removing card from slot 1
[2022-12-16 16:00:41] [SEVERE ] removing tokens from slot 2
[2022-12-16 16:00:41] [SEVERE ] removing card from slot 2
[2022-12-16 16:00:41] [SEVERE ] removing tokens from slot 3
[2022-12-16 16:00:41] [SEVERE ] removing card from slot 3
[2022-12-16 16:00:41] [SEVERE ] removing tokens from slot 4
[2022-12-16 16:00:41] [SEVERE ] removing card from slot 4
[2022-12-16 16:00:42] [SEVERE ] removing tokens from slot 5
[2022-12-16 16:00:42] [SEVERE ] removing card from slot 5
[2022-12-16 16:00:42] [SEVERE ] removing tokens from slot 6
[2022-12-16 16:00:42] [SEVERE ] removing card from slot 6
[2022-12-16 16:00:42] [SEVERE ] removing tokens from slot 7
[2022-12-16 16:00:42] [SEVERE ] removing card from slot 7
[2022-12-16 16:00:42] [SEVERE ] removing tokens from slot 8
[2022-12-16 16:00:42] [SEVERE ] removing card from slot 8
[2022-12-16 16:00:42] [SEVERE ] removing tokens from slot 9
[2022-12-16 16:00:42] [SEVERE ] removing card from slot 9
[2022-12-16 16:00:42] [SEVERE ] setting player 2 freeze to 0
[2022-12-16 16:00:42] [SEVERE ] removing tokens from slot 10
[2022-12-16 16:00:42] [SEVERE ] removing card from slot 10
[2022-12-16 16:00:42] [SEVERE ] removing tokens from slot 11
[2022-12-16 16:00:42] [SEVERE ] removing card from slot 11
[2022-12-16 16:00:42] [SEVERE ] placing card 21 in slot 0
[2022-12-16 16:00:42] [SEVERE ] player 2 placing token on slot 7
[2022-12-16 16:00:42] [SEVERE ] placing card 55 in slot 1
[2022-12-16 16:00:43] [SEVERE ] placing card 7 in slot 2
[2022-12-16 16:00:43] [SEVERE ] placing card 47 in slot 3
[2022-12-16 16:00:43] [SEVERE ] placing card 20 in slot 4
[2022-12-16 16:00:43] [SEVERE ] placing card 70 in slot 5
[2022-12-16 16:00:43] [SEVERE ] placing card 29 in slot 6
[2022-12-16 16:00:43] [SEVERE ] placing card 24 in slot 7
[2022-12-16 16:00:43] [SEVERE ] player 2 placing token on slot 3
[2022-12-16 16:00:43] [SEVERE ] placing card 53 in slot 8
[2022-12-16 16:00:43] [SEVERE ] placing card 8 in slot 9
[2022-12-16 16:00:43] [SEVERE ] placing card 67 in slot 10
[2022-12-16 16:00:44] [SEVERE ] placing card 76 in slot 11
[2022-12-16 16:00:44] [SEVERE ] player 2 placing token on slot 4
[2022-12-16 16:00:44] [SEVERE ] setting player 2 freeze to 3000
[2022-12-16 16:00:45] [SEVERE ] setting player 2 freeze to 1000
[2022-12-16 16:00:46] [SEVERE ] setting player 2 freeze to 0
[2022-12-16 16:00:47] [SEVERE ] setting player 2 freeze to 2000
[2022-12-16 16:00:47] [SEVERE ] setting player 2 freeze to 0
[2022-12-16 16:00:47] [SEVERE ] removing player 2 token from slot 3
[2022-12-16 16:00:47] [SEVERE ] removing player 2 token from slot 7
[2022-12-16 16:00:48] [SEVERE ] player 2 placing token on slot 9
[2022-12-16 16:00:49] [SEVERE ] removing player 2 token from slot 4
[2022-12-16 16:00:50] [SEVERE ] player 2 placing token on slot 5
[2022-12-16 16:00:50] [SEVERE ] player 2 placing token on slot 7
[2022-12-16 16:00:50] [SEVERE ] setting player 2 freeze to 3000
[2022-12-16 16:00:51] [SEVERE ] setting player 2 freeze to 1000
[2022-12-16 16:00:52] [SEVERE ] setting player 2 freeze to 0
[2022-12-16 16:00:53] [SEVERE ] setting player 2 freeze to 2000
[2022-12-16 16:00:53] [SEVERE ] setting player 2 freeze to 0
[2022-12-16 16:00:54] [SEVERE ] removing player 2 token from slot 9
[2022-12-16 16:00:54] [SEVERE ] player 2 placing token on slot 11
[2022-12-16 16:00:54] [SEVERE ] setting player 2 freeze to 3000
[2022-12-16 16:00:55] [SEVERE ] setting player 2 freeze to 1000
[2022-12-16 16:00:55] [SEVERE ] Exit button pressed
[2022-12-16 16:00:56] [SEVERE ] setting player 2 freeze to 0
[2022-12-16 16:00:56] [SEVERE ] removing tokens from slot 0
[2022-12-16 16:00:56] [SEVERE ] removing card from slot 0
[2022-12-16 16:00:56] [SEVERE ] removing tokens from slot 1
[2022-12-16 16:00:56] [SEVERE ] removing card from slot 1
[2022-12-16 16:00:56] [SEVERE ] removing tokens from slot 2
[2022-12-16 16:00:56] [SEVERE ] removing card from slot 2
[2022-12-16 16:00:56] [SEVERE ] removing tokens from slot 3
[2022-12-16 16:00:56] [SEVERE ] removing card from slot 3
[2022-12-16 16:00:56] [SEVERE ] removing tokens from slot 4
[2022-12-16 16:00:56] [SEVERE ] removing card from slot 4
[2022-12-16 16:00:56] [SEVERE ] removing tokens from slot 5
[2022-12-16 16:00:56] [SEVERE ] removing card from slot 5
[2022-12-16 16:00:56] [SEVERE ] removing tokens from slot 6
[2022-12-16 16:00:56] [SEVERE ] removing card from slot 6
[2022-12-16 16:00:56] [SEVERE ] removing tokens from slot 7
[2022-12-16 16:00:56] [SEVERE ] removing card from slot 7
[2022-12-16 16:00:57] [SEVERE ] removing tokens from slot 8
[2022-12-16 16:00:57] [SEVERE ] removing card from slot 8
[2022-12-16 16:00:57] [SEVERE ] removing tokens from slot 9
[2022-12-16 16:00:57] [SEVERE ] removing card from slot 9
[2022-12-16 16:00:57] [SEVERE ] removing tokens from slot 10
[2022-12-16 16:00:57] [SEVERE ] removing card from slot 10
[2022-12-16 16:00:57] [SEVERE ] removing tokens from slot 11
[2022-12-16 16:00:57] [SEVERE ] removing card from slot 11
[2022-12-16 16:00:57] [SEVERE ] setting player 2 freeze to 0
[2022-12-16 16:00:57] [SEVERE ] player 2 placing token on slot 8
[2022-12-16 16:00:57] [SEVERE ] player 2 placing token on slot 3
[2022-12-16 16:01:13] [INFO   ] Thread computer-2 terminated.
[2022-12-16 16:01:14] [INFO   ] Thread Thread-1 terminated.
[2022-12-16 16:01:16] [INFO   ] Thread Thread-0 terminated.
[2022-12-16 16:01:16] [INFO   ] Thread main terminated.
