[2022-12-14 16:27:53] [INFO   ] cannot read configuration file config.properties trying from resources.
[2022-12-14 16:27:53] [INFO   ] configuration file was loaded from resources directory.
[2022-12-14 16:27:54] [INFO   ] Thread dealer starting.
[2022-12-14 16:27:54] [SEVERE ] placing card 43 in slot 0
[2022-12-14 16:27:54] [SEVERE ] placing card 3 in slot 1
[2022-12-14 16:27:55] [SEVERE ] placing card 30 in slot 2
[2022-12-14 16:27:55] [SEVERE ] placing card 54 in slot 3
[2022-12-14 16:27:55] [SEVERE ] placing card 41 in slot 4
[2022-12-14 16:27:55] [SEVERE ] placing card 35 in slot 5
[2022-12-14 16:27:55] [SEVERE ] placing card 65 in slot 6
[2022-12-14 16:27:55] [SEVERE ] placing card 77 in slot 7
[2022-12-14 16:27:55] [SEVERE ] placing card 17 in slot 8
[2022-12-14 16:27:55] [SEVERE ] placing card 26 in slot 9
[2022-12-14 16:27:55] [SEVERE ] placing card 70 in slot 10
[2022-12-14 16:27:56] [SEVERE ] placing card 46 in slot 11
[2022-12-14 16:27:58] [SEVERE ] Key 81 was pressed by player 0
[2022-12-14 16:27:58] [SEVERE ] player 0 placing token on slot 0
[2022-12-14 16:27:58] [SEVERE ] Key 87 was pressed by player 0
[2022-12-14 16:27:58] [SEVERE ] player 0 placing token on slot 1
[2022-12-14 16:27:58] [SEVERE ] Key 69 was pressed by player 0
[2022-12-14 16:27:58] [SEVERE ] player 0 placing token on slot 2
[2022-12-14 16:27:59] [SEVERE ] setting player 0 freeze to 3000
