[2022-12-14 13:00:05] [INFO   ] cannot read configuration file config.properties trying from resources.
[2022-12-14 13:00:05] [INFO   ] configuration file was loaded from resources directory.
[2022-12-14 13:00:06] [INFO   ] Thread dealer starting.
[2022-12-14 13:00:06] [SEVERE ] placing card 0 in slot 0
[2022-12-14 13:00:06] [SEVERE ] placing card 1 in slot 1
[2022-12-14 13:00:06] [SEVERE ] placing card 2 in slot 2
[2022-12-14 13:00:06] [SEVERE ] placing card 3 in slot 3
[2022-12-14 13:00:06] [SEVERE ] placing card 4 in slot 4
[2022-12-14 13:00:06] [SEVERE ] placing card 5 in slot 5
[2022-12-14 13:00:06] [SEVERE ] placing card 6 in slot 6
[2022-12-14 13:00:07] [SEVERE ] placing card 7 in slot 7
[2022-12-14 13:00:07] [SEVERE ] placing card 8 in slot 8
[2022-12-14 13:00:07] [SEVERE ] placing card 9 in slot 9
[2022-12-14 13:00:07] [SEVERE ] placing card 10 in slot 10
[2022-12-14 13:00:07] [SEVERE ] placing card 11 in slot 11
[2022-12-14 13:00:08] [SEVERE ] Key 81 was pressed by player 0
[2022-12-14 13:00:08] [SEVERE ] player 0 placing token on slot 0
[2022-12-14 13:00:08] [SEVERE ] Key 87 was pressed by player 0
[2022-12-14 13:00:08] [SEVERE ] player 0 placing token on slot 1
[2022-12-14 13:00:08] [SEVERE ] Key 69 was pressed by player 0
[2022-12-14 13:00:08] [SEVERE ] player 0 placing token on slot 2
[2022-12-14 13:00:09] [SEVERE ] removing player 0 token from slot 0
[2022-12-14 13:00:09] [SEVERE ] removing player 0 token from slot 1
[2022-12-14 13:00:09] [SEVERE ] removing player 0 token from slot 2
[2022-12-14 13:00:09] [SEVERE ] setting player 0 score to 1
[2022-12-14 13:00:09] [SEVERE ] removing card from slot 0
[2022-12-14 13:00:09] [SEVERE ] removing card from slot 1
[2022-12-14 13:00:09] [SEVERE ] removing card from slot 2
[2022-12-14 13:00:09] [SEVERE ] placing card 12 in slot 0
[2022-12-14 13:00:10] [SEVERE ] placing card 13 in slot 1
[2022-12-14 13:00:10] [SEVERE ] placing card 14 in slot 2
[2022-12-14 13:00:11] [SEVERE ] Key 85 was pressed by player 1
[2022-12-14 13:00:11] [SEVERE ] player 1 placing token on slot 0
[2022-12-14 13:00:12] [SEVERE ] Key 81 was pressed by player 0
[2022-12-14 13:00:12] [SEVERE ] player 0 placing token on slot 0
[2022-12-14 13:00:13] [SEVERE ] Key 73 was pressed by player 1
[2022-12-14 13:00:13] [SEVERE ] player 1 placing token on slot 1
[2022-12-14 13:00:14] [SEVERE ] Key 69 was pressed by player 0
[2022-12-14 13:00:14] [SEVERE ] player 0 placing token on slot 2
[2022-12-14 13:00:17] [SEVERE ] Key 79 was pressed by player 1
[2022-12-14 13:00:17] [SEVERE ] player 1 placing token on slot 2
[2022-12-14 13:00:17] [SEVERE ] removing player 1 token from slot 0
[2022-12-14 13:00:17] [SEVERE ] removing player 1 token from slot 1
[2022-12-14 13:00:17] [SEVERE ] removing player 1 token from slot 2
[2022-12-14 13:00:17] [SEVERE ] setting player 1 score to 1
[2022-12-14 13:00:17] [INFO   ] Thread main terminated.
