[2022-12-16 14:43:54] [INFO   ] cannot read configuration file config.properties trying from resources.
[2022-12-16 14:43:54] [INFO   ] configuration file was loaded from resources directory.
[2022-12-16 14:43:55] [INFO   ] Thread dealer starting.
[2022-12-16 14:43:55] [INFO   ] Thread Thread-0starting.
[2022-12-16 14:43:55] [INFO   ] Thread Thread-2starting.
[2022-12-16 14:43:55] [INFO   ] Thread Thread-1starting.
[2022-12-16 14:43:55] [INFO   ] Thread computer-2 starting.
[2022-12-16 14:43:55] [SEVERE ] placing card 8 in slot 0
[2022-12-16 14:43:56] [SEVERE ] placing card 18 in slot 1
[2022-12-16 14:43:56] [SEVERE ] placing card 10 in slot 2
[2022-12-16 14:43:56] [SEVERE ] placing card 71 in slot 3
[2022-12-16 14:43:56] [SEVERE ] placing card 58 in slot 4
[2022-12-16 14:43:56] [SEVERE ] placing card 37 in slot 5
[2022-12-16 14:43:56] [SEVERE ] placing card 6 in slot 6
[2022-12-16 14:43:56] [SEVERE ] placing card 75 in slot 7
[2022-12-16 14:43:56] [SEVERE ] placing card 69 in slot 8
[2022-12-16 14:43:56] [SEVERE ] placing card 40 in slot 9
[2022-12-16 14:43:57] [SEVERE ] placing card 57 in slot 10
[2022-12-16 14:43:57] [SEVERE ] placing card 33 in slot 11
[2022-12-16 14:44:23] [SEVERE ] player 2 placing token on slot 0
