[2022-12-16 14:03:22] [INFO   ] cannot read configuration file config.properties trying from resources.
[2022-12-16 14:03:22] [INFO   ] configuration file was loaded from resources directory.
[2022-12-16 14:03:23] [INFO   ] Thread dealer starting.
[2022-12-16 14:03:23] [INFO   ] Thread Thread-0starting.
[2022-12-16 14:03:23] [INFO   ] Thread Thread-1starting.
[2022-12-16 14:03:23] [SEVERE ] placing card 55 in slot 0
[2022-12-16 14:03:23] [SEVERE ] placing card 43 in slot 1
[2022-12-16 14:03:23] [SEVERE ] placing card 54 in slot 2
[2022-12-16 14:03:23] [SEVERE ] placing card 46 in slot 3
[2022-12-16 14:03:23] [SEVERE ] placing card 4 in slot 4
[2022-12-16 14:03:24] [SEVERE ] placing card 73 in slot 5
[2022-12-16 14:03:24] [SEVERE ] placing card 78 in slot 6
[2022-12-16 14:03:24] [SEVERE ] placing card 51 in slot 7
[2022-12-16 14:03:24] [SEVERE ] placing card 7 in slot 8
[2022-12-16 14:03:24] [SEVERE ] placing card 28 in slot 9
[2022-12-16 14:03:24] [SEVERE ] placing card 40 in slot 10
[2022-12-16 14:03:24] [SEVERE ] placing card 2 in slot 11
[2022-12-16 14:03:28] [SEVERE ] Key 81 was pressed by player 0
[2022-12-16 14:03:28] [SEVERE ] player 0 placing token on slot 0
[2022-12-16 14:03:28] [SEVERE ] Key 87 was pressed by player 0
[2022-12-16 14:03:28] [SEVERE ] player 0 placing token on slot 1
[2022-12-16 14:03:28] [SEVERE ] Key 69 was pressed by player 0
[2022-12-16 14:03:28] [SEVERE ] player 0 placing token on slot 2
[2022-12-16 14:03:28] [SEVERE ] setting player 0 freeze to 3000
[2022-12-16 14:03:28] [SEVERE ] setting player 0 freeze to 2000
[2022-12-16 14:03:29] [SEVERE ] setting player 0 freeze to 1000
[2022-12-16 14:03:30] [SEVERE ] setting player 0 freeze to 0
[2022-12-16 14:03:30] [SEVERE ] Key 69 was pressed by player 0
[2022-12-16 14:03:31] [SEVERE ] Key 69 was pressed by player 0
[2022-12-16 14:03:31] [SEVERE ] setting player 0 freeze to 0
[2022-12-16 14:03:31] [SEVERE ] removing player 0 token from slot 2
[2022-12-16 14:03:31] [SEVERE ] player 0 placing token on slot 2
[2022-12-16 14:03:31] [SEVERE ] setting player 0 freeze to 3000
[2022-12-16 14:03:31] [SEVERE ] setting player 0 freeze to -1000
[2022-12-16 14:03:32] [SEVERE ] setting player 0 freeze to -2000
[2022-12-16 14:03:33] [SEVERE ] setting player 0 freeze to -3000
