[2022-12-16 15:21:31] [INFO   ] cannot read configuration file config.properties trying from resources.
[2022-12-16 15:21:31] [INFO   ] configuration file was loaded from resources directory.
[2022-12-16 15:21:32] [INFO   ] Thread dealer starting.
[2022-12-16 15:21:32] [INFO   ] Thread Thread-2starting.
[2022-12-16 15:21:32] [INFO   ] Thread Thread-1starting.
[2022-12-16 15:21:32] [INFO   ] Thread Thread-0starting.
[2022-12-16 15:21:32] [INFO   ] Thread computer-2 starting.
[2022-12-16 15:21:32] [SEVERE ] player 2 placing token on slot 9
[2022-12-16 15:21:32] [SEVERE ] placing card 72 in slot 0
[2022-12-16 15:21:32] [SEVERE ] placing card 67 in slot 1
[2022-12-16 15:21:32] [SEVERE ] placing card 69 in slot 2
[2022-12-16 15:21:32] [SEVERE ] placing card 43 in slot 3
[2022-12-16 15:21:32] [SEVERE ] placing card 53 in slot 4
[2022-12-16 15:21:32] [SEVERE ] placing card 16 in slot 5
[2022-12-16 15:21:32] [SEVERE ] placing card 42 in slot 6
[2022-12-16 15:21:33] [SEVERE ] player 2 placing token on slot 3
[2022-12-16 15:21:33] [SEVERE ] placing card 78 in slot 7
[2022-12-16 15:21:33] [SEVERE ] placing card 50 in slot 8
[2022-12-16 15:21:33] [SEVERE ] placing card 54 in slot 9
[2022-12-16 15:21:33] [SEVERE ] placing card 18 in slot 10
[2022-12-16 15:21:33] [SEVERE ] placing card 48 in slot 11
[2022-12-16 15:21:33] [SEVERE ] removing player 2 token from slot 9
[2022-12-16 15:21:34] [SEVERE ] player 2 placing token on slot 7
[2022-12-16 15:21:35] [SEVERE ] player 2 placing token on slot 0
[2022-12-16 15:21:35] [SEVERE ] setting player 2 freeze to 3000
[2022-12-16 15:21:35] [SEVERE ] setting player 2 freeze to 2000
[2022-12-16 15:21:36] [SEVERE ] setting player 2 freeze to 1000
[2022-12-16 15:21:37] [SEVERE ] Exit button pressed
[2022-12-16 15:21:37] [SEVERE ] setting player 2 freeze to 0
[2022-12-16 15:21:37] [SEVERE ] removing tokens from slot 0
[2022-12-16 15:21:37] [SEVERE ] removing card from slot 0
[2022-12-16 15:21:37] [SEVERE ] removing tokens from slot 1
[2022-12-16 15:21:37] [SEVERE ] removing card from slot 1
[2022-12-16 15:21:37] [SEVERE ] removing tokens from slot 2
[2022-12-16 15:21:37] [SEVERE ] removing card from slot 2
[2022-12-16 15:21:37] [SEVERE ] removing tokens from slot 3
[2022-12-16 15:21:37] [SEVERE ] removing card from slot 3
[2022-12-16 15:21:38] [SEVERE ] removing tokens from slot 4
[2022-12-16 15:21:38] [SEVERE ] removing card from slot 4
[2022-12-16 15:21:38] [SEVERE ] removing tokens from slot 5
[2022-12-16 15:21:38] [SEVERE ] removing card from slot 5
[2022-12-16 15:21:38] [SEVERE ] removing tokens from slot 6
[2022-12-16 15:21:38] [SEVERE ] removing card from slot 6
[2022-12-16 15:21:38] [SEVERE ] removing tokens from slot 7
[2022-12-16 15:21:38] [SEVERE ] removing card from slot 7
[2022-12-16 15:21:38] [SEVERE ] setting player 2 freeze to 0
[2022-12-16 15:21:38] [SEVERE ] removing tokens from slot 8
[2022-12-16 15:21:38] [SEVERE ] removing card from slot 8
[2022-12-16 15:21:38] [SEVERE ] removing tokens from slot 9
[2022-12-16 15:21:38] [SEVERE ] removing card from slot 9
[2022-12-16 15:21:38] [SEVERE ] removing tokens from slot 10
[2022-12-16 15:21:38] [SEVERE ] removing card from slot 10
[2022-12-16 15:21:38] [SEVERE ] removing tokens from slot 11
[2022-12-16 15:21:38] [SEVERE ] removing card from slot 11
[2022-12-16 15:21:38] [INFO   ] Thread Thread-1 terminated.
[2022-12-16 15:21:38] [INFO   ] Thread Thread-0 terminated.
[2022-12-16 15:21:38] [INFO   ] Thread main terminated.
