[2022-12-16 12:20:32] [INFO   ] cannot read configuration file config.properties trying from resources.
[2022-12-16 12:20:32] [INFO   ] configuration file was loaded from resources directory.
[2022-12-16 12:20:33] [INFO   ] Thread dealer starting.
[2022-12-16 12:20:33] [INFO   ] Thread Thread-0starting.
[2022-12-16 12:20:33] [INFO   ] Thread Thread-1starting.
[2022-12-16 12:20:33] [SEVERE ] placing card 44 in slot 0
[2022-12-16 12:20:33] [SEVERE ] placing card 27 in slot 1
[2022-12-16 12:20:34] [SEVERE ] placing card 33 in slot 2
[2022-12-16 12:20:34] [SEVERE ] placing card 0 in slot 3
[2022-12-16 12:20:34] [SEVERE ] placing card 30 in slot 4
[2022-12-16 12:20:34] [SEVERE ] placing card 75 in slot 5
[2022-12-16 12:20:34] [SEVERE ] placing card 53 in slot 6
[2022-12-16 12:20:34] [SEVERE ] placing card 26 in slot 7
[2022-12-16 12:20:34] [SEVERE ] placing card 8 in slot 8
[2022-12-16 12:20:34] [SEVERE ] placing card 37 in slot 9
[2022-12-16 12:20:34] [SEVERE ] placing card 43 in slot 10
[2022-12-16 12:20:34] [SEVERE ] placing card 3 in slot 11
[2022-12-16 12:20:37] [SEVERE ] Key 81 was pressed by player 0
[2022-12-16 12:20:37] [SEVERE ] player 0 placing token on slot 0
[2022-12-16 12:20:37] [SEVERE ] Key 87 was pressed by player 0
[2022-12-16 12:20:37] [SEVERE ] player 0 placing token on slot 1
[2022-12-16 12:20:37] [SEVERE ] Key 69 was pressed by player 0
[2022-12-16 12:20:37] [SEVERE ] player 0 placing token on slot 2
[2022-12-16 12:20:38] [SEVERE ] setting player 0 freeze to 3000
[2022-12-16 12:20:39] [SEVERE ] setting player 0 freeze to 2000
[2022-12-16 12:20:40] [SEVERE ] setting player 0 freeze to 1000
