[2022-12-14 13:02:26] [INFO   ] cannot read configuration file config.properties trying from resources.
[2022-12-14 13:02:26] [INFO   ] configuration file was loaded from resources directory.
[2022-12-14 13:02:27] [INFO   ] Thread dealer starting.
[2022-12-14 13:02:27] [SEVERE ] placing card 0 in slot 0
[2022-12-14 13:02:27] [SEVERE ] placing card 1 in slot 1
[2022-12-14 13:02:27] [SEVERE ] placing card 2 in slot 2
[2022-12-14 13:02:27] [SEVERE ] placing card 3 in slot 3
[2022-12-14 13:02:27] [SEVERE ] placing card 4 in slot 4
[2022-12-14 13:02:28] [SEVERE ] placing card 5 in slot 5
[2022-12-14 13:02:28] [SEVERE ] placing card 6 in slot 6
[2022-12-14 13:02:28] [SEVERE ] placing card 7 in slot 7
[2022-12-14 13:02:28] [SEVERE ] placing card 8 in slot 8
[2022-12-14 13:02:28] [SEVERE ] placing card 9 in slot 9
[2022-12-14 13:02:28] [SEVERE ] placing card 10 in slot 10
[2022-12-14 13:02:28] [SEVERE ] placing card 11 in slot 11
[2022-12-14 13:02:30] [SEVERE ] Key 81 was pressed by player 0
[2022-12-14 13:02:30] [SEVERE ] player 0 placing token on slot 0
[2022-12-14 13:02:30] [SEVERE ] Key 87 was pressed by player 0
[2022-12-14 13:02:30] [SEVERE ] player 0 placing token on slot 1
[2022-12-14 13:02:31] [SEVERE ] Key 69 was pressed by player 0
[2022-12-14 13:02:31] [SEVERE ] player 0 placing token on slot 2
[2022-12-14 13:02:31] [SEVERE ] removing player 0 token from slot 0
[2022-12-14 13:02:31] [SEVERE ] removing player 0 token from slot 1
[2022-12-14 13:02:31] [SEVERE ] removing player 0 token from slot 2
[2022-12-14 13:02:31] [SEVERE ] setting player 0 score to 1
[2022-12-14 13:02:31] [SEVERE ] removing card from slot 0
[2022-12-14 13:02:31] [SEVERE ] removing card from slot 1
[2022-12-14 13:02:32] [SEVERE ] removing card from slot 2
[2022-12-14 13:02:32] [SEVERE ] placing card 12 in slot 0
[2022-12-14 13:02:32] [SEVERE ] placing card 13 in slot 1
[2022-12-14 13:02:32] [SEVERE ] placing card 14 in slot 2
[2022-12-14 13:02:33] [SEVERE ] Key 81 was pressed by player 0
[2022-12-14 13:02:33] [SEVERE ] player 0 placing token on slot 0
[2022-12-14 13:02:33] [SEVERE ] Key 87 was pressed by player 0
[2022-12-14 13:02:33] [SEVERE ] player 0 placing token on slot 1
[2022-12-14 13:02:33] [SEVERE ] Key 69 was pressed by player 0
[2022-12-14 13:02:33] [SEVERE ] player 0 placing token on slot 2
[2022-12-14 13:02:34] [SEVERE ] removing player 0 token from slot 0
[2022-12-14 13:02:34] [SEVERE ] removing player 0 token from slot 1
[2022-12-14 13:02:34] [SEVERE ] removing player 0 token from slot 2
[2022-12-14 13:02:34] [SEVERE ] setting player 0 score to 2
[2022-12-14 13:02:34] [SEVERE ] removing card from slot 0
[2022-12-14 13:02:34] [SEVERE ] removing card from slot 1
[2022-12-14 13:02:34] [SEVERE ] removing card from slot 2
[2022-12-14 13:02:34] [SEVERE ] placing card 15 in slot 0
[2022-12-14 13:02:34] [SEVERE ] placing card 16 in slot 1
[2022-12-14 13:02:35] [SEVERE ] placing card 17 in slot 2
[2022-12-14 13:02:35] [SEVERE ] Key 65 was pressed by player 0
[2022-12-14 13:02:35] [SEVERE ] player 0 placing token on slot 4
[2022-12-14 13:02:35] [SEVERE ] Key 83 was pressed by player 0
[2022-12-14 13:02:35] [SEVERE ] player 0 placing token on slot 5
[2022-12-14 13:02:35] [SEVERE ] Key 68 was pressed by player 0
[2022-12-14 13:02:35] [SEVERE ] player 0 placing token on slot 6
[2022-12-14 13:02:37] [SEVERE ] Key 65 was pressed by player 0
[2022-12-14 13:02:37] [SEVERE ] removing player 0 token from slot 4
[2022-12-14 13:02:37] [SEVERE ] Key 83 was pressed by player 0
[2022-12-14 13:02:37] [SEVERE ] removing player 0 token from slot 5
[2022-12-14 13:02:37] [SEVERE ] Key 68 was pressed by player 0
[2022-12-14 13:02:37] [SEVERE ] removing player 0 token from slot 6
[2022-12-14 13:02:47] [SEVERE ] Key 81 was pressed by player 0
[2022-12-14 13:02:47] [SEVERE ] player 0 placing token on slot 0
[2022-12-14 13:02:47] [SEVERE ] Key 87 was pressed by player 0
[2022-12-14 13:02:47] [SEVERE ] player 0 placing token on slot 1
[2022-12-14 13:02:48] [SEVERE ] Key 69 was pressed by player 0
[2022-12-14 13:02:48] [SEVERE ] player 0 placing token on slot 2
[2022-12-14 13:02:48] [SEVERE ] removing player 0 token from slot 0
[2022-12-14 13:02:48] [SEVERE ] removing player 0 token from slot 1
[2022-12-14 13:02:48] [SEVERE ] removing player 0 token from slot 2
[2022-12-14 13:02:48] [SEVERE ] setting player 0 score to 3
[2022-12-14 13:02:48] [SEVERE ] removing card from slot 0
[2022-12-14 13:02:48] [SEVERE ] removing card from slot 1
[2022-12-14 13:02:48] [SEVERE ] removing card from slot 2
[2022-12-14 13:02:48] [SEVERE ] placing card 18 in slot 0
[2022-12-14 13:02:48] [SEVERE ] placing card 19 in slot 1
[2022-12-14 13:02:48] [SEVERE ] placing card 20 in slot 2
[2022-12-14 13:02:49] [SEVERE ] Key 81 was pressed by player 0
[2022-12-14 13:02:49] [SEVERE ] player 0 placing token on slot 0
[2022-12-14 13:02:49] [SEVERE ] Key 87 was pressed by player 0
[2022-12-14 13:02:49] [SEVERE ] player 0 placing token on slot 1
[2022-12-14 13:02:50] [SEVERE ] Key 69 was pressed by player 0
[2022-12-14 13:02:50] [SEVERE ] player 0 placing token on slot 2
[2022-12-14 13:02:50] [SEVERE ] removing player 0 token from slot 0
[2022-12-14 13:02:50] [SEVERE ] removing player 0 token from slot 1
[2022-12-14 13:02:50] [SEVERE ] removing player 0 token from slot 2
[2022-12-14 13:02:50] [SEVERE ] setting player 0 score to 4
[2022-12-14 13:02:50] [SEVERE ] removing card from slot 0
[2022-12-14 13:02:51] [SEVERE ] removing card from slot 1
[2022-12-14 13:02:51] [SEVERE ] removing card from slot 2
[2022-12-14 13:02:51] [SEVERE ] placing card 21 in slot 0
[2022-12-14 13:02:51] [SEVERE ] placing card 22 in slot 1
[2022-12-14 13:02:51] [SEVERE ] placing card 23 in slot 2
[2022-12-14 13:02:52] [SEVERE ] Key 81 was pressed by player 0
[2022-12-14 13:02:52] [SEVERE ] player 0 placing token on slot 0
[2022-12-14 13:02:53] [SEVERE ] Key 87 was pressed by player 0
[2022-12-14 13:02:53] [SEVERE ] player 0 placing token on slot 1
[2022-12-14 13:02:53] [SEVERE ] Key 69 was pressed by player 0
[2022-12-14 13:02:53] [SEVERE ] player 0 placing token on slot 2
[2022-12-14 13:02:53] [SEVERE ] removing player 0 token from slot 0
[2022-12-14 13:02:53] [SEVERE ] removing player 0 token from slot 1
[2022-12-14 13:02:53] [SEVERE ] removing player 0 token from slot 2
[2022-12-14 13:02:53] [SEVERE ] setting player 0 score to 5
[2022-12-14 13:02:53] [SEVERE ] removing card from slot 0
[2022-12-14 13:02:53] [SEVERE ] removing card from slot 1
[2022-12-14 13:02:53] [SEVERE ] removing card from slot 2
[2022-12-14 13:02:53] [SEVERE ] placing card 24 in slot 0
[2022-12-14 13:02:54] [SEVERE ] placing card 25 in slot 1
[2022-12-14 13:02:54] [SEVERE ] placing card 26 in slot 2
[2022-12-14 13:02:54] [SEVERE ] Key 81 was pressed by player 0
[2022-12-14 13:02:54] [SEVERE ] player 0 placing token on slot 0
[2022-12-14 13:02:54] [SEVERE ] Key 87 was pressed by player 0
[2022-12-14 13:02:54] [SEVERE ] player 0 placing token on slot 1
[2022-12-14 13:02:55] [SEVERE ] Key 69 was pressed by player 0
[2022-12-14 13:02:55] [SEVERE ] player 0 placing token on slot 2
[2022-12-14 13:02:55] [SEVERE ] removing player 0 token from slot 0
[2022-12-14 13:02:55] [SEVERE ] removing player 0 token from slot 1
[2022-12-14 13:02:55] [SEVERE ] removing player 0 token from slot 2
[2022-12-14 13:02:55] [SEVERE ] setting player 0 score to 6
[2022-12-14 13:02:55] [SEVERE ] removing card from slot 0
[2022-12-14 13:02:55] [SEVERE ] removing card from slot 1
[2022-12-14 13:02:55] [SEVERE ] removing card from slot 2
[2022-12-14 13:02:55] [SEVERE ] placing card 27 in slot 0
[2022-12-14 13:02:55] [SEVERE ] placing card 28 in slot 1
[2022-12-14 13:02:55] [SEVERE ] placing card 29 in slot 2
[2022-12-14 13:02:57] [SEVERE ] Key 81 was pressed by player 0
[2022-12-14 13:02:57] [SEVERE ] player 0 placing token on slot 0
[2022-12-14 13:02:57] [SEVERE ] Key 87 was pressed by player 0
[2022-12-14 13:02:57] [SEVERE ] player 0 placing token on slot 1
[2022-12-14 13:02:57] [SEVERE ] Key 69 was pressed by player 0
[2022-12-14 13:02:57] [SEVERE ] player 0 placing token on slot 2
[2022-12-14 13:02:57] [SEVERE ] removing player 0 token from slot 0
[2022-12-14 13:02:57] [SEVERE ] removing player 0 token from slot 1
[2022-12-14 13:02:57] [SEVERE ] removing player 0 token from slot 2
[2022-12-14 13:02:57] [SEVERE ] setting player 0 score to 7
[2022-12-14 13:02:57] [SEVERE ] removing card from slot 0
[2022-12-14 13:02:58] [SEVERE ] removing card from slot 1
[2022-12-14 13:02:58] [SEVERE ] removing card from slot 2
[2022-12-14 13:02:58] [SEVERE ] placing card 30 in slot 0
[2022-12-14 13:02:58] [SEVERE ] placing card 31 in slot 1
[2022-12-14 13:02:58] [SEVERE ] placing card 32 in slot 2
[2022-12-14 13:03:01] [SEVERE ] Key 65 was pressed by player 0
[2022-12-14 13:03:01] [SEVERE ] player 0 placing token on slot 4
[2022-12-14 13:03:02] [SEVERE ] Key 83 was pressed by player 0
[2022-12-14 13:03:02] [SEVERE ] player 0 placing token on slot 5
[2022-12-14 13:03:02] [SEVERE ] Key 68 was pressed by player 0
[2022-12-14 13:03:02] [SEVERE ] player 0 placing token on slot 6
[2022-12-14 13:03:03] [SEVERE ] Key 65 was pressed by player 0
[2022-12-14 13:03:03] [SEVERE ] removing player 0 token from slot 4
[2022-12-14 13:03:03] [SEVERE ] Key 83 was pressed by player 0
[2022-12-14 13:03:03] [SEVERE ] removing player 0 token from slot 5
[2022-12-14 13:03:03] [SEVERE ] Key 68 was pressed by player 0
[2022-12-14 13:03:03] [SEVERE ] removing player 0 token from slot 6
[2022-12-14 13:03:06] [SEVERE ] Key 67 was pressed by player 0
[2022-12-14 13:03:06] [SEVERE ] player 0 placing token on slot 10
[2022-12-14 13:03:07] [SEVERE ] Key 88 was pressed by player 0
[2022-12-14 13:03:07] [SEVERE ] player 0 placing token on slot 9
[2022-12-14 13:03:08] [SEVERE ] Key 86 was pressed by player 0
[2022-12-14 13:03:08] [SEVERE ] player 0 placing token on slot 11
[2022-12-14 13:03:08] [SEVERE ] removing player 0 token from slot 10
[2022-12-14 13:03:08] [SEVERE ] removing player 0 token from slot 9
[2022-12-14 13:03:08] [SEVERE ] removing player 0 token from slot 11
[2022-12-14 13:03:08] [SEVERE ] setting player 0 score to 8
[2022-12-14 13:03:08] [SEVERE ] removing card from slot 10
[2022-12-14 13:03:08] [SEVERE ] removing card from slot 9
[2022-12-14 13:03:08] [SEVERE ] removing card from slot 11
[2022-12-14 13:03:08] [SEVERE ] placing card 33 in slot 9
[2022-12-14 13:03:09] [SEVERE ] placing card 34 in slot 10
[2022-12-14 13:03:09] [SEVERE ] placing card 35 in slot 11
[2022-12-14 13:03:10] [SEVERE ] Key 88 was pressed by player 0
[2022-12-14 13:03:10] [SEVERE ] player 0 placing token on slot 9
[2022-12-14 13:03:10] [SEVERE ] Key 67 was pressed by player 0
[2022-12-14 13:03:10] [SEVERE ] player 0 placing token on slot 10
[2022-12-14 13:03:10] [SEVERE ] Key 86 was pressed by player 0
[2022-12-14 13:03:10] [SEVERE ] player 0 placing token on slot 11
[2022-12-14 13:03:11] [SEVERE ] removing player 0 token from slot 9
[2022-12-14 13:03:11] [SEVERE ] removing player 0 token from slot 10
[2022-12-14 13:03:11] [SEVERE ] removing player 0 token from slot 11
[2022-12-14 13:03:11] [SEVERE ] setting player 0 score to 9
[2022-12-14 13:03:11] [SEVERE ] removing card from slot 9
[2022-12-14 13:03:11] [SEVERE ] removing card from slot 10
[2022-12-14 13:03:11] [SEVERE ] removing card from slot 11
[2022-12-14 13:03:11] [SEVERE ] placing card 36 in slot 9
[2022-12-14 13:03:11] [SEVERE ] placing card 37 in slot 10
[2022-12-14 13:03:11] [SEVERE ] placing card 38 in slot 11
[2022-12-14 13:03:12] [SEVERE ] Key 88 was pressed by player 0
[2022-12-14 13:03:12] [SEVERE ] player 0 placing token on slot 9
[2022-12-14 13:03:12] [SEVERE ] Key 67 was pressed by player 0
[2022-12-14 13:03:12] [SEVERE ] player 0 placing token on slot 10
[2022-12-14 13:03:12] [SEVERE ] Key 86 was pressed by player 0
[2022-12-14 13:03:12] [SEVERE ] player 0 placing token on slot 11
[2022-12-14 13:03:12] [SEVERE ] removing player 0 token from slot 9
[2022-12-14 13:03:12] [SEVERE ] removing player 0 token from slot 10
[2022-12-14 13:03:12] [SEVERE ] removing player 0 token from slot 11
[2022-12-14 13:03:12] [SEVERE ] setting player 0 score to 10
[2022-12-14 13:03:12] [SEVERE ] removing card from slot 9
[2022-12-14 13:03:13] [SEVERE ] removing card from slot 10
[2022-12-14 13:03:13] [SEVERE ] removing card from slot 11
[2022-12-14 13:03:13] [SEVERE ] placing card 39 in slot 9
[2022-12-14 13:03:13] [SEVERE ] placing card 40 in slot 10
[2022-12-14 13:03:13] [SEVERE ] placing card 41 in slot 11
[2022-12-14 13:03:13] [SEVERE ] Key 88 was pressed by player 0
[2022-12-14 13:03:13] [SEVERE ] player 0 placing token on slot 9
[2022-12-14 13:03:13] [SEVERE ] Key 67 was pressed by player 0
[2022-12-14 13:03:13] [SEVERE ] player 0 placing token on slot 10
[2022-12-14 13:03:14] [SEVERE ] Key 86 was pressed by player 0
[2022-12-14 13:03:14] [SEVERE ] player 0 placing token on slot 11
[2022-12-14 13:03:14] [SEVERE ] removing player 0 token from slot 9
[2022-12-14 13:03:14] [SEVERE ] removing player 0 token from slot 10
[2022-12-14 13:03:14] [SEVERE ] removing player 0 token from slot 11
[2022-12-14 13:03:14] [SEVERE ] setting player 0 score to 11
[2022-12-14 13:03:14] [SEVERE ] removing card from slot 9
[2022-12-14 13:03:14] [SEVERE ] removing card from slot 10
[2022-12-14 13:03:14] [SEVERE ] removing card from slot 11
[2022-12-14 13:03:14] [SEVERE ] placing card 42 in slot 9
[2022-12-14 13:03:15] [SEVERE ] placing card 43 in slot 10
[2022-12-14 13:03:15] [SEVERE ] Key 88 was pressed by player 0
[2022-12-14 13:03:15] [SEVERE ] player 0 placing token on slot 9
[2022-12-14 13:03:15] [SEVERE ] placing card 44 in slot 11
[2022-12-14 13:03:15] [SEVERE ] Key 67 was pressed by player 0
[2022-12-14 13:03:15] [SEVERE ] player 0 placing token on slot 10
[2022-12-14 13:03:15] [SEVERE ] Key 86 was pressed by player 0
[2022-12-14 13:03:15] [SEVERE ] player 0 placing token on slot 11
[2022-12-14 13:03:16] [SEVERE ] removing player 0 token from slot 9
[2022-12-14 13:03:16] [SEVERE ] removing player 0 token from slot 10
[2022-12-14 13:03:16] [SEVERE ] removing player 0 token from slot 11
[2022-12-14 13:03:16] [SEVERE ] setting player 0 score to 12
[2022-12-14 13:03:16] [SEVERE ] removing card from slot 9
[2022-12-14 13:03:16] [SEVERE ] removing card from slot 10
[2022-12-14 13:03:16] [SEVERE ] removing card from slot 11
[2022-12-14 13:03:16] [SEVERE ] placing card 45 in slot 9
[2022-12-14 13:03:16] [SEVERE ] placing card 46 in slot 10
[2022-12-14 13:03:16] [SEVERE ] placing card 47 in slot 11
[2022-12-14 13:03:16] [SEVERE ] Key 88 was pressed by player 0
[2022-12-14 13:03:16] [SEVERE ] player 0 placing token on slot 9
[2022-12-14 13:03:17] [SEVERE ] Key 67 was pressed by player 0
[2022-12-14 13:03:17] [SEVERE ] player 0 placing token on slot 10
[2022-12-14 13:03:17] [SEVERE ] Key 86 was pressed by player 0
[2022-12-14 13:03:17] [SEVERE ] player 0 placing token on slot 11
[2022-12-14 13:03:17] [SEVERE ] removing player 0 token from slot 9
[2022-12-14 13:03:17] [SEVERE ] removing player 0 token from slot 10
[2022-12-14 13:03:17] [SEVERE ] removing player 0 token from slot 11
[2022-12-14 13:03:17] [SEVERE ] setting player 0 score to 13
[2022-12-14 13:03:17] [SEVERE ] removing card from slot 9
[2022-12-14 13:03:18] [SEVERE ] removing card from slot 10
[2022-12-14 13:03:18] [SEVERE ] removing card from slot 11
[2022-12-14 13:03:18] [SEVERE ] placing card 48 in slot 9
[2022-12-14 13:03:18] [SEVERE ] placing card 49 in slot 10
[2022-12-14 13:03:18] [SEVERE ] placing card 50 in slot 11
