[2022-12-16 15:53:47] [INFO   ] cannot read configuration file config.properties trying from resources.
[2022-12-16 15:53:47] [INFO   ] configuration file was loaded from resources directory.
[2022-12-16 15:53:49] [INFO   ] Thread dealer starting.
[2022-12-16 15:53:49] [INFO   ] Thread Thread-0starting.
[2022-12-16 15:53:49] [INFO   ] Thread Thread-3starting.
[2022-12-16 15:53:49] [INFO   ] Thread Thread-2starting.
[2022-12-16 15:53:49] [INFO   ] Thread Thread-1starting.
[2022-12-16 15:53:49] [INFO   ] Thread computer-2 starting.
[2022-12-16 15:53:49] [SEVERE ] player 2 placing token on slot 4
[2022-12-16 15:53:49] [INFO   ] Thread computer-3 starting.
[2022-12-16 15:53:49] [SEVERE ] player 3 placing token on slot 4
[2022-12-16 15:53:49] [SEVERE ] placing card 26 in slot 0
[2022-12-16 15:53:49] [SEVERE ] placing card 17 in slot 1
[2022-12-16 15:53:49] [SEVERE ] placing card 41 in slot 2
[2022-12-16 15:53:49] [SEVERE ] placing card 52 in slot 3
[2022-12-16 15:53:49] [SEVERE ] placing card 67 in slot 4
[2022-12-16 15:53:49] [SEVERE ] placing card 62 in slot 5
[2022-12-16 15:53:49] [SEVERE ] player 2 placing token on slot 9
[2022-12-16 15:53:49] [SEVERE ] player 3 placing token on slot 6
[2022-12-16 15:53:49] [SEVERE ] placing card 65 in slot 6
[2022-12-16 15:53:50] [SEVERE ] placing card 10 in slot 7
[2022-12-16 15:53:50] [SEVERE ] placing card 68 in slot 8
[2022-12-16 15:53:50] [SEVERE ] placing card 76 in slot 9
[2022-12-16 15:53:50] [SEVERE ] placing card 14 in slot 10
[2022-12-16 15:53:50] [SEVERE ] placing card 80 in slot 11
[2022-12-16 15:53:50] [SEVERE ] player 2 placing token on slot 8
[2022-12-16 15:53:50] [SEVERE ] setting player 2 freeze to 3000
[2022-12-16 15:53:50] [SEVERE ] removing player 3 token from slot 4
[2022-12-16 15:53:51] [SEVERE ] setting player 2 freeze to 2000
[2022-12-16 15:53:51] [SEVERE ] player 3 placing token on slot 3
[2022-12-16 15:53:52] [SEVERE ] player 3 placing token on slot 4
[2022-12-16 15:53:52] [SEVERE ] setting player 3 freeze to 3000
[2022-12-16 15:53:52] [SEVERE ] setting player 2 freeze to 1000
[2022-12-16 15:53:52] [SEVERE ] setting player 3 freeze to 2000
[2022-12-16 15:53:53] [SEVERE ] setting player 2 freeze to 0
[2022-12-16 15:53:53] [SEVERE ] setting player 3 freeze to 1000
[2022-12-16 15:53:53] [SEVERE ] setting player 2 freeze to 0
[2022-12-16 15:53:53] [SEVERE ] removing player 2 token from slot 4
[2022-12-16 15:53:53] [SEVERE ] player 2 placing token on slot 7
[2022-12-16 15:53:53] [SEVERE ] removing player 2 token from slot 9
[2022-12-16 15:53:53] [SEVERE ] setting player 2 freeze to 3000
[2022-12-16 15:53:54] [SEVERE ] setting player 2 freeze to 2000
[2022-12-16 15:53:54] [SEVERE ] setting player 3 freeze to 0
[2022-12-16 15:53:55] [SEVERE ] setting player 3 freeze to 0
[2022-12-16 15:53:55] [SEVERE ] setting player 2 freeze to 1000
[2022-12-16 15:53:55] [SEVERE ] removing player 3 token from slot 6
[2022-12-16 15:53:56] [SEVERE ] player 3 placing token on slot 11
[2022-12-16 15:53:56] [SEVERE ] setting player 3 freeze to 3000
[2022-12-16 15:53:56] [SEVERE ] setting player 2 freeze to 0
[2022-12-16 15:53:56] [SEVERE ] setting player 3 freeze to 2000
[2022-12-16 15:53:56] [SEVERE ] setting player 2 freeze to 0
[2022-12-16 15:53:56] [SEVERE ] player 2 placing token on slot 5
[2022-12-16 15:53:56] [SEVERE ] setting player 2 freeze to 3000
[2022-12-16 15:53:57] [SEVERE ] setting player 2 freeze to 2000
[2022-12-16 15:53:57] [SEVERE ] setting player 3 freeze to 1000
[2022-12-16 15:53:58] [SEVERE ] setting player 2 freeze to 1000
[2022-12-16 15:53:58] [SEVERE ] setting player 3 freeze to 0
[2022-12-16 15:53:59] [SEVERE ] setting player 3 freeze to 0
[2022-12-16 15:53:59] [SEVERE ] removing player 3 token from slot 3
[2022-12-16 15:53:59] [SEVERE ] player 3 placing token on slot 8
[2022-12-16 15:53:59] [SEVERE ] setting player 3 freeze to 3000
[2022-12-16 15:53:59] [SEVERE ] setting player 2 freeze to 0
[2022-12-16 15:53:59] [SEVERE ] setting player 3 freeze to 2000
[2022-12-16 15:53:59] [SEVERE ] setting player 2 freeze to 0
[2022-12-16 15:53:59] [SEVERE ] removing player 2 token from slot 7
[2022-12-16 15:53:59] [SEVERE ] player 2 placing token on slot 2
[2022-12-16 15:53:59] [SEVERE ] setting player 2 freeze to 3000
[2022-12-16 15:54:00] [SEVERE ] setting player 2 freeze to 2000
[2022-12-16 15:54:00] [SEVERE ] setting player 3 freeze to 1000
[2022-12-16 15:54:01] [SEVERE ] setting player 2 freeze to 1000
[2022-12-16 15:54:01] [SEVERE ] setting player 3 freeze to 0
[2022-12-16 15:54:02] [SEVERE ] setting player 3 freeze to 0
[2022-12-16 15:54:02] [SEVERE ] removing player 3 token from slot 11
[2022-12-16 15:54:02] [SEVERE ] removing player 3 token from slot 4
[2022-12-16 15:54:02] [SEVERE ] player 3 placing token on slot 7
[2022-12-16 15:54:02] [SEVERE ] player 3 placing token on slot 2
[2022-12-16 15:54:02] [SEVERE ] setting player 3 freeze to 3000
[2022-12-16 15:54:02] [SEVERE ] setting player 2 freeze to 0
[2022-12-16 15:54:02] [SEVERE ] setting player 3 freeze to 2000
[2022-12-16 15:54:02] [SEVERE ] setting player 2 freeze to 0
[2022-12-16 15:54:02] [SEVERE ] removing player 2 token from slot 5
[2022-12-16 15:54:02] [SEVERE ] player 2 placing token on slot 9
[2022-12-16 15:54:02] [SEVERE ] setting player 2 freeze to 3000
[2022-12-16 15:54:03] [SEVERE ] setting player 2 freeze to 2000
[2022-12-16 15:54:03] [SEVERE ] setting player 3 freeze to 1000
[2022-12-16 15:54:04] [SEVERE ] setting player 2 freeze to 1000
[2022-12-16 15:54:04] [SEVERE ] setting player 3 freeze to 0
[2022-12-16 15:54:05] [SEVERE ] setting player 3 freeze to 0
[2022-12-16 15:54:05] [SEVERE ] setting player 2 freeze to 0
[2022-12-16 15:54:05] [SEVERE ] setting player 2 freeze to 0
[2022-12-16 15:54:08] [SEVERE ] removing player 3 token from slot 7
[2022-12-16 15:54:09] [SEVERE ] player 3 placing token on slot 1
[2022-12-16 15:54:09] [SEVERE ] setting player 3 freeze to 3000
[2022-12-16 15:54:09] [SEVERE ] setting player 3 freeze to 2000
[2022-12-16 15:54:10] [SEVERE ] setting player 3 freeze to 1000
[2022-12-16 15:54:10] [SEVERE ] removing player 2 token from slot 2
[2022-12-16 15:54:11] [SEVERE ] setting player 3 freeze to 0
[2022-12-16 15:54:11] [SEVERE ] player 2 placing token on slot 7
[2022-12-16 15:54:11] [SEVERE ] setting player 2 freeze to 3000
[2022-12-16 15:54:12] [SEVERE ] setting player 3 freeze to 0
[2022-12-16 15:54:12] [SEVERE ] removing player 3 token from slot 1
[2022-12-16 15:54:12] [SEVERE ] player 3 placing token on slot 10
[2022-12-16 15:54:12] [SEVERE ] setting player 3 freeze to 1000
[2022-12-16 15:54:12] [SEVERE ] setting player 2 freeze to 2000
[2022-12-16 15:54:12] [SEVERE ] setting player 3 freeze to 0
[2022-12-16 15:54:13] [SEVERE ] setting player 3 freeze to 0
[2022-12-16 15:54:13] [SEVERE ] setting player 2 freeze to 1000
[2022-12-16 15:54:13] [SEVERE ] removing player 3 token from slot 8
[2022-12-16 15:54:13] [SEVERE ] removing player 3 token from slot 2
[2022-12-16 15:54:13] [SEVERE ] removing player 3 token from slot 10
[2022-12-16 15:54:13] [SEVERE ] setting player 3 score to 1
[2022-12-16 15:54:13] [SEVERE ] removing player 2 token from slot 0
[2022-12-16 15:54:13] [SEVERE ] removing tokens from slot 8
[2022-12-16 15:54:13] [SEVERE ] removing card from slot 8
[2022-12-16 15:54:13] [SEVERE ] removing tokens from slot 2
[2022-12-16 15:54:13] [SEVERE ] removing card from slot 2
[2022-12-16 15:54:13] [SEVERE ] removing tokens from slot 10
[2022-12-16 15:54:13] [SEVERE ] removing card from slot 10
[2022-12-16 15:54:14] [SEVERE ] placing card 34 in slot 2
[2022-12-16 15:54:14] [SEVERE ] player 3 placing token on slot 10
[2022-12-16 15:54:14] [SEVERE ] placing card 16 in slot 8
[2022-12-16 15:54:14] [SEVERE ] placing card 19 in slot 10
[2022-12-16 15:54:14] [SEVERE ] setting player 2 freeze to 0
[2022-12-16 15:54:14] [SEVERE ] removing player 2 token from slot 7
[2022-12-16 15:54:14] [SEVERE ] removing player 2 token from slot 9
[2022-12-16 15:54:14] [SEVERE ] player 2 placing token on slot 1
[2022-12-16 15:54:14] [SEVERE ] player 2 placing token on slot 7
[2022-12-16 15:54:14] [SEVERE ] player 3 placing token on slot 2
[2022-12-16 15:54:15] [SEVERE ] removing player 2 token from slot 1
[2022-12-16 15:54:15] [SEVERE ] player 3 placing token on slot 1
[2022-12-16 15:54:15] [SEVERE ] setting player 3 freeze to 3000
[2022-12-16 15:54:16] [SEVERE ] setting player 3 freeze to 2000
[2022-12-16 15:54:16] [SEVERE ] player 2 placing token on slot 9
[2022-12-16 15:54:17] [SEVERE ] player 2 placing token on slot 3
[2022-12-16 15:54:17] [SEVERE ] setting player 2 freeze to 3000
[2022-12-16 15:54:17] [SEVERE ] setting player 2 freeze to 0
[2022-12-16 15:54:17] [SEVERE ] setting player 3 freeze to 1000
[2022-12-16 15:54:18] [SEVERE ] setting player 2 freeze to 2000
[2022-12-16 15:54:18] [SEVERE ] setting player 3 freeze to 0
[2022-12-16 15:54:18] [SEVERE ] setting player 3 freeze to 0
[2022-12-16 15:54:18] [SEVERE ] removing player 3 token from slot 2
[2022-12-16 15:54:18] [SEVERE ] removing player 3 token from slot 1
[2022-12-16 15:54:18] [SEVERE ] player 3 placing token on slot 11
[2022-12-16 15:54:18] [SEVERE ] player 3 placing token on slot 0
[2022-12-16 15:54:18] [SEVERE ] setting player 3 freeze to 3000
[2022-12-16 15:54:19] [SEVERE ] setting player 2 freeze to 1000
[2022-12-16 15:54:19] [SEVERE ] setting player 3 freeze to 2000
[2022-12-16 15:54:20] [SEVERE ] setting player 2 freeze to 0
[2022-12-16 15:54:20] [SEVERE ] setting player 3 freeze to 1000
[2022-12-16 15:54:21] [SEVERE ] setting player 3 freeze to 0
[2022-12-16 15:54:21] [SEVERE ] setting player 3 freeze to 0
[2022-12-16 15:54:22] [SEVERE ] removing player 2 token from slot 3
[2022-12-16 15:54:22] [SEVERE ] removing player 3 token from slot 0
[2022-12-16 15:54:22] [SEVERE ] player 2 placing token on slot 1
[2022-12-16 15:54:22] [SEVERE ] setting player 2 freeze to 3000
[2022-12-16 15:54:22] [SEVERE ] player 3 placing token on slot 6
[2022-12-16 15:54:22] [SEVERE ] setting player 3 freeze to 3000
[2022-12-16 15:54:23] [SEVERE ] setting player 2 freeze to 0
[2022-12-16 15:54:23] [SEVERE ] setting player 3 freeze to 2000
[2022-12-16 15:54:24] [SEVERE ] setting player 2 freeze to 2000
[2022-12-16 15:54:24] [SEVERE ] setting player 3 freeze to 1000
[2022-12-16 15:54:25] [SEVERE ] setting player 2 freeze to 1000
[2022-12-16 15:54:25] [SEVERE ] setting player 3 freeze to 0
[2022-12-16 15:54:25] [SEVERE ] setting player 2 freeze to 0
[2022-12-16 15:54:25] [SEVERE ] removing player 2 token from slot 7
[2022-12-16 15:54:25] [SEVERE ] player 2 placing token on slot 3
[2022-12-16 15:54:25] [SEVERE ] removing player 2 token from slot 1
[2022-12-16 15:54:25] [SEVERE ] setting player 2 freeze to 3000
[2022-12-16 15:54:25] [SEVERE ] setting player 3 freeze to 0
[2022-12-16 15:54:25] [SEVERE ] removing player 3 token from slot 6
[2022-12-16 15:54:25] [SEVERE ] player 3 placing token on slot 4
[2022-12-16 15:54:25] [SEVERE ] setting player 3 freeze to 3000
[2022-12-16 15:54:26] [SEVERE ] setting player 2 freeze to 0
[2022-12-16 15:54:26] [SEVERE ] setting player 3 freeze to 2000
[2022-12-16 15:54:27] [SEVERE ] setting player 2 freeze to 2000
[2022-12-16 15:54:27] [SEVERE ] setting player 3 freeze to 1000
[2022-12-16 15:54:28] [SEVERE ] setting player 2 freeze to 1000
[2022-12-16 15:54:28] [SEVERE ] setting player 3 freeze to 0
[2022-12-16 15:54:28] [SEVERE ] setting player 2 freeze to 0
[2022-12-16 15:54:28] [SEVERE ] player 2 placing token on slot 1
[2022-12-16 15:54:28] [SEVERE ] setting player 2 freeze to 3000
[2022-12-16 15:54:28] [SEVERE ] setting player 3 freeze to 0
[2022-12-16 15:54:29] [SEVERE ] setting player 2 freeze to 0
[2022-12-16 15:54:30] [SEVERE ] setting player 2 freeze to 2000
[2022-12-16 15:54:31] [SEVERE ] setting player 2 freeze to 1000
[2022-12-16 15:54:31] [SEVERE ] setting player 2 freeze to 0
[2022-12-16 15:54:33] [SEVERE ] removing player 3 token from slot 10
[2022-12-16 15:54:34] [SEVERE ] player 3 placing token on slot 6
[2022-12-16 15:54:34] [SEVERE ] setting player 3 freeze to 3000
[2022-12-16 15:54:34] [SEVERE ] setting player 3 freeze to 2000
[2022-12-16 15:54:35] [SEVERE ] setting player 3 freeze to 1000
[2022-12-16 15:54:36] [SEVERE ] setting player 3 freeze to 0
[2022-12-16 15:54:37] [SEVERE ] setting player 3 freeze to 0
[2022-12-16 15:54:37] [SEVERE ] removing player 3 token from slot 6
[2022-12-16 15:54:38] [SEVERE ] removing player 3 token from slot 4
[2022-12-16 15:54:39] [SEVERE ] player 3 placing token on slot 10
[2022-12-16 15:54:39] [SEVERE ] player 3 placing token on slot 5
[2022-12-16 15:54:39] [SEVERE ] setting player 3 freeze to 3000
[2022-12-16 15:54:40] [SEVERE ] setting player 3 freeze to 2000
[2022-12-16 15:54:40] [SEVERE ] removing player 2 token from slot 1
[2022-12-16 15:54:41] [SEVERE ] removing player 2 token from slot 9
[2022-12-16 15:54:41] [SEVERE ] setting player 3 freeze to 1000
[2022-12-16 15:54:42] [SEVERE ] player 2 placing token on slot 6
[2022-12-16 15:54:42] [SEVERE ] setting player 3 freeze to 0
[2022-12-16 15:54:42] [SEVERE ] setting player 3 freeze to 0
[2022-12-16 15:54:43] [SEVERE ] player 2 placing token on slot 0
[2022-12-16 15:54:43] [SEVERE ] setting player 2 freeze to 3000
[2022-12-16 15:54:43] [SEVERE ] removing player 3 token from slot 5
[2022-12-16 15:54:43] [SEVERE ] setting player 2 freeze to 0
[2022-12-16 15:54:43] [SEVERE ] player 3 placing token on slot 5
[2022-12-16 15:54:43] [SEVERE ] setting player 3 freeze to 3000
[2022-12-16 15:54:44] [SEVERE ] setting player 2 freeze to 2000
[2022-12-16 15:54:44] [SEVERE ] setting player 3 freeze to 2000
[2022-12-16 15:54:45] [SEVERE ] setting player 2 freeze to 1000
[2022-12-16 15:54:45] [SEVERE ] setting player 3 freeze to 1000
[2022-12-16 15:54:46] [SEVERE ] setting player 2 freeze to 0
[2022-12-16 15:54:46] [SEVERE ] setting player 3 freeze to 0
[2022-12-16 15:54:46] [SEVERE ] setting player 3 freeze to 0
[2022-12-16 15:54:46] [SEVERE ] removing player 3 token from slot 5
[2022-12-16 15:54:46] [SEVERE ] removing player 3 token from slot 10
[2022-12-16 15:54:46] [SEVERE ] player 3 placing token on slot 3
[2022-12-16 15:54:47] [SEVERE ] player 3 placing token on slot 10
[2022-12-16 15:54:47] [SEVERE ] setting player 3 freeze to 3000
[2022-12-16 15:54:47] [SEVERE ] setting player 3 freeze to 2000
[2022-12-16 15:54:47] [SEVERE ] removing player 2 token from slot 6
[2022-12-16 15:54:48] [SEVERE ] setting player 3 freeze to 1000
[2022-12-16 15:54:48] [SEVERE ] player 2 placing token on slot 2
[2022-12-16 15:54:48] [SEVERE ] setting player 2 freeze to 3000
[2022-12-16 15:54:49] [SEVERE ] setting player 2 freeze to 0
[2022-12-16 15:54:49] [SEVERE ] setting player 3 freeze to 0
[2022-12-16 15:54:50] [SEVERE ] setting player 3 freeze to 0
[2022-12-16 15:54:50] [SEVERE ] removing player 3 token from slot 10
[2022-12-16 15:54:50] [SEVERE ] player 3 placing token on slot 9
[2022-12-16 15:54:50] [SEVERE ] setting player 3 freeze to 3000
[2022-12-16 15:54:50] [SEVERE ] setting player 2 freeze to 2000
[2022-12-16 15:54:50] [SEVERE ] setting player 3 freeze to 2000
[2022-12-16 15:54:51] [SEVERE ] setting player 2 freeze to 1000
[2022-12-16 15:54:51] [SEVERE ] setting player 3 freeze to 1000
[2022-12-16 15:54:51] [SEVERE ] setting player 2 freeze to 0
[2022-12-16 15:54:51] [SEVERE ] removing player 2 token from slot 2
[2022-12-16 15:54:51] [SEVERE ] player 2 placing token on slot 6
[2022-12-16 15:54:51] [SEVERE ] setting player 2 freeze to 3000
[2022-12-16 15:54:52] [SEVERE ] setting player 2 freeze to 0
[2022-12-16 15:54:52] [SEVERE ] setting player 3 freeze to 0
[2022-12-16 15:54:53] [SEVERE ] setting player 3 freeze to 0
[2022-12-16 15:54:53] [SEVERE ] removing player 3 token from slot 3
[2022-12-16 15:54:53] [SEVERE ] player 3 placing token on slot 5
[2022-12-16 15:54:53] [SEVERE ] setting player 3 freeze to 3000
[2022-12-16 15:54:53] [SEVERE ] setting player 2 freeze to 2000
[2022-12-16 15:54:53] [SEVERE ] setting player 3 freeze to 2000
[2022-12-16 15:54:54] [SEVERE ] setting player 2 freeze to 1000
[2022-12-16 15:54:54] [SEVERE ] setting player 3 freeze to 1000
[2022-12-16 15:54:54] [SEVERE ] setting player 2 freeze to 0
[2022-12-16 15:54:54] [SEVERE ] removing player 2 token from slot 3
[2022-12-16 15:54:54] [SEVERE ] player 2 placing token on slot 5
[2022-12-16 15:54:54] [SEVERE ] removing player 2 token from slot 5
[2022-12-16 15:54:54] [SEVERE ] player 2 placing token on slot 4
[2022-12-16 15:54:54] [SEVERE ] setting player 2 freeze to 3000
[2022-12-16 15:54:55] [SEVERE ] setting player 2 freeze to 0
[2022-12-16 15:54:55] [SEVERE ] setting player 3 freeze to 0
[2022-12-16 15:54:56] [SEVERE ] setting player 3 freeze to 0
[2022-12-16 15:54:56] [SEVERE ] setting player 2 freeze to 2000
[2022-12-16 15:54:56] [SEVERE ] Exit button pressed
[2022-12-16 15:54:57] [SEVERE ] setting player 2 freeze to 1000
[2022-12-16 15:54:57] [SEVERE ] removing tokens from slot 0
[2022-12-16 15:54:57] [SEVERE ] removing card from slot 0
[2022-12-16 15:54:57] [SEVERE ] setting player 2 freeze to 0
[2022-12-16 15:54:57] [SEVERE ] removing player 2 token from slot 0
[2022-12-16 15:54:57] [SEVERE ] removing tokens from slot 1
[2022-12-16 15:54:57] [SEVERE ] removing card from slot 1
[2022-12-16 15:54:57] [SEVERE ] removing tokens from slot 2
[2022-12-16 15:54:57] [SEVERE ] removing card from slot 2
[2022-12-16 15:54:57] [SEVERE ] removing tokens from slot 3
[2022-12-16 15:54:57] [SEVERE ] removing card from slot 3
[2022-12-16 15:54:58] [SEVERE ] removing tokens from slot 4
[2022-12-16 15:54:58] [SEVERE ] removing card from slot 4
[2022-12-16 15:54:58] [SEVERE ] removing tokens from slot 5
[2022-12-16 15:54:58] [SEVERE ] removing card from slot 5
[2022-12-16 15:54:58] [SEVERE ] removing tokens from slot 6
[2022-12-16 15:54:58] [SEVERE ] removing card from slot 6
[2022-12-16 15:54:58] [SEVERE ] removing tokens from slot 7
[2022-12-16 15:54:58] [SEVERE ] removing card from slot 7
[2022-12-16 15:54:58] [SEVERE ] removing tokens from slot 8
[2022-12-16 15:54:58] [SEVERE ] removing card from slot 8
[2022-12-16 15:54:58] [SEVERE ] removing tokens from slot 9
[2022-12-16 15:54:58] [SEVERE ] removing card from slot 9
[2022-12-16 15:54:58] [SEVERE ] removing tokens from slot 10
[2022-12-16 15:54:58] [SEVERE ] removing card from slot 10
[2022-12-16 15:54:58] [SEVERE ] removing tokens from slot 11
[2022-12-16 15:54:58] [SEVERE ] removing card from slot 11
[2022-12-16 15:54:58] [INFO   ] Thread Thread-0 terminated.
[2022-12-16 15:54:58] [INFO   ] Thread Thread-1 terminated.
[2022-12-16 15:54:58] [SEVERE ] announcing winners: [0, 0, 0, 3]
[2022-12-16 15:54:58] [INFO   ] Thread dealer terminated.
[2022-12-16 15:54:58] [INFO   ] Thread main terminated.
