[2022-12-16 14:11:33] [INFO   ] cannot read configuration file config.properties trying from resources.
[2022-12-16 14:11:33] [INFO   ] configuration file was loaded from resources directory.
[2022-12-16 14:11:34] [INFO   ] Thread dealer starting.
[2022-12-16 14:11:34] [INFO   ] Thread Thread-1starting.
[2022-12-16 14:11:34] [INFO   ] Thread Thread-0starting.
[2022-12-16 14:11:34] [SEVERE ] placing card 50 in slot 0
[2022-12-16 14:11:34] [SEVERE ] placing card 42 in slot 1
[2022-12-16 14:11:34] [SEVERE ] placing card 13 in slot 2
[2022-12-16 14:11:34] [SEVERE ] placing card 9 in slot 3
[2022-12-16 14:11:35] [SEVERE ] placing card 54 in slot 4
[2022-12-16 14:11:35] [SEVERE ] placing card 18 in slot 5
[2022-12-16 14:11:35] [SEVERE ] placing card 27 in slot 6
[2022-12-16 14:11:35] [SEVERE ] placing card 20 in slot 7
[2022-12-16 14:11:35] [SEVERE ] placing card 78 in slot 8
[2022-12-16 14:11:35] [SEVERE ] placing card 22 in slot 9
[2022-12-16 14:11:35] [SEVERE ] placing card 30 in slot 10
[2022-12-16 14:11:35] [SEVERE ] placing card 47 in slot 11
[2022-12-16 14:11:37] [SEVERE ] Key 81 was pressed by player 0
[2022-12-16 14:11:37] [SEVERE ] player 0 placing token on slot 0
[2022-12-16 14:11:37] [SEVERE ] Key 87 was pressed by player 0
[2022-12-16 14:11:37] [SEVERE ] player 0 placing token on slot 1
[2022-12-16 14:11:37] [SEVERE ] Key 69 was pressed by player 0
[2022-12-16 14:11:37] [SEVERE ] player 0 placing token on slot 2
[2022-12-16 14:11:37] [SEVERE ] setting player 0 freeze to 3000
[2022-12-16 14:11:38] [SEVERE ] Key 69 was pressed by player 0
[2022-12-16 14:11:38] [SEVERE ] Key 69 was pressed by player 0
[2022-12-16 14:11:38] [SEVERE ] setting player 0 freeze to 2000
[2022-12-16 14:11:39] [SEVERE ] Key 69 was pressed by player 0
[2022-12-16 14:11:39] [SEVERE ] setting player 0 freeze to 1000
[2022-12-16 14:11:40] [SEVERE ] setting player 0 freeze to 0
[2022-12-16 14:11:40] [SEVERE ] setting player 0 freeze to 0
[2022-12-16 14:11:40] [SEVERE ] removing player 0 token from slot 2
[2022-12-16 14:11:40] [SEVERE ] player 0 placing token on slot 2
[2022-12-16 14:11:40] [SEVERE ] removing player 0 token from slot 2
[2022-12-16 14:11:40] [SEVERE ] setting player 0 freeze to 3000
[2022-12-16 14:11:41] [SEVERE ] setting player 0 freeze to 2000
[2022-12-16 14:11:42] [SEVERE ] setting player 0 freeze to 1000
[2022-12-16 14:11:43] [SEVERE ] setting player 0 freeze to 0
[2022-12-16 14:11:43] [SEVERE ] setting player 0 freeze to 0
[2022-12-16 14:11:45] [SEVERE ] Key 69 was pressed by player 0
[2022-12-16 14:11:45] [SEVERE ] player 0 placing token on slot 2
[2022-12-16 14:11:45] [SEVERE ] setting player 0 freeze to 3000
[2022-12-16 14:11:45] [SEVERE ] setting player 0 freeze to 2000
[2022-12-16 14:11:46] [SEVERE ] setting player 0 freeze to 1000
[2022-12-16 14:11:46] [SEVERE ] Key 69 was pressed by player 0
[2022-12-16 14:11:47] [SEVERE ] Key 69 was pressed by player 0
[2022-12-16 14:11:47] [SEVERE ] setting player 0 freeze to 0
[2022-12-16 14:11:48] [SEVERE ] setting player 0 freeze to 0
[2022-12-16 14:11:48] [SEVERE ] removing player 0 token from slot 2
[2022-12-16 14:11:48] [SEVERE ] player 0 placing token on slot 2
[2022-12-16 14:11:48] [SEVERE ] setting player 0 freeze to 3000
[2022-12-16 14:11:48] [SEVERE ] setting player 0 freeze to 2000
[2022-12-16 14:11:49] [SEVERE ] setting player 0 freeze to 1000
[2022-12-16 14:11:50] [SEVERE ] setting player 0 freeze to 0
[2022-12-16 14:11:51] [SEVERE ] setting player 0 freeze to 0
