[2022-12-16 13:25:09] [INFO   ] cannot read configuration file config.properties trying from resources.
[2022-12-16 13:25:09] [INFO   ] configuration file was loaded from resources directory.
[2022-12-16 13:25:10] [INFO   ] Thread dealer starting.
[2022-12-16 13:25:10] [INFO   ] Thread Thread-0starting.
[2022-12-16 13:25:10] [INFO   ] Thread Thread-1starting.
[2022-12-16 13:25:10] [SEVERE ] placing card 69 in slot 0
[2022-12-16 13:25:10] [SEVERE ] placing card 27 in slot 1
[2022-12-16 13:25:10] [SEVERE ] placing card 15 in slot 2
[2022-12-16 13:25:10] [SEVERE ] placing card 47 in slot 3
[2022-12-16 13:25:10] [SEVERE ] placing card 10 in slot 4
[2022-12-16 13:25:10] [SEVERE ] placing card 39 in slot 5
[2022-12-16 13:25:10] [SEVERE ] placing card 68 in slot 6
[2022-12-16 13:25:11] [SEVERE ] placing card 45 in slot 7
[2022-12-16 13:25:11] [SEVERE ] placing card 67 in slot 8
[2022-12-16 13:25:11] [SEVERE ] placing card 49 in slot 9
[2022-12-16 13:25:11] [SEVERE ] placing card 61 in slot 10
[2022-12-16 13:25:11] [SEVERE ] placing card 0 in slot 11
[2022-12-16 13:25:13] [SEVERE ] Key 81 was pressed by player 0
[2022-12-16 13:25:13] [SEVERE ] player 0 placing token on slot 0
[2022-12-16 13:25:13] [SEVERE ] Key 87 was pressed by player 0
[2022-12-16 13:25:13] [SEVERE ] player 0 placing token on slot 1
[2022-12-16 13:25:13] [SEVERE ] Key 69 was pressed by player 0
[2022-12-16 13:25:13] [SEVERE ] player 0 placing token on slot 2
[2022-12-16 13:25:14] [SEVERE ] setting player 0 freeze to 3000
[2022-12-16 13:25:17] [SEVERE ] setting player 0 freeze to 0
[2022-12-16 13:25:18] [SEVERE ] Key 81 was pressed by player 0
[2022-12-16 13:25:18] [SEVERE ] removing player 0 token from slot 0
[2022-12-16 13:25:18] [SEVERE ] Key 87 was pressed by player 0
[2022-12-16 13:25:18] [SEVERE ] removing player 0 token from slot 1
[2022-12-16 13:25:18] [SEVERE ] Key 69 was pressed by player 0
[2022-12-16 13:25:18] [SEVERE ] removing player 0 token from slot 2
[2022-12-16 13:25:18] [SEVERE ] Key 81 was pressed by player 0
[2022-12-16 13:25:18] [SEVERE ] player 0 placing token on slot 0
[2022-12-16 13:25:19] [SEVERE ] Key 69 was pressed by player 0
[2022-12-16 13:25:19] [SEVERE ] player 0 placing token on slot 2
[2022-12-16 13:25:19] [SEVERE ] Key 87 was pressed by player 0
[2022-12-16 13:25:19] [SEVERE ] player 0 placing token on slot 1
[2022-12-16 13:25:19] [SEVERE ] Key 81 was pressed by player 0
[2022-12-16 13:25:19] [SEVERE ] removing player 0 token from slot 0
[2022-12-16 13:25:19] [SEVERE ] Key 87 was pressed by player 0
[2022-12-16 13:25:19] [SEVERE ] removing player 0 token from slot 1
[2022-12-16 13:25:19] [SEVERE ] Key 69 was pressed by player 0
[2022-12-16 13:25:19] [SEVERE ] removing player 0 token from slot 2
[2022-12-16 13:25:19] [SEVERE ] Key 69 was pressed by player 0
[2022-12-16 13:25:19] [SEVERE ] player 0 placing token on slot 2
[2022-12-16 13:25:19] [SEVERE ] Key 87 was pressed by player 0
[2022-12-16 13:25:19] [SEVERE ] player 0 placing token on slot 1
[2022-12-16 13:25:19] [SEVERE ] setting player 0 freeze to 3000
[2022-12-16 13:25:19] [SEVERE ] Key 81 was pressed by player 0
[2022-12-16 13:25:19] [SEVERE ] player 0 placing token on slot 0
[2022-12-16 13:25:19] [SEVERE ] Key 69 was pressed by player 0
[2022-12-16 13:25:19] [SEVERE ] removing player 0 token from slot 2
[2022-12-16 13:25:19] [SEVERE ] Key 81 was pressed by player 0
[2022-12-16 13:25:19] [SEVERE ] removing player 0 token from slot 0
