[2022-12-16 12:19:10] [INFO   ] cannot read configuration file config.properties trying from resources.
[2022-12-16 12:19:10] [INFO   ] configuration file was loaded from resources directory.
[2022-12-16 12:19:10] [INFO   ] Thread dealer starting.
[2022-12-16 12:19:10] [INFO   ] Thread Thread-0starting.
[2022-12-16 12:19:10] [INFO   ] Thread Thread-1starting.
[2022-12-16 12:19:10] [SEVERE ] placing card 59 in slot 0
[2022-12-16 12:19:11] [SEVERE ] placing card 64 in slot 1
[2022-12-16 12:19:11] [SEVERE ] placing card 68 in slot 2
[2022-12-16 12:19:11] [SEVERE ] placing card 47 in slot 3
[2022-12-16 12:19:11] [SEVERE ] placing card 52 in slot 4
[2022-12-16 12:19:11] [SEVERE ] placing card 34 in slot 5
[2022-12-16 12:19:11] [SEVERE ] placing card 29 in slot 6
[2022-12-16 12:19:11] [SEVERE ] placing card 10 in slot 7
[2022-12-16 12:19:11] [SEVERE ] placing card 44 in slot 8
[2022-12-16 12:19:11] [SEVERE ] placing card 6 in slot 9
[2022-12-16 12:19:12] [SEVERE ] placing card 54 in slot 10
[2022-12-16 12:19:12] [SEVERE ] placing card 25 in slot 11
[2022-12-16 12:19:16] [SEVERE ] Key 81 was pressed by player 0
[2022-12-16 12:19:16] [SEVERE ] player 0 placing token on slot 0
[2022-12-16 12:19:16] [SEVERE ] Key 87 was pressed by player 0
[2022-12-16 12:19:16] [SEVERE ] player 0 placing token on slot 1
[2022-12-16 12:19:17] [SEVERE ] Key 69 was pressed by player 0
[2022-12-16 12:19:17] [SEVERE ] player 0 placing token on slot 2
[2022-12-16 12:19:17] [SEVERE ] setting player 0 freeze to 3000
[2022-12-16 12:19:18] [SEVERE ] setting player 0 freeze to 2000
[2022-12-16 12:19:19] [SEVERE ] setting player 0 freeze to 1000
[2022-12-16 12:19:19] [SEVERE ] Key 81 was pressed by player 0
[2022-12-16 12:19:20] [SEVERE ] setting player 0 freeze to 0
[2022-12-16 12:19:20] [SEVERE ] removing player 0 token from slot 0
[2022-12-16 12:19:21] [SEVERE ] Key 87 was pressed by player 0
[2022-12-16 12:19:21] [SEVERE ] removing player 0 token from slot 1
[2022-12-16 12:19:21] [SEVERE ] Key 69 was pressed by player 0
[2022-12-16 12:19:21] [SEVERE ] removing player 0 token from slot 2
[2022-12-16 12:19:22] [SEVERE ] Key 81 was pressed by player 0
[2022-12-16 12:19:22] [SEVERE ] player 0 placing token on slot 0
[2022-12-16 12:19:22] [SEVERE ] Key 87 was pressed by player 0
[2022-12-16 12:19:22] [SEVERE ] player 0 placing token on slot 1
[2022-12-16 12:19:22] [SEVERE ] Key 69 was pressed by player 0
[2022-12-16 12:19:22] [SEVERE ] player 0 placing token on slot 2
[2022-12-16 12:19:23] [SEVERE ] setting player 0 freeze to 3000
[2022-12-16 12:19:24] [SEVERE ] Key 81 was pressed by player 0
[2022-12-16 12:19:24] [SEVERE ] setting player 0 freeze to 2000
[2022-12-16 12:19:24] [SEVERE ] Key 87 was pressed by player 0
[2022-12-16 12:19:24] [SEVERE ] Key 69 was pressed by player 0
[2022-12-16 12:19:25] [SEVERE ] setting player 0 freeze to 1000
[2022-12-16 12:19:26] [SEVERE ] setting player 0 freeze to 0
[2022-12-16 12:19:26] [SEVERE ] removing player 0 token from slot 0
[2022-12-16 12:19:26] [SEVERE ] removing player 0 token from slot 1
[2022-12-16 12:19:26] [SEVERE ] removing player 0 token from slot 2
[2022-12-16 12:19:29] [SEVERE ] Key 68 was pressed by player 0
[2022-12-16 12:19:29] [SEVERE ] player 0 placing token on slot 6
[2022-12-16 12:19:30] [SEVERE ] Key 83 was pressed by player 0
[2022-12-16 12:19:30] [SEVERE ] player 0 placing token on slot 5
[2022-12-16 12:19:31] [SEVERE ] Key 65 was pressed by player 0
[2022-12-16 12:19:31] [SEVERE ] player 0 placing token on slot 4
[2022-12-16 12:19:32] [SEVERE ] setting player 0 freeze to 3000
[2022-12-16 12:19:33] [SEVERE ] Key 74 was pressed by player 1
[2022-12-16 12:19:33] [SEVERE ] player 1 placing token on slot 4
[2022-12-16 12:19:33] [SEVERE ] setting player 0 freeze to 2000
[2022-12-16 12:19:33] [SEVERE ] Key 75 was pressed by player 1
[2022-12-16 12:19:33] [SEVERE ] player 1 placing token on slot 5
[2022-12-16 12:19:33] [SEVERE ] Key 76 was pressed by player 1
[2022-12-16 12:19:33] [SEVERE ] player 1 placing token on slot 6
[2022-12-16 12:19:34] [SEVERE ] setting player 0 freeze to 1000
[2022-12-16 12:19:34] [SEVERE ] setting player 1 freeze to 3000
[2022-12-16 12:19:35] [SEVERE ] setting player 0 freeze to 0
[2022-12-16 12:19:35] [SEVERE ] setting player 1 freeze to 2000
[2022-12-16 12:19:36] [SEVERE ] setting player 1 freeze to 1000
[2022-12-16 12:19:37] [SEVERE ] setting player 1 freeze to 0
[2022-12-16 12:19:39] [SEVERE ] Key 65 was pressed by player 0
[2022-12-16 12:19:39] [SEVERE ] removing player 0 token from slot 4
[2022-12-16 12:19:39] [SEVERE ] Key 83 was pressed by player 0
[2022-12-16 12:19:39] [SEVERE ] removing player 0 token from slot 5
[2022-12-16 12:19:39] [SEVERE ] Key 68 was pressed by player 0
[2022-12-16 12:19:39] [SEVERE ] removing player 0 token from slot 6
[2022-12-16 12:19:41] [SEVERE ] Key 74 was pressed by player 1
[2022-12-16 12:19:41] [SEVERE ] removing player 1 token from slot 4
[2022-12-16 12:19:41] [SEVERE ] Key 75 was pressed by player 1
[2022-12-16 12:19:41] [SEVERE ] removing player 1 token from slot 5
[2022-12-16 12:19:42] [SEVERE ] Key 76 was pressed by player 1
[2022-12-16 12:19:42] [SEVERE ] removing player 1 token from slot 6
[2022-12-16 12:19:42] [SEVERE ] Key 81 was pressed by player 0
[2022-12-16 12:19:42] [SEVERE ] player 0 placing token on slot 0
[2022-12-16 12:19:43] [SEVERE ] Key 87 was pressed by player 0
[2022-12-16 12:19:43] [SEVERE ] player 0 placing token on slot 1
[2022-12-16 12:19:43] [SEVERE ] Key 69 was pressed by player 0
[2022-12-16 12:19:43] [SEVERE ] player 0 placing token on slot 2
[2022-12-16 12:19:44] [SEVERE ] setting player 0 freeze to 3000
[2022-12-16 12:19:45] [SEVERE ] setting player 0 freeze to 2000
[2022-12-16 12:19:46] [SEVERE ] setting player 0 freeze to 1000
