[2022-12-16 15:07:46] [INFO   ] cannot read configuration file config.properties trying from resources.
[2022-12-16 15:07:46] [INFO   ] configuration file was loaded from resources directory.
[2022-12-16 15:07:47] [INFO   ] Thread dealer starting.
[2022-12-16 15:07:47] [INFO   ] Thread Thread-0starting.
[2022-12-16 15:07:47] [INFO   ] Thread Thread-1starting.
[2022-12-16 15:07:47] [INFO   ] Thread Thread-2starting.
[2022-12-16 15:07:47] [INFO   ] Thread computer-2 starting.
[2022-12-16 15:07:47] [SEVERE ] player 2 placing token on slot 4
[2022-12-16 15:07:47] [SEVERE ] placing card 36 in slot 0
[2022-12-16 15:07:47] [SEVERE ] placing card 59 in slot 1
[2022-12-16 15:07:47] [SEVERE ] placing card 9 in slot 2
[2022-12-16 15:07:47] [SEVERE ] placing card 77 in slot 3
[2022-12-16 15:07:47] [SEVERE ] placing card 22 in slot 4
[2022-12-16 15:07:47] [SEVERE ] placing card 32 in slot 5
[2022-12-16 15:07:47] [SEVERE ] placing card 5 in slot 6
[2022-12-16 15:07:48] [SEVERE ] placing card 45 in slot 7
[2022-12-16 15:07:48] [SEVERE ] player 2 placing token on slot 5
[2022-12-16 15:07:48] [SEVERE ] placing card 72 in slot 8
[2022-12-16 15:07:48] [SEVERE ] placing card 2 in slot 9
[2022-12-16 15:07:48] [SEVERE ] placing card 37 in slot 10
[2022-12-16 15:07:48] [SEVERE ] placing card 64 in slot 11
[2022-12-16 15:07:48] [SEVERE ] player 2 placing token on slot 9
[2022-12-16 15:07:48] [SEVERE ] setting player 2 freeze to 3000
[2022-12-16 15:07:49] [SEVERE ] setting player 2 freeze to 2000
[2022-12-16 15:07:49] [SEVERE ] Exit button pressed
[2022-12-16 15:07:50] [SEVERE ] setting player 2 freeze to 1000
[2022-12-16 15:07:51] [SEVERE ] setting player 2 freeze to 0
[2022-12-16 15:07:51] [SEVERE ] setting player 2 freeze to 0
[2022-12-16 15:07:53] [SEVERE ] removing player 2 token from slot 9
[2022-12-16 15:07:54] [SEVERE ] player 2 placing token on slot 8
[2022-12-16 15:07:54] [SEVERE ] setting player 2 freeze to 3000
[2022-12-16 15:07:54] [SEVERE ] setting player 2 freeze to 2000
[2022-12-16 15:07:55] [SEVERE ] setting player 2 freeze to 1000
