[2022-12-14 12:48:58] [INFO   ] cannot read configuration file config.properties trying from resources.
[2022-12-14 12:48:58] [INFO   ] configuration file was loaded from resources directory.
[2022-12-14 12:49:07] [INFO   ] Thread dealer starting.
[2022-12-14 12:49:18] [SEVERE ] placing card 0 in slot 0
[2022-12-14 12:49:18] [SEVERE ] placing card 1 in slot 1
[2022-12-14 12:49:18] [SEVERE ] placing card 2 in slot 2
[2022-12-14 12:49:18] [SEVERE ] placing card 3 in slot 3
[2022-12-14 12:49:18] [SEVERE ] placing card 4 in slot 4
[2022-12-14 12:49:18] [SEVERE ] placing card 5 in slot 5
[2022-12-14 12:49:18] [SEVERE ] placing card 6 in slot 6
[2022-12-14 12:49:18] [SEVERE ] placing card 7 in slot 7
[2022-12-14 12:49:18] [SEVERE ] placing card 8 in slot 8
[2022-12-14 12:49:19] [SEVERE ] placing card 9 in slot 9
[2022-12-14 12:49:19] [SEVERE ] placing card 10 in slot 10
[2022-12-14 12:49:19] [SEVERE ] placing card 11 in slot 11
[2022-12-14 12:49:35] [SEVERE ] Key 81 was pressed by player 0
[2022-12-14 12:49:47] [SEVERE ] player 0 placing token on slot 0
[2022-12-14 12:49:49] [SEVERE ] Key 81 was pressed by player 0
[2022-12-14 12:49:52] [SEVERE ] removing player 0 token from slot 0
[2022-12-14 12:50:00] [SEVERE ] removing card from slot 0
[2022-12-14 12:50:00] [SEVERE ] removing card from slot 1
[2022-12-14 12:50:00] [SEVERE ] removing card from slot 2
[2022-12-14 12:50:00] [SEVERE ] removing card from slot 3
[2022-12-14 12:50:00] [SEVERE ] removing card from slot 4
[2022-12-14 12:50:00] [SEVERE ] removing card from slot 5
[2022-12-14 12:50:00] [SEVERE ] removing card from slot 6
[2022-12-14 12:50:01] [SEVERE ] removing card from slot 7
[2022-12-14 12:50:01] [SEVERE ] removing card from slot 8
[2022-12-14 12:50:01] [SEVERE ] removing card from slot 9
[2022-12-14 12:50:01] [SEVERE ] removing card from slot 10
[2022-12-14 12:50:01] [SEVERE ] removing card from slot 11
[2022-12-14 12:50:01] [SEVERE ] placing card 58 in slot 0
[2022-12-14 12:50:01] [SEVERE ] placing card 54 in slot 1
[2022-12-14 12:50:01] [SEVERE ] placing card 39 in slot 2
[2022-12-14 12:50:01] [SEVERE ] placing card 66 in slot 3
[2022-12-14 12:50:02] [SEVERE ] placing card 40 in slot 4
[2022-12-14 12:50:02] [SEVERE ] placing card 14 in slot 5
[2022-12-14 12:50:02] [SEVERE ] placing card 25 in slot 6
[2022-12-14 12:50:02] [SEVERE ] placing card 27 in slot 7
[2022-12-14 12:50:02] [SEVERE ] placing card 38 in slot 8
[2022-12-14 12:50:02] [SEVERE ] placing card 57 in slot 9
[2022-12-14 12:50:02] [SEVERE ] placing card 24 in slot 10
[2022-12-14 12:50:02] [SEVERE ] placing card 79 in slot 11
[2022-12-14 12:50:05] [SEVERE ] Key 81 was pressed by player 0
[2022-12-14 12:50:11] [SEVERE ] player 0 placing token on slot 0
[2022-12-14 12:50:14] [SEVERE ] Key 87 was pressed by player 0
[2022-12-14 12:51:02] [SEVERE ] removing card from slot 0
[2022-12-14 12:51:02] [SEVERE ] removing card from slot 1
[2022-12-14 12:51:02] [SEVERE ] removing card from slot 2
[2022-12-14 12:51:02] [SEVERE ] removing card from slot 3
[2022-12-14 12:51:02] [SEVERE ] removing card from slot 4
[2022-12-14 12:51:02] [SEVERE ] removing card from slot 5
[2022-12-14 12:51:03] [SEVERE ] removing card from slot 6
[2022-12-14 12:51:03] [SEVERE ] removing card from slot 7
[2022-12-14 12:51:03] [SEVERE ] removing card from slot 8
[2022-12-14 12:51:03] [SEVERE ] removing card from slot 9
[2022-12-14 12:51:03] [SEVERE ] removing card from slot 10
[2022-12-14 12:51:03] [SEVERE ] removing card from slot 11
[2022-12-14 12:51:03] [SEVERE ] placing card 20 in slot 0
[2022-12-14 12:51:03] [SEVERE ] placing card 68 in slot 1
[2022-12-14 12:51:03] [SEVERE ] placing card 80 in slot 2
[2022-12-14 12:51:04] [SEVERE ] placing card 60 in slot 3
[2022-12-14 12:51:04] [SEVERE ] placing card 78 in slot 4
[2022-12-14 12:51:04] [SEVERE ] placing card 16 in slot 5
[2022-12-14 12:51:04] [SEVERE ] placing card 46 in slot 6
[2022-12-14 12:51:04] [SEVERE ] placing card 44 in slot 7
[2022-12-14 12:51:04] [SEVERE ] placing card 51 in slot 8
[2022-12-14 12:51:04] [SEVERE ] placing card 19 in slot 9
[2022-12-14 12:51:04] [SEVERE ] placing card 48 in slot 10
[2022-12-14 12:51:04] [SEVERE ] placing card 71 in slot 11
[2022-12-14 12:52:03] [SEVERE ] player 0 placing token on slot 1
[2022-12-14 12:52:04] [SEVERE ] removing card from slot 0
[2022-12-14 12:52:04] [SEVERE ] removing card from slot 1
[2022-12-14 12:52:04] [SEVERE ] removing card from slot 2
[2022-12-14 12:52:04] [SEVERE ] removing card from slot 3
[2022-12-14 12:52:04] [SEVERE ] removing card from slot 4
[2022-12-14 12:52:05] [SEVERE ] removing card from slot 5
[2022-12-14 12:52:05] [SEVERE ] removing card from slot 6
[2022-12-14 12:52:05] [SEVERE ] removing card from slot 7
[2022-12-14 12:52:05] [SEVERE ] removing card from slot 8
[2022-12-14 12:52:05] [SEVERE ] removing card from slot 9
[2022-12-14 12:52:05] [SEVERE ] removing card from slot 10
[2022-12-14 12:52:05] [SEVERE ] removing card from slot 11
[2022-12-14 12:52:05] [SEVERE ] placing card 69 in slot 0
[2022-12-14 12:52:05] [SEVERE ] placing card 35 in slot 1
[2022-12-14 12:52:05] [SEVERE ] placing card 32 in slot 2
[2022-12-14 12:52:06] [SEVERE ] placing card 75 in slot 3
[2022-12-14 12:52:06] [SEVERE ] placing card 65 in slot 4
[2022-12-14 12:52:06] [SEVERE ] placing card 47 in slot 5
[2022-12-14 12:52:06] [SEVERE ] placing card 29 in slot 6
[2022-12-14 12:52:06] [SEVERE ] placing card 17 in slot 7
[2022-12-14 12:52:06] [SEVERE ] placing card 31 in slot 8
[2022-12-14 12:52:06] [SEVERE ] placing card 26 in slot 9
[2022-12-14 12:52:06] [SEVERE ] placing card 42 in slot 10
[2022-12-14 12:52:06] [SEVERE ] placing card 56 in slot 11
