[2022-12-14 15:21:36] [INFO   ] cannot read configuration file config.properties trying from resources.
[2022-12-14 15:21:36] [INFO   ] configuration file was loaded from resources directory.
[2022-12-14 15:21:37] [INFO   ] Thread dealer starting.
[2022-12-14 15:21:37] [SEVERE ] placing card 79 in slot 0
[2022-12-14 15:21:37] [SEVERE ] placing card 36 in slot 1
[2022-12-14 15:21:37] [SEVERE ] placing card 66 in slot 2
[2022-12-14 15:21:37] [SEVERE ] placing card 35 in slot 3
[2022-12-14 15:21:37] [SEVERE ] placing card 52 in slot 4
[2022-12-14 15:21:38] [SEVERE ] placing card 31 in slot 5
[2022-12-14 15:21:38] [SEVERE ] placing card 37 in slot 6
[2022-12-14 15:21:38] [SEVERE ] placing card 42 in slot 7
[2022-12-14 15:21:38] [SEVERE ] placing card 68 in slot 8
[2022-12-14 15:21:38] [SEVERE ] placing card 70 in slot 9
[2022-12-14 15:21:38] [SEVERE ] placing card 2 in slot 10
[2022-12-14 15:21:38] [SEVERE ] placing card 63 in slot 11
[2022-12-14 15:21:39] [SEVERE ] Key 81 was pressed by player 0
[2022-12-14 15:21:39] [SEVERE ] player 0 placing token on slot 0
[2022-12-14 15:21:39] [SEVERE ] Key 87 was pressed by player 0
[2022-12-14 15:21:39] [SEVERE ] player 0 placing token on slot 1
[2022-12-14 15:21:39] [SEVERE ] Key 69 was pressed by player 0
[2022-12-14 15:21:39] [SEVERE ] player 0 placing token on slot 2
[2022-12-14 15:21:42] [SEVERE ] Key 69 was pressed by player 0
[2022-12-14 15:21:42] [SEVERE ] removing player 0 token from slot 2
[2022-12-14 15:21:42] [SEVERE ] Key 87 was pressed by player 0
[2022-12-14 15:21:42] [SEVERE ] removing player 0 token from slot 1
[2022-12-14 15:21:42] [SEVERE ] Key 81 was pressed by player 0
[2022-12-14 15:21:42] [SEVERE ] removing player 0 token from slot 0
[2022-12-14 15:21:43] [SEVERE ] Key 81 was pressed by player 0
[2022-12-14 15:21:43] [SEVERE ] player 0 placing token on slot 0
[2022-12-14 15:21:43] [SEVERE ] Key 87 was pressed by player 0
[2022-12-14 15:21:43] [SEVERE ] player 0 placing token on slot 1
[2022-12-14 15:21:43] [SEVERE ] Key 69 was pressed by player 0
[2022-12-14 15:21:43] [SEVERE ] player 0 placing token on slot 2
[2022-12-14 15:21:44] [SEVERE ] Key 82 was pressed by player 0
[2022-12-14 15:21:46] [SEVERE ] Key 85 was pressed by player 1
[2022-12-14 15:21:46] [SEVERE ] player 1 placing token on slot 0
[2022-12-14 15:21:46] [SEVERE ] Key 73 was pressed by player 1
[2022-12-14 15:21:46] [SEVERE ] player 1 placing token on slot 1
[2022-12-14 15:21:46] [SEVERE ] Key 79 was pressed by player 1
[2022-12-14 15:21:46] [SEVERE ] player 1 placing token on slot 2
[2022-12-14 15:21:47] [SEVERE ] Key 85 was pressed by player 1
[2022-12-14 15:21:47] [SEVERE ] removing player 1 token from slot 0
[2022-12-14 15:21:47] [SEVERE ] Key 73 was pressed by player 1
[2022-12-14 15:21:47] [SEVERE ] removing player 1 token from slot 1
[2022-12-14 15:21:47] [SEVERE ] Key 79 was pressed by player 1
[2022-12-14 15:21:47] [SEVERE ] removing player 1 token from slot 2
[2022-12-14 15:21:50] [SEVERE ] Key 73 was pressed by player 1
[2022-12-14 15:21:50] [SEVERE ] player 1 placing token on slot 1
[2022-12-14 15:21:52] [SEVERE ] Key 75 was pressed by player 1
[2022-12-14 15:21:52] [SEVERE ] player 1 placing token on slot 5
[2022-12-14 15:21:58] [SEVERE ] Key 73 was pressed by player 1
[2022-12-14 15:21:58] [SEVERE ] removing player 1 token from slot 1
[2022-12-14 15:21:58] [SEVERE ] Key 75 was pressed by player 1
[2022-12-14 15:21:58] [SEVERE ] removing player 1 token from slot 5
[2022-12-14 15:22:04] [SEVERE ] Key 44 was pressed by player 1
[2022-12-14 15:22:04] [SEVERE ] player 1 placing token on slot 9
[2022-12-14 15:22:05] [SEVERE ] Key 44 was pressed by player 1
[2022-12-14 15:22:05] [SEVERE ] removing player 1 token from slot 9
[2022-12-14 15:22:05] [SEVERE ] Key 46 was pressed by player 1
[2022-12-14 15:22:05] [SEVERE ] player 1 placing token on slot 10
[2022-12-14 15:22:06] [SEVERE ] Key 75 was pressed by player 1
[2022-12-14 15:22:06] [SEVERE ] player 1 placing token on slot 5
[2022-12-14 15:22:09] [SEVERE ] Key 80 was pressed by player 1
[2022-12-14 15:22:09] [SEVERE ] player 1 placing token on slot 3
[2022-12-14 15:22:11] [SEVERE ] Key 80 was pressed by player 1
[2022-12-14 15:22:11] [SEVERE ] removing player 1 token from slot 3
[2022-12-14 15:22:13] [SEVERE ] Key 75 was pressed by player 1
[2022-12-14 15:22:13] [SEVERE ] removing player 1 token from slot 5
[2022-12-14 15:22:14] [SEVERE ] Key 74 was pressed by player 1
[2022-12-14 15:22:14] [SEVERE ] player 1 placing token on slot 4
[2022-12-14 15:22:17] [SEVERE ] Key 77 was pressed by player 1
[2022-12-14 15:22:17] [SEVERE ] player 1 placing token on slot 8
[2022-12-14 15:22:20] [SEVERE ] Key 77 was pressed by player 1
[2022-12-14 15:22:20] [SEVERE ] removing player 1 token from slot 8
[2022-12-14 15:22:29] [SEVERE ] Key 44 was pressed by player 1
[2022-12-14 15:22:29] [SEVERE ] player 1 placing token on slot 9
[2022-12-14 15:22:29] [SEVERE ] Key 77 was pressed by player 1
[2022-12-14 15:22:29] [SEVERE ] Key 44 was pressed by player 1
[2022-12-14 15:22:29] [SEVERE ] removing player 1 token from slot 9
[2022-12-14 15:22:30] [SEVERE ] Key 46 was pressed by player 1
[2022-12-14 15:22:30] [SEVERE ] removing player 1 token from slot 10
[2022-12-14 15:22:31] [SEVERE ] Key 75 was pressed by player 1
[2022-12-14 15:22:31] [SEVERE ] player 1 placing token on slot 5
[2022-12-14 15:22:32] [SEVERE ] Key 76 was pressed by player 1
[2022-12-14 15:22:32] [SEVERE ] player 1 placing token on slot 6
[2022-12-14 15:22:33] [SEVERE ] removing player 1 token from slot 4
[2022-12-14 15:22:33] [SEVERE ] removing player 1 token from slot 5
[2022-12-14 15:22:33] [SEVERE ] removing player 1 token from slot 6
[2022-12-14 15:22:33] [SEVERE ] setting player 1 score to 1
[2022-12-14 15:22:33] [SEVERE ] removing tokens from slot 4
[2022-12-14 15:22:33] [SEVERE ] removing card from slot 4
[2022-12-14 15:22:33] [SEVERE ] removing tokens from slot 5
[2022-12-14 15:22:33] [SEVERE ] removing card from slot 5
[2022-12-14 15:22:33] [SEVERE ] removing tokens from slot 6
[2022-12-14 15:22:33] [SEVERE ] removing card from slot 6
[2022-12-14 15:22:33] [SEVERE ] removing tokens from slot 1
[2022-12-14 15:22:33] [SEVERE ] removing card from slot 1
[2022-12-14 15:22:33] [SEVERE ] placing card 14 in slot 1
[2022-12-14 15:22:33] [SEVERE ] placing card 80 in slot 4
[2022-12-14 15:22:33] [SEVERE ] placing card 33 in slot 5
[2022-12-14 15:22:34] [SEVERE ] placing card 29 in slot 6
