[2022-12-16 16:37:15] [INFO   ] cannot read configuration file config.properties trying from resources.
[2022-12-16 16:37:15] [INFO   ] configuration file was loaded from resources directory.
[2022-12-16 16:37:16] [INFO   ] Thread dealer starting.
[2022-12-16 16:37:16] [INFO   ] Thread Thread-1starting.
[2022-12-16 16:37:16] [INFO   ] Thread Thread-0starting.
[2022-12-16 16:37:16] [INFO   ] Thread Thread-3starting.
[2022-12-16 16:37:16] [INFO   ] Thread Thread-2starting.
[2022-12-16 16:37:16] [INFO   ] Thread computer-3 starting.
[2022-12-16 16:37:16] [INFO   ] Thread computer-2 starting.
[2022-12-16 16:37:16] [SEVERE ] placing card 61 in slot 0
[2022-12-16 16:37:16] [SEVERE ] placing card 12 in slot 1
[2022-12-16 16:37:16] [SEVERE ] Key 68 was pressed by player 0
[2022-12-16 16:37:16] [SEVERE ] player 0 placing token on slot 6
[2022-12-16 16:37:16] [SEVERE ] placing card 57 in slot 2
[2022-12-16 16:37:17] [SEVERE ] player 2 placing token on slot 11
[2022-12-16 16:37:17] [SEVERE ] player 3 placing token on slot 6
[2022-12-16 16:37:17] [SEVERE ] placing card 71 in slot 3
[2022-12-16 16:37:17] [SEVERE ] placing card 54 in slot 4
[2022-12-16 16:37:17] [SEVERE ] placing card 42 in slot 5
[2022-12-16 16:37:17] [SEVERE ] placing card 16 in slot 6
[2022-12-16 16:37:17] [SEVERE ] player 2 placing token on slot 6
[2022-12-16 16:37:17] [SEVERE ] removing player 3 token from slot 6
[2022-12-16 16:37:18] [SEVERE ] placing card 18 in slot 7
[2022-12-16 16:37:18] [SEVERE ] Key 70 was pressed by player 0
[2022-12-16 16:37:18] [SEVERE ] player 0 placing token on slot 7
[2022-12-16 16:37:18] [SEVERE ] placing card 59 in slot 8
[2022-12-16 16:37:18] [SEVERE ] placing card 49 in slot 9
[2022-12-16 16:37:18] [SEVERE ] Key 88 was pressed by player 0
[2022-12-16 16:37:18] [SEVERE ] player 0 placing token on slot 9
[2022-12-16 16:37:18] [SEVERE ] setting player 0 freeze to 3000
[2022-12-16 16:37:18] [SEVERE ] placing card 27 in slot 10
[2022-12-16 16:37:18] [SEVERE ] player 3 placing token on slot 4
[2022-12-16 16:37:18] [SEVERE ] placing card 31 in slot 11
[2022-12-16 16:37:18] [SEVERE ] Key 67 was pressed by player 0
[2022-12-16 16:37:19] [SEVERE ] player 3 placing token on slot 3
[2022-12-16 16:37:19] [SEVERE ] setting player 0 freeze to 2000
[2022-12-16 16:37:20] [SEVERE ] player 3 placing token on slot 2
[2022-12-16 16:37:20] [SEVERE ] setting player 3 freeze to 3000
[2022-12-16 16:37:20] [SEVERE ] setting player 0 freeze to 1000
[2022-12-16 16:37:20] [SEVERE ] setting player 3 freeze to 2000
[2022-12-16 16:37:21] [SEVERE ] Exit button pressed
[2022-12-16 16:37:21] [SEVERE ] setting player 0 freeze to 0
[2022-12-16 16:37:21] [SEVERE ] setting player 3 freeze to 1000
[2022-12-16 16:37:22] [SEVERE ] removing tokens from slot 0
[2022-12-16 16:37:22] [SEVERE ] removing card from slot 0
[2022-12-16 16:37:22] [SEVERE ] removing tokens from slot 1
[2022-12-16 16:37:22] [SEVERE ] removing card from slot 1
[2022-12-16 16:37:22] [SEVERE ] removing tokens from slot 2
[2022-12-16 16:37:22] [SEVERE ] removing card from slot 2
[2022-12-16 16:37:22] [SEVERE ] removing tokens from slot 3
[2022-12-16 16:37:22] [SEVERE ] removing card from slot 3
[2022-12-16 16:37:22] [SEVERE ] removing tokens from slot 4
[2022-12-16 16:37:22] [SEVERE ] removing card from slot 4
[2022-12-16 16:37:23] [SEVERE ] removing tokens from slot 5
[2022-12-16 16:37:23] [SEVERE ] removing card from slot 5
[2022-12-16 16:37:23] [SEVERE ] setting player 3 freeze to 0
[2022-12-16 16:37:23] [SEVERE ] removing tokens from slot 6
[2022-12-16 16:37:23] [SEVERE ] removing card from slot 6
[2022-12-16 16:37:23] [SEVERE ] removing tokens from slot 7
[2022-12-16 16:37:23] [SEVERE ] removing card from slot 7
[2022-12-16 16:37:23] [SEVERE ] removing tokens from slot 8
[2022-12-16 16:37:23] [SEVERE ] removing card from slot 8
[2022-12-16 16:37:24] [SEVERE ] removing tokens from slot 9
[2022-12-16 16:37:24] [SEVERE ] removing card from slot 9
[2022-12-16 16:37:24] [SEVERE ] removing tokens from slot 10
[2022-12-16 16:37:24] [SEVERE ] removing card from slot 10
[2022-12-16 16:37:24] [SEVERE ] removing tokens from slot 11
[2022-12-16 16:37:24] [SEVERE ] removing card from slot 11
[2022-12-16 16:37:24] [INFO   ] Thread Thread-0 terminated.
[2022-12-16 16:37:24] [INFO   ] Thread Thread-1 terminated.
[2022-12-16 16:37:24] [SEVERE ] announcing winners: [0, 1, 2, 3]
[2022-12-16 16:37:24] [INFO   ] Thread dealer terminated.
[2022-12-16 16:37:24] [INFO   ] Thread main terminated.
