[2022-12-14 15:15:59] [INFO   ] cannot read configuration file config.properties trying from resources.
[2022-12-14 15:15:59] [INFO   ] configuration file was loaded from resources directory.
[2022-12-14 15:16:00] [INFO   ] Thread dealer starting.
[2022-12-14 15:16:00] [SEVERE ] placing card 34 in slot 0
[2022-12-14 15:16:00] [SEVERE ] placing card 39 in slot 1
[2022-12-14 15:16:00] [SEVERE ] placing card 75 in slot 2
[2022-12-14 15:16:00] [SEVERE ] placing card 23 in slot 3
[2022-12-14 15:16:00] [SEVERE ] placing card 3 in slot 4
[2022-12-14 15:16:00] [SEVERE ] placing card 10 in slot 5
[2022-12-14 15:16:01] [SEVERE ] placing card 4 in slot 6
[2022-12-14 15:16:01] [SEVERE ] placing card 62 in slot 7
[2022-12-14 15:16:01] [SEVERE ] placing card 66 in slot 8
[2022-12-14 15:16:01] [SEVERE ] placing card 8 in slot 9
[2022-12-14 15:16:01] [SEVERE ] placing card 51 in slot 10
[2022-12-14 15:16:01] [SEVERE ] placing card 24 in slot 11
[2022-12-14 15:16:02] [SEVERE ] Key 85 was pressed by player 1
[2022-12-14 15:16:02] [SEVERE ] player 1 placing token on slot 0
[2022-12-14 15:16:02] [SEVERE ] Key 81 was pressed by player 0
[2022-12-14 15:16:02] [SEVERE ] player 0 placing token on slot 0
[2022-12-14 15:16:02] [SEVERE ] Key 87 was pressed by player 0
[2022-12-14 15:16:02] [SEVERE ] player 0 placing token on slot 1
[2022-12-14 15:16:02] [SEVERE ] Key 69 was pressed by player 0
[2022-12-14 15:16:02] [SEVERE ] player 0 placing token on slot 2
[2022-12-14 15:16:03] [SEVERE ] removing player 0 token from slot 0
[2022-12-14 15:16:03] [SEVERE ] removing player 0 token from slot 1
[2022-12-14 15:16:03] [SEVERE ] removing player 0 token from slot 2
[2022-12-14 15:16:03] [SEVERE ] setting player 0 score to 1
[2022-12-14 15:16:03] [SEVERE ] removing player 1 token from slot 0
[2022-12-14 15:16:03] [SEVERE ] removing tokens from slot 0
[2022-12-14 15:16:03] [SEVERE ] removing card from slot 0
[2022-12-14 15:16:03] [SEVERE ] removing tokens from slot 1
[2022-12-14 15:16:03] [SEVERE ] removing card from slot 1
[2022-12-14 15:16:03] [SEVERE ] removing tokens from slot 2
[2022-12-14 15:16:03] [SEVERE ] removing card from slot 2
[2022-12-14 15:16:04] [SEVERE ] placing card 15 in slot 0
[2022-12-14 15:16:04] [SEVERE ] placing card 26 in slot 1
[2022-12-14 15:16:04] [SEVERE ] placing card 78 in slot 2
[2022-12-14 15:16:04] [SEVERE ] Key 85 was pressed by player 1
[2022-12-14 15:16:04] [SEVERE ] player 1 placing token on slot 0
[2022-12-14 15:16:05] [SEVERE ] Key 81 was pressed by player 0
[2022-12-14 15:16:05] [SEVERE ] player 0 placing token on slot 0
[2022-12-14 15:16:05] [SEVERE ] Key 87 was pressed by player 0
[2022-12-14 15:16:05] [SEVERE ] player 0 placing token on slot 1
[2022-12-14 15:16:05] [SEVERE ] Key 69 was pressed by player 0
[2022-12-14 15:16:05] [SEVERE ] player 0 placing token on slot 2
[2022-12-14 15:16:06] [SEVERE ] removing player 0 token from slot 0
[2022-12-14 15:16:06] [SEVERE ] removing player 0 token from slot 1
[2022-12-14 15:16:06] [SEVERE ] removing player 0 token from slot 2
[2022-12-14 15:16:06] [SEVERE ] setting player 0 score to 2
[2022-12-14 15:16:06] [SEVERE ] removing player 1 token from slot 0
[2022-12-14 15:16:06] [SEVERE ] removing tokens from slot 0
[2022-12-14 15:16:06] [SEVERE ] removing card from slot 0
[2022-12-14 15:16:06] [SEVERE ] removing tokens from slot 1
[2022-12-14 15:16:06] [SEVERE ] removing card from slot 1
[2022-12-14 15:16:06] [SEVERE ] removing tokens from slot 2
[2022-12-14 15:16:06] [SEVERE ] removing card from slot 2
[2022-12-14 15:16:06] [SEVERE ] placing card 50 in slot 0
[2022-12-14 15:16:06] [SEVERE ] placing card 52 in slot 1
[2022-12-14 15:16:06] [SEVERE ] placing card 54 in slot 2
