[2022-12-16 16:22:43] [INFO   ] cannot read configuration file config.properties trying from resources.
[2022-12-16 16:22:43] [INFO   ] configuration file was loaded from resources directory.
[2022-12-16 16:22:44] [INFO   ] Thread dealer starting.
[2022-12-16 16:22:44] [INFO   ] Thread Thread-0starting.
[2022-12-16 16:22:44] [INFO   ] Thread Thread-1starting.
[2022-12-16 16:22:44] [INFO   ] Thread Thread-3starting.
[2022-12-16 16:22:44] [INFO   ] Thread Thread-2starting.
[2022-12-16 16:22:44] [INFO   ] Thread computer-3 starting.
[2022-12-16 16:22:44] [INFO   ] Thread computer-2 starting.
[2022-12-16 16:22:44] [SEVERE ] player 3 placing token on slot 6
[2022-12-16 16:22:44] [SEVERE ] player 2 placing token on slot 11
[2022-12-16 16:22:44] [SEVERE ] placing card 61 in slot 0
[2022-12-16 16:22:44] [SEVERE ] placing card 30 in slot 1
[2022-12-16 16:22:45] [SEVERE ] placing card 42 in slot 2
[2022-12-16 16:22:45] [SEVERE ] player 3 placing token on slot 4
[2022-12-16 16:22:45] [SEVERE ] player 2 placing token on slot 1
[2022-12-16 16:22:45] [SEVERE ] placing card 49 in slot 3
[2022-12-16 16:22:45] [SEVERE ] placing card 65 in slot 4
[2022-12-16 16:22:45] [SEVERE ] placing card 37 in slot 5
[2022-12-16 16:22:46] [SEVERE ] placing card 29 in slot 6
[2022-12-16 16:22:46] [SEVERE ] placing card 39 in slot 7
[2022-12-16 16:22:46] [SEVERE ] placing card 11 in slot 8
[2022-12-16 16:22:46] [SEVERE ] placing card 72 in slot 9
[2022-12-16 16:22:46] [SEVERE ] placing card 43 in slot 10
[2022-12-16 16:22:47] [SEVERE ] placing card 80 in slot 11
[2022-12-16 16:22:50] [SEVERE ] Key 81 was pressed by player 0
[2022-12-16 16:22:50] [SEVERE ] player 0 placing token on slot 0
[2022-12-16 16:22:50] [SEVERE ] Key 87 was pressed by player 0
[2022-12-16 16:22:50] [SEVERE ] player 0 placing token on slot 1
[2022-12-16 16:22:51] [SEVERE ] Key 69 was pressed by player 0
[2022-12-16 16:22:51] [SEVERE ] player 0 placing token on slot 2
[2022-12-16 16:22:51] [SEVERE ] setting player 0 freeze to 3000
[2022-12-16 16:22:52] [SEVERE ] setting player 0 freeze to 2000
[2022-12-16 16:22:53] [SEVERE ] setting player 0 freeze to 1000
[2022-12-16 16:22:53] [SEVERE ] Exit button pressed
[2022-12-16 16:22:54] [SEVERE ] setting player 0 freeze to 0
[2022-12-16 16:22:54] [SEVERE ] setting player 0 freeze to 0
[2022-12-16 16:22:54] [SEVERE ] removing tokens from slot 0
[2022-12-16 16:22:54] [SEVERE ] removing card from slot 0
[2022-12-16 16:22:54] [SEVERE ] removing tokens from slot 1
[2022-12-16 16:22:54] [SEVERE ] removing card from slot 1
[2022-12-16 16:22:54] [SEVERE ] removing tokens from slot 2
[2022-12-16 16:22:54] [SEVERE ] removing card from slot 2
[2022-12-16 16:22:55] [SEVERE ] removing tokens from slot 3
[2022-12-16 16:22:55] [SEVERE ] removing card from slot 3
[2022-12-16 16:22:55] [SEVERE ] removing tokens from slot 4
[2022-12-16 16:22:55] [SEVERE ] removing card from slot 4
[2022-12-16 16:22:55] [SEVERE ] removing tokens from slot 5
[2022-12-16 16:22:55] [SEVERE ] removing card from slot 5
[2022-12-16 16:22:55] [SEVERE ] removing tokens from slot 6
[2022-12-16 16:22:55] [SEVERE ] removing card from slot 6
[2022-12-16 16:22:55] [SEVERE ] removing tokens from slot 7
[2022-12-16 16:22:55] [SEVERE ] removing card from slot 7
[2022-12-16 16:22:56] [SEVERE ] removing tokens from slot 8
[2022-12-16 16:22:56] [SEVERE ] removing card from slot 8
[2022-12-16 16:22:56] [SEVERE ] removing tokens from slot 9
[2022-12-16 16:22:56] [SEVERE ] removing card from slot 9
[2022-12-16 16:22:56] [SEVERE ] removing tokens from slot 10
[2022-12-16 16:22:56] [SEVERE ] removing card from slot 10
[2022-12-16 16:22:56] [SEVERE ] removing tokens from slot 11
[2022-12-16 16:22:56] [SEVERE ] removing card from slot 11
[2022-12-16 16:22:56] [INFO   ] Thread Thread-0 terminated.
[2022-12-16 16:22:56] [INFO   ] Thread Thread-1 terminated.
[2022-12-16 16:22:56] [SEVERE ] announcing winners: [0, 1, 2, 3]
[2022-12-16 16:22:56] [INFO   ] Thread dealer terminated.
[2022-12-16 16:22:56] [INFO   ] Thread main terminated.
