[2022-12-16 15:32:34] [INFO   ] cannot read configuration file config.properties trying from resources.
[2022-12-16 15:32:34] [INFO   ] configuration file was loaded from resources directory.
[2022-12-16 15:32:35] [INFO   ] Thread dealer starting.
[2022-12-16 15:32:35] [INFO   ] Thread Thread-0starting.
[2022-12-16 15:32:35] [INFO   ] Thread Thread-2starting.
[2022-12-16 15:32:35] [INFO   ] Thread Thread-1starting.
[2022-12-16 15:32:35] [INFO   ] Thread computer-2 starting.
[2022-12-16 15:32:35] [SEVERE ] player 2 placing token on slot 2
[2022-12-16 15:32:35] [SEVERE ] placing card 14 in slot 0
[2022-12-16 15:32:36] [SEVERE ] placing card 54 in slot 1
[2022-12-16 15:32:36] [SEVERE ] placing card 80 in slot 2
[2022-12-16 15:32:36] [SEVERE ] player 2 placing token on slot 7
[2022-12-16 15:32:36] [SEVERE ] placing card 38 in slot 3
[2022-12-16 15:32:36] [SEVERE ] placing card 63 in slot 4
[2022-12-16 15:32:36] [SEVERE ] placing card 30 in slot 5
[2022-12-16 15:32:37] [SEVERE ] placing card 41 in slot 6
[2022-12-16 15:32:37] [SEVERE ] placing card 57 in slot 7
[2022-12-16 15:32:37] [SEVERE ] placing card 17 in slot 8
[2022-12-16 15:32:37] [SEVERE ] placing card 67 in slot 9
[2022-12-16 15:32:38] [SEVERE ] placing card 49 in slot 10
[2022-12-16 15:32:38] [SEVERE ] placing card 70 in slot 11
[2022-12-16 15:32:42] [SEVERE ] Key 81 was pressed by player 0
[2022-12-16 15:32:42] [SEVERE ] player 0 placing token on slot 0
[2022-12-16 15:32:43] [SEVERE ] Key 87 was pressed by player 0
[2022-12-16 15:32:43] [SEVERE ] player 0 placing token on slot 1
[2022-12-16 15:32:43] [SEVERE ] Key 69 was pressed by player 0
[2022-12-16 15:32:43] [SEVERE ] player 0 placing token on slot 2
[2022-12-16 15:32:43] [SEVERE ] setting player 0 freeze to 3000
[2022-12-16 15:32:43] [SEVERE ] Key 85 was pressed by player 1
[2022-12-16 15:32:43] [SEVERE ] player 1 placing token on slot 0
[2022-12-16 15:32:44] [SEVERE ] setting player 0 freeze to 2000
[2022-12-16 15:32:44] [SEVERE ] Key 73 was pressed by player 1
[2022-12-16 15:32:44] [SEVERE ] player 1 placing token on slot 1
[2022-12-16 15:32:45] [SEVERE ] Key 79 was pressed by player 1
[2022-12-16 15:32:45] [SEVERE ] player 1 placing token on slot 2
[2022-12-16 15:32:45] [SEVERE ] setting player 1 freeze to 3000
[2022-12-16 15:32:45] [SEVERE ] setting player 0 freeze to 1000
[2022-12-16 15:32:45] [SEVERE ] setting player 1 freeze to 2000
[2022-12-16 15:32:46] [SEVERE ] setting player 0 freeze to 0
[2022-12-16 15:32:46] [SEVERE ] setting player 1 freeze to 1000
[2022-12-16 15:32:46] [SEVERE ] setting player 0 freeze to 0
[2022-12-16 15:32:47] [SEVERE ] setting player 1 freeze to 0
[2022-12-16 15:32:48] [SEVERE ] setting player 1 freeze to 0
[2022-12-16 15:32:48] [SEVERE ] Key 85 was pressed by player 1
[2022-12-16 15:32:48] [SEVERE ] removing player 1 token from slot 0
[2022-12-16 15:32:48] [SEVERE ] Key 73 was pressed by player 1
[2022-12-16 15:32:48] [SEVERE ] removing player 1 token from slot 1
[2022-12-16 15:32:48] [SEVERE ] Key 79 was pressed by player 1
[2022-12-16 15:32:48] [SEVERE ] removing player 1 token from slot 2
[2022-12-16 15:32:48] [SEVERE ] Key 69 was pressed by player 0
[2022-12-16 15:32:48] [SEVERE ] removing player 0 token from slot 2
[2022-12-16 15:32:48] [SEVERE ] Key 81 was pressed by player 0
[2022-12-16 15:32:48] [SEVERE ] removing player 0 token from slot 0
[2022-12-16 15:32:49] [SEVERE ] Key 87 was pressed by player 0
[2022-12-16 15:32:49] [SEVERE ] removing player 0 token from slot 1
[2022-12-16 15:33:03] [SEVERE ] Key 85 was pressed by player 1
[2022-12-16 15:33:03] [SEVERE ] player 1 placing token on slot 0
[2022-12-16 15:33:03] [SEVERE ] Key 85 was pressed by player 1
[2022-12-16 15:33:03] [SEVERE ] removing player 1 token from slot 0
[2022-12-16 15:33:08] [SEVERE ] Key 83 was pressed by player 0
[2022-12-16 15:33:08] [SEVERE ] player 0 placing token on slot 5
[2022-12-16 15:33:09] [SEVERE ] Key 68 was pressed by player 0
[2022-12-16 15:33:09] [SEVERE ] player 0 placing token on slot 6
[2022-12-16 15:33:11] [SEVERE ] Key 74 was pressed by player 1
[2022-12-16 15:33:11] [SEVERE ] player 1 placing token on slot 4
[2022-12-16 15:33:11] [SEVERE ] Key 74 was pressed by player 1
[2022-12-16 15:33:11] [SEVERE ] removing player 1 token from slot 4
[2022-12-16 15:33:13] [SEVERE ] Key 75 was pressed by player 1
[2022-12-16 15:33:13] [SEVERE ] player 1 placing token on slot 5
[2022-12-16 15:33:13] [SEVERE ] Key 75 was pressed by player 1
[2022-12-16 15:33:13] [SEVERE ] removing player 1 token from slot 5
[2022-12-16 15:33:15] [SEVERE ] Key 74 was pressed by player 1
[2022-12-16 15:33:15] [SEVERE ] player 1 placing token on slot 4
[2022-12-16 15:33:15] [SEVERE ] Key 75 was pressed by player 1
[2022-12-16 15:33:15] [SEVERE ] player 1 placing token on slot 5
[2022-12-16 15:33:16] [SEVERE ] Key 74 was pressed by player 1
[2022-12-16 15:33:16] [SEVERE ] removing player 1 token from slot 4
[2022-12-16 15:33:16] [SEVERE ] Key 75 was pressed by player 1
[2022-12-16 15:33:16] [SEVERE ] removing player 1 token from slot 5
[2022-12-16 15:33:19] [SEVERE ] Key 44 was pressed by player 1
[2022-12-16 15:33:19] [SEVERE ] player 1 placing token on slot 9
[2022-12-16 15:33:20] [SEVERE ] Key 75 was pressed by player 1
[2022-12-16 15:33:20] [SEVERE ] player 1 placing token on slot 5
[2022-12-16 15:33:21] [SEVERE ] Key 74 was pressed by player 1
[2022-12-16 15:33:21] [SEVERE ] player 1 placing token on slot 4
[2022-12-16 15:33:21] [SEVERE ] setting player 1 freeze to 3000
[2022-12-16 15:33:21] [SEVERE ] Key 74 was pressed by player 1
[2022-12-16 15:33:21] [SEVERE ] setting player 1 freeze to 2000
[2022-12-16 15:33:22] [SEVERE ] setting player 1 freeze to 1000
[2022-12-16 15:33:23] [SEVERE ] setting player 1 freeze to 0
[2022-12-16 15:33:23] [SEVERE ] Key 74 was pressed by player 1
[2022-12-16 15:33:24] [SEVERE ] setting player 1 freeze to 0
[2022-12-16 15:33:24] [SEVERE ] removing player 1 token from slot 4
[2022-12-16 15:33:24] [SEVERE ] player 1 placing token on slot 4
[2022-12-16 15:33:24] [SEVERE ] setting player 1 freeze to 3000
[2022-12-16 15:33:24] [SEVERE ] setting player 1 freeze to 2000
[2022-12-16 15:33:25] [SEVERE ] setting player 1 freeze to 1000
[2022-12-16 15:33:26] [SEVERE ] setting player 1 freeze to 0
[2022-12-16 15:33:26] [SEVERE ] Key 74 was pressed by player 1
[2022-12-16 15:33:27] [SEVERE ] setting player 1 freeze to 0
[2022-12-16 15:33:27] [SEVERE ] removing player 1 token from slot 4
[2022-12-16 15:33:28] [SEVERE ] Key 76 was pressed by player 1
[2022-12-16 15:33:28] [SEVERE ] player 1 placing token on slot 6
[2022-12-16 15:33:28] [SEVERE ] setting player 1 freeze to 3000
[2022-12-16 15:33:28] [SEVERE ] setting player 1 freeze to 2000
[2022-12-16 15:33:29] [SEVERE ] Key 76 was pressed by player 1
[2022-12-16 15:33:29] [SEVERE ] setting player 1 freeze to 1000
[2022-12-16 15:33:30] [SEVERE ] Key 75 was pressed by player 1
[2022-12-16 15:33:30] [SEVERE ] setting player 1 freeze to 0
[2022-12-16 15:33:31] [SEVERE ] Key 75 was pressed by player 1
[2022-12-16 15:33:31] [SEVERE ] setting player 1 freeze to 0
[2022-12-16 15:33:31] [SEVERE ] removing player 1 token from slot 6
[2022-12-16 15:33:31] [SEVERE ] removing player 1 token from slot 5
[2022-12-16 15:33:31] [SEVERE ] player 1 placing token on slot 5
[2022-12-16 15:33:31] [SEVERE ] Key 76 was pressed by player 1
[2022-12-16 15:33:31] [SEVERE ] player 1 placing token on slot 6
[2022-12-16 15:33:31] [SEVERE ] setting player 1 freeze to 3000
[2022-12-16 15:33:32] [SEVERE ] setting player 1 freeze to 2000
[2022-12-16 15:33:33] [SEVERE ] setting player 1 freeze to 1000
[2022-12-16 15:33:34] [SEVERE ] setting player 1 freeze to 0
[2022-12-16 15:33:34] [SEVERE ] setting player 1 freeze to 0
[2022-12-16 15:33:35] [SEVERE ] removing tokens from slot 0
[2022-12-16 15:33:35] [SEVERE ] removing card from slot 0
[2022-12-16 15:33:36] [SEVERE ] removing tokens from slot 1
[2022-12-16 15:33:36] [SEVERE ] removing card from slot 1
[2022-12-16 15:33:36] [SEVERE ] removing tokens from slot 2
[2022-12-16 15:33:36] [SEVERE ] removing card from slot 2
[2022-12-16 15:33:36] [SEVERE ] removing tokens from slot 3
[2022-12-16 15:33:36] [SEVERE ] removing card from slot 3
[2022-12-16 15:33:36] [SEVERE ] removing tokens from slot 4
[2022-12-16 15:33:36] [SEVERE ] removing card from slot 4
[2022-12-16 15:33:36] [SEVERE ] removing tokens from slot 5
[2022-12-16 15:33:36] [SEVERE ] removing card from slot 5
[2022-12-16 15:33:37] [SEVERE ] removing tokens from slot 6
[2022-12-16 15:33:37] [SEVERE ] removing card from slot 6
[2022-12-16 15:33:37] [SEVERE ] removing tokens from slot 7
[2022-12-16 15:33:37] [SEVERE ] removing card from slot 7
[2022-12-16 15:33:37] [SEVERE ] removing tokens from slot 8
[2022-12-16 15:33:37] [SEVERE ] removing card from slot 8
[2022-12-16 15:33:37] [SEVERE ] removing tokens from slot 9
[2022-12-16 15:33:37] [SEVERE ] removing card from slot 9
[2022-12-16 15:33:38] [SEVERE ] removing tokens from slot 10
[2022-12-16 15:33:38] [SEVERE ] removing card from slot 10
[2022-12-16 15:33:38] [SEVERE ] removing tokens from slot 11
[2022-12-16 15:33:38] [SEVERE ] removing card from slot 11
[2022-12-16 15:33:38] [SEVERE ] placing card 38 in slot 0
[2022-12-16 15:33:38] [SEVERE ] placing card 68 in slot 1
[2022-12-16 15:33:38] [SEVERE ] placing card 50 in slot 2
[2022-12-16 15:33:39] [SEVERE ] placing card 72 in slot 3
[2022-12-16 15:33:39] [SEVERE ] placing card 15 in slot 4
[2022-12-16 15:33:39] [SEVERE ] placing card 62 in slot 5
[2022-12-16 15:33:39] [SEVERE ] placing card 0 in slot 6
[2022-12-16 15:33:39] [SEVERE ] placing card 57 in slot 7
[2022-12-16 15:33:40] [SEVERE ] placing card 70 in slot 8
[2022-12-16 15:33:40] [SEVERE ] placing card 69 in slot 9
[2022-12-16 15:33:40] [SEVERE ] placing card 14 in slot 10
[2022-12-16 15:33:40] [SEVERE ] placing card 23 in slot 11
[2022-12-16 15:33:54] [SEVERE ] Key 82 was pressed by player 0
[2022-12-16 15:33:54] [SEVERE ] player 0 placing token on slot 3
[2022-12-16 15:33:55] [SEVERE ] Key 70 was pressed by player 0
[2022-12-16 15:33:55] [SEVERE ] player 0 placing token on slot 7
[2022-12-16 15:33:59] [SEVERE ] Key 70 was pressed by player 0
[2022-12-16 15:33:59] [SEVERE ] removing player 0 token from slot 7
[2022-12-16 15:34:00] [SEVERE ] Key 87 was pressed by player 0
[2022-12-16 15:34:00] [SEVERE ] player 0 placing token on slot 1
[2022-12-16 15:34:06] [SEVERE ] Key 87 was pressed by player 0
[2022-12-16 15:34:06] [SEVERE ] removing player 0 token from slot 1
[2022-12-16 15:34:06] [SEVERE ] Key 82 was pressed by player 0
[2022-12-16 15:34:06] [SEVERE ] removing player 0 token from slot 3
[2022-12-16 15:34:39] [SEVERE ] removing tokens from slot 0
[2022-12-16 15:34:39] [SEVERE ] removing card from slot 0
[2022-12-16 15:34:39] [SEVERE ] removing tokens from slot 1
[2022-12-16 15:34:39] [SEVERE ] removing card from slot 1
[2022-12-16 15:34:39] [SEVERE ] removing tokens from slot 2
[2022-12-16 15:34:39] [SEVERE ] removing card from slot 2
[2022-12-16 15:34:40] [SEVERE ] removing tokens from slot 3
[2022-12-16 15:34:40] [SEVERE ] removing card from slot 3
[2022-12-16 15:34:40] [SEVERE ] removing tokens from slot 4
[2022-12-16 15:34:40] [SEVERE ] removing card from slot 4
[2022-12-16 15:34:40] [SEVERE ] removing tokens from slot 5
[2022-12-16 15:34:40] [SEVERE ] removing card from slot 5
[2022-12-16 15:34:40] [SEVERE ] removing tokens from slot 6
[2022-12-16 15:34:40] [SEVERE ] removing card from slot 6
[2022-12-16 15:34:40] [SEVERE ] removing tokens from slot 7
[2022-12-16 15:34:40] [SEVERE ] removing card from slot 7
[2022-12-16 15:34:41] [SEVERE ] removing tokens from slot 8
[2022-12-16 15:34:41] [SEVERE ] removing card from slot 8
[2022-12-16 15:34:41] [SEVERE ] removing tokens from slot 9
[2022-12-16 15:34:41] [SEVERE ] removing card from slot 9
[2022-12-16 15:34:41] [SEVERE ] removing tokens from slot 10
[2022-12-16 15:34:41] [SEVERE ] removing card from slot 10
[2022-12-16 15:34:41] [SEVERE ] removing tokens from slot 11
[2022-12-16 15:34:41] [SEVERE ] removing card from slot 11
[2022-12-16 15:34:42] [SEVERE ] placing card 38 in slot 0
[2022-12-16 15:34:42] [SEVERE ] placing card 27 in slot 1
[2022-12-16 15:34:42] [SEVERE ] placing card 61 in slot 2
[2022-12-16 15:34:42] [SEVERE ] placing card 65 in slot 3
[2022-12-16 15:34:42] [SEVERE ] placing card 22 in slot 4
[2022-12-16 15:34:43] [SEVERE ] placing card 13 in slot 5
[2022-12-16 15:34:43] [SEVERE ] placing card 48 in slot 6
[2022-12-16 15:34:43] [SEVERE ] placing card 29 in slot 7
[2022-12-16 15:34:43] [SEVERE ] placing card 40 in slot 8
[2022-12-16 15:34:43] [SEVERE ] placing card 12 in slot 9
[2022-12-16 15:34:44] [SEVERE ] placing card 14 in slot 10
[2022-12-16 15:34:44] [SEVERE ] placing card 8 in slot 11
[2022-12-16 15:34:46] [SEVERE ] Key 86 was pressed by player 0
[2022-12-16 15:34:46] [SEVERE ] player 0 placing token on slot 11
[2022-12-16 15:34:46] [SEVERE ] Key 86 was pressed by player 0
[2022-12-16 15:34:46] [SEVERE ] removing player 0 token from slot 11
[2022-12-16 15:35:08] [SEVERE ] Key 90 was pressed by player 0
[2022-12-16 15:35:08] [SEVERE ] player 0 placing token on slot 8
[2022-12-16 15:35:12] [SEVERE ] Key 70 was pressed by player 0
[2022-12-16 15:35:12] [SEVERE ] player 0 placing token on slot 7
[2022-12-16 15:35:12] [SEVERE ] Key 70 was pressed by player 0
[2022-12-16 15:35:12] [SEVERE ] removing player 0 token from slot 7
[2022-12-16 15:35:12] [SEVERE ] Key 68 was pressed by player 0
[2022-12-16 15:35:12] [SEVERE ] player 0 placing token on slot 6
[2022-12-16 15:35:19] [SEVERE ] Key 77 was pressed by player 1
[2022-12-16 15:35:19] [SEVERE ] player 1 placing token on slot 8
[2022-12-16 15:35:20] [SEVERE ] Key 77 was pressed by player 1
[2022-12-16 15:35:20] [SEVERE ] removing player 1 token from slot 8
[2022-12-16 15:35:21] [SEVERE ] Key 76 was pressed by player 1
[2022-12-16 15:35:21] [SEVERE ] player 1 placing token on slot 6
[2022-12-16 15:35:21] [SEVERE ] Key 59 was pressed by player 1
[2022-12-16 15:35:21] [SEVERE ] player 1 placing token on slot 7
[2022-12-16 15:35:22] [SEVERE ] Key 76 was pressed by player 1
[2022-12-16 15:35:22] [SEVERE ] removing player 1 token from slot 6
[2022-12-16 15:35:23] [SEVERE ] Key 59 was pressed by player 1
[2022-12-16 15:35:23] [SEVERE ] removing player 1 token from slot 7
[2022-12-16 15:35:24] [SEVERE ] Key 70 was pressed by player 0
[2022-12-16 15:35:24] [SEVERE ] player 0 placing token on slot 7
[2022-12-16 15:35:24] [SEVERE ] setting player 0 freeze to 3000
[2022-12-16 15:35:24] [SEVERE ] Key 77 was pressed by player 1
[2022-12-16 15:35:24] [SEVERE ] player 1 placing token on slot 8
[2022-12-16 15:35:24] [SEVERE ] setting player 0 freeze to 2000
[2022-12-16 15:35:24] [SEVERE ] Key 76 was pressed by player 1
[2022-12-16 15:35:24] [SEVERE ] player 1 placing token on slot 6
[2022-12-16 15:35:24] [SEVERE ] Key 59 was pressed by player 1
[2022-12-16 15:35:24] [SEVERE ] player 1 placing token on slot 7
[2022-12-16 15:35:24] [SEVERE ] setting player 1 freeze to 3000
[2022-12-16 15:35:25] [SEVERE ] setting player 0 freeze to 1000
[2022-12-16 15:35:25] [SEVERE ] setting player 1 freeze to 2000
[2022-12-16 15:35:26] [SEVERE ] Key 77 was pressed by player 1
[2022-12-16 15:35:26] [SEVERE ] Key 76 was pressed by player 1
[2022-12-16 15:35:26] [SEVERE ] Key 59 was pressed by player 1
[2022-12-16 15:35:26] [SEVERE ] setting player 0 freeze to 0
[2022-12-16 15:35:26] [SEVERE ] setting player 1 freeze to 1000
[2022-12-16 15:35:27] [SEVERE ] setting player 0 freeze to 0
[2022-12-16 15:35:27] [SEVERE ] setting player 1 freeze to 0
[2022-12-16 15:35:27] [SEVERE ] setting player 1 freeze to 0
[2022-12-16 15:35:27] [SEVERE ] removing player 1 token from slot 8
[2022-12-16 15:35:27] [SEVERE ] removing player 1 token from slot 6
[2022-12-16 15:35:27] [SEVERE ] removing player 1 token from slot 7
[2022-12-16 15:35:32] [SEVERE ] Key 68 was pressed by player 0
[2022-12-16 15:35:32] [SEVERE ] removing player 0 token from slot 6
[2022-12-16 15:35:32] [SEVERE ] Key 70 was pressed by player 0
[2022-12-16 15:35:32] [SEVERE ] removing player 0 token from slot 7
[2022-12-16 15:35:32] [SEVERE ] Key 90 was pressed by player 0
[2022-12-16 15:35:32] [SEVERE ] removing player 0 token from slot 8
[2022-12-16 15:35:43] [SEVERE ] removing tokens from slot 0
[2022-12-16 15:35:43] [SEVERE ] removing card from slot 0
[2022-12-16 15:35:43] [SEVERE ] removing tokens from slot 1
[2022-12-16 15:35:43] [SEVERE ] removing card from slot 1
[2022-12-16 15:35:43] [SEVERE ] removing tokens from slot 2
[2022-12-16 15:35:43] [SEVERE ] removing card from slot 2
[2022-12-16 15:35:43] [SEVERE ] removing tokens from slot 3
[2022-12-16 15:35:43] [SEVERE ] removing card from slot 3
[2022-12-16 15:35:43] [SEVERE ] removing tokens from slot 4
[2022-12-16 15:35:43] [SEVERE ] removing card from slot 4
[2022-12-16 15:35:44] [SEVERE ] removing tokens from slot 5
[2022-12-16 15:35:44] [SEVERE ] removing card from slot 5
[2022-12-16 15:35:44] [SEVERE ] removing tokens from slot 6
[2022-12-16 15:35:44] [SEVERE ] removing card from slot 6
[2022-12-16 15:35:44] [SEVERE ] removing tokens from slot 7
[2022-12-16 15:35:44] [SEVERE ] removing card from slot 7
[2022-12-16 15:35:44] [SEVERE ] removing tokens from slot 8
[2022-12-16 15:35:44] [SEVERE ] removing card from slot 8
[2022-12-16 15:35:44] [SEVERE ] removing tokens from slot 9
[2022-12-16 15:35:44] [SEVERE ] removing card from slot 9
[2022-12-16 15:35:45] [SEVERE ] removing tokens from slot 10
[2022-12-16 15:35:45] [SEVERE ] removing card from slot 10
[2022-12-16 15:35:45] [SEVERE ] removing tokens from slot 11
[2022-12-16 15:35:45] [SEVERE ] removing card from slot 11
[2022-12-16 15:35:45] [SEVERE ] placing card 59 in slot 0
[2022-12-16 15:35:45] [SEVERE ] placing card 0 in slot 1
[2022-12-16 15:35:46] [SEVERE ] placing card 49 in slot 2
[2022-12-16 15:35:46] [SEVERE ] placing card 25 in slot 3
[2022-12-16 15:35:46] [SEVERE ] placing card 67 in slot 4
[2022-12-16 15:35:46] [SEVERE ] placing card 78 in slot 5
[2022-12-16 15:35:46] [SEVERE ] placing card 46 in slot 6
[2022-12-16 15:35:47] [SEVERE ] placing card 36 in slot 7
[2022-12-16 15:35:47] [SEVERE ] placing card 48 in slot 8
[2022-12-16 15:35:47] [SEVERE ] placing card 20 in slot 9
[2022-12-16 15:35:47] [SEVERE ] placing card 50 in slot 10
[2022-12-16 15:35:47] [SEVERE ] placing card 1 in slot 11
[2022-12-16 15:35:56] [SEVERE ] Key 90 was pressed by player 0
[2022-12-16 15:35:56] [SEVERE ] player 0 placing token on slot 8
[2022-12-16 15:35:57] [SEVERE ] Key 82 was pressed by player 0
[2022-12-16 15:35:57] [SEVERE ] player 0 placing token on slot 3
[2022-12-16 15:35:57] [SEVERE ] Key 82 was pressed by player 0
[2022-12-16 15:35:57] [SEVERE ] removing player 0 token from slot 3
[2022-12-16 15:35:58] [SEVERE ] Key 69 was pressed by player 0
[2022-12-16 15:35:58] [SEVERE ] player 0 placing token on slot 2
[2022-12-16 15:36:01] [SEVERE ] Key 77 was pressed by player 1
[2022-12-16 15:36:01] [SEVERE ] player 1 placing token on slot 8
[2022-12-16 15:36:02] [SEVERE ] Key 79 was pressed by player 1
[2022-12-16 15:36:02] [SEVERE ] player 1 placing token on slot 2
[2022-12-16 15:36:03] [SEVERE ] Key 77 was pressed by player 1
[2022-12-16 15:36:03] [SEVERE ] removing player 1 token from slot 8
[2022-12-16 15:36:04] [SEVERE ] Key 46 was pressed by player 1
[2022-12-16 15:36:04] [SEVERE ] player 1 placing token on slot 10
[2022-12-16 15:36:04] [SEVERE ] Key 46 was pressed by player 1
[2022-12-16 15:36:04] [SEVERE ] removing player 1 token from slot 10
[2022-12-16 15:36:05] [SEVERE ] Key 79 was pressed by player 1
[2022-12-16 15:36:05] [SEVERE ] removing player 1 token from slot 2
[2022-12-16 15:36:07] [SEVERE ] Key 67 was pressed by player 0
[2022-12-16 15:36:07] [SEVERE ] player 0 placing token on slot 10
[2022-12-16 15:36:07] [SEVERE ] setting player 0 freeze to 1000
[2022-12-16 15:36:07] [SEVERE ] Key 77 was pressed by player 1
[2022-12-16 15:36:07] [SEVERE ] player 1 placing token on slot 8
[2022-12-16 15:36:08] [SEVERE ] setting player 0 freeze to 0
[2022-12-16 15:36:08] [SEVERE ] removing player 0 token from slot 8
[2022-12-16 15:36:08] [SEVERE ] removing player 0 token from slot 2
[2022-12-16 15:36:08] [SEVERE ] removing player 0 token from slot 10
[2022-12-16 15:36:08] [SEVERE ] setting player 0 score to 1
[2022-12-16 15:36:08] [SEVERE ] removing player 1 token from slot 0
[2022-12-16 15:36:08] [SEVERE ] Key 79 was pressed by player 1
[2022-12-16 15:36:08] [SEVERE ] player 1 placing token on slot 2
[2022-12-16 15:36:08] [SEVERE ] removing tokens from slot 8
[2022-12-16 15:36:08] [SEVERE ] removing card from slot 8
[2022-12-16 15:36:08] [SEVERE ] Key 46 was pressed by player 1
[2022-12-16 15:36:08] [SEVERE ] player 1 placing token on slot 10
[2022-12-16 15:36:08] [SEVERE ] setting player 0 freeze to 0
[2022-12-16 15:36:08] [SEVERE ] removing tokens from slot 2
[2022-12-16 15:36:08] [SEVERE ] removing card from slot 2
[2022-12-16 15:36:08] [SEVERE ] removing tokens from slot 10
[2022-12-16 15:36:08] [SEVERE ] removing card from slot 10
[2022-12-16 15:36:08] [SEVERE ] placing card 17 in slot 2
[2022-12-16 15:36:09] [SEVERE ] placing card 10 in slot 8
[2022-12-16 15:36:09] [SEVERE ] placing card 12 in slot 10
[2022-12-16 15:36:43] [SEVERE ] Key 77 was pressed by player 1
[2022-12-16 15:36:43] [SEVERE ] player 1 placing token on slot 8
[2022-12-16 15:36:43] [SEVERE ] setting player 1 freeze to 1000
[2022-12-16 15:36:44] [SEVERE ] Key 79 was pressed by player 1
[2022-12-16 15:36:44] [SEVERE ] setting player 1 freeze to 0
[2022-12-16 15:36:44] [SEVERE ] removing player 1 token from slot 2
[2022-12-16 15:36:44] [SEVERE ] removing player 1 token from slot 10
[2022-12-16 15:36:44] [SEVERE ] removing player 1 token from slot 8
[2022-12-16 15:36:44] [SEVERE ] setting player 1 score to 1
[2022-12-16 15:36:44] [SEVERE ] Key 46 was pressed by player 1
[2022-12-16 15:36:44] [SEVERE ] setting player 1 freeze to 0
[2022-12-16 15:36:44] [SEVERE ] removing tokens from slot 2
[2022-12-16 15:36:44] [SEVERE ] player 1 placing token on slot 2
[2022-12-16 15:36:44] [SEVERE ] removing card from slot 2
[2022-12-16 15:36:44] [SEVERE ] player 1 placing token on slot 10
[2022-12-16 15:36:44] [SEVERE ] removing tokens from slot 10
[2022-12-16 15:36:44] [SEVERE ] removing card from slot 10
[2022-12-16 15:36:45] [SEVERE ] removing tokens from slot 8
[2022-12-16 15:36:45] [SEVERE ] removing card from slot 8
[2022-12-16 15:36:45] [SEVERE ] placing card 60 in slot 2
[2022-12-16 15:36:45] [SEVERE ] placing card 6 in slot 8
[2022-12-16 15:36:45] [SEVERE ] Key 90 was pressed by player 0
[2022-12-16 15:36:45] [SEVERE ] player 0 placing token on slot 8
[2022-12-16 15:36:45] [SEVERE ] placing card 53 in slot 10
[2022-12-16 15:36:45] [SEVERE ] Key 67 was pressed by player 0
[2022-12-16 15:36:45] [SEVERE ] player 0 placing token on slot 10
[2022-12-16 15:36:50] [SEVERE ] Exit button pressed
[2022-12-16 15:36:51] [SEVERE ] removing tokens from slot 0
[2022-12-16 15:36:51] [SEVERE ] removing card from slot 0
[2022-12-16 15:36:51] [SEVERE ] removing tokens from slot 1
[2022-12-16 15:36:51] [SEVERE ] removing card from slot 1
[2022-12-16 15:36:51] [SEVERE ] removing tokens from slot 2
[2022-12-16 15:36:51] [SEVERE ] removing card from slot 2
[2022-12-16 15:36:51] [SEVERE ] removing tokens from slot 3
[2022-12-16 15:36:51] [SEVERE ] removing card from slot 3
[2022-12-16 15:36:51] [SEVERE ] removing tokens from slot 4
[2022-12-16 15:36:51] [SEVERE ] removing card from slot 4
[2022-12-16 15:36:52] [SEVERE ] removing tokens from slot 5
[2022-12-16 15:36:52] [SEVERE ] removing card from slot 5
[2022-12-16 15:36:52] [SEVERE ] removing tokens from slot 6
[2022-12-16 15:36:52] [SEVERE ] removing card from slot 6
[2022-12-16 15:36:52] [SEVERE ] removing tokens from slot 7
[2022-12-16 15:36:52] [SEVERE ] removing card from slot 7
[2022-12-16 15:36:52] [SEVERE ] removing tokens from slot 8
[2022-12-16 15:36:52] [SEVERE ] removing card from slot 8
[2022-12-16 15:36:53] [SEVERE ] removing tokens from slot 9
[2022-12-16 15:36:53] [SEVERE ] removing card from slot 9
[2022-12-16 15:36:53] [SEVERE ] removing tokens from slot 10
[2022-12-16 15:36:53] [SEVERE ] removing card from slot 10
[2022-12-16 15:36:53] [SEVERE ] removing tokens from slot 11
[2022-12-16 15:36:53] [SEVERE ] removing card from slot 11
[2022-12-16 15:36:53] [INFO   ] Thread Thread-1 terminated.
[2022-12-16 15:36:53] [INFO   ] Thread Thread-0 terminated.
[2022-12-16 15:36:53] [SEVERE ] announcing winners: [0, 0, 1]
[2022-12-16 15:36:53] [INFO   ] Thread dealer terminated.
[2022-12-16 15:36:53] [INFO   ] Thread main terminated.
