[2022-12-16 15:51:47] [INFO   ] cannot read configuration file config.properties trying from resources.
[2022-12-16 15:51:47] [INFO   ] configuration file was loaded from resources directory.
[2022-12-16 15:51:48] [INFO   ] Thread dealer starting.
[2022-12-16 15:51:48] [INFO   ] Thread Thread-0starting.
[2022-12-16 15:51:48] [INFO   ] Thread Thread-2starting.
[2022-12-16 15:51:48] [INFO   ] Thread Thread-1starting.
[2022-12-16 15:51:48] [INFO   ] Thread computer-2 starting.
[2022-12-16 15:51:48] [SEVERE ] player 2 placing token on slot 0
[2022-12-16 15:51:48] [SEVERE ] placing card 74 in slot 0
[2022-12-16 15:51:48] [SEVERE ] placing card 66 in slot 1
[2022-12-16 15:51:49] [SEVERE ] placing card 44 in slot 2
[2022-12-16 15:51:49] [SEVERE ] placing card 28 in slot 3
[2022-12-16 15:51:49] [SEVERE ] placing card 16 in slot 4
[2022-12-16 15:51:49] [SEVERE ] placing card 37 in slot 5
[2022-12-16 15:51:49] [SEVERE ] placing card 64 in slot 6
[2022-12-16 15:51:49] [SEVERE ] player 2 placing token on slot 11
[2022-12-16 15:51:49] [SEVERE ] placing card 69 in slot 7
[2022-12-16 15:51:49] [SEVERE ] placing card 4 in slot 8
[2022-12-16 15:51:49] [SEVERE ] placing card 80 in slot 9
[2022-12-16 15:51:49] [SEVERE ] placing card 55 in slot 10
[2022-12-16 15:51:49] [SEVERE ] placing card 24 in slot 11
[2022-12-16 15:51:50] [SEVERE ] removing player 2 token from slot 0
[2022-12-16 15:51:51] [SEVERE ] player 2 placing token on slot 1
[2022-12-16 15:51:51] [SEVERE ] player 2 placing token on slot 4
[2022-12-16 15:51:51] [SEVERE ] setting player 2 freeze to 3000
[2022-12-16 15:51:51] [SEVERE ] setting player 2 freeze to 2000
[2022-12-16 15:51:52] [SEVERE ] setting player 2 freeze to 1000
[2022-12-16 15:51:54] [SEVERE ] setting player 2 freeze to 0
[2022-12-16 15:51:54] [SEVERE ] setting player 2 freeze to 0
[2022-12-16 15:51:59] [SEVERE ] removing player 2 token from slot 11
[2022-12-16 15:51:59] [SEVERE ] removing player 2 token from slot 4
[2022-12-16 15:52:00] [SEVERE ] player 2 placing token on slot 7
[2022-12-16 15:52:01] [SEVERE ] player 2 placing token on slot 11
[2022-12-16 15:52:01] [SEVERE ] setting player 2 freeze to 3000
[2022-12-16 15:52:02] [SEVERE ] setting player 2 freeze to 2000
[2022-12-16 15:52:03] [SEVERE ] setting player 2 freeze to 1000
[2022-12-16 15:52:04] [SEVERE ] setting player 2 freeze to 0
[2022-12-16 15:52:04] [SEVERE ] setting player 2 freeze to 0
[2022-12-16 15:52:04] [SEVERE ] removing player 2 token from slot 7
[2022-12-16 15:52:04] [SEVERE ] player 2 placing token on slot 6
[2022-12-16 15:52:04] [SEVERE ] setting player 2 freeze to 3000
[2022-12-16 15:52:05] [SEVERE ] setting player 2 freeze to 2000
[2022-12-16 15:52:06] [SEVERE ] setting player 2 freeze to 1000
[2022-12-16 15:52:07] [SEVERE ] setting player 2 freeze to 0
[2022-12-16 15:52:07] [SEVERE ] setting player 2 freeze to 0
[2022-12-16 15:52:07] [SEVERE ] removing player 2 token from slot 11
[2022-12-16 15:52:08] [SEVERE ] player 2 placing token on slot 7
[2022-12-16 15:52:08] [SEVERE ] setting player 2 freeze to 3000
[2022-12-16 15:52:08] [SEVERE ] setting player 2 freeze to 2000
[2022-12-16 15:52:09] [SEVERE ] setting player 2 freeze to 1000
[2022-12-16 15:52:09] [SEVERE ] Key 81 was pressed by player 0
[2022-12-16 15:52:09] [SEVERE ] player 0 placing token on slot 0
[2022-12-16 15:52:09] [SEVERE ] Key 87 was pressed by player 0
[2022-12-16 15:52:09] [SEVERE ] player 0 placing token on slot 1
[2022-12-16 15:52:10] [SEVERE ] setting player 2 freeze to 0
[2022-12-16 15:52:10] [SEVERE ] Key 69 was pressed by player 0
[2022-12-16 15:52:10] [SEVERE ] player 0 placing token on slot 2
[2022-12-16 15:52:10] [SEVERE ] setting player 0 freeze to 3000
[2022-12-16 15:52:11] [SEVERE ] setting player 2 freeze to 0
[2022-12-16 15:52:11] [SEVERE ] removing player 2 token from slot 7
[2022-12-16 15:52:11] [SEVERE ] setting player 0 freeze to 2000
[2022-12-16 15:52:11] [SEVERE ] player 2 placing token on slot 4
[2022-12-16 15:52:11] [SEVERE ] setting player 2 freeze to 3000
[2022-12-16 15:52:12] [SEVERE ] setting player 0 freeze to 1000
[2022-12-16 15:52:12] [SEVERE ] setting player 2 freeze to 2000
[2022-12-16 15:52:13] [SEVERE ] setting player 0 freeze to 0
[2022-12-16 15:52:13] [SEVERE ] setting player 2 freeze to 1000
[2022-12-16 15:52:13] [SEVERE ] setting player 0 freeze to 0
[2022-12-16 15:52:14] [SEVERE ] setting player 2 freeze to 0
[2022-12-16 15:52:14] [SEVERE ] setting player 2 freeze to 0
[2022-12-16 15:52:14] [SEVERE ] removing player 2 token from slot 1
[2022-12-16 15:52:14] [SEVERE ] player 2 placing token on slot 1
[2022-12-16 15:52:14] [SEVERE ] setting player 2 freeze to 3000
[2022-12-16 15:52:15] [SEVERE ] setting player 2 freeze to 2000
[2022-12-16 15:52:16] [SEVERE ] setting player 2 freeze to 1000
[2022-12-16 15:52:17] [SEVERE ] setting player 2 freeze to 0
[2022-12-16 15:52:17] [SEVERE ] setting player 2 freeze to 0
[2022-12-16 15:52:17] [SEVERE ] removing player 2 token from slot 6
[2022-12-16 15:52:17] [SEVERE ] player 2 placing token on slot 9
[2022-12-16 15:52:17] [SEVERE ] setting player 2 freeze to 3000
[2022-12-16 15:52:18] [SEVERE ] setting player 2 freeze to 2000
[2022-12-16 15:52:19] [SEVERE ] setting player 2 freeze to 1000
[2022-12-16 15:52:20] [SEVERE ] setting player 2 freeze to 0
[2022-12-16 15:52:20] [SEVERE ] setting player 2 freeze to 0
[2022-12-16 15:52:20] [SEVERE ] removing player 2 token from slot 9
[2022-12-16 15:52:20] [SEVERE ] player 2 placing token on slot 7
[2022-12-16 15:52:20] [SEVERE ] setting player 2 freeze to 3000
[2022-12-16 15:52:21] [SEVERE ] setting player 2 freeze to 2000
[2022-12-16 15:52:22] [SEVERE ] setting player 2 freeze to 1000
[2022-12-16 15:52:23] [SEVERE ] setting player 2 freeze to 0
[2022-12-16 15:52:23] [SEVERE ] setting player 2 freeze to 0
[2022-12-16 15:52:23] [SEVERE ] removing player 2 token from slot 4
[2022-12-16 15:52:24] [SEVERE ] player 2 placing token on slot 10
[2022-12-16 15:52:24] [SEVERE ] setting player 2 freeze to 3000
[2022-12-16 15:52:24] [SEVERE ] setting player 2 freeze to 2000
[2022-12-16 15:52:25] [SEVERE ] setting player 2 freeze to 1000
[2022-12-16 15:52:26] [SEVERE ] setting player 2 freeze to 0
[2022-12-16 15:52:26] [SEVERE ] Exit button pressed
[2022-12-16 15:52:27] [SEVERE ] setting player 2 freeze to 0
[2022-12-16 15:52:27] [SEVERE ] removing player 2 token from slot 7
[2022-12-16 15:52:27] [SEVERE ] removing player 2 token from slot 1
[2022-12-16 15:52:27] [SEVERE ] removing tokens from slot 0
[2022-12-16 15:52:27] [SEVERE ] removing card from slot 0
[2022-12-16 15:52:27] [SEVERE ] player 2 placing token on slot 7
[2022-12-16 15:52:27] [SEVERE ] removing tokens from slot 1
[2022-12-16 15:52:27] [SEVERE ] removing card from slot 1
[2022-12-16 15:52:27] [SEVERE ] removing tokens from slot 2
[2022-12-16 15:52:27] [SEVERE ] removing card from slot 2
[2022-12-16 15:52:27] [SEVERE ] removing tokens from slot 3
[2022-12-16 15:52:27] [SEVERE ] removing card from slot 3
[2022-12-16 15:52:27] [SEVERE ] removing tokens from slot 4
[2022-12-16 15:52:27] [SEVERE ] removing card from slot 4
[2022-12-16 15:52:27] [SEVERE ] removing tokens from slot 5
[2022-12-16 15:52:27] [SEVERE ] removing card from slot 5
[2022-12-16 15:52:27] [SEVERE ] removing tokens from slot 6
[2022-12-16 15:52:27] [SEVERE ] removing card from slot 6
[2022-12-16 15:52:28] [SEVERE ] removing tokens from slot 7
[2022-12-16 15:52:28] [SEVERE ] removing card from slot 7
[2022-12-16 15:52:28] [SEVERE ] removing tokens from slot 8
[2022-12-16 15:52:28] [SEVERE ] removing card from slot 8
[2022-12-16 15:52:28] [SEVERE ] removing tokens from slot 9
[2022-12-16 15:52:28] [SEVERE ] removing card from slot 9
[2022-12-16 15:52:28] [SEVERE ] removing tokens from slot 10
[2022-12-16 15:52:28] [SEVERE ] removing card from slot 10
[2022-12-16 15:52:28] [SEVERE ] removing tokens from slot 11
[2022-12-16 15:52:28] [SEVERE ] removing card from slot 11
[2022-12-16 15:52:28] [INFO   ] Thread Thread-0 terminated.
[2022-12-16 15:52:28] [INFO   ] Thread Thread-1 terminated.
[2022-12-16 15:52:28] [INFO   ] Thread main terminated.
