[2022-12-16 16:36:14] [INFO   ] cannot read configuration file config.properties trying from resources.
[2022-12-16 16:36:14] [INFO   ] configuration file was loaded from resources directory.
[2022-12-16 16:36:15] [INFO   ] Thread dealer starting.
[2022-12-16 16:36:15] [INFO   ] Thread Thread-0starting.
[2022-12-16 16:36:15] [INFO   ] Thread Thread-1starting.
[2022-12-16 16:36:15] [INFO   ] Thread Thread-3starting.
[2022-12-16 16:36:15] [INFO   ] Thread Thread-2starting.
[2022-12-16 16:36:15] [INFO   ] Thread computer-3 starting.
[2022-12-16 16:36:15] [INFO   ] Thread computer-2 starting.
[2022-12-16 16:36:15] [SEVERE ] placing card 77 in slot 0
[2022-12-16 16:36:16] [SEVERE ] placing card 65 in slot 1
[2022-12-16 16:36:16] [SEVERE ] placing card 64 in slot 2
[2022-12-16 16:36:16] [SEVERE ] player 3 placing token on slot 5
[2022-12-16 16:36:16] [SEVERE ] player 2 placing token on slot 5
[2022-12-16 16:36:16] [SEVERE ] placing card 76 in slot 3
[2022-12-16 16:36:16] [SEVERE ] placing card 33 in slot 4
[2022-12-16 16:36:16] [SEVERE ] placing card 39 in slot 5
[2022-12-16 16:36:17] [SEVERE ] placing card 36 in slot 6
[2022-12-16 16:36:17] [SEVERE ] player 3 placing token on slot 6
[2022-12-16 16:36:17] [SEVERE ] player 2 placing token on slot 0
[2022-12-16 16:36:17] [SEVERE ] placing card 15 in slot 7
[2022-12-16 16:36:17] [SEVERE ] placing card 48 in slot 8
[2022-12-16 16:36:17] [SEVERE ] placing card 31 in slot 9
[2022-12-16 16:36:18] [SEVERE ] placing card 62 in slot 10
[2022-12-16 16:36:18] [SEVERE ] removing player 3 token from slot 6
[2022-12-16 16:36:18] [SEVERE ] placing card 59 in slot 11
[2022-12-16 16:36:18] [SEVERE ] player 3 placing token on slot 7
[2022-12-16 16:36:19] [SEVERE ] removing player 3 token from slot 5
[2022-12-16 16:36:20] [SEVERE ] player 3 placing token on slot 11
[2022-12-16 16:36:21] [SEVERE ] player 3 placing token on slot 8
[2022-12-16 16:36:21] [SEVERE ] setting player 3 freeze to 3000
[2022-12-16 16:36:22] [SEVERE ] setting player 3 freeze to 2000
[2022-12-16 16:36:23] [SEVERE ] setting player 3 freeze to 1000
[2022-12-16 16:36:24] [SEVERE ] Exit button pressed
[2022-12-16 16:36:24] [SEVERE ] setting player 3 freeze to 0
[2022-12-16 16:36:24] [SEVERE ] setting player 3 freeze to 0
[2022-12-16 16:36:24] [SEVERE ] removing tokens from slot 0
[2022-12-16 16:36:24] [SEVERE ] removing card from slot 0
[2022-12-16 16:36:24] [SEVERE ] removing tokens from slot 1
[2022-12-16 16:36:24] [SEVERE ] removing card from slot 1
[2022-12-16 16:36:24] [SEVERE ] removing tokens from slot 2
[2022-12-16 16:36:24] [SEVERE ] removing card from slot 2
[2022-12-16 16:36:25] [SEVERE ] removing tokens from slot 3
[2022-12-16 16:36:25] [SEVERE ] removing card from slot 3
[2022-12-16 16:36:25] [SEVERE ] removing tokens from slot 4
[2022-12-16 16:36:25] [SEVERE ] removing card from slot 4
[2022-12-16 16:36:25] [SEVERE ] removing tokens from slot 5
[2022-12-16 16:36:25] [SEVERE ] removing card from slot 5
[2022-12-16 16:36:25] [SEVERE ] removing tokens from slot 6
[2022-12-16 16:36:25] [SEVERE ] removing card from slot 6
[2022-12-16 16:36:26] [SEVERE ] removing tokens from slot 7
[2022-12-16 16:36:26] [SEVERE ] removing card from slot 7
[2022-12-16 16:36:26] [SEVERE ] removing tokens from slot 8
[2022-12-16 16:36:26] [SEVERE ] removing card from slot 8
[2022-12-16 16:36:26] [SEVERE ] removing tokens from slot 9
[2022-12-16 16:36:26] [SEVERE ] removing card from slot 9
[2022-12-16 16:36:26] [SEVERE ] removing tokens from slot 10
[2022-12-16 16:36:26] [SEVERE ] removing card from slot 10
[2022-12-16 16:36:26] [SEVERE ] removing tokens from slot 11
[2022-12-16 16:36:26] [SEVERE ] removing card from slot 11
[2022-12-16 16:36:26] [INFO   ] Thread Thread-0 terminated.
[2022-12-16 16:36:26] [SEVERE ] announcing winners: [0, 1, 2, 3]
[2022-12-16 16:36:26] [INFO   ] Thread Thread-1 terminated.
[2022-12-16 16:36:26] [INFO   ] Thread dealer terminated.
[2022-12-16 16:36:26] [INFO   ] Thread main terminated.
