[2022-12-16 13:27:20] [INFO   ] cannot read configuration file config.properties trying from resources.
[2022-12-16 13:27:20] [INFO   ] configuration file was loaded from resources directory.
[2022-12-16 13:27:21] [INFO   ] Thread dealer starting.
[2022-12-16 13:27:21] [INFO   ] Thread Thread-0starting.
[2022-12-16 13:27:21] [INFO   ] Thread Thread-1starting.
[2022-12-16 13:27:21] [SEVERE ] placing card 62 in slot 0
[2022-12-16 13:27:21] [SEVERE ] placing card 59 in slot 1
[2022-12-16 13:27:21] [SEVERE ] placing card 25 in slot 2
[2022-12-16 13:27:21] [SEVERE ] placing card 38 in slot 3
[2022-12-16 13:27:21] [SEVERE ] placing card 29 in slot 4
[2022-12-16 13:27:22] [SEVERE ] placing card 55 in slot 5
[2022-12-16 13:27:22] [SEVERE ] placing card 31 in slot 6
[2022-12-16 13:27:22] [SEVERE ] placing card 51 in slot 7
[2022-12-16 13:27:22] [SEVERE ] placing card 39 in slot 8
[2022-12-16 13:27:22] [SEVERE ] placing card 71 in slot 9
[2022-12-16 13:27:22] [SEVERE ] placing card 73 in slot 10
[2022-12-16 13:27:22] [SEVERE ] placing card 34 in slot 11
[2022-12-16 13:27:24] [SEVERE ] Key 81 was pressed by player 0
[2022-12-16 13:27:24] [SEVERE ] player 0 placing token on slot 0
[2022-12-16 13:27:24] [SEVERE ] Key 87 was pressed by player 0
[2022-12-16 13:27:24] [SEVERE ] player 0 placing token on slot 1
[2022-12-16 13:27:27] [SEVERE ] Key 69 was pressed by player 0
[2022-12-16 13:27:27] [SEVERE ] player 0 placing token on slot 2
[2022-12-16 13:27:27] [SEVERE ] setting player 0 freeze to 3000
[2022-12-16 13:27:28] [SEVERE ] setting player 0 freeze to 2000
[2022-12-16 13:27:29] [SEVERE ] setting player 0 freeze to 1000
[2022-12-16 13:27:30] [SEVERE ] setting player 0 freeze to 0
[2022-12-16 13:27:31] [SEVERE ] Key 69 was pressed by player 0
[2022-12-16 13:27:31] [SEVERE ] removing player 0 token from slot 2
[2022-12-16 13:27:34] [SEVERE ] Key 69 was pressed by player 0
[2022-12-16 13:27:34] [SEVERE ] player 0 placing token on slot 2
[2022-12-16 13:27:34] [SEVERE ] setting player 0 freeze to 3000
[2022-12-16 13:27:35] [SEVERE ] setting player 0 freeze to 2000
[2022-12-16 13:27:36] [SEVERE ] setting player 0 freeze to 1000
[2022-12-16 13:27:37] [SEVERE ] setting player 0 freeze to 0
