[2022-12-16 11:19:05] [INFO   ] cannot read configuration file config.properties trying from resources.
[2022-12-16 11:19:05] [INFO   ] configuration file was loaded from resources directory.
[2022-12-16 11:19:06] [INFO   ] Thread dealer starting.
[2022-12-16 11:19:06] [SEVERE ] placing card 16 in slot 0
[2022-12-16 11:19:06] [SEVERE ] placing card 72 in slot 1
[2022-12-16 11:19:07] [SEVERE ] placing card 31 in slot 2
[2022-12-16 11:19:07] [SEVERE ] placing card 42 in slot 3
[2022-12-16 11:19:07] [SEVERE ] placing card 14 in slot 4
[2022-12-16 11:19:07] [SEVERE ] placing card 52 in slot 5
[2022-12-16 11:19:07] [SEVERE ] placing card 57 in slot 6
[2022-12-16 11:19:07] [SEVERE ] placing card 74 in slot 7
[2022-12-16 11:19:07] [SEVERE ] placing card 60 in slot 8
[2022-12-16 11:19:07] [SEVERE ] placing card 61 in slot 9
[2022-12-16 11:19:07] [SEVERE ] placing card 21 in slot 10
[2022-12-16 11:19:07] [SEVERE ] placing card 62 in slot 11
[2022-12-16 11:19:09] [SEVERE ] Key 81 was pressed by player 0
[2022-12-16 11:19:09] [SEVERE ] Key 87 was pressed by player 0
[2022-12-16 11:19:10] [SEVERE ] player 0 placing token on slot 0
[2022-12-16 11:19:10] [SEVERE ] player 0 placing token on slot 1
[2022-12-16 11:19:10] [SEVERE ] Key 69 was pressed by player 0
[2022-12-16 11:19:11] [SEVERE ] player 0 placing token on slot 2
[2022-12-16 11:19:59] [SEVERE ] setting player 0 freeze to 3000
[2022-12-16 11:20:07] [SEVERE ] removing tokens from slot 0
[2022-12-16 11:20:07] [SEVERE ] removing card from slot 0
[2022-12-16 11:20:07] [SEVERE ] removing tokens from slot 1
[2022-12-16 11:20:07] [SEVERE ] removing card from slot 1
[2022-12-16 11:20:07] [SEVERE ] removing tokens from slot 2
[2022-12-16 11:20:07] [SEVERE ] removing card from slot 2
[2022-12-16 11:20:07] [SEVERE ] removing tokens from slot 3
[2022-12-16 11:20:07] [SEVERE ] removing card from slot 3
[2022-12-16 11:20:07] [SEVERE ] removing tokens from slot 4
[2022-12-16 11:20:07] [SEVERE ] removing card from slot 4
[2022-12-16 11:20:07] [SEVERE ] removing tokens from slot 5
[2022-12-16 11:20:07] [SEVERE ] removing card from slot 5
[2022-12-16 11:20:07] [SEVERE ] removing tokens from slot 6
[2022-12-16 11:20:07] [SEVERE ] removing card from slot 6
[2022-12-16 11:20:07] [SEVERE ] removing tokens from slot 7
[2022-12-16 11:20:07] [SEVERE ] removing card from slot 7
[2022-12-16 11:20:07] [SEVERE ] removing tokens from slot 8
[2022-12-16 11:20:07] [SEVERE ] removing card from slot 8
[2022-12-16 11:20:08] [SEVERE ] removing tokens from slot 9
[2022-12-16 11:20:08] [SEVERE ] removing card from slot 9
[2022-12-16 11:20:08] [SEVERE ] removing tokens from slot 10
[2022-12-16 11:20:08] [SEVERE ] removing card from slot 10
[2022-12-16 11:20:08] [SEVERE ] removing tokens from slot 11
[2022-12-16 11:20:08] [SEVERE ] removing card from slot 11
[2022-12-16 11:20:08] [SEVERE ] placing card 17 in slot 0
[2022-12-16 11:20:08] [SEVERE ] placing card 38 in slot 1
[2022-12-16 11:20:08] [SEVERE ] placing card 54 in slot 2
[2022-12-16 11:20:08] [SEVERE ] placing card 23 in slot 3
[2022-12-16 11:20:08] [SEVERE ] placing card 71 in slot 4
