[2022-12-14 15:13:53] [INFO   ] cannot read configuration file config.properties trying from resources.
[2022-12-14 15:13:53] [INFO   ] configuration file was loaded from resources directory.
[2022-12-14 15:13:54] [INFO   ] Thread dealer starting.
[2022-12-14 15:13:54] [SEVERE ] placing card 24 in slot 0
[2022-12-14 15:13:54] [SEVERE ] placing card 21 in slot 1
[2022-12-14 15:13:54] [SEVERE ] placing card 72 in slot 2
[2022-12-14 15:13:55] [SEVERE ] placing card 1 in slot 3
[2022-12-14 15:13:55] [SEVERE ] placing card 51 in slot 4
[2022-12-14 15:13:55] [SEVERE ] placing card 7 in slot 5
[2022-12-14 15:13:55] [SEVERE ] placing card 67 in slot 6
[2022-12-14 15:13:55] [SEVERE ] placing card 47 in slot 7
[2022-12-14 15:13:55] [SEVERE ] placing card 26 in slot 8
[2022-12-14 15:13:55] [SEVERE ] placing card 77 in slot 9
[2022-12-14 15:13:55] [SEVERE ] placing card 14 in slot 10
[2022-12-14 15:13:55] [SEVERE ] placing card 12 in slot 11
[2022-12-14 15:13:56] [SEVERE ] Key 85 was pressed by player 1
[2022-12-14 15:13:56] [SEVERE ] player 1 placing token on slot 0
[2022-12-14 15:13:56] [SEVERE ] Key 81 was pressed by player 0
[2022-12-14 15:13:56] [SEVERE ] player 0 placing token on slot 0
[2022-12-14 15:13:56] [SEVERE ] Key 87 was pressed by player 0
[2022-12-14 15:13:56] [SEVERE ] player 0 placing token on slot 1
[2022-12-14 15:13:57] [SEVERE ] Key 69 was pressed by player 0
[2022-12-14 15:13:57] [SEVERE ] player 0 placing token on slot 2
[2022-12-14 15:13:57] [SEVERE ] removing player 0 token from slot 0
[2022-12-14 15:13:57] [SEVERE ] removing player 0 token from slot 1
[2022-12-14 15:13:57] [SEVERE ] removing player 0 token from slot 2
[2022-12-14 15:13:57] [SEVERE ] setting player 0 score to 1
[2022-12-14 15:13:57] [INFO   ] Thread main terminated.
