[2022-12-14 16:33:44] [INFO   ] cannot read configuration file config.properties trying from resources.
[2022-12-14 16:33:44] [INFO   ] configuration file was loaded from resources directory.
[2022-12-14 16:33:45] [INFO   ] Thread dealer starting.
[2022-12-14 16:33:45] [SEVERE ] placing card 54 in slot 0
[2022-12-14 16:33:45] [SEVERE ] placing card 1 in slot 1
[2022-12-14 16:33:45] [SEVERE ] placing card 29 in slot 2
[2022-12-14 16:33:45] [SEVERE ] placing card 50 in slot 3
[2022-12-14 16:33:45] [SEVERE ] placing card 69 in slot 4
[2022-12-14 16:33:46] [SEVERE ] placing card 31 in slot 5
[2022-12-14 16:33:46] [SEVERE ] placing card 42 in slot 6
[2022-12-14 16:33:46] [SEVERE ] placing card 62 in slot 7
[2022-12-14 16:33:46] [SEVERE ] placing card 53 in slot 8
[2022-12-14 16:33:46] [SEVERE ] placing card 17 in slot 9
[2022-12-14 16:33:46] [SEVERE ] placing card 26 in slot 10
[2022-12-14 16:33:46] [SEVERE ] placing card 41 in slot 11
[2022-12-14 16:33:49] [SEVERE ] Key 81 was pressed by player 0
[2022-12-14 16:33:49] [SEVERE ] player 0 placing token on slot 0
[2022-12-14 16:33:49] [SEVERE ] Key 87 was pressed by player 0
[2022-12-14 16:33:49] [SEVERE ] player 0 placing token on slot 1
[2022-12-14 16:33:49] [SEVERE ] Key 69 was pressed by player 0
[2022-12-14 16:33:49] [SEVERE ] player 0 placing token on slot 2
[2022-12-14 16:33:49] [SEVERE ] removing player 0 token from slot 0
[2022-12-14 16:33:49] [SEVERE ] removing player 0 token from slot 1
[2022-12-14 16:33:49] [SEVERE ] removing player 0 token from slot 2
[2022-12-14 16:33:49] [SEVERE ] setting player 0 score to 1
[2022-12-14 16:33:49] [SEVERE ] removing tokens from slot 0
[2022-12-14 16:33:49] [SEVERE ] removing card from slot 0
[2022-12-14 16:33:49] [SEVERE ] removing tokens from slot 1
[2022-12-14 16:33:49] [SEVERE ] removing card from slot 1
[2022-12-14 16:33:50] [SEVERE ] removing tokens from slot 2
[2022-12-14 16:33:50] [SEVERE ] removing card from slot 2
[2022-12-14 16:33:50] [SEVERE ] placing card 5 in slot 0
[2022-12-14 16:33:50] [SEVERE ] placing card 2 in slot 1
[2022-12-14 16:33:50] [SEVERE ] placing card 79 in slot 2
[2022-12-14 16:33:51] [SEVERE ] Key 81 was pressed by player 0
[2022-12-14 16:33:51] [SEVERE ] player 0 placing token on slot 0
[2022-12-14 16:33:51] [SEVERE ] Key 87 was pressed by player 0
[2022-12-14 16:33:51] [SEVERE ] player 0 placing token on slot 1
[2022-12-14 16:33:51] [SEVERE ] Key 69 was pressed by player 0
[2022-12-14 16:33:51] [SEVERE ] player 0 placing token on slot 2
[2022-12-14 16:33:52] [SEVERE ] setting player 0 freeze to 3000
