[2022-12-16 16:08:11] [INFO   ] cannot read configuration file config.properties trying from resources.
[2022-12-16 16:08:11] [INFO   ] configuration file was loaded from resources directory.
[2022-12-16 16:08:12] [INFO   ] Thread dealer starting.
[2022-12-16 16:08:12] [INFO   ] Thread Thread-1starting.
[2022-12-16 16:08:12] [INFO   ] Thread Thread-3starting.
[2022-12-16 16:08:12] [INFO   ] Thread Thread-2starting.
[2022-12-16 16:08:12] [INFO   ] Thread Thread-0starting.
[2022-12-16 16:08:12] [INFO   ] Thread computer-3 starting.
[2022-12-16 16:08:12] [INFO   ] Thread computer-2 starting.
[2022-12-16 16:08:12] [SEVERE ] player 3 placing token on slot 5
[2022-12-16 16:08:12] [SEVERE ] player 2 placing token on slot 11
[2022-12-16 16:08:12] [SEVERE ] placing card 80 in slot 0
[2022-12-16 16:08:12] [SEVERE ] placing card 68 in slot 1
[2022-12-16 16:08:12] [SEVERE ] placing card 37 in slot 2
[2022-12-16 16:08:12] [SEVERE ] placing card 13 in slot 3
[2022-12-16 16:08:12] [SEVERE ] placing card 59 in slot 4
[2022-12-16 16:08:12] [SEVERE ] placing card 40 in slot 5
[2022-12-16 16:08:12] [SEVERE ] placing card 21 in slot 6
[2022-12-16 16:08:12] [SEVERE ] player 3 placing token on slot 6
[2022-12-16 16:08:12] [SEVERE ] player 2 placing token on slot 8
[2022-12-16 16:08:13] [SEVERE ] placing card 3 in slot 7
[2022-12-16 16:08:13] [SEVERE ] placing card 53 in slot 8
[2022-12-16 16:08:13] [SEVERE ] placing card 67 in slot 9
[2022-12-16 16:08:13] [SEVERE ] placing card 64 in slot 10
[2022-12-16 16:08:13] [SEVERE ] placing card 5 in slot 11
[2022-12-16 16:08:13] [SEVERE ] player 3 placing token on slot 7
[2022-12-16 16:08:13] [SEVERE ] setting player 3 freeze to 3000
[2022-12-16 16:08:13] [SEVERE ] player 2 placing token on slot 2
[2022-12-16 16:08:13] [SEVERE ] setting player 2 freeze to 3000
[2022-12-16 16:08:14] [SEVERE ] setting player 2 freeze to 2000
[2022-12-16 16:08:14] [SEVERE ] setting player 3 freeze to 2000
[2022-12-16 16:08:15] [SEVERE ] setting player 2 freeze to 1000
[2022-12-16 16:08:15] [SEVERE ] setting player 3 freeze to 1000
[2022-12-16 16:08:16] [SEVERE ] setting player 2 freeze to 0
[2022-12-16 16:08:16] [SEVERE ] setting player 3 freeze to 0
[2022-12-16 16:08:16] [SEVERE ] setting player 3 freeze to 0
[2022-12-16 16:08:16] [SEVERE ] setting player 2 freeze to 0
[2022-12-16 16:08:21] [SEVERE ] removing player 2 token from slot 2
[2022-12-16 16:08:21] [SEVERE ] player 2 placing token on slot 0
[2022-12-16 16:08:21] [SEVERE ] setting player 2 freeze to 3000
[2022-12-16 16:08:22] [SEVERE ] setting player 2 freeze to 2000
[2022-12-16 16:08:23] [SEVERE ] Key 65 was pressed by player 0
[2022-12-16 16:08:23] [SEVERE ] player 0 placing token on slot 4
[2022-12-16 16:08:23] [SEVERE ] removing player 3 token from slot 6
[2022-12-16 16:08:23] [SEVERE ] Key 83 was pressed by player 0
[2022-12-16 16:08:23] [SEVERE ] player 0 placing token on slot 5
[2022-12-16 16:08:23] [SEVERE ] setting player 2 freeze to 1000
[2022-12-16 16:08:23] [SEVERE ] Key 68 was pressed by player 0
[2022-12-16 16:08:23] [SEVERE ] player 0 placing token on slot 6
[2022-12-16 16:08:23] [SEVERE ] setting player 0 freeze to 1000
[2022-12-16 16:08:24] [SEVERE ] player 3 placing token on slot 4
[2022-12-16 16:08:24] [SEVERE ] setting player 3 freeze to 3000
[2022-12-16 16:08:24] [SEVERE ] setting player 0 freeze to 0
[2022-12-16 16:08:24] [SEVERE ] setting player 2 freeze to 0
[2022-12-16 16:08:24] [SEVERE ] setting player 3 freeze to 2000
[2022-12-16 16:08:24] [SEVERE ] removing player 0 token from slot 4
[2022-12-16 16:08:24] [SEVERE ] removing player 0 token from slot 5
[2022-12-16 16:08:24] [SEVERE ] removing player 0 token from slot 6
[2022-12-16 16:08:24] [SEVERE ] setting player 0 score to 1
[2022-12-16 16:08:24] [SEVERE ] removing player 3 token from slot 0
[2022-12-16 16:08:24] [SEVERE ] removing player 3 token from slot 1
[2022-12-16 16:08:24] [SEVERE ] removing tokens from slot 4
[2022-12-16 16:08:24] [SEVERE ] removing card from slot 4
[2022-12-16 16:08:24] [SEVERE ] setting player 0 freeze to 0
[2022-12-16 16:08:24] [SEVERE ] removing tokens from slot 5
[2022-12-16 16:08:24] [SEVERE ] removing card from slot 5
[2022-12-16 16:08:24] [SEVERE ] setting player 2 freeze to 0
[2022-12-16 16:08:24] [SEVERE ] removing player 2 token from slot 11
[2022-12-16 16:08:24] [SEVERE ] removing tokens from slot 6
[2022-12-16 16:08:24] [SEVERE ] removing card from slot 6
[2022-12-16 16:08:25] [SEVERE ] placing card 75 in slot 4
[2022-12-16 16:08:25] [SEVERE ] player 2 placing token on slot 3
[2022-12-16 16:08:25] [SEVERE ] setting player 2 freeze to 3000
[2022-12-16 16:08:25] [SEVERE ] placing card 69 in slot 5
[2022-12-16 16:08:25] [SEVERE ] placing card 28 in slot 6
[2022-12-16 16:08:26] [SEVERE ] setting player 2 freeze to 2000
[2022-12-16 16:08:26] [SEVERE ] setting player 3 freeze to 1000
[2022-12-16 16:08:26] [SEVERE ] Exit button pressed
[2022-12-16 16:08:27] [SEVERE ] setting player 3 freeze to 0
[2022-12-16 16:08:27] [SEVERE ] player 3 placing token on slot 10
[2022-12-16 16:08:27] [SEVERE ] player 3 placing token on slot 1
[2022-12-16 16:08:27] [SEVERE ] removing player 3 token from slot 4
[2022-12-16 16:08:27] [SEVERE ] setting player 3 freeze to 3000
[2022-12-16 16:08:27] [SEVERE ] setting player 2 freeze to 1000
[2022-12-16 16:08:27] [SEVERE ] setting player 3 freeze to 0
[2022-12-16 16:08:27] [SEVERE ] removing tokens from slot 0
[2022-12-16 16:08:27] [SEVERE ] removing card from slot 0
[2022-12-16 16:08:27] [SEVERE ] removing tokens from slot 1
[2022-12-16 16:08:27] [SEVERE ] removing card from slot 1
[2022-12-16 16:08:27] [SEVERE ] removing tokens from slot 2
[2022-12-16 16:08:27] [SEVERE ] removing card from slot 2
[2022-12-16 16:08:27] [SEVERE ] removing tokens from slot 3
[2022-12-16 16:08:27] [SEVERE ] removing card from slot 3
[2022-12-16 16:08:27] [SEVERE ] removing tokens from slot 4
[2022-12-16 16:08:27] [SEVERE ] removing card from slot 4
[2022-12-16 16:08:27] [SEVERE ] removing tokens from slot 5
[2022-12-16 16:08:27] [SEVERE ] removing card from slot 5
[2022-12-16 16:08:28] [SEVERE ] removing tokens from slot 6
[2022-12-16 16:08:28] [SEVERE ] removing card from slot 6
[2022-12-16 16:08:28] [SEVERE ] setting player 2 freeze to 0
[2022-12-16 16:08:28] [SEVERE ] removing player 2 token from slot 8
[2022-12-16 16:08:28] [SEVERE ] removing tokens from slot 7
[2022-12-16 16:08:28] [SEVERE ] removing card from slot 7
[2022-12-16 16:08:28] [SEVERE ] removing tokens from slot 8
[2022-12-16 16:08:28] [SEVERE ] removing card from slot 8
[2022-12-16 16:08:28] [SEVERE ] removing tokens from slot 9
[2022-12-16 16:08:28] [SEVERE ] removing card from slot 9
[2022-12-16 16:08:28] [SEVERE ] removing tokens from slot 10
[2022-12-16 16:08:28] [SEVERE ] removing card from slot 10
[2022-12-16 16:08:28] [SEVERE ] removing tokens from slot 11
[2022-12-16 16:08:28] [SEVERE ] removing card from slot 11
[2022-12-16 16:08:28] [INFO   ] Thread Thread-1 terminated.
[2022-12-16 16:08:28] [INFO   ] Thread Thread-0 terminated.
[2022-12-16 16:08:28] [SEVERE ] announcing winners: [0, 0, 0, 0]
[2022-12-16 16:08:28] [INFO   ] Thread dealer terminated.
[2022-12-16 16:08:28] [INFO   ] Thread main terminated.
