[2022-12-16 11:18:06] [INFO   ] cannot read configuration file config.properties trying from resources.
[2022-12-16 11:18:06] [INFO   ] configuration file was loaded from resources directory.
[2022-12-16 11:18:07] [INFO   ] Thread dealer starting.
[2022-12-16 11:18:19] [SEVERE ] placing card 5 in slot 0
[2022-12-16 11:18:19] [SEVERE ] placing card 51 in slot 1
[2022-12-16 11:18:19] [SEVERE ] placing card 53 in slot 2
[2022-12-16 11:18:19] [SEVERE ] placing card 0 in slot 3
[2022-12-16 11:18:19] [SEVERE ] placing card 32 in slot 4
[2022-12-16 11:18:19] [SEVERE ] placing card 28 in slot 5
[2022-12-16 11:18:19] [SEVERE ] placing card 21 in slot 6
[2022-12-16 11:18:20] [SEVERE ] placing card 17 in slot 7
[2022-12-16 11:18:20] [SEVERE ] placing card 16 in slot 8
[2022-12-16 11:18:20] [SEVERE ] placing card 2 in slot 9
[2022-12-16 11:18:20] [SEVERE ] placing card 65 in slot 10
[2022-12-16 11:18:20] [SEVERE ] placing card 38 in slot 11
[2022-12-16 11:18:22] [SEVERE ] Key 81 was pressed by player 0
[2022-12-16 11:18:23] [SEVERE ] Key 87 was pressed by player 0
[2022-12-16 11:18:23] [SEVERE ] Key 69 was pressed by player 0
[2022-12-16 11:18:23] [SEVERE ] player 0 placing token on slot 0
[2022-12-16 11:18:23] [SEVERE ] player 0 placing token on slot 1
[2022-12-16 11:18:23] [SEVERE ] player 0 placing token on slot 2
[2022-12-16 11:18:44] [SEVERE ] setting player 0 freeze to 3000
