[2022-12-14 15:36:57] [INFO   ] cannot read configuration file config.properties trying from resources.
[2022-12-14 15:36:57] [INFO   ] configuration file was loaded from resources directory.
[2022-12-14 15:36:58] [INFO   ] Thread dealer starting.
[2022-12-14 15:36:58] [SEVERE ] placing card 62 in slot 0
[2022-12-14 15:36:58] [SEVERE ] placing card 25 in slot 1
[2022-12-14 15:36:58] [SEVERE ] placing card 2 in slot 2
[2022-12-14 15:36:58] [SEVERE ] placing card 23 in slot 3
[2022-12-14 15:36:58] [SEVERE ] placing card 0 in slot 4
[2022-12-14 15:36:59] [SEVERE ] placing card 75 in slot 5
[2022-12-14 15:36:59] [SEVERE ] placing card 45 in slot 6
[2022-12-14 15:36:59] [SEVERE ] placing card 11 in slot 7
[2022-12-14 15:36:59] [SEVERE ] placing card 17 in slot 8
[2022-12-14 15:36:59] [SEVERE ] placing card 39 in slot 9
[2022-12-14 15:36:59] [SEVERE ] placing card 71 in slot 10
[2022-12-14 15:36:59] [SEVERE ] placing card 50 in slot 11
[2022-12-14 15:37:00] [SEVERE ] Key 81 was pressed by player 0
[2022-12-14 15:37:00] [SEVERE ] player 0 placing token on slot 0
[2022-12-14 15:37:00] [SEVERE ] Key 87 was pressed by player 0
[2022-12-14 15:37:00] [SEVERE ] player 0 placing token on slot 1
[2022-12-14 15:37:00] [SEVERE ] setting player 0 freeze to -1000
[2022-12-14 15:37:00] [SEVERE ] setting player 1 freeze to -1000
[2022-12-14 15:37:00] [SEVERE ] Key 69 was pressed by player 0
[2022-12-14 15:37:00] [SEVERE ] player 0 placing token on slot 2
[2022-12-14 15:37:01] [SEVERE ] setting player 0 freeze to -2000
[2022-12-14 15:37:01] [SEVERE ] setting player 1 freeze to -2000
[2022-12-14 15:37:01] [SEVERE ] setting player 0 freeze to 3000
[2022-12-14 15:37:05] [SEVERE ] setting player 0 freeze to 2000
[2022-12-14 15:37:05] [SEVERE ] setting player 1 freeze to -3000
[2022-12-14 15:37:06] [SEVERE ] setting player 0 freeze to 1000
[2022-12-14 15:37:06] [SEVERE ] setting player 1 freeze to -4000
[2022-12-14 15:37:07] [SEVERE ] setting player 0 freeze to 0
[2022-12-14 15:37:07] [SEVERE ] setting player 1 freeze to -5000
[2022-12-14 15:37:08] [SEVERE ] setting player 0 freeze to -1000
[2022-12-14 15:37:08] [SEVERE ] setting player 1 freeze to -6000
[2022-12-14 15:37:08] [SEVERE ] Key 81 was pressed by player 0
[2022-12-14 15:37:08] [SEVERE ] removing player 0 token from slot 0
[2022-12-14 15:37:09] [SEVERE ] Key 87 was pressed by player 0
[2022-12-14 15:37:09] [SEVERE ] removing player 0 token from slot 1
[2022-12-14 15:37:09] [SEVERE ] Key 69 was pressed by player 0
[2022-12-14 15:37:09] [SEVERE ] removing player 0 token from slot 2
[2022-12-14 15:37:09] [SEVERE ] setting player 0 freeze to -2000
[2022-12-14 15:37:09] [SEVERE ] setting player 1 freeze to -7000
[2022-12-14 15:37:10] [SEVERE ] Key 81 was pressed by player 0
[2022-12-14 15:37:10] [SEVERE ] player 0 placing token on slot 0
[2022-12-14 15:37:10] [SEVERE ] Key 87 was pressed by player 0
[2022-12-14 15:37:10] [SEVERE ] player 0 placing token on slot 1
[2022-12-14 15:37:10] [SEVERE ] setting player 0 freeze to -3000
[2022-12-14 15:37:10] [SEVERE ] setting player 1 freeze to -8000
[2022-12-14 15:37:10] [SEVERE ] Key 69 was pressed by player 0
[2022-12-14 15:37:10] [SEVERE ] player 0 placing token on slot 2
[2022-12-14 15:37:11] [SEVERE ] setting player 0 freeze to -4000
[2022-12-14 15:37:11] [SEVERE ] setting player 1 freeze to -9000
[2022-12-14 15:37:11] [SEVERE ] setting player 0 freeze to 3000
[2022-12-14 15:37:15] [SEVERE ] setting player 0 freeze to 2000
[2022-12-14 15:37:15] [SEVERE ] setting player 1 freeze to -10000
[2022-12-14 15:37:16] [SEVERE ] setting player 0 freeze to 1000
[2022-12-14 15:37:16] [SEVERE ] setting player 1 freeze to -11000
[2022-12-14 15:37:17] [SEVERE ] setting player 0 freeze to 0
[2022-12-14 15:37:17] [SEVERE ] setting player 1 freeze to -12000
[2022-12-14 15:37:18] [SEVERE ] setting player 0 freeze to -1000
[2022-12-14 15:37:18] [SEVERE ] setting player 1 freeze to -13000
