[2022-12-14 16:14:19] [INFO   ] cannot read configuration file config.properties trying from resources.
[2022-12-14 16:14:19] [INFO   ] configuration file was loaded from resources directory.
[2022-12-14 16:14:20] [INFO   ] Thread dealer starting.
[2022-12-14 16:14:20] [SEVERE ] placing card 50 in slot 0
[2022-12-14 16:14:20] [SEVERE ] placing card 69 in slot 1
[2022-12-14 16:14:20] [SEVERE ] placing card 21 in slot 2
[2022-12-14 16:14:21] [SEVERE ] placing card 22 in slot 3
[2022-12-14 16:14:21] [SEVERE ] placing card 0 in slot 4
[2022-12-14 16:14:21] [SEVERE ] placing card 76 in slot 5
[2022-12-14 16:14:21] [SEVERE ] placing card 29 in slot 6
[2022-12-14 16:14:21] [SEVERE ] placing card 5 in slot 7
[2022-12-14 16:14:21] [SEVERE ] placing card 51 in slot 8
[2022-12-14 16:14:21] [SEVERE ] placing card 55 in slot 9
[2022-12-14 16:14:21] [SEVERE ] placing card 42 in slot 10
[2022-12-14 16:14:21] [SEVERE ] placing card 57 in slot 11
[2022-12-14 16:14:22] [SEVERE ] setting player 0 freeze to -1000
[2022-12-14 16:14:22] [SEVERE ] setting player 1 freeze to -1000
[2022-12-14 16:15:21] [SEVERE ] removing tokens from slot 0
[2022-12-14 16:15:21] [SEVERE ] removing card from slot 0
[2022-12-14 16:15:21] [SEVERE ] removing tokens from slot 1
[2022-12-14 16:15:21] [SEVERE ] removing card from slot 1
[2022-12-14 16:15:21] [SEVERE ] removing tokens from slot 2
[2022-12-14 16:15:21] [SEVERE ] removing card from slot 2
[2022-12-14 16:15:21] [SEVERE ] removing tokens from slot 3
[2022-12-14 16:15:21] [SEVERE ] removing card from slot 3
[2022-12-14 16:15:21] [SEVERE ] removing tokens from slot 4
[2022-12-14 16:15:21] [SEVERE ] removing card from slot 4
[2022-12-14 16:15:22] [SEVERE ] removing tokens from slot 5
[2022-12-14 16:15:22] [SEVERE ] removing card from slot 5
[2022-12-14 16:15:22] [SEVERE ] removing tokens from slot 6
[2022-12-14 16:15:22] [SEVERE ] removing card from slot 6
[2022-12-14 16:15:22] [SEVERE ] removing tokens from slot 7
[2022-12-14 16:15:22] [SEVERE ] removing card from slot 7
[2022-12-14 16:15:22] [SEVERE ] removing tokens from slot 8
[2022-12-14 16:15:22] [SEVERE ] removing card from slot 8
[2022-12-14 16:15:22] [SEVERE ] removing tokens from slot 9
[2022-12-14 16:15:22] [SEVERE ] removing card from slot 9
[2022-12-14 16:15:22] [SEVERE ] removing tokens from slot 10
[2022-12-14 16:15:22] [SEVERE ] removing card from slot 10
[2022-12-14 16:15:22] [SEVERE ] removing tokens from slot 11
[2022-12-14 16:15:22] [SEVERE ] removing card from slot 11
[2022-12-14 16:15:22] [SEVERE ] placing card 68 in slot 0
[2022-12-14 16:15:22] [SEVERE ] placing card 38 in slot 1
[2022-12-14 16:15:23] [SEVERE ] placing card 15 in slot 2
[2022-12-14 16:15:23] [SEVERE ] placing card 44 in slot 3
[2022-12-14 16:15:23] [SEVERE ] placing card 31 in slot 4
[2022-12-14 16:15:23] [SEVERE ] placing card 19 in slot 5
[2022-12-14 16:15:23] [SEVERE ] placing card 41 in slot 6
[2022-12-14 16:15:23] [SEVERE ] placing card 32 in slot 7
[2022-12-14 16:15:23] [SEVERE ] placing card 7 in slot 8
[2022-12-14 16:15:23] [SEVERE ] placing card 65 in slot 9
[2022-12-14 16:15:23] [SEVERE ] placing card 9 in slot 10
[2022-12-14 16:15:23] [SEVERE ] placing card 59 in slot 11
