[2022-12-16 15:10:51] [INFO   ] cannot read configuration file config.properties trying from resources.
[2022-12-16 15:10:51] [INFO   ] configuration file was loaded from resources directory.
[2022-12-16 15:10:52] [INFO   ] Thread dealer starting.
[2022-12-16 15:10:52] [INFO   ] Thread Thread-0starting.
[2022-12-16 15:10:52] [INFO   ] Thread Thread-1starting.
[2022-12-16 15:10:52] [INFO   ] Thread Thread-2starting.
[2022-12-16 15:10:52] [INFO   ] Thread computer-2 starting.
[2022-12-16 15:10:52] [SEVERE ] player 2 placing token on slot 6
[2022-12-16 15:10:52] [SEVERE ] placing card 11 in slot 0
[2022-12-16 15:10:52] [SEVERE ] placing card 65 in slot 1
[2022-12-16 15:10:52] [SEVERE ] placing card 20 in slot 2
[2022-12-16 15:10:52] [SEVERE ] placing card 16 in slot 3
[2022-12-16 15:10:52] [SEVERE ] placing card 29 in slot 4
[2022-12-16 15:10:52] [SEVERE ] placing card 67 in slot 5
[2022-12-16 15:10:52] [SEVERE ] placing card 2 in slot 6
[2022-12-16 15:10:52] [SEVERE ] player 2 placing token on slot 0
[2022-12-16 15:10:52] [SEVERE ] placing card 6 in slot 7
[2022-12-16 15:10:53] [SEVERE ] placing card 44 in slot 8
[2022-12-16 15:10:53] [SEVERE ] placing card 80 in slot 9
[2022-12-16 15:10:53] [SEVERE ] placing card 64 in slot 10
[2022-12-16 15:10:53] [SEVERE ] placing card 4 in slot 11
[2022-12-16 15:10:53] [SEVERE ] player 2 placing token on slot 3
[2022-12-16 15:10:53] [SEVERE ] setting player 2 freeze to 3000
[2022-12-16 15:10:54] [SEVERE ] setting player 2 freeze to 2000
[2022-12-16 15:10:54] [SEVERE ] Exit button pressed
[2022-12-16 15:10:54] [INFO   ] Thanks for playing... it was fun!
