[2022-12-16 16:39:14] [INFO   ] cannot read configuration file config.properties trying from resources.
[2022-12-16 16:39:14] [INFO   ] configuration file was loaded from resources directory.
[2022-12-16 16:39:15] [INFO   ] Thread dealer starting.
[2022-12-16 16:39:15] [INFO   ] Thread Thread-1starting.
[2022-12-16 16:39:15] [INFO   ] Thread Thread-0starting.
[2022-12-16 16:39:15] [INFO   ] Thread Thread-2starting.
[2022-12-16 16:39:15] [INFO   ] Thread Thread-3starting.
[2022-12-16 16:39:15] [INFO   ] Thread computer-2 starting.
[2022-12-16 16:39:15] [INFO   ] Thread computer-3 starting.
[2022-12-16 16:39:15] [SEVERE ] placing card 34 in slot 0
[2022-12-16 16:39:15] [SEVERE ] placing card 4 in slot 1
[2022-12-16 16:39:15] [SEVERE ] Key 70 was pressed by player 0
[2022-12-16 16:39:15] [SEVERE ] placing card 33 in slot 2
[2022-12-16 16:39:15] [SEVERE ] placing card 9 in slot 3
[2022-12-16 16:39:15] [SEVERE ] Key 70 was pressed by player 0
[2022-12-16 16:39:16] [SEVERE ] placing card 28 in slot 4
[2022-12-16 16:39:16] [SEVERE ] Key 70 was pressed by player 0
[2022-12-16 16:39:16] [SEVERE ] placing card 6 in slot 5
[2022-12-16 16:39:16] [SEVERE ] Key 70 was pressed by player 0
[2022-12-16 16:39:16] [SEVERE ] placing card 74 in slot 6
[2022-12-16 16:39:16] [SEVERE ] placing card 65 in slot 7
[2022-12-16 16:39:17] [SEVERE ] placing card 66 in slot 8
[2022-12-16 16:39:17] [SEVERE ] placing card 76 in slot 9
[2022-12-16 16:39:17] [SEVERE ] placing card 24 in slot 10
[2022-12-16 16:39:17] [SEVERE ] Key 68 was pressed by player 0
[2022-12-16 16:39:17] [SEVERE ] placing card 67 in slot 11
[2022-12-16 16:39:17] [SEVERE ] Key 83 was pressed by player 0
[2022-12-16 16:39:17] [SEVERE ] player 0 placing token on slot 5
[2022-12-16 16:39:17] [SEVERE ] Key 65 was pressed by player 0
[2022-12-16 16:39:17] [SEVERE ] player 0 placing token on slot 4
[2022-12-16 16:39:18] [SEVERE ] Key 87 was pressed by player 0
[2022-12-16 16:39:18] [SEVERE ] player 0 placing token on slot 1
[2022-12-16 16:39:18] [SEVERE ] setting player 0 freeze to 3000
[2022-12-16 16:39:18] [SEVERE ] player 3 placing token on slot 4
[2022-12-16 16:39:18] [SEVERE ] player 2 placing token on slot 7
[2022-12-16 16:39:18] [SEVERE ] Key 68 was pressed by player 0
[2022-12-16 16:39:18] [SEVERE ] setting player 0 freeze to 2000
[2022-12-16 16:39:18] [SEVERE ] Key 83 was pressed by player 0
[2022-12-16 16:39:19] [SEVERE ] player 3 placing token on slot 8
[2022-12-16 16:39:19] [SEVERE ] player 2 placing token on slot 5
[2022-12-16 16:39:19] [SEVERE ] Key 70 was pressed by player 0
[2022-12-16 16:39:19] [SEVERE ] setting player 0 freeze to 1000
[2022-12-16 16:39:19] [SEVERE ] Key 65 was pressed by player 0
[2022-12-16 16:39:19] [SEVERE ] player 3 placing token on slot 11
[2022-12-16 16:39:19] [SEVERE ] player 2 placing token on slot 3
[2022-12-16 16:39:19] [SEVERE ] setting player 3 freeze to 3000
[2022-12-16 16:39:19] [SEVERE ] setting player 2 freeze to 3000
[2022-12-16 16:39:20] [SEVERE ] Key 68 was pressed by player 0
[2022-12-16 16:39:20] [SEVERE ] Key 65 was pressed by player 0
[2022-12-16 16:39:20] [SEVERE ] setting player 0 freeze to 0
[2022-12-16 16:39:20] [SEVERE ] setting player 2 freeze to 2000
[2022-12-16 16:39:20] [SEVERE ] setting player 3 freeze to 2000
[2022-12-16 16:39:21] [SEVERE ] setting player 0 freeze to 0
[2022-12-16 16:39:21] [SEVERE ] removing player 0 token from slot 5
[2022-12-16 16:39:21] [SEVERE ] player 0 placing token on slot 7
[2022-12-16 16:39:21] [SEVERE ] setting player 0 freeze to 3000
[2022-12-16 16:39:21] [SEVERE ] Key 68 was pressed by player 0
[2022-12-16 16:39:21] [SEVERE ] Key 65 was pressed by player 0
[2022-12-16 16:39:21] [SEVERE ] setting player 0 freeze to 2000
[2022-12-16 16:39:21] [SEVERE ] setting player 2 freeze to 1000
[2022-12-16 16:39:21] [SEVERE ] setting player 3 freeze to 1000
[2022-12-16 16:39:21] [SEVERE ] Key 68 was pressed by player 0
[2022-12-16 16:39:21] [SEVERE ] Key 83 was pressed by player 0
[2022-12-16 16:39:22] [SEVERE ] Key 68 was pressed by player 0
[2022-12-16 16:39:22] [SEVERE ] setting player 0 freeze to 1000
[2022-12-16 16:39:22] [SEVERE ] setting player 2 freeze to 0
[2022-12-16 16:39:22] [SEVERE ] setting player 3 freeze to 0
[2022-12-16 16:39:22] [SEVERE ] setting player 2 freeze to 0
[2022-12-16 16:39:22] [SEVERE ] setting player 3 freeze to 0
[2022-12-16 16:39:22] [SEVERE ] removing player 2 token from slot 3
[2022-12-16 16:39:22] [SEVERE ] removing player 3 token from slot 8
[2022-12-16 16:39:22] [SEVERE ] player 2 placing token on slot 3
[2022-12-16 16:39:22] [SEVERE ] setting player 2 freeze to 3000
[2022-12-16 16:39:22] [SEVERE ] player 3 placing token on slot 3
[2022-12-16 16:39:22] [SEVERE ] setting player 3 freeze to 3000
[2022-12-16 16:39:23] [SEVERE ] Exit button pressed
[2022-12-16 16:39:23] [SEVERE ] setting player 0 freeze to 0
[2022-12-16 16:39:23] [SEVERE ] setting player 2 freeze to 2000
[2022-12-16 16:39:23] [SEVERE ] setting player 3 freeze to 2000
[2022-12-16 16:39:23] [SEVERE ] removing tokens from slot 0
[2022-12-16 16:39:23] [SEVERE ] removing card from slot 0
[2022-12-16 16:39:24] [SEVERE ] setting player 0 freeze to 0
[2022-12-16 16:39:24] [SEVERE ] removing tokens from slot 1
[2022-12-16 16:39:24] [SEVERE ] removing card from slot 1
[2022-12-16 16:39:24] [SEVERE ] removing tokens from slot 2
[2022-12-16 16:39:24] [SEVERE ] removing card from slot 2
[2022-12-16 16:39:24] [SEVERE ] removing tokens from slot 3
[2022-12-16 16:39:24] [SEVERE ] removing card from slot 3
[2022-12-16 16:39:24] [SEVERE ] removing tokens from slot 4
[2022-12-16 16:39:24] [SEVERE ] removing card from slot 4
[2022-12-16 16:39:24] [SEVERE ] removing tokens from slot 5
[2022-12-16 16:39:24] [SEVERE ] removing card from slot 5
[2022-12-16 16:39:25] [SEVERE ] removing tokens from slot 6
[2022-12-16 16:39:25] [SEVERE ] removing card from slot 6
[2022-12-16 16:39:25] [SEVERE ] removing tokens from slot 7
[2022-12-16 16:39:25] [SEVERE ] removing card from slot 7
[2022-12-16 16:39:25] [SEVERE ] removing tokens from slot 8
[2022-12-16 16:39:25] [SEVERE ] removing card from slot 8
[2022-12-16 16:39:25] [SEVERE ] removing tokens from slot 9
[2022-12-16 16:39:25] [SEVERE ] removing card from slot 9
[2022-12-16 16:39:25] [SEVERE ] setting player 2 freeze to 0
[2022-12-16 16:39:25] [SEVERE ] setting player 3 freeze to 0
[2022-12-16 16:39:26] [SEVERE ] removing tokens from slot 10
[2022-12-16 16:39:26] [SEVERE ] removing card from slot 10
[2022-12-16 16:39:26] [SEVERE ] removing tokens from slot 11
[2022-12-16 16:39:26] [SEVERE ] removing card from slot 11
[2022-12-16 16:39:26] [INFO   ] Thread Thread-0 terminated.
[2022-12-16 16:39:26] [INFO   ] Thread Thread-1 terminated.
[2022-12-16 16:39:26] [SEVERE ] announcing winners: [0, 1, 2, 3]
[2022-12-16 16:39:26] [INFO   ] Thread dealer terminated.
[2022-12-16 16:39:26] [INFO   ] Thread main terminated.
