[2022-12-16 11:51:59] [INFO   ] cannot read configuration file config.properties trying from resources.
[2022-12-16 11:51:59] [INFO   ] configuration file was loaded from resources directory.
[2022-12-16 11:51:59] [INFO   ] Thread dealer starting.
[2022-12-16 11:51:59] [INFO   ] Thread Thread-0starting.
[2022-12-16 11:51:59] [INFO   ] Thread Thread-1starting.
[2022-12-16 11:51:59] [SEVERE ] placing card 49 in slot 0
[2022-12-16 11:51:59] [SEVERE ] placing card 66 in slot 1
[2022-12-16 11:51:59] [SEVERE ] placing card 69 in slot 2
[2022-12-16 11:51:59] [SEVERE ] placing card 56 in slot 3
[2022-12-16 11:52:00] [SEVERE ] placing card 65 in slot 4
[2022-12-16 11:52:00] [SEVERE ] placing card 43 in slot 5
[2022-12-16 11:52:00] [SEVERE ] placing card 51 in slot 6
[2022-12-16 11:52:00] [SEVERE ] placing card 59 in slot 7
[2022-12-16 11:52:00] [SEVERE ] placing card 50 in slot 8
[2022-12-16 11:52:00] [SEVERE ] placing card 27 in slot 9
[2022-12-16 11:52:00] [SEVERE ] placing card 80 in slot 10
[2022-12-16 11:52:00] [SEVERE ] placing card 9 in slot 11
[2022-12-16 11:52:03] [SEVERE ] Key 81 was pressed by player 0
[2022-12-16 11:52:03] [SEVERE ] Key 87 was pressed by player 0
[2022-12-16 11:52:03] [SEVERE ] player 0 placing token on slot 0
[2022-12-16 11:52:03] [SEVERE ] player 0 placing token on slot 1
[2022-12-16 11:52:05] [SEVERE ] Key 69 was pressed by player 0
[2022-12-16 11:52:05] [SEVERE ] player 0 placing token on slot 2
[2022-12-16 11:52:05] [SEVERE ] setting player 0 freeze to 3000
[2022-12-16 11:52:06] [SEVERE ] setting player 0 freeze to 2000
[2022-12-16 11:52:07] [SEVERE ] setting player 0 freeze to 1000
[2022-12-16 11:52:09] [SEVERE ] Key 81 was pressed by player 0
[2022-12-16 11:52:09] [SEVERE ] removing player 0 token from slot 0
[2022-12-16 11:52:10] [SEVERE ] Key 87 was pressed by player 0
[2022-12-16 11:52:11] [SEVERE ] removing player 0 token from slot 1
[2022-12-16 11:52:12] [SEVERE ] Key 69 was pressed by player 0
[2022-12-16 11:52:12] [SEVERE ] removing player 0 token from slot 2
