[2022-12-16 16:04:44] [INFO   ] cannot read configuration file config.properties trying from resources.
[2022-12-16 16:04:44] [INFO   ] configuration file was loaded from resources directory.
[2022-12-16 16:04:45] [INFO   ] Thread dealer starting.
[2022-12-16 16:04:45] [INFO   ] Thread Thread-0starting.
[2022-12-16 16:04:45] [INFO   ] Thread Thread-3starting.
[2022-12-16 16:04:45] [INFO   ] Thread Thread-2starting.
[2022-12-16 16:04:45] [INFO   ] Thread Thread-1starting.
[2022-12-16 16:04:45] [INFO   ] Thread computer-3 starting.
[2022-12-16 16:04:45] [SEVERE ] player 3 placing token on slot 10
[2022-12-16 16:04:45] [INFO   ] Thread computer-2 starting.
[2022-12-16 16:04:45] [SEVERE ] player 2 placing token on slot 3
[2022-12-16 16:04:45] [SEVERE ] placing card 6 in slot 0
[2022-12-16 16:04:45] [SEVERE ] placing card 4 in slot 1
[2022-12-16 16:04:45] [SEVERE ] placing card 75 in slot 2
[2022-12-16 16:04:45] [SEVERE ] placing card 72 in slot 3
[2022-12-16 16:04:45] [SEVERE ] placing card 46 in slot 4
[2022-12-16 16:04:46] [SEVERE ] placing card 5 in slot 5
[2022-12-16 16:04:46] [SEVERE ] player 3 placing token on slot 4
[2022-12-16 16:04:46] [SEVERE ] removing player 2 token from slot 3
[2022-12-16 16:04:46] [SEVERE ] placing card 30 in slot 6
[2022-12-16 16:04:46] [SEVERE ] placing card 76 in slot 7
[2022-12-16 16:04:46] [SEVERE ] placing card 47 in slot 8
[2022-12-16 16:04:46] [SEVERE ] placing card 14 in slot 9
[2022-12-16 16:04:46] [SEVERE ] placing card 22 in slot 10
[2022-12-16 16:04:46] [SEVERE ] placing card 44 in slot 11
[2022-12-16 16:04:46] [SEVERE ] player 2 placing token on slot 5
[2022-12-16 16:04:46] [SEVERE ] player 3 placing token on slot 7
[2022-12-16 16:04:46] [SEVERE ] setting player 3 freeze to 3000
[2022-12-16 16:04:47] [SEVERE ] player 2 placing token on slot 9
[2022-12-16 16:04:47] [SEVERE ] setting player 3 freeze to 2000
[2022-12-16 16:04:48] [SEVERE ] player 2 placing token on slot 2
[2022-12-16 16:04:48] [SEVERE ] setting player 2 freeze to 3000
[2022-12-16 16:04:48] [SEVERE ] setting player 2 freeze to 2000
[2022-12-16 16:04:48] [SEVERE ] setting player 3 freeze to 1000
[2022-12-16 16:04:49] [SEVERE ] setting player 2 freeze to 1000
[2022-12-16 16:04:49] [SEVERE ] setting player 3 freeze to 0
[2022-12-16 16:04:49] [SEVERE ] setting player 3 freeze to 0
[2022-12-16 16:04:50] [SEVERE ] setting player 2 freeze to 0
[2022-12-16 16:04:50] [SEVERE ] removing player 3 token from slot 4
[2022-12-16 16:04:51] [SEVERE ] setting player 2 freeze to 0
[2022-12-16 16:04:51] [SEVERE ] removing player 2 token from slot 5
[2022-12-16 16:04:51] [SEVERE ] player 2 placing token on slot 11
[2022-12-16 16:04:51] [SEVERE ] setting player 2 freeze to 3000
[2022-12-16 16:04:51] [SEVERE ] player 3 placing token on slot 1
[2022-12-16 16:04:51] [SEVERE ] setting player 3 freeze to 3000
[2022-12-16 16:04:51] [SEVERE ] setting player 2 freeze to 2000
[2022-12-16 16:04:51] [SEVERE ] setting player 3 freeze to 2000
[2022-12-16 16:04:52] [SEVERE ] setting player 2 freeze to 1000
[2022-12-16 16:04:52] [SEVERE ] setting player 3 freeze to 1000
[2022-12-16 16:04:53] [SEVERE ] setting player 2 freeze to 0
[2022-12-16 16:04:53] [SEVERE ] setting player 3 freeze to 0
[2022-12-16 16:04:54] [SEVERE ] setting player 2 freeze to 0
[2022-12-16 16:04:54] [SEVERE ] removing player 2 token from slot 11
[2022-12-16 16:04:54] [SEVERE ] player 2 placing token on slot 11
[2022-12-16 16:04:54] [SEVERE ] setting player 2 freeze to 3000
[2022-12-16 16:04:54] [SEVERE ] setting player 3 freeze to 0
[2022-12-16 16:04:54] [SEVERE ] removing player 3 token from slot 10
[2022-12-16 16:04:54] [SEVERE ] player 3 placing token on slot 8
[2022-12-16 16:04:54] [SEVERE ] setting player 3 freeze to 3000
[2022-12-16 16:04:54] [SEVERE ] setting player 2 freeze to 2000
[2022-12-16 16:04:54] [SEVERE ] setting player 3 freeze to 2000
[2022-12-16 16:04:55] [SEVERE ] setting player 2 freeze to 1000
[2022-12-16 16:04:55] [SEVERE ] setting player 3 freeze to 1000
[2022-12-16 16:04:56] [SEVERE ] setting player 2 freeze to 0
[2022-12-16 16:04:56] [SEVERE ] setting player 3 freeze to 0
[2022-12-16 16:04:57] [SEVERE ] setting player 2 freeze to 0
[2022-12-16 16:04:57] [SEVERE ] removing player 2 token from slot 11
[2022-12-16 16:04:57] [SEVERE ] player 2 placing token on slot 7
[2022-12-16 16:04:57] [SEVERE ] setting player 2 freeze to 3000
[2022-12-16 16:04:57] [SEVERE ] setting player 3 freeze to 0
[2022-12-16 16:04:57] [SEVERE ] removing player 3 token from slot 7
[2022-12-16 16:04:57] [SEVERE ] player 3 placing token on slot 2
[2022-12-16 16:04:57] [SEVERE ] setting player 3 freeze to 3000
[2022-12-16 16:04:57] [SEVERE ] setting player 2 freeze to 2000
[2022-12-16 16:04:57] [SEVERE ] setting player 3 freeze to 2000
[2022-12-16 16:04:58] [SEVERE ] setting player 2 freeze to 1000
[2022-12-16 16:04:58] [SEVERE ] setting player 3 freeze to 1000
[2022-12-16 16:04:59] [SEVERE ] setting player 2 freeze to 0
[2022-12-16 16:04:59] [SEVERE ] setting player 3 freeze to 0
[2022-12-16 16:05:00] [SEVERE ] setting player 2 freeze to 0
[2022-12-16 16:05:00] [SEVERE ] removing player 2 token from slot 9
[2022-12-16 16:05:00] [SEVERE ] player 2 placing token on slot 0
[2022-12-16 16:05:00] [SEVERE ] setting player 2 freeze to 3000
[2022-12-16 16:05:00] [SEVERE ] setting player 3 freeze to 0
[2022-12-16 16:05:00] [SEVERE ] removing player 3 token from slot 8
[2022-12-16 16:05:00] [SEVERE ] player 3 placing token on slot 7
[2022-12-16 16:05:00] [SEVERE ] removing player 3 token from slot 1
[2022-12-16 16:05:00] [SEVERE ] player 3 placing token on slot 11
[2022-12-16 16:05:00] [SEVERE ] setting player 3 freeze to 3000
[2022-12-16 16:05:00] [SEVERE ] setting player 2 freeze to 2000
[2022-12-16 16:05:00] [SEVERE ] setting player 3 freeze to 2000
[2022-12-16 16:05:01] [SEVERE ] setting player 2 freeze to 1000
[2022-12-16 16:05:01] [SEVERE ] setting player 3 freeze to 1000
[2022-12-16 16:05:02] [SEVERE ] setting player 2 freeze to 0
[2022-12-16 16:05:02] [SEVERE ] setting player 3 freeze to 0
[2022-12-16 16:05:03] [SEVERE ] setting player 2 freeze to 0
[2022-12-16 16:05:03] [SEVERE ] removing player 2 token from slot 7
[2022-12-16 16:05:03] [SEVERE ] setting player 3 freeze to 0
[2022-12-16 16:05:03] [SEVERE ] removing player 3 token from slot 11
[2022-12-16 16:05:03] [SEVERE ] player 3 placing token on slot 5
[2022-12-16 16:05:03] [SEVERE ] setting player 3 freeze to 3000
[2022-12-16 16:05:03] [SEVERE ] player 2 placing token on slot 7
[2022-12-16 16:05:03] [SEVERE ] setting player 2 freeze to 3000
[2022-12-16 16:05:03] [SEVERE ] setting player 2 freeze to 2000
[2022-12-16 16:05:03] [SEVERE ] setting player 3 freeze to 2000
[2022-12-16 16:05:04] [SEVERE ] Exit button pressed
[2022-12-16 16:05:04] [SEVERE ] setting player 2 freeze to 1000
[2022-12-16 16:05:04] [SEVERE ] setting player 3 freeze to 1000
[2022-12-16 16:05:04] [SEVERE ] removing tokens from slot 0
[2022-12-16 16:05:04] [SEVERE ] removing card from slot 0
[2022-12-16 16:05:05] [SEVERE ] removing tokens from slot 1
[2022-12-16 16:05:05] [SEVERE ] removing card from slot 1
[2022-12-16 16:05:05] [SEVERE ] removing tokens from slot 2
[2022-12-16 16:05:05] [SEVERE ] removing card from slot 2
[2022-12-16 16:05:05] [SEVERE ] removing tokens from slot 3
[2022-12-16 16:05:05] [SEVERE ] removing card from slot 3
[2022-12-16 16:05:05] [SEVERE ] removing tokens from slot 4
[2022-12-16 16:05:05] [SEVERE ] removing card from slot 4
[2022-12-16 16:05:05] [SEVERE ] removing tokens from slot 5
[2022-12-16 16:05:05] [SEVERE ] removing card from slot 5
[2022-12-16 16:05:05] [SEVERE ] removing tokens from slot 6
[2022-12-16 16:05:05] [SEVERE ] removing card from slot 6
[2022-12-16 16:05:05] [SEVERE ] removing tokens from slot 7
[2022-12-16 16:05:05] [SEVERE ] removing card from slot 7
[2022-12-16 16:05:05] [SEVERE ] removing tokens from slot 8
[2022-12-16 16:05:05] [SEVERE ] removing card from slot 8
[2022-12-16 16:05:05] [SEVERE ] removing tokens from slot 9
[2022-12-16 16:05:05] [SEVERE ] removing card from slot 9
[2022-12-16 16:05:05] [SEVERE ] removing tokens from slot 10
[2022-12-16 16:05:05] [SEVERE ] removing card from slot 10
[2022-12-16 16:05:06] [SEVERE ] removing tokens from slot 11
[2022-12-16 16:05:06] [SEVERE ] removing card from slot 11
[2022-12-16 16:05:06] [INFO   ] Thread Thread-0 terminated.
[2022-12-16 16:05:06] [INFO   ] Thread Thread-1 terminated.
[2022-12-16 16:05:06] [INFO   ] Thread main terminated.
