[2022-12-16 13:15:19] [INFO   ] cannot read configuration file config.properties trying from resources.
[2022-12-16 13:15:19] [INFO   ] configuration file was loaded from resources directory.
[2022-12-16 13:15:20] [INFO   ] Thread dealer starting.
[2022-12-16 13:15:20] [INFO   ] Thread Thread-1starting.
[2022-12-16 13:15:20] [INFO   ] Thread Thread-0starting.
[2022-12-16 13:15:21] [SEVERE ] placing card 79 in slot 0
[2022-12-16 13:15:21] [SEVERE ] placing card 5 in slot 1
[2022-12-16 13:15:21] [SEVERE ] placing card 74 in slot 2
[2022-12-16 13:15:21] [SEVERE ] placing card 9 in slot 3
[2022-12-16 13:15:21] [SEVERE ] placing card 68 in slot 4
[2022-12-16 13:15:21] [SEVERE ] placing card 80 in slot 5
[2022-12-16 13:15:21] [SEVERE ] placing card 3 in slot 6
[2022-12-16 13:15:21] [SEVERE ] placing card 20 in slot 7
[2022-12-16 13:15:21] [SEVERE ] placing card 34 in slot 8
[2022-12-16 13:15:21] [SEVERE ] placing card 0 in slot 9
[2022-12-16 13:15:22] [SEVERE ] placing card 11 in slot 10
[2022-12-16 13:15:22] [SEVERE ] placing card 56 in slot 11
[2022-12-16 13:15:24] [SEVERE ] Key 81 was pressed by player 0
[2022-12-16 13:15:24] [SEVERE ] player 0 placing token on slot 0
[2022-12-16 13:15:24] [SEVERE ] Key 87 was pressed by player 0
[2022-12-16 13:15:24] [SEVERE ] player 0 placing token on slot 1
[2022-12-16 13:15:24] [SEVERE ] Key 69 was pressed by player 0
[2022-12-16 13:15:24] [SEVERE ] player 0 placing token on slot 2
[2022-12-16 13:15:24] [SEVERE ] Key 81 was pressed by player 0
[2022-12-16 13:15:24] [SEVERE ] removing player 0 token from slot 0
[2022-12-16 13:15:24] [SEVERE ] Key 87 was pressed by player 0
[2022-12-16 13:15:24] [SEVERE ] removing player 0 token from slot 1
[2022-12-16 13:15:24] [SEVERE ] Key 69 was pressed by player 0
[2022-12-16 13:15:24] [SEVERE ] removing player 0 token from slot 2
[2022-12-16 13:15:25] [SEVERE ] setting player 0 freeze to 3000
[2022-12-16 13:15:25] [SEVERE ] Key 81 was pressed by player 0
[2022-12-16 13:15:25] [SEVERE ] Key 87 was pressed by player 0
[2022-12-16 13:15:25] [SEVERE ] Key 69 was pressed by player 0
[2022-12-16 13:15:26] [SEVERE ] setting player 0 freeze to 2000
[2022-12-16 13:15:27] [SEVERE ] setting player 0 freeze to 1000
[2022-12-16 13:15:28] [SEVERE ] setting player 0 freeze to 0
[2022-12-16 13:15:28] [SEVERE ] player 0 placing token on slot 0
[2022-12-16 13:15:28] [SEVERE ] player 0 placing token on slot 1
[2022-12-16 13:15:28] [SEVERE ] player 0 placing token on slot 2
[2022-12-16 13:15:28] [SEVERE ] setting player 0 freeze to 3000
[2022-12-16 13:15:29] [SEVERE ] setting player 0 freeze to 2000
[2022-12-16 13:15:30] [SEVERE ] Key 81 was pressed by player 0
[2022-12-16 13:15:30] [SEVERE ] Key 87 was pressed by player 0
[2022-12-16 13:15:30] [SEVERE ] Key 69 was pressed by player 0
[2022-12-16 13:15:30] [SEVERE ] setting player 0 freeze to 1000
[2022-12-16 13:15:30] [SEVERE ] Key 81 was pressed by player 0
[2022-12-16 13:15:30] [SEVERE ] Key 87 was pressed by player 0
[2022-12-16 13:15:30] [SEVERE ] Key 69 was pressed by player 0
[2022-12-16 13:15:31] [SEVERE ] setting player 0 freeze to 0
[2022-12-16 13:15:31] [SEVERE ] removing player 0 token from slot 0
[2022-12-16 13:15:31] [SEVERE ] removing player 0 token from slot 1
[2022-12-16 13:15:31] [SEVERE ] removing player 0 token from slot 2
[2022-12-16 13:15:32] [SEVERE ] Key 81 was pressed by player 0
[2022-12-16 13:15:32] [SEVERE ] player 0 placing token on slot 0
[2022-12-16 13:15:32] [SEVERE ] Key 87 was pressed by player 0
[2022-12-16 13:15:32] [SEVERE ] player 0 placing token on slot 1
[2022-12-16 13:15:32] [SEVERE ] Key 69 was pressed by player 0
[2022-12-16 13:15:32] [SEVERE ] player 0 placing token on slot 2
[2022-12-16 13:15:33] [SEVERE ] setting player 0 freeze to 3000
[2022-12-16 13:15:34] [SEVERE ] setting player 0 freeze to 2000
[2022-12-16 13:15:34] [SEVERE ] Key 81 was pressed by player 0
[2022-12-16 13:15:34] [SEVERE ] Key 87 was pressed by player 0
[2022-12-16 13:15:34] [SEVERE ] Key 69 was pressed by player 0
[2022-12-16 13:15:35] [SEVERE ] Key 81 was pressed by player 0
[2022-12-16 13:15:35] [SEVERE ] setting player 0 freeze to 1000
[2022-12-16 13:15:35] [SEVERE ] Key 87 was pressed by player 0
[2022-12-16 13:15:35] [SEVERE ] Key 69 was pressed by player 0
[2022-12-16 13:15:36] [SEVERE ] setting player 0 freeze to 0
[2022-12-16 13:15:36] [SEVERE ] removing player 0 token from slot 0
[2022-12-16 13:15:36] [SEVERE ] removing player 0 token from slot 1
[2022-12-16 13:15:36] [SEVERE ] removing player 0 token from slot 2
[2022-12-16 13:15:36] [SEVERE ] Key 81 was pressed by player 0
[2022-12-16 13:15:36] [SEVERE ] player 0 placing token on slot 0
[2022-12-16 13:15:36] [SEVERE ] Key 87 was pressed by player 0
[2022-12-16 13:15:36] [SEVERE ] player 0 placing token on slot 1
[2022-12-16 13:15:36] [SEVERE ] Key 69 was pressed by player 0
[2022-12-16 13:15:36] [SEVERE ] player 0 placing token on slot 2
[2022-12-16 13:15:37] [SEVERE ] setting player 0 freeze to 3000
[2022-12-16 13:15:38] [SEVERE ] setting player 0 freeze to 2000
[2022-12-16 13:15:39] [SEVERE ] setting player 0 freeze to 1000
[2022-12-16 13:15:40] [SEVERE ] setting player 0 freeze to 0
[2022-12-16 13:15:40] [SEVERE ] Key 81 was pressed by player 0
[2022-12-16 13:15:40] [SEVERE ] removing player 0 token from slot 0
[2022-12-16 13:15:40] [SEVERE ] Key 87 was pressed by player 0
[2022-12-16 13:15:40] [SEVERE ] removing player 0 token from slot 1
[2022-12-16 13:15:40] [SEVERE ] Key 69 was pressed by player 0
[2022-12-16 13:15:40] [SEVERE ] removing player 0 token from slot 2
[2022-12-16 13:15:41] [SEVERE ] Key 81 was pressed by player 0
[2022-12-16 13:15:41] [SEVERE ] player 0 placing token on slot 0
[2022-12-16 13:15:41] [SEVERE ] Key 87 was pressed by player 0
[2022-12-16 13:15:41] [SEVERE ] player 0 placing token on slot 1
[2022-12-16 13:15:41] [SEVERE ] Key 69 was pressed by player 0
[2022-12-16 13:15:41] [SEVERE ] player 0 placing token on slot 2
[2022-12-16 13:15:41] [SEVERE ] setting player 0 freeze to 3000
[2022-12-16 13:15:42] [SEVERE ] setting player 0 freeze to 2000
[2022-12-16 13:15:43] [SEVERE ] setting player 0 freeze to 1000
[2022-12-16 13:15:44] [SEVERE ] Key 81 was pressed by player 0
[2022-12-16 13:15:44] [SEVERE ] setting player 0 freeze to 0
[2022-12-16 13:15:44] [SEVERE ] removing player 0 token from slot 0
[2022-12-16 13:15:44] [SEVERE ] Key 69 was pressed by player 0
[2022-12-16 13:15:44] [SEVERE ] removing player 0 token from slot 2
[2022-12-16 13:15:44] [SEVERE ] Key 87 was pressed by player 0
[2022-12-16 13:15:44] [SEVERE ] removing player 0 token from slot 1
[2022-12-16 13:15:44] [SEVERE ] Key 81 was pressed by player 0
[2022-12-16 13:15:44] [SEVERE ] player 0 placing token on slot 0
[2022-12-16 13:15:44] [SEVERE ] Key 69 was pressed by player 0
[2022-12-16 13:15:44] [SEVERE ] player 0 placing token on slot 2
[2022-12-16 13:15:44] [SEVERE ] Key 87 was pressed by player 0
[2022-12-16 13:15:44] [SEVERE ] player 0 placing token on slot 1
[2022-12-16 13:15:44] [SEVERE ] Key 81 was pressed by player 0
[2022-12-16 13:15:44] [SEVERE ] removing player 0 token from slot 0
[2022-12-16 13:15:44] [SEVERE ] Key 69 was pressed by player 0
[2022-12-16 13:15:44] [SEVERE ] removing player 0 token from slot 2
[2022-12-16 13:15:44] [SEVERE ] Key 87 was pressed by player 0
[2022-12-16 13:15:44] [SEVERE ] removing player 0 token from slot 1
[2022-12-16 13:15:44] [SEVERE ] Key 87 was pressed by player 0
[2022-12-16 13:15:44] [SEVERE ] player 0 placing token on slot 1
[2022-12-16 13:15:44] [SEVERE ] Key 81 was pressed by player 0
[2022-12-16 13:15:44] [SEVERE ] player 0 placing token on slot 0
[2022-12-16 13:15:45] [SEVERE ] Key 69 was pressed by player 0
[2022-12-16 13:15:45] [SEVERE ] player 0 placing token on slot 2
[2022-12-16 13:15:45] [SEVERE ] Key 87 was pressed by player 0
[2022-12-16 13:15:45] [SEVERE ] removing player 0 token from slot 1
[2022-12-16 13:15:45] [SEVERE ] Key 81 was pressed by player 0
[2022-12-16 13:15:45] [SEVERE ] removing player 0 token from slot 0
[2022-12-16 13:15:45] [SEVERE ] Key 69 was pressed by player 0
[2022-12-16 13:15:45] [SEVERE ] removing player 0 token from slot 2
[2022-12-16 13:15:45] [SEVERE ] setting player 0 freeze to 3000
[2022-12-16 13:15:45] [SEVERE ] Key 87 was pressed by player 0
[2022-12-16 13:15:45] [SEVERE ] Key 81 was pressed by player 0
[2022-12-16 13:15:45] [SEVERE ] Key 69 was pressed by player 0
[2022-12-16 13:15:45] [SEVERE ] Key 87 was pressed by player 0
[2022-12-16 13:15:45] [SEVERE ] Key 81 was pressed by player 0
[2022-12-16 13:15:45] [SEVERE ] Key 69 was pressed by player 0
[2022-12-16 13:15:45] [SEVERE ] Key 81 was pressed by player 0
[2022-12-16 13:15:46] [SEVERE ] Key 69 was pressed by player 0
[2022-12-16 13:15:46] [SEVERE ] Key 87 was pressed by player 0
[2022-12-16 13:15:46] [SEVERE ] Key 81 was pressed by player 0
[2022-12-16 13:15:46] [SEVERE ] Key 87 was pressed by player 0
[2022-12-16 13:15:46] [SEVERE ] Key 69 was pressed by player 0
[2022-12-16 13:15:46] [SEVERE ] setting player 0 freeze to 2000
[2022-12-16 13:15:47] [SEVERE ] setting player 0 freeze to 1000
[2022-12-16 13:15:48] [SEVERE ] setting player 0 freeze to 0
[2022-12-16 13:15:48] [SEVERE ] player 0 placing token on slot 1
[2022-12-16 13:15:48] [SEVERE ] player 0 placing token on slot 0
[2022-12-16 13:15:48] [SEVERE ] player 0 placing token on slot 2
[2022-12-16 13:15:48] [SEVERE ] Key 81 was pressed by player 0
[2022-12-16 13:15:48] [SEVERE ] removing player 0 token from slot 0
[2022-12-16 13:15:48] [SEVERE ] Key 87 was pressed by player 0
[2022-12-16 13:15:48] [SEVERE ] removing player 0 token from slot 1
[2022-12-16 13:15:48] [SEVERE ] Key 69 was pressed by player 0
[2022-12-16 13:15:48] [SEVERE ] removing player 0 token from slot 2
[2022-12-16 13:15:49] [SEVERE ] Key 81 was pressed by player 0
[2022-12-16 13:15:49] [SEVERE ] player 0 placing token on slot 0
[2022-12-16 13:15:49] [SEVERE ] Key 69 was pressed by player 0
[2022-12-16 13:15:49] [SEVERE ] player 0 placing token on slot 2
[2022-12-16 13:15:49] [SEVERE ] Key 81 was pressed by player 0
[2022-12-16 13:15:49] [SEVERE ] removing player 0 token from slot 0
[2022-12-16 13:15:49] [SEVERE ] Key 87 was pressed by player 0
[2022-12-16 13:15:49] [SEVERE ] player 0 placing token on slot 1
[2022-12-16 13:15:49] [SEVERE ] Key 69 was pressed by player 0
[2022-12-16 13:15:49] [SEVERE ] removing player 0 token from slot 2
[2022-12-16 13:15:49] [SEVERE ] setting player 0 freeze to 3000
[2022-12-16 13:15:50] [SEVERE ] setting player 0 freeze to 2000
[2022-12-16 13:15:51] [SEVERE ] setting player 0 freeze to 1000
[2022-12-16 13:15:52] [SEVERE ] setting player 0 freeze to 0
[2022-12-16 13:15:52] [SEVERE ] setting player 0 freeze to 0
[2022-12-16 13:15:54] [SEVERE ] Key 87 was pressed by player 0
[2022-12-16 13:15:54] [SEVERE ] removing player 0 token from slot 1
[2022-12-16 13:15:54] [SEVERE ] Key 81 was pressed by player 0
[2022-12-16 13:15:54] [SEVERE ] player 0 placing token on slot 0
[2022-12-16 13:15:54] [SEVERE ] Key 87 was pressed by player 0
[2022-12-16 13:15:54] [SEVERE ] player 0 placing token on slot 1
[2022-12-16 13:15:54] [SEVERE ] Key 69 was pressed by player 0
[2022-12-16 13:15:54] [SEVERE ] player 0 placing token on slot 2
[2022-12-16 13:15:55] [SEVERE ] Key 81 was pressed by player 0
[2022-12-16 13:15:55] [SEVERE ] removing player 0 token from slot 0
[2022-12-16 13:15:55] [SEVERE ] Key 87 was pressed by player 0
[2022-12-16 13:15:55] [SEVERE ] removing player 0 token from slot 1
[2022-12-16 13:15:55] [SEVERE ] Key 69 was pressed by player 0
[2022-12-16 13:15:55] [SEVERE ] removing player 0 token from slot 2
[2022-12-16 13:15:55] [SEVERE ] setting player 0 freeze to 3000
[2022-12-16 13:15:55] [SEVERE ] Key 81 was pressed by player 0
[2022-12-16 13:15:55] [SEVERE ] Key 87 was pressed by player 0
[2022-12-16 13:15:55] [SEVERE ] Key 69 was pressed by player 0
[2022-12-16 13:15:55] [SEVERE ] Key 69 was pressed by player 0
[2022-12-16 13:15:55] [SEVERE ] Key 87 was pressed by player 0
[2022-12-16 13:15:55] [SEVERE ] Key 81 was pressed by player 0
[2022-12-16 13:15:56] [SEVERE ] setting player 0 freeze to 2000
[2022-12-16 13:15:57] [SEVERE ] setting player 0 freeze to 1000
[2022-12-16 13:15:57] [SEVERE ] Key 81 was pressed by player 0
[2022-12-16 13:15:57] [SEVERE ] Key 87 was pressed by player 0
[2022-12-16 13:15:57] [SEVERE ] Key 69 was pressed by player 0
[2022-12-16 13:15:58] [SEVERE ] setting player 0 freeze to 0
[2022-12-16 13:15:58] [SEVERE ] player 0 placing token on slot 0
[2022-12-16 13:15:58] [SEVERE ] player 0 placing token on slot 1
[2022-12-16 13:15:58] [SEVERE ] player 0 placing token on slot 2
[2022-12-16 13:15:58] [SEVERE ] setting player 0 freeze to 3000
[2022-12-16 13:15:59] [SEVERE ] setting player 0 freeze to 2000
[2022-12-16 13:15:59] [SEVERE ] Key 81 was pressed by player 0
[2022-12-16 13:15:59] [SEVERE ] Key 87 was pressed by player 0
[2022-12-16 13:15:59] [SEVERE ] Key 69 was pressed by player 0
[2022-12-16 13:15:59] [SEVERE ] Key 81 was pressed by player 0
[2022-12-16 13:15:59] [SEVERE ] Key 69 was pressed by player 0
[2022-12-16 13:16:00] [SEVERE ] Key 87 was pressed by player 0
[2022-12-16 13:16:00] [SEVERE ] Key 81 was pressed by player 0
[2022-12-16 13:16:00] [SEVERE ] setting player 0 freeze to 1000
[2022-12-16 13:16:01] [SEVERE ] setting player 0 freeze to 0
[2022-12-16 13:16:01] [SEVERE ] removing player 0 token from slot 0
[2022-12-16 13:16:01] [SEVERE ] removing player 0 token from slot 1
[2022-12-16 13:16:01] [SEVERE ] removing player 0 token from slot 2
