[2022-12-14 12:54:36] [INFO   ] cannot read configuration file config.properties trying from resources.
[2022-12-14 12:54:36] [INFO   ] configuration file was loaded from resources directory.
[2022-12-14 12:54:37] [INFO   ] Thread dealer starting.
[2022-12-14 12:54:37] [SEVERE ] placing card 0 in slot 0
[2022-12-14 12:54:37] [SEVERE ] placing card 1 in slot 1
[2022-12-14 12:54:37] [SEVERE ] placing card 2 in slot 2
[2022-12-14 12:54:37] [SEVERE ] placing card 3 in slot 3
[2022-12-14 12:54:37] [SEVERE ] placing card 4 in slot 4
[2022-12-14 12:54:37] [SEVERE ] placing card 5 in slot 5
[2022-12-14 12:54:37] [SEVERE ] placing card 6 in slot 6
[2022-12-14 12:54:37] [SEVERE ] placing card 7 in slot 7
[2022-12-14 12:54:38] [SEVERE ] placing card 8 in slot 8
[2022-12-14 12:54:38] [SEVERE ] placing card 9 in slot 9
[2022-12-14 12:54:38] [SEVERE ] placing card 10 in slot 10
[2022-12-14 12:54:38] [SEVERE ] placing card 11 in slot 11
[2022-12-14 12:54:40] [SEVERE ] Key 81 was pressed by player 0
[2022-12-14 12:54:40] [SEVERE ] player 0 placing token on slot 0
[2022-12-14 12:54:40] [SEVERE ] Key 87 was pressed by player 0
[2022-12-14 12:54:40] [SEVERE ] player 0 placing token on slot 1
[2022-12-14 12:54:41] [SEVERE ] Key 69 was pressed by player 0
[2022-12-14 12:54:41] [SEVERE ] player 0 placing token on slot 2
[2022-12-14 12:54:41] [SEVERE ] setting player 0 score to 1
[2022-12-14 12:54:41] [SEVERE ] removing card from slot 0
[2022-12-14 12:54:41] [SEVERE ] removing card from slot 1
[2022-12-14 12:54:41] [SEVERE ] removing card from slot 2
[2022-12-14 12:54:41] [SEVERE ] placing card 12 in slot 0
[2022-12-14 12:54:41] [SEVERE ] placing card 13 in slot 1
[2022-12-14 12:54:42] [SEVERE ] placing card 14 in slot 2
[2022-12-14 12:54:44] [SEVERE ] Key 81 was pressed by player 0
[2022-12-14 12:54:44] [SEVERE ] player 0 placing token on slot 0
[2022-12-14 12:54:45] [SEVERE ] Key 87 was pressed by player 0
[2022-12-14 12:54:45] [SEVERE ] player 0 placing token on slot 1
[2022-12-14 12:54:46] [SEVERE ] Key 69 was pressed by player 0
[2022-12-14 12:54:46] [SEVERE ] player 0 placing token on slot 2
[2022-12-14 12:54:46] [SEVERE ] setting player 0 score to 2
[2022-12-14 12:54:46] [SEVERE ] removing card from slot 0
[2022-12-14 12:54:46] [SEVERE ] removing card from slot 1
[2022-12-14 12:54:46] [SEVERE ] removing card from slot 2
[2022-12-14 12:54:46] [SEVERE ] placing card 15 in slot 0
[2022-12-14 12:54:46] [SEVERE ] placing card 16 in slot 1
[2022-12-14 12:54:46] [SEVERE ] placing card 17 in slot 2
[2022-12-14 12:54:47] [SEVERE ] Key 81 was pressed by player 0
[2022-12-14 12:54:47] [SEVERE ] player 0 placing token on slot 0
[2022-12-14 12:54:48] [SEVERE ] Key 87 was pressed by player 0
[2022-12-14 12:54:48] [SEVERE ] player 0 placing token on slot 1
[2022-12-14 12:54:48] [SEVERE ] Key 69 was pressed by player 0
[2022-12-14 12:54:48] [SEVERE ] player 0 placing token on slot 2
[2022-12-14 12:54:48] [SEVERE ] setting player 0 score to 3
[2022-12-14 12:54:48] [SEVERE ] removing card from slot 0
[2022-12-14 12:54:49] [SEVERE ] removing card from slot 1
[2022-12-14 12:54:49] [SEVERE ] removing card from slot 2
[2022-12-14 12:54:49] [SEVERE ] placing card 18 in slot 0
[2022-12-14 12:54:49] [SEVERE ] placing card 19 in slot 1
[2022-12-14 12:54:49] [SEVERE ] placing card 20 in slot 2
[2022-12-14 12:54:49] [SEVERE ] Key 81 was pressed by player 0
[2022-12-14 12:54:49] [SEVERE ] player 0 placing token on slot 0
[2022-12-14 12:54:50] [SEVERE ] Key 87 was pressed by player 0
[2022-12-14 12:54:50] [SEVERE ] player 0 placing token on slot 1
[2022-12-14 12:54:50] [SEVERE ] Key 69 was pressed by player 0
[2022-12-14 12:54:50] [SEVERE ] player 0 placing token on slot 2
[2022-12-14 12:54:50] [SEVERE ] setting player 0 score to 4
[2022-12-14 12:54:50] [SEVERE ] removing card from slot 0
[2022-12-14 12:54:50] [SEVERE ] removing card from slot 1
[2022-12-14 12:54:50] [SEVERE ] Key 81 was pressed by player 0
[2022-12-14 12:54:50] [SEVERE ] player 0 placing token on slot 0
[2022-12-14 12:54:50] [SEVERE ] removing card from slot 2
[2022-12-14 12:54:50] [SEVERE ] placing card 21 in slot 0
[2022-12-14 12:54:50] [SEVERE ] Key 87 was pressed by player 0
[2022-12-14 12:54:50] [SEVERE ] player 0 placing token on slot 1
[2022-12-14 12:54:51] [SEVERE ] placing card 22 in slot 1
[2022-12-14 12:54:51] [SEVERE ] Key 69 was pressed by player 0
[2022-12-14 12:54:51] [SEVERE ] player 0 placing token on slot 2
[2022-12-14 12:54:51] [SEVERE ] placing card 23 in slot 2
[2022-12-14 12:54:51] [SEVERE ] Key 81 was pressed by player 0
[2022-12-14 12:54:51] [SEVERE ] removing player 0 token from slot 0
[2022-12-14 12:54:51] [SEVERE ] Key 87 was pressed by player 0
[2022-12-14 12:54:51] [SEVERE ] removing player 0 token from slot 1
[2022-12-14 12:54:51] [SEVERE ] Key 69 was pressed by player 0
[2022-12-14 12:54:51] [SEVERE ] removing player 0 token from slot 2
[2022-12-14 12:54:51] [SEVERE ] Key 81 was pressed by player 0
[2022-12-14 12:54:51] [SEVERE ] player 0 placing token on slot 0
[2022-12-14 12:54:52] [SEVERE ] setting player 0 score to 5
[2022-12-14 12:54:52] [SEVERE ] Key 69 was pressed by player 0
[2022-12-14 12:54:52] [SEVERE ] player 0 placing token on slot 2
[2022-12-14 12:54:52] [SEVERE ] removing card from slot 0
[2022-12-14 12:54:52] [SEVERE ] Key 87 was pressed by player 0
[2022-12-14 12:54:52] [SEVERE ] player 0 placing token on slot 1
[2022-12-14 12:54:52] [SEVERE ] Key 81 was pressed by player 0
[2022-12-14 12:54:52] [SEVERE ] player 0 placing token on slot 0
[2022-12-14 12:54:52] [SEVERE ] removing card from slot 1
[2022-12-14 12:54:52] [SEVERE ] removing card from slot 2
[2022-12-14 12:54:52] [SEVERE ] placing card 24 in slot 0
[2022-12-14 12:54:52] [SEVERE ] placing card 25 in slot 1
[2022-12-14 12:54:52] [SEVERE ] Key 81 was pressed by player 0
[2022-12-14 12:54:52] [SEVERE ] removing player 0 token from slot 0
[2022-12-14 12:54:52] [SEVERE ] Key 87 was pressed by player 0
[2022-12-14 12:54:52] [SEVERE ] removing player 0 token from slot 1
[2022-12-14 12:54:52] [SEVERE ] placing card 26 in slot 2
[2022-12-14 12:54:52] [SEVERE ] Key 69 was pressed by player 0
[2022-12-14 12:54:52] [SEVERE ] removing player 0 token from slot 2
[2022-12-14 12:54:53] [SEVERE ] Key 81 was pressed by player 0
[2022-12-14 12:54:53] [SEVERE ] player 0 placing token on slot 0
[2022-12-14 12:54:53] [SEVERE ] Key 69 was pressed by player 0
[2022-12-14 12:54:53] [SEVERE ] player 0 placing token on slot 2
[2022-12-14 12:54:53] [SEVERE ] Key 81 was pressed by player 0
[2022-12-14 12:54:53] [SEVERE ] removing player 0 token from slot 0
[2022-12-14 12:54:53] [SEVERE ] Key 87 was pressed by player 0
[2022-12-14 12:54:53] [SEVERE ] player 0 placing token on slot 1
[2022-12-14 12:54:53] [SEVERE ] Key 69 was pressed by player 0
[2022-12-14 12:54:53] [SEVERE ] removing player 0 token from slot 2
[2022-12-14 12:54:53] [SEVERE ] Key 81 was pressed by player 0
[2022-12-14 12:54:53] [SEVERE ] player 0 placing token on slot 0
[2022-12-14 12:54:53] [SEVERE ] Key 87 was pressed by player 0
[2022-12-14 12:54:53] [SEVERE ] removing player 0 token from slot 1
[2022-12-14 12:54:53] [SEVERE ] setting player 0 score to 6
[2022-12-14 12:54:53] [SEVERE ] removing card from slot 2
[2022-12-14 12:54:53] [SEVERE ] Key 69 was pressed by player 0
[2022-12-14 12:54:53] [SEVERE ] player 0 placing token on slot 2
[2022-12-14 12:54:53] [SEVERE ] Key 81 was pressed by player 0
[2022-12-14 12:54:53] [SEVERE ] player 0 placing token on slot 0
[2022-12-14 12:54:53] [SEVERE ] removing card from slot 1
[2022-12-14 12:54:54] [SEVERE ] removing card from slot 0
[2022-12-14 12:54:54] [SEVERE ] placing card 27 in slot 0
[2022-12-14 12:54:54] [SEVERE ] placing card 28 in slot 1
[2022-12-14 12:54:54] [SEVERE ] placing card 29 in slot 2
[2022-12-14 12:54:55] [SEVERE ] Key 81 was pressed by player 0
[2022-12-14 12:54:55] [SEVERE ] removing player 0 token from slot 0
[2022-12-14 12:54:55] [SEVERE ] Key 69 was pressed by player 0
[2022-12-14 12:54:55] [SEVERE ] removing player 0 token from slot 2
[2022-12-14 12:54:56] [SEVERE ] Key 81 was pressed by player 0
[2022-12-14 12:54:56] [SEVERE ] player 0 placing token on slot 0
[2022-12-14 12:54:57] [SEVERE ] Key 87 was pressed by player 0
[2022-12-14 12:54:57] [SEVERE ] player 0 placing token on slot 1
[2022-12-14 12:54:57] [SEVERE ] Key 69 was pressed by player 0
[2022-12-14 12:54:57] [SEVERE ] player 0 placing token on slot 2
[2022-12-14 12:54:57] [SEVERE ] setting player 0 score to 7
[2022-12-14 12:54:57] [SEVERE ] removing card from slot 0
[2022-12-14 12:54:57] [SEVERE ] removing card from slot 1
[2022-12-14 12:54:57] [SEVERE ] removing card from slot 2
[2022-12-14 12:54:57] [SEVERE ] placing card 30 in slot 0
[2022-12-14 12:54:57] [SEVERE ] placing card 31 in slot 1
[2022-12-14 12:54:58] [SEVERE ] placing card 32 in slot 2
[2022-12-14 12:55:00] [SEVERE ] Key 81 was pressed by player 0
[2022-12-14 12:55:00] [SEVERE ] player 0 placing token on slot 0
[2022-12-14 12:55:00] [SEVERE ] Key 87 was pressed by player 0
[2022-12-14 12:55:00] [SEVERE ] player 0 placing token on slot 1
[2022-12-14 12:55:01] [SEVERE ] Key 69 was pressed by player 0
[2022-12-14 12:55:01] [SEVERE ] player 0 placing token on slot 2
[2022-12-14 12:55:01] [SEVERE ] setting player 0 score to 8
[2022-12-14 12:55:01] [SEVERE ] removing card from slot 0
[2022-12-14 12:55:01] [SEVERE ] removing card from slot 1
[2022-12-14 12:55:01] [SEVERE ] removing card from slot 2
[2022-12-14 12:55:01] [SEVERE ] placing card 33 in slot 0
[2022-12-14 12:55:01] [SEVERE ] placing card 34 in slot 1
[2022-12-14 12:55:01] [SEVERE ] placing card 35 in slot 2
[2022-12-14 12:55:02] [SEVERE ] Key 81 was pressed by player 0
[2022-12-14 12:55:02] [SEVERE ] player 0 placing token on slot 0
[2022-12-14 12:55:02] [SEVERE ] Key 87 was pressed by player 0
[2022-12-14 12:55:02] [SEVERE ] player 0 placing token on slot 1
[2022-12-14 12:55:02] [SEVERE ] Key 69 was pressed by player 0
[2022-12-14 12:55:02] [SEVERE ] player 0 placing token on slot 2
[2022-12-14 12:55:02] [SEVERE ] setting player 0 score to 9
[2022-12-14 12:55:02] [SEVERE ] removing card from slot 0
[2022-12-14 12:55:03] [SEVERE ] removing card from slot 1
[2022-12-14 12:55:03] [SEVERE ] removing card from slot 2
[2022-12-14 12:55:03] [SEVERE ] placing card 36 in slot 0
[2022-12-14 12:55:03] [SEVERE ] placing card 37 in slot 1
[2022-12-14 12:55:03] [SEVERE ] placing card 38 in slot 2
[2022-12-14 12:55:03] [SEVERE ] Key 81 was pressed by player 0
[2022-12-14 12:55:03] [SEVERE ] player 0 placing token on slot 0
[2022-12-14 12:55:03] [SEVERE ] Key 87 was pressed by player 0
[2022-12-14 12:55:03] [SEVERE ] player 0 placing token on slot 1
[2022-12-14 12:55:04] [SEVERE ] Key 69 was pressed by player 0
[2022-12-14 12:55:04] [SEVERE ] player 0 placing token on slot 2
[2022-12-14 12:55:04] [SEVERE ] setting player 0 score to 10
[2022-12-14 12:55:04] [SEVERE ] removing card from slot 0
[2022-12-14 12:55:04] [SEVERE ] removing card from slot 1
[2022-12-14 12:55:04] [SEVERE ] removing card from slot 2
[2022-12-14 12:55:04] [SEVERE ] placing card 39 in slot 0
[2022-12-14 12:55:04] [SEVERE ] placing card 40 in slot 1
[2022-12-14 12:55:05] [SEVERE ] placing card 41 in slot 2
[2022-12-14 12:55:05] [SEVERE ] Key 81 was pressed by player 0
[2022-12-14 12:55:05] [SEVERE ] player 0 placing token on slot 0
[2022-12-14 12:55:05] [SEVERE ] Key 87 was pressed by player 0
[2022-12-14 12:55:05] [SEVERE ] player 0 placing token on slot 1
[2022-12-14 12:55:05] [SEVERE ] Key 69 was pressed by player 0
[2022-12-14 12:55:05] [SEVERE ] player 0 placing token on slot 2
[2022-12-14 12:55:06] [SEVERE ] setting player 0 score to 11
[2022-12-14 12:55:06] [SEVERE ] removing card from slot 0
[2022-12-14 12:55:06] [SEVERE ] removing card from slot 1
[2022-12-14 12:55:06] [SEVERE ] removing card from slot 2
[2022-12-14 12:55:06] [SEVERE ] placing card 42 in slot 0
[2022-12-14 12:55:06] [SEVERE ] placing card 43 in slot 1
[2022-12-14 12:55:06] [SEVERE ] placing card 44 in slot 2
[2022-12-14 12:55:07] [SEVERE ] Key 81 was pressed by player 0
[2022-12-14 12:55:07] [SEVERE ] player 0 placing token on slot 0
[2022-12-14 12:55:07] [SEVERE ] Key 87 was pressed by player 0
[2022-12-14 12:55:07] [SEVERE ] player 0 placing token on slot 1
[2022-12-14 12:55:07] [SEVERE ] Key 69 was pressed by player 0
[2022-12-14 12:55:07] [SEVERE ] player 0 placing token on slot 2
[2022-12-14 12:55:07] [SEVERE ] setting player 0 score to 12
[2022-12-14 12:55:07] [SEVERE ] removing card from slot 0
[2022-12-14 12:55:07] [SEVERE ] removing card from slot 1
[2022-12-14 12:55:08] [SEVERE ] removing card from slot 2
[2022-12-14 12:55:08] [SEVERE ] placing card 45 in slot 0
[2022-12-14 12:55:08] [SEVERE ] placing card 46 in slot 1
[2022-12-14 12:55:08] [SEVERE ] placing card 47 in slot 2
[2022-12-14 12:55:09] [SEVERE ] Key 81 was pressed by player 0
[2022-12-14 12:55:09] [SEVERE ] player 0 placing token on slot 0
[2022-12-14 12:55:10] [SEVERE ] Key 87 was pressed by player 0
[2022-12-14 12:55:10] [SEVERE ] player 0 placing token on slot 1
[2022-12-14 12:55:10] [SEVERE ] Key 69 was pressed by player 0
[2022-12-14 12:55:10] [SEVERE ] player 0 placing token on slot 2
[2022-12-14 12:55:10] [SEVERE ] setting player 0 score to 13
[2022-12-14 12:55:10] [SEVERE ] removing card from slot 0
[2022-12-14 12:55:10] [SEVERE ] removing card from slot 1
[2022-12-14 12:55:10] [SEVERE ] removing card from slot 2
[2022-12-14 12:55:10] [SEVERE ] placing card 48 in slot 0
[2022-12-14 12:55:10] [SEVERE ] placing card 49 in slot 1
[2022-12-14 12:55:11] [SEVERE ] placing card 50 in slot 2
[2022-12-14 12:55:15] [SEVERE ] Key 69 was pressed by player 0
[2022-12-14 12:55:15] [SEVERE ] player 0 placing token on slot 2
[2022-12-14 12:55:16] [SEVERE ] Key 87 was pressed by player 0
[2022-12-14 12:55:16] [SEVERE ] player 0 placing token on slot 1
[2022-12-14 12:55:17] [SEVERE ] Key 81 was pressed by player 0
[2022-12-14 12:55:17] [SEVERE ] player 0 placing token on slot 0
[2022-12-14 12:55:18] [SEVERE ] Key 81 was pressed by player 0
[2022-12-14 12:55:18] [SEVERE ] removing player 0 token from slot 0
[2022-12-14 12:55:18] [SEVERE ] setting player 0 score to 14
[2022-12-14 12:55:18] [SEVERE ] Key 87 was pressed by player 0
[2022-12-14 12:55:18] [SEVERE ] player 0 placing token on slot 1
[2022-12-14 12:55:18] [SEVERE ] removing card from slot 2
[2022-12-14 12:55:18] [SEVERE ] removing card from slot 1
[2022-12-14 12:55:18] [SEVERE ] removing card from slot 0
[2022-12-14 12:55:18] [SEVERE ] placing card 51 in slot 0
[2022-12-14 12:55:18] [SEVERE ] placing card 52 in slot 1
[2022-12-14 12:55:18] [SEVERE ] placing card 53 in slot 2
