[2022-12-16 11:30:58] [INFO   ] cannot read configuration file config.properties trying from resources.
[2022-12-16 11:30:58] [INFO   ] configuration file was loaded from resources directory.
[2022-12-16 11:30:58] [INFO   ] Thread dealer starting.
[2022-12-16 11:30:59] [SEVERE ] placing card 77 in slot 0
[2022-12-16 11:30:59] [SEVERE ] placing card 12 in slot 1
[2022-12-16 11:30:59] [SEVERE ] placing card 1 in slot 2
[2022-12-16 11:30:59] [SEVERE ] placing card 31 in slot 3
[2022-12-16 11:30:59] [SEVERE ] placing card 65 in slot 4
[2022-12-16 11:30:59] [SEVERE ] placing card 62 in slot 5
[2022-12-16 11:30:59] [SEVERE ] placing card 20 in slot 6
[2022-12-16 11:30:59] [SEVERE ] placing card 64 in slot 7
[2022-12-16 11:30:59] [SEVERE ] placing card 22 in slot 8
[2022-12-16 11:31:00] [SEVERE ] placing card 0 in slot 9
[2022-12-16 11:31:00] [SEVERE ] placing card 5 in slot 10
[2022-12-16 11:31:00] [SEVERE ] placing card 27 in slot 11
[2022-12-16 11:31:02] [SEVERE ] Key 81 was pressed by player 0
[2022-12-16 11:31:03] [SEVERE ] player 0 placing token on slot 0
[2022-12-16 11:31:04] [SEVERE ] Key 87 was pressed by player 0
[2022-12-16 11:31:05] [SEVERE ] player 0 placing token on slot 1
[2022-12-16 11:31:06] [SEVERE ] Key 69 was pressed by player 0
[2022-12-16 11:31:07] [SEVERE ] player 0 placing token on slot 2
[2022-12-16 11:31:08] [SEVERE ] Key 82 was pressed by player 0
[2022-12-16 11:31:10] [SEVERE ] Key 69 was pressed by player 0
[2022-12-16 11:31:10] [SEVERE ] removing player 0 token from slot 2
[2022-12-16 11:31:10] [SEVERE ] Key 87 was pressed by player 0
[2022-12-16 11:31:11] [SEVERE ] removing player 0 token from slot 1
