[2022-12-16 16:38:15] [INFO   ] cannot read configuration file config.properties trying from resources.
[2022-12-16 16:38:15] [INFO   ] configuration file was loaded from resources directory.
[2022-12-16 16:38:16] [INFO   ] Thread dealer starting.
[2022-12-16 16:38:16] [INFO   ] Thread Thread-0starting.
[2022-12-16 16:38:16] [INFO   ] Thread Thread-3starting.
[2022-12-16 16:38:16] [INFO   ] Thread Thread-2starting.
[2022-12-16 16:38:16] [INFO   ] Thread Thread-1starting.
[2022-12-16 16:38:16] [INFO   ] Thread computer-3 starting.
[2022-12-16 16:38:16] [INFO   ] Thread computer-2 starting.
[2022-12-16 16:38:16] [SEVERE ] placing card 25 in slot 0
[2022-12-16 16:38:16] [SEVERE ] placing card 9 in slot 1
[2022-12-16 16:38:16] [SEVERE ] placing card 58 in slot 2
[2022-12-16 16:38:16] [SEVERE ] placing card 54 in slot 3
[2022-12-16 16:38:17] [SEVERE ] placing card 52 in slot 4
[2022-12-16 16:38:17] [SEVERE ] placing card 17 in slot 5
[2022-12-16 16:38:17] [SEVERE ] placing card 16 in slot 6
[2022-12-16 16:38:17] [SEVERE ] placing card 68 in slot 7
[2022-12-16 16:38:18] [SEVERE ] placing card 51 in slot 8
[2022-12-16 16:38:18] [SEVERE ] placing card 56 in slot 9
[2022-12-16 16:38:18] [SEVERE ] placing card 65 in slot 10
[2022-12-16 16:38:18] [SEVERE ] placing card 14 in slot 11
[2022-12-16 16:38:19] [SEVERE ] player 2 placing token on slot 7
[2022-12-16 16:38:19] [SEVERE ] player 3 placing token on slot 1
[2022-12-16 16:38:20] [SEVERE ] player 3 placing token on slot 5
[2022-12-16 16:38:20] [SEVERE ] removing player 2 token from slot 7
[2022-12-16 16:38:20] [SEVERE ] player 2 placing token on slot 9
[2022-12-16 16:38:20] [SEVERE ] player 3 placing token on slot 6
[2022-12-16 16:38:20] [SEVERE ] setting player 3 freeze to 3000
[2022-12-16 16:38:21] [SEVERE ] setting player 3 freeze to 2000
[2022-12-16 16:38:21] [SEVERE ] player 2 placing token on slot 7
[2022-12-16 16:38:22] [SEVERE ] player 2 placing token on slot 10
[2022-12-16 16:38:22] [SEVERE ] setting player 2 freeze to 3000
[2022-12-16 16:38:22] [SEVERE ] setting player 2 freeze to 2000
[2022-12-16 16:38:22] [SEVERE ] setting player 3 freeze to 1000
[2022-12-16 16:38:23] [SEVERE ] setting player 2 freeze to 1000
[2022-12-16 16:38:23] [SEVERE ] setting player 3 freeze to 0
[2022-12-16 16:38:23] [SEVERE ] setting player 3 freeze to 0
[2022-12-16 16:38:23] [SEVERE ] removing player 3 token from slot 1
[2022-12-16 16:38:24] [SEVERE ] player 3 placing token on slot 2
[2022-12-16 16:38:24] [SEVERE ] setting player 3 freeze to 3000
[2022-12-16 16:38:24] [SEVERE ] setting player 2 freeze to 0
[2022-12-16 16:38:24] [SEVERE ] setting player 3 freeze to 2000
[2022-12-16 16:38:25] [SEVERE ] setting player 2 freeze to 0
[2022-12-16 16:38:25] [SEVERE ] removing player 2 token from slot 7
[2022-12-16 16:38:25] [SEVERE ] removing player 2 token from slot 10
[2022-12-16 16:38:25] [SEVERE ] setting player 3 freeze to 1000
[2022-12-16 16:38:25] [SEVERE ] player 2 placing token on slot 5
[2022-12-16 16:38:26] [SEVERE ] removing player 2 token from slot 5
[2022-12-16 16:38:26] [SEVERE ] setting player 3 freeze to 0
[2022-12-16 16:38:27] [SEVERE ] setting player 3 freeze to 0
[2022-12-16 16:38:27] [SEVERE ] removing player 3 token from slot 2
[2022-12-16 16:38:27] [SEVERE ] player 3 placing token on slot 7
[2022-12-16 16:38:27] [SEVERE ] setting player 3 freeze to 3000
[2022-12-16 16:38:27] [SEVERE ] player 2 placing token on slot 6
[2022-12-16 16:38:27] [SEVERE ] setting player 3 freeze to 2000
[2022-12-16 16:38:28] [SEVERE ] player 2 placing token on slot 3
[2022-12-16 16:38:28] [SEVERE ] setting player 2 freeze to 3000
[2022-12-16 16:38:28] [SEVERE ] setting player 2 freeze to 2000
[2022-12-16 16:38:28] [SEVERE ] setting player 3 freeze to 1000
[2022-12-16 16:38:29] [SEVERE ] setting player 2 freeze to 1000
[2022-12-16 16:38:29] [SEVERE ] setting player 3 freeze to 0
[2022-12-16 16:38:30] [SEVERE ] setting player 3 freeze to 0
[2022-12-16 16:38:30] [SEVERE ] removing player 3 token from slot 6
[2022-12-16 16:38:30] [SEVERE ] player 3 placing token on slot 0
[2022-12-16 16:38:30] [SEVERE ] setting player 3 freeze to 3000
[2022-12-16 16:38:30] [SEVERE ] setting player 2 freeze to 0
[2022-12-16 16:38:30] [SEVERE ] setting player 3 freeze to 2000
[2022-12-16 16:38:31] [SEVERE ] setting player 2 freeze to 0
[2022-12-16 16:38:31] [SEVERE ] setting player 3 freeze to 1000
[2022-12-16 16:38:32] [SEVERE ] setting player 3 freeze to 0
[2022-12-16 16:38:33] [SEVERE ] setting player 3 freeze to 0
[2022-12-16 16:38:40] [SEVERE ] removing player 3 token from slot 5
[2022-12-16 16:38:41] [SEVERE ] removing player 2 token from slot 6
[2022-12-16 16:38:41] [SEVERE ] player 3 placing token on slot 8
[2022-12-16 16:38:41] [SEVERE ] setting player 3 freeze to 3000
[2022-12-16 16:38:41] [SEVERE ] player 2 placing token on slot 6
[2022-12-16 16:38:41] [SEVERE ] setting player 2 freeze to 3000
[2022-12-16 16:38:41] [SEVERE ] setting player 2 freeze to 2000
[2022-12-16 16:38:41] [SEVERE ] setting player 3 freeze to 2000
[2022-12-16 16:38:42] [SEVERE ] setting player 2 freeze to 1000
[2022-12-16 16:38:42] [SEVERE ] setting player 3 freeze to 1000
[2022-12-16 16:38:43] [SEVERE ] setting player 2 freeze to 0
[2022-12-16 16:38:43] [SEVERE ] setting player 3 freeze to 0
[2022-12-16 16:38:44] [SEVERE ] setting player 3 freeze to 0
[2022-12-16 16:38:44] [SEVERE ] removing player 3 token from slot 8
[2022-12-16 16:38:44] [SEVERE ] player 3 placing token on slot 11
[2022-12-16 16:38:44] [SEVERE ] setting player 3 freeze to 3000
[2022-12-16 16:38:44] [SEVERE ] setting player 2 freeze to 0
[2022-12-16 16:38:44] [SEVERE ] removing player 2 token from slot 9
[2022-12-16 16:38:44] [SEVERE ] player 2 placing token on slot 5
[2022-12-16 16:38:44] [SEVERE ] removing player 2 token from slot 3
[2022-12-16 16:38:44] [SEVERE ] setting player 2 freeze to 3000
[2022-12-16 16:38:44] [SEVERE ] setting player 2 freeze to 2000
[2022-12-16 16:38:44] [SEVERE ] setting player 3 freeze to 2000
[2022-12-16 16:38:45] [SEVERE ] setting player 2 freeze to 1000
[2022-12-16 16:38:45] [SEVERE ] setting player 3 freeze to 1000
[2022-12-16 16:38:46] [SEVERE ] setting player 2 freeze to 0
[2022-12-16 16:38:46] [SEVERE ] setting player 3 freeze to 0
[2022-12-16 16:38:47] [SEVERE ] setting player 3 freeze to 0
[2022-12-16 16:38:47] [SEVERE ] removing player 3 token from slot 7
[2022-12-16 16:38:47] [SEVERE ] player 3 placing token on slot 4
[2022-12-16 16:38:47] [SEVERE ] setting player 3 freeze to 3000
[2022-12-16 16:38:47] [SEVERE ] setting player 2 freeze to 0
[2022-12-16 16:38:47] [SEVERE ] player 2 placing token on slot 11
[2022-12-16 16:38:47] [SEVERE ] removing player 2 token from slot 11
[2022-12-16 16:38:47] [SEVERE ] player 2 placing token on slot 1
[2022-12-16 16:38:47] [SEVERE ] setting player 2 freeze to 3000
[2022-12-16 16:38:47] [SEVERE ] setting player 2 freeze to 2000
[2022-12-16 16:38:47] [SEVERE ] setting player 3 freeze to 2000
[2022-12-16 16:38:48] [SEVERE ] setting player 2 freeze to 1000
[2022-12-16 16:38:48] [SEVERE ] setting player 3 freeze to 1000
[2022-12-16 16:38:49] [SEVERE ] setting player 2 freeze to 0
[2022-12-16 16:38:49] [SEVERE ] setting player 3 freeze to 0
[2022-12-16 16:38:50] [SEVERE ] setting player 3 freeze to 0
[2022-12-16 16:38:50] [SEVERE ] removing player 3 token from slot 4
[2022-12-16 16:38:50] [SEVERE ] player 3 placing token on slot 2
[2022-12-16 16:38:50] [SEVERE ] setting player 3 freeze to 3000
[2022-12-16 16:38:50] [SEVERE ] setting player 2 freeze to 0
[2022-12-16 16:38:50] [SEVERE ] removing player 2 token from slot 5
[2022-12-16 16:38:50] [SEVERE ] player 2 placing token on slot 2
[2022-12-16 16:38:50] [SEVERE ] setting player 2 freeze to 3000
[2022-12-16 16:38:50] [SEVERE ] setting player 2 freeze to 2000
[2022-12-16 16:38:50] [SEVERE ] setting player 3 freeze to 2000
[2022-12-16 16:38:51] [SEVERE ] setting player 2 freeze to 1000
[2022-12-16 16:38:51] [SEVERE ] setting player 3 freeze to 1000
[2022-12-16 16:38:52] [SEVERE ] setting player 2 freeze to 0
[2022-12-16 16:38:52] [SEVERE ] setting player 3 freeze to 0
[2022-12-16 16:38:53] [SEVERE ] setting player 3 freeze to 0
[2022-12-16 16:38:53] [SEVERE ] removing player 3 token from slot 11
[2022-12-16 16:38:53] [SEVERE ] player 3 placing token on slot 10
[2022-12-16 16:38:53] [SEVERE ] removing player 3 token from slot 2
[2022-12-16 16:38:53] [SEVERE ] setting player 3 freeze to 3000
[2022-12-16 16:38:53] [SEVERE ] setting player 2 freeze to 0
[2022-12-16 16:38:53] [SEVERE ] setting player 3 freeze to 2000
[2022-12-16 16:38:54] [SEVERE ] setting player 3 freeze to 1000
[2022-12-16 16:38:55] [SEVERE ] setting player 3 freeze to 0
[2022-12-16 16:38:56] [SEVERE ] removing player 2 token from slot 2
[2022-12-16 16:38:56] [SEVERE ] setting player 3 freeze to 0
[2022-12-16 16:38:56] [SEVERE ] player 3 placing token on slot 11
[2022-12-16 16:38:56] [SEVERE ] setting player 3 freeze to 3000
[2022-12-16 16:38:56] [SEVERE ] setting player 3 freeze to 2000
[2022-12-16 16:38:57] [SEVERE ] player 2 placing token on slot 8
[2022-12-16 16:38:57] [SEVERE ] setting player 2 freeze to 3000
[2022-12-16 16:38:57] [SEVERE ] setting player 2 freeze to 2000
[2022-12-16 16:38:57] [SEVERE ] setting player 3 freeze to 1000
[2022-12-16 16:38:58] [SEVERE ] setting player 2 freeze to 1000
[2022-12-16 16:38:58] [SEVERE ] setting player 3 freeze to 0
[2022-12-16 16:38:59] [SEVERE ] Exit button pressed
[2022-12-16 16:38:59] [SEVERE ] setting player 3 freeze to 0
[2022-12-16 16:38:59] [SEVERE ] setting player 2 freeze to 0
[2022-12-16 16:39:00] [SEVERE ] setting player 2 freeze to 0
[2022-12-16 16:39:00] [SEVERE ] removing tokens from slot 0
[2022-12-16 16:39:00] [SEVERE ] removing card from slot 0
[2022-12-16 16:39:00] [SEVERE ] removing tokens from slot 1
[2022-12-16 16:39:00] [SEVERE ] removing card from slot 1
[2022-12-16 16:39:00] [SEVERE ] removing tokens from slot 2
[2022-12-16 16:39:00] [SEVERE ] removing card from slot 2
[2022-12-16 16:39:00] [SEVERE ] removing tokens from slot 3
[2022-12-16 16:39:00] [SEVERE ] removing card from slot 3
[2022-12-16 16:39:01] [SEVERE ] removing tokens from slot 4
[2022-12-16 16:39:01] [SEVERE ] removing card from slot 4
[2022-12-16 16:39:01] [SEVERE ] removing tokens from slot 5
[2022-12-16 16:39:01] [SEVERE ] removing card from slot 5
[2022-12-16 16:39:01] [SEVERE ] removing tokens from slot 6
[2022-12-16 16:39:01] [SEVERE ] removing card from slot 6
[2022-12-16 16:39:01] [SEVERE ] removing tokens from slot 7
[2022-12-16 16:39:01] [SEVERE ] removing card from slot 7
[2022-12-16 16:39:01] [SEVERE ] removing tokens from slot 8
[2022-12-16 16:39:01] [SEVERE ] removing card from slot 8
[2022-12-16 16:39:02] [SEVERE ] removing tokens from slot 9
[2022-12-16 16:39:02] [SEVERE ] removing card from slot 9
[2022-12-16 16:39:02] [SEVERE ] removing tokens from slot 10
[2022-12-16 16:39:02] [SEVERE ] removing card from slot 10
[2022-12-16 16:39:02] [SEVERE ] removing tokens from slot 11
[2022-12-16 16:39:02] [SEVERE ] removing card from slot 11
[2022-12-16 16:39:02] [INFO   ] Thread Thread-1 terminated.
[2022-12-16 16:39:02] [INFO   ] Thread Thread-0 terminated.
[2022-12-16 16:39:02] [SEVERE ] announcing winners: [0, 1, 2, 3]
[2022-12-16 16:39:02] [INFO   ] Thread dealer terminated.
[2022-12-16 16:39:02] [INFO   ] Thread main terminated.
