[2022-12-16 16:21:07] [INFO   ] cannot read configuration file config.properties trying from resources.
[2022-12-16 16:21:07] [INFO   ] configuration file was loaded from resources directory.
[2022-12-16 16:21:08] [INFO   ] Thread dealer starting.
[2022-12-16 16:21:08] [INFO   ] Thread Thread-0starting.
[2022-12-16 16:21:08] [INFO   ] Thread Thread-1starting.
[2022-12-16 16:21:08] [INFO   ] Thread Thread-2starting.
[2022-12-16 16:21:08] [INFO   ] Thread Thread-3starting.
[2022-12-16 16:21:08] [INFO   ] Thread computer-3 starting.
[2022-12-16 16:21:08] [SEVERE ] player 3 placing token on slot 10
[2022-12-16 16:21:08] [INFO   ] Thread computer-2 starting.
[2022-12-16 16:21:08] [SEVERE ] player 2 placing token on slot 9
[2022-12-16 16:21:08] [SEVERE ] placing card 42 in slot 0
[2022-12-16 16:21:09] [SEVERE ] placing card 25 in slot 1
[2022-12-16 16:21:09] [SEVERE ] placing card 60 in slot 2
[2022-12-16 16:21:09] [SEVERE ] player 3 placing token on slot 5
[2022-12-16 16:21:09] [SEVERE ] player 2 placing token on slot 10
[2022-12-16 16:21:09] [SEVERE ] placing card 18 in slot 3
[2022-12-16 16:21:09] [SEVERE ] placing card 39 in slot 4
[2022-12-16 16:21:10] [SEVERE ] placing card 70 in slot 5
[2022-12-16 16:21:10] [SEVERE ] placing card 5 in slot 6
[2022-12-16 16:21:10] [SEVERE ] placing card 62 in slot 7
[2022-12-16 16:21:10] [SEVERE ] placing card 33 in slot 8
[2022-12-16 16:21:10] [SEVERE ] placing card 27 in slot 9
[2022-12-16 16:21:11] [SEVERE ] placing card 16 in slot 10
[2022-12-16 16:21:11] [SEVERE ] placing card 59 in slot 11
[2022-12-16 16:21:16] [SEVERE ] Exit button pressed
[2022-12-16 16:21:16] [SEVERE ] removing tokens from slot 0
[2022-12-16 16:21:16] [SEVERE ] removing card from slot 0
[2022-12-16 16:21:16] [SEVERE ] removing tokens from slot 1
[2022-12-16 16:21:16] [SEVERE ] removing card from slot 1
[2022-12-16 16:21:16] [SEVERE ] removing tokens from slot 2
[2022-12-16 16:21:16] [SEVERE ] removing card from slot 2
[2022-12-16 16:21:17] [SEVERE ] removing tokens from slot 3
[2022-12-16 16:21:17] [SEVERE ] removing card from slot 3
[2022-12-16 16:21:17] [SEVERE ] removing tokens from slot 4
[2022-12-16 16:21:17] [SEVERE ] removing card from slot 4
[2022-12-16 16:21:17] [SEVERE ] removing tokens from slot 5
[2022-12-16 16:21:17] [SEVERE ] removing card from slot 5
[2022-12-16 16:21:17] [SEVERE ] removing tokens from slot 6
[2022-12-16 16:21:17] [SEVERE ] removing card from slot 6
[2022-12-16 16:21:18] [SEVERE ] removing tokens from slot 7
[2022-12-16 16:21:18] [SEVERE ] removing card from slot 7
[2022-12-16 16:21:18] [SEVERE ] removing tokens from slot 8
[2022-12-16 16:21:18] [SEVERE ] removing card from slot 8
[2022-12-16 16:21:18] [SEVERE ] removing tokens from slot 9
[2022-12-16 16:21:18] [SEVERE ] removing card from slot 9
[2022-12-16 16:21:18] [SEVERE ] removing tokens from slot 10
[2022-12-16 16:21:18] [SEVERE ] removing card from slot 10
[2022-12-16 16:21:18] [SEVERE ] removing tokens from slot 11
[2022-12-16 16:21:18] [SEVERE ] removing card from slot 11
[2022-12-16 16:21:18] [INFO   ] Thread Thread-0 terminated.
[2022-12-16 16:21:18] [SEVERE ] announcing winners: [0, 1, 2, 3]
[2022-12-16 16:21:18] [INFO   ] Thread Thread-1 terminated.
[2022-12-16 16:21:18] [INFO   ] Thread dealer terminated.
[2022-12-16 16:21:18] [INFO   ] Thread main terminated.
