[2022-12-16 15:21:47] [INFO   ] cannot read configuration file config.properties trying from resources.
[2022-12-16 15:21:47] [INFO   ] configuration file was loaded from resources directory.
[2022-12-16 15:21:48] [INFO   ] Thread dealer starting.
[2022-12-16 15:21:48] [INFO   ] Thread Thread-0starting.
[2022-12-16 15:21:48] [INFO   ] Thread Thread-1starting.
[2022-12-16 15:21:48] [INFO   ] Thread Thread-2starting.
[2022-12-16 15:21:48] [INFO   ] Thread computer-2 starting.
[2022-12-16 15:21:48] [SEVERE ] player 2 placing token on slot 0
[2022-12-16 15:21:48] [SEVERE ] placing card 18 in slot 0
[2022-12-16 15:21:48] [SEVERE ] placing card 74 in slot 1
[2022-12-16 15:21:48] [SEVERE ] placing card 51 in slot 2
[2022-12-16 15:21:48] [SEVERE ] placing card 54 in slot 3
[2022-12-16 15:21:49] [SEVERE ] placing card 69 in slot 4
[2022-12-16 15:21:49] [SEVERE ] placing card 73 in slot 5
[2022-12-16 15:21:49] [SEVERE ] placing card 38 in slot 6
[2022-12-16 15:21:49] [SEVERE ] player 2 placing token on slot 3
[2022-12-16 15:21:49] [SEVERE ] placing card 53 in slot 7
[2022-12-16 15:21:49] [SEVERE ] placing card 44 in slot 8
[2022-12-16 15:21:49] [SEVERE ] placing card 59 in slot 9
[2022-12-16 15:21:49] [SEVERE ] placing card 47 in slot 10
[2022-12-16 15:21:49] [SEVERE ] placing card 21 in slot 11
[2022-12-16 15:21:50] [SEVERE ] player 2 placing token on slot 2
[2022-12-16 15:21:50] [SEVERE ] setting player 2 freeze to 3000
[2022-12-16 15:21:50] [SEVERE ] setting player 2 freeze to 2000
[2022-12-16 15:21:50] [SEVERE ] Exit button pressed
[2022-12-16 15:21:51] [SEVERE ] setting player 2 freeze to 1000
[2022-12-16 15:21:51] [SEVERE ] removing tokens from slot 0
[2022-12-16 15:21:51] [SEVERE ] removing card from slot 0
[2022-12-16 15:21:52] [SEVERE ] removing tokens from slot 1
[2022-12-16 15:21:52] [SEVERE ] removing card from slot 1
[2022-12-16 15:21:52] [SEVERE ] removing tokens from slot 2
[2022-12-16 15:21:52] [SEVERE ] removing card from slot 2
[2022-12-16 15:21:52] [SEVERE ] removing tokens from slot 3
[2022-12-16 15:21:52] [SEVERE ] removing card from slot 3
[2022-12-16 15:21:52] [SEVERE ] removing tokens from slot 4
[2022-12-16 15:21:52] [SEVERE ] removing card from slot 4
[2022-12-16 15:21:52] [SEVERE ] removing tokens from slot 5
[2022-12-16 15:21:52] [SEVERE ] removing card from slot 5
[2022-12-16 15:21:52] [SEVERE ] removing tokens from slot 6
[2022-12-16 15:21:52] [SEVERE ] removing card from slot 6
[2022-12-16 15:21:52] [SEVERE ] removing tokens from slot 7
[2022-12-16 15:21:52] [SEVERE ] removing card from slot 7
[2022-12-16 15:21:52] [SEVERE ] removing tokens from slot 8
[2022-12-16 15:21:52] [SEVERE ] removing card from slot 8
[2022-12-16 15:21:52] [SEVERE ] removing tokens from slot 9
[2022-12-16 15:21:52] [SEVERE ] removing card from slot 9
[2022-12-16 15:21:53] [SEVERE ] removing tokens from slot 10
[2022-12-16 15:21:53] [SEVERE ] removing card from slot 10
[2022-12-16 15:21:53] [SEVERE ] setting player 2 freeze to 0
[2022-12-16 15:21:53] [SEVERE ] removing tokens from slot 11
[2022-12-16 15:21:53] [SEVERE ] removing card from slot 11
[2022-12-16 15:21:53] [INFO   ] Thread Thread-0 terminated.
[2022-12-16 15:21:53] [INFO   ] Thread Thread-1 terminated.
[2022-12-16 15:21:53] [INFO   ] Thread main terminated.
