[2022-12-16 15:30:16] [INFO   ] cannot read configuration file config.properties trying from resources.
[2022-12-16 15:30:16] [INFO   ] configuration file was loaded from resources directory.
[2022-12-16 15:30:17] [INFO   ] Thread dealer starting.
[2022-12-16 15:30:17] [INFO   ] Thread Thread-0starting.
[2022-12-16 15:30:17] [INFO   ] Thread Thread-2starting.
[2022-12-16 15:30:17] [INFO   ] Thread Thread-1starting.
[2022-12-16 15:30:17] [INFO   ] Thread computer-2 starting.
[2022-12-16 15:30:17] [SEVERE ] player 2 placing token on slot 9
[2022-12-16 15:30:17] [SEVERE ] placing card 22 in slot 0
[2022-12-16 15:30:17] [SEVERE ] placing card 10 in slot 1
[2022-12-16 15:30:17] [SEVERE ] placing card 54 in slot 2
[2022-12-16 15:30:18] [SEVERE ] player 2 placing token on slot 6
[2022-12-16 15:30:18] [SEVERE ] placing card 43 in slot 3
[2022-12-16 15:30:18] [SEVERE ] placing card 58 in slot 4
[2022-12-16 15:30:18] [SEVERE ] placing card 6 in slot 5
[2022-12-16 15:30:18] [SEVERE ] placing card 69 in slot 6
[2022-12-16 15:30:19] [SEVERE ] placing card 26 in slot 7
[2022-12-16 15:30:19] [SEVERE ] placing card 12 in slot 8
[2022-12-16 15:30:19] [SEVERE ] placing card 35 in slot 9
[2022-12-16 15:30:19] [SEVERE ] placing card 51 in slot 10
[2022-12-16 15:30:19] [SEVERE ] placing card 20 in slot 11
[2022-12-16 15:30:24] [SEVERE ] Exit button pressed
[2022-12-16 15:30:25] [SEVERE ] removing tokens from slot 0
[2022-12-16 15:30:25] [SEVERE ] removing card from slot 0
[2022-12-16 15:30:25] [SEVERE ] removing tokens from slot 1
[2022-12-16 15:30:25] [SEVERE ] removing card from slot 1
[2022-12-16 15:30:25] [SEVERE ] removing tokens from slot 2
[2022-12-16 15:30:25] [SEVERE ] removing card from slot 2
[2022-12-16 15:30:25] [SEVERE ] removing tokens from slot 3
[2022-12-16 15:30:25] [SEVERE ] removing card from slot 3
[2022-12-16 15:30:26] [SEVERE ] removing tokens from slot 4
[2022-12-16 15:30:26] [SEVERE ] removing card from slot 4
[2022-12-16 15:30:26] [SEVERE ] removing tokens from slot 5
[2022-12-16 15:30:26] [SEVERE ] removing card from slot 5
[2022-12-16 15:30:26] [SEVERE ] removing tokens from slot 6
[2022-12-16 15:30:26] [SEVERE ] removing card from slot 6
[2022-12-16 15:30:26] [SEVERE ] removing tokens from slot 7
[2022-12-16 15:30:26] [SEVERE ] removing card from slot 7
[2022-12-16 15:30:26] [SEVERE ] removing tokens from slot 8
[2022-12-16 15:30:26] [SEVERE ] removing card from slot 8
[2022-12-16 15:30:27] [SEVERE ] removing tokens from slot 9
[2022-12-16 15:30:27] [SEVERE ] removing card from slot 9
[2022-12-16 15:30:27] [SEVERE ] removing tokens from slot 10
[2022-12-16 15:30:27] [SEVERE ] removing card from slot 10
[2022-12-16 15:30:27] [SEVERE ] removing tokens from slot 11
[2022-12-16 15:30:27] [SEVERE ] removing card from slot 11
[2022-12-16 15:30:27] [INFO   ] Thread Thread-1 terminated.
[2022-12-16 15:30:27] [INFO   ] Thread Thread-0 terminated.
[2022-12-16 15:30:27] [INFO   ] Thread main terminated.
