[2022-12-16 16:36:30] [INFO   ] cannot read configuration file config.properties trying from resources.
[2022-12-16 16:36:30] [INFO   ] configuration file was loaded from resources directory.
[2022-12-16 16:36:30] [INFO   ] Thread dealer starting.
[2022-12-16 16:36:30] [INFO   ] Thread Thread-0starting.
[2022-12-16 16:36:30] [INFO   ] Thread Thread-3starting.
[2022-12-16 16:36:30] [INFO   ] Thread Thread-1starting.
[2022-12-16 16:36:30] [INFO   ] Thread Thread-2starting.
[2022-12-16 16:36:30] [INFO   ] Thread computer-3 starting.
[2022-12-16 16:36:30] [INFO   ] Thread computer-2 starting.
[2022-12-16 16:36:31] [SEVERE ] placing card 69 in slot 0
[2022-12-16 16:36:31] [SEVERE ] placing card 26 in slot 1
[2022-12-16 16:36:31] [SEVERE ] placing card 39 in slot 2
[2022-12-16 16:36:31] [SEVERE ] player 3 placing token on slot 7
[2022-12-16 16:36:31] [SEVERE ] player 2 placing token on slot 10
[2022-12-16 16:36:31] [SEVERE ] placing card 77 in slot 3
[2022-12-16 16:36:31] [SEVERE ] placing card 68 in slot 4
[2022-12-16 16:36:32] [SEVERE ] placing card 44 in slot 5
[2022-12-16 16:36:32] [SEVERE ] placing card 29 in slot 6
[2022-12-16 16:36:32] [SEVERE ] player 2 placing token on slot 1
[2022-12-16 16:36:32] [SEVERE ] player 3 placing token on slot 2
[2022-12-16 16:36:32] [SEVERE ] placing card 20 in slot 7
[2022-12-16 16:36:32] [SEVERE ] placing card 55 in slot 8
[2022-12-16 16:36:33] [SEVERE ] placing card 16 in slot 9
[2022-12-16 16:36:33] [SEVERE ] placing card 42 in slot 10
[2022-12-16 16:36:33] [SEVERE ] player 2 placing token on slot 6
[2022-12-16 16:36:33] [SEVERE ] setting player 2 freeze to 3000
[2022-12-16 16:36:33] [SEVERE ] placing card 5 in slot 11
[2022-12-16 16:36:34] [SEVERE ] setting player 2 freeze to 2000
[2022-12-16 16:36:35] [SEVERE ] setting player 2 freeze to 1000
[2022-12-16 16:36:36] [SEVERE ] Exit button pressed
[2022-12-16 16:36:36] [SEVERE ] setting player 2 freeze to 0
[2022-12-16 16:36:36] [SEVERE ] removing player 2 token from slot 6
[2022-12-16 16:36:36] [SEVERE ] player 2 placing token on slot 0
[2022-12-16 16:36:36] [SEVERE ] setting player 2 freeze to 3000
[2022-12-16 16:36:36] [SEVERE ] setting player 2 freeze to 0
[2022-12-16 16:36:36] [SEVERE ] removing tokens from slot 0
[2022-12-16 16:36:36] [SEVERE ] removing card from slot 0
[2022-12-16 16:36:36] [SEVERE ] removing tokens from slot 1
[2022-12-16 16:36:36] [SEVERE ] removing card from slot 1
[2022-12-16 16:36:37] [SEVERE ] removing tokens from slot 2
[2022-12-16 16:36:37] [SEVERE ] removing card from slot 2
[2022-12-16 16:36:37] [SEVERE ] removing tokens from slot 3
[2022-12-16 16:36:37] [SEVERE ] removing card from slot 3
[2022-12-16 16:36:37] [SEVERE ] removing tokens from slot 4
[2022-12-16 16:36:37] [SEVERE ] removing card from slot 4
[2022-12-16 16:36:37] [SEVERE ] removing tokens from slot 5
[2022-12-16 16:36:37] [SEVERE ] removing card from slot 5
[2022-12-16 16:36:37] [SEVERE ] removing tokens from slot 6
[2022-12-16 16:36:37] [SEVERE ] removing card from slot 6
[2022-12-16 16:36:38] [SEVERE ] removing tokens from slot 7
[2022-12-16 16:36:38] [SEVERE ] removing card from slot 7
[2022-12-16 16:36:38] [SEVERE ] removing tokens from slot 8
[2022-12-16 16:36:38] [SEVERE ] removing card from slot 8
[2022-12-16 16:36:38] [SEVERE ] removing tokens from slot 9
[2022-12-16 16:36:38] [SEVERE ] removing card from slot 9
[2022-12-16 16:36:38] [SEVERE ] removing tokens from slot 10
[2022-12-16 16:36:38] [SEVERE ] removing card from slot 10
[2022-12-16 16:36:39] [SEVERE ] removing tokens from slot 11
[2022-12-16 16:36:39] [SEVERE ] removing card from slot 11
[2022-12-16 16:36:39] [INFO   ] Thread Thread-0 terminated.
[2022-12-16 16:36:39] [INFO   ] Thread Thread-1 terminated.
[2022-12-16 16:36:39] [SEVERE ] announcing winners: [0, 1, 2, 3]
[2022-12-16 16:36:39] [INFO   ] Thread dealer terminated.
[2022-12-16 16:36:39] [INFO   ] Thread main terminated.
