[2022-12-16 14:57:36] [INFO   ] cannot read configuration file config.properties trying from resources.
[2022-12-16 14:57:36] [INFO   ] configuration file was loaded from resources directory.
[2022-12-16 14:57:37] [INFO   ] Thread dealer starting.
[2022-12-16 14:57:37] [INFO   ] Thread Thread-0starting.
[2022-12-16 14:57:37] [INFO   ] Thread Thread-2starting.
[2022-12-16 14:57:37] [INFO   ] Thread Thread-1starting.
[2022-12-16 14:57:37] [INFO   ] Thread computer-2 starting.
[2022-12-16 14:57:37] [SEVERE ] player 2 placing token on slot 3
[2022-12-16 14:57:37] [SEVERE ] placing card 73 in slot 0
[2022-12-16 14:57:37] [SEVERE ] placing card 26 in slot 1
[2022-12-16 14:57:37] [SEVERE ] placing card 50 in slot 2
[2022-12-16 14:57:37] [SEVERE ] placing card 25 in slot 3
[2022-12-16 14:57:37] [SEVERE ] placing card 32 in slot 4
[2022-12-16 14:57:37] [SEVERE ] placing card 56 in slot 5
[2022-12-16 14:57:37] [SEVERE ] placing card 69 in slot 6
[2022-12-16 14:57:38] [SEVERE ] player 2 placing token on slot 10
[2022-12-16 14:57:38] [SEVERE ] placing card 0 in slot 7
[2022-12-16 14:57:38] [SEVERE ] placing card 37 in slot 8
[2022-12-16 14:57:38] [SEVERE ] placing card 38 in slot 9
[2022-12-16 14:57:38] [SEVERE ] placing card 24 in slot 10
[2022-12-16 14:57:38] [SEVERE ] placing card 30 in slot 11
[2022-12-16 14:57:38] [SEVERE ] player 2 placing token on slot 4
[2022-12-16 14:57:38] [SEVERE ] setting player 2 freeze to 3000
[2022-12-16 14:57:39] [SEVERE ] setting player 2 freeze to 2000
[2022-12-16 14:57:40] [SEVERE ] setting player 2 freeze to 1000
[2022-12-16 14:57:41] [SEVERE ] setting player 2 freeze to 0
[2022-12-16 14:57:41] [SEVERE ] setting player 2 freeze to 0
[2022-12-16 14:57:42] [SEVERE ] removing player 2 token from slot 3
[2022-12-16 14:57:42] [SEVERE ] player 2 placing token on slot 2
[2022-12-16 14:57:42] [SEVERE ] setting player 2 freeze to 3000
[2022-12-16 14:57:43] [SEVERE ] setting player 2 freeze to 2000
[2022-12-16 14:57:44] [SEVERE ] setting player 2 freeze to 1000
[2022-12-16 14:57:45] [SEVERE ] setting player 2 freeze to 0
[2022-12-16 14:57:45] [SEVERE ] setting player 2 freeze to 0
[2022-12-16 14:57:46] [SEVERE ] removing player 2 token from slot 2
[2022-12-16 14:57:46] [SEVERE ] player 2 placing token on slot 2
[2022-12-16 14:57:46] [SEVERE ] setting player 2 freeze to 3000
[2022-12-16 14:57:47] [SEVERE ] setting player 2 freeze to 2000
[2022-12-16 14:57:48] [SEVERE ] setting player 2 freeze to 1000
[2022-12-16 14:57:49] [SEVERE ] setting player 2 freeze to 0
[2022-12-16 14:57:49] [SEVERE ] setting player 2 freeze to 0
[2022-12-16 14:57:49] [SEVERE ] removing player 2 token from slot 2
[2022-12-16 14:57:50] [SEVERE ] player 2 placing token on slot 5
[2022-12-16 14:57:50] [SEVERE ] setting player 2 freeze to 3000
[2022-12-16 14:57:50] [SEVERE ] setting player 2 freeze to 2000
[2022-12-16 14:57:51] [SEVERE ] setting player 2 freeze to 1000
[2022-12-16 14:57:52] [SEVERE ] setting player 2 freeze to 0
[2022-12-16 14:57:53] [SEVERE ] setting player 2 freeze to 0
[2022-12-16 14:57:53] [SEVERE ] removing player 2 token from slot 10
[2022-12-16 14:57:53] [SEVERE ] player 2 placing token on slot 2
[2022-12-16 14:57:53] [SEVERE ] setting player 2 freeze to 3000
[2022-12-16 14:57:53] [SEVERE ] setting player 2 freeze to 2000
[2022-12-16 14:57:54] [SEVERE ] setting player 2 freeze to 1000
[2022-12-16 14:57:55] [SEVERE ] setting player 2 freeze to 0
[2022-12-16 14:57:56] [SEVERE ] setting player 2 freeze to 0
[2022-12-16 14:57:56] [SEVERE ] removing player 2 token from slot 4
[2022-12-16 14:57:56] [SEVERE ] player 2 placing token on slot 7
[2022-12-16 14:57:56] [SEVERE ] removing player 2 token from slot 5
[2022-12-16 14:57:56] [SEVERE ] player 2 placing token on slot 4
[2022-12-16 14:57:56] [SEVERE ] setting player 2 freeze to 3000
[2022-12-16 14:57:56] [SEVERE ] setting player 2 freeze to 2000
[2022-12-16 14:57:57] [SEVERE ] setting player 2 freeze to 1000
[2022-12-16 14:57:58] [SEVERE ] setting player 2 freeze to 0
[2022-12-16 14:57:59] [SEVERE ] setting player 2 freeze to 0
[2022-12-16 14:57:59] [SEVERE ] removing player 2 token from slot 7
[2022-12-16 14:57:59] [SEVERE ] player 2 placing token on slot 0
[2022-12-16 14:57:59] [SEVERE ] setting player 2 freeze to 3000
[2022-12-16 14:57:59] [SEVERE ] setting player 2 freeze to 2000
[2022-12-16 14:58:00] [SEVERE ] setting player 2 freeze to 1000
[2022-12-16 14:58:01] [SEVERE ] setting player 2 freeze to 0
[2022-12-16 14:58:02] [SEVERE ] setting player 2 freeze to 0
[2022-12-16 14:58:02] [SEVERE ] removing player 2 token from slot 4
[2022-12-16 14:58:02] [SEVERE ] removing player 2 token from slot 2
[2022-12-16 14:58:02] [SEVERE ] player 2 placing token on slot 7
[2022-12-16 14:58:03] [SEVERE ] player 2 placing token on slot 1
[2022-12-16 14:58:03] [SEVERE ] setting player 2 freeze to 3000
[2022-12-16 14:58:03] [SEVERE ] setting player 2 freeze to 2000
[2022-12-16 14:58:04] [SEVERE ] setting player 2 freeze to 1000
[2022-12-16 14:58:05] [SEVERE ] setting player 2 freeze to 0
[2022-12-16 14:58:06] [SEVERE ] setting player 2 freeze to 0
[2022-12-16 14:58:06] [SEVERE ] removing player 2 token from slot 0
[2022-12-16 14:58:06] [SEVERE ] removing player 2 token from slot 7
[2022-12-16 14:58:06] [SEVERE ] player 2 placing token on slot 10
[2022-12-16 14:58:07] [SEVERE ] removing player 2 token from slot 10
[2022-12-16 14:58:07] [SEVERE ] player 2 placing token on slot 8
[2022-12-16 14:58:08] [SEVERE ] player 2 placing token on slot 7
[2022-12-16 14:58:08] [SEVERE ] setting player 2 freeze to 3000
[2022-12-16 14:58:08] [SEVERE ] setting player 2 freeze to 2000
[2022-12-16 14:58:09] [SEVERE ] setting player 2 freeze to 1000
[2022-12-16 14:58:10] [SEVERE ] setting player 2 freeze to 0
[2022-12-16 14:58:11] [SEVERE ] setting player 2 freeze to 0
[2022-12-16 14:58:11] [SEVERE ] removing player 2 token from slot 8
[2022-12-16 14:58:11] [SEVERE ] player 2 placing token on slot 0
[2022-12-16 14:58:11] [SEVERE ] setting player 2 freeze to 3000
[2022-12-16 14:58:12] [SEVERE ] setting player 2 freeze to 2000
[2022-12-16 14:58:13] [SEVERE ] setting player 2 freeze to 1000
[2022-12-16 14:58:14] [SEVERE ] setting player 2 freeze to 0
[2022-12-16 14:58:14] [SEVERE ] setting player 2 freeze to 0
[2022-12-16 14:58:21] [SEVERE ] removing player 2 token from slot 1
[2022-12-16 14:58:22] [SEVERE ] removing player 2 token from slot 7
[2022-12-16 14:58:23] [SEVERE ] player 2 placing token on slot 9
[2022-12-16 14:58:24] [SEVERE ] player 2 placing token on slot 7
[2022-12-16 14:58:24] [SEVERE ] setting player 2 freeze to 1000
[2022-12-16 14:58:24] [SEVERE ] setting player 2 freeze to 0
[2022-12-16 14:58:24] [SEVERE ] removing player 2 token from slot 0
[2022-12-16 14:58:24] [SEVERE ] removing player 2 token from slot 9
[2022-12-16 14:58:24] [SEVERE ] removing player 2 token from slot 7
[2022-12-16 14:58:24] [SEVERE ] setting player 2 score to 1
[2022-12-16 14:58:25] [SEVERE ] removing tokens from slot 0
[2022-12-16 14:58:25] [SEVERE ] removing card from slot 0
[2022-12-16 14:58:25] [SEVERE ] setting player 2 freeze to 0
[2022-12-16 14:58:25] [SEVERE ] player 2 placing token on slot 6
[2022-12-16 14:58:25] [SEVERE ] removing tokens from slot 9
[2022-12-16 14:58:25] [SEVERE ] removing card from slot 9
[2022-12-16 14:58:25] [SEVERE ] removing tokens from slot 7
[2022-12-16 14:58:25] [SEVERE ] removing card from slot 7
[2022-12-16 14:58:25] [SEVERE ] placing card 33 in slot 0
[2022-12-16 14:58:25] [SEVERE ] placing card 36 in slot 7
[2022-12-16 14:58:25] [SEVERE ] placing card 1 in slot 9
[2022-12-16 14:58:25] [SEVERE ] player 2 placing token on slot 8
[2022-12-16 14:58:26] [SEVERE ] player 2 placing token on slot 4
[2022-12-16 14:58:26] [SEVERE ] setting player 2 freeze to 3000
[2022-12-16 14:58:26] [SEVERE ] setting player 2 freeze to 2000
[2022-12-16 14:58:27] [SEVERE ] setting player 2 freeze to 1000
[2022-12-16 14:58:28] [SEVERE ] setting player 2 freeze to 0
[2022-12-16 14:58:29] [SEVERE ] setting player 2 freeze to 0
[2022-12-16 14:58:29] [SEVERE ] removing player 2 token from slot 8
[2022-12-16 14:58:29] [SEVERE ] player 2 placing token on slot 10
[2022-12-16 14:58:29] [SEVERE ] setting player 2 freeze to 3000
[2022-12-16 14:58:29] [SEVERE ] setting player 2 freeze to 2000
[2022-12-16 14:58:30] [SEVERE ] setting player 2 freeze to 1000
[2022-12-16 14:58:31] [SEVERE ] setting player 2 freeze to 0
[2022-12-16 14:58:32] [SEVERE ] setting player 2 freeze to 0
[2022-12-16 14:58:32] [SEVERE ] removing player 2 token from slot 4
[2022-12-16 14:58:32] [SEVERE ] player 2 placing token on slot 7
[2022-12-16 14:58:32] [SEVERE ] setting player 2 freeze to 3000
[2022-12-16 14:58:32] [SEVERE ] setting player 2 freeze to 2000
[2022-12-16 14:58:33] [SEVERE ] setting player 2 freeze to 1000
[2022-12-16 14:58:34] [SEVERE ] setting player 2 freeze to 0
[2022-12-16 14:58:35] [SEVERE ] setting player 2 freeze to 0
[2022-12-16 14:58:35] [SEVERE ] removing player 2 token from slot 6
[2022-12-16 14:58:35] [SEVERE ] player 2 placing token on slot 6
[2022-12-16 14:58:35] [SEVERE ] setting player 2 freeze to 3000
[2022-12-16 14:58:35] [SEVERE ] setting player 2 freeze to 2000
