[2022-12-16 13:21:51] [INFO   ] cannot read configuration file config.properties trying from resources.
[2022-12-16 13:21:51] [INFO   ] configuration file was loaded from resources directory.
[2022-12-16 13:21:51] [INFO   ] Thread dealer starting.
[2022-12-16 13:21:51] [INFO   ] Thread Thread-0starting.
[2022-12-16 13:21:51] [INFO   ] Thread Thread-1starting.
[2022-12-16 13:21:52] [SEVERE ] placing card 23 in slot 0
[2022-12-16 13:21:52] [SEVERE ] placing card 51 in slot 1
[2022-12-16 13:21:52] [SEVERE ] placing card 46 in slot 2
[2022-12-16 13:21:52] [SEVERE ] placing card 58 in slot 3
[2022-12-16 13:21:52] [SEVERE ] placing card 74 in slot 4
[2022-12-16 13:21:52] [SEVERE ] placing card 41 in slot 5
[2022-12-16 13:21:52] [SEVERE ] placing card 21 in slot 6
[2022-12-16 13:21:52] [SEVERE ] placing card 14 in slot 7
[2022-12-16 13:21:52] [SEVERE ] placing card 44 in slot 8
[2022-12-16 13:21:53] [SEVERE ] placing card 78 in slot 9
[2022-12-16 13:21:53] [SEVERE ] placing card 4 in slot 10
[2022-12-16 13:21:53] [SEVERE ] placing card 16 in slot 11
[2022-12-16 13:21:55] [SEVERE ] Key 81 was pressed by player 0
[2022-12-16 13:21:55] [SEVERE ] player 0 placing token on slot 0
[2022-12-16 13:21:55] [SEVERE ] Key 87 was pressed by player 0
[2022-12-16 13:21:55] [SEVERE ] player 0 placing token on slot 1
[2022-12-16 13:21:55] [SEVERE ] Key 69 was pressed by player 0
[2022-12-16 13:21:55] [SEVERE ] player 0 placing token on slot 2
[2022-12-16 13:21:55] [SEVERE ] setting player 0 freeze to 3000
[2022-12-16 13:21:55] [SEVERE ] Key 81 was pressed by player 0
[2022-12-16 13:21:55] [SEVERE ] Key 69 was pressed by player 0
[2022-12-16 13:21:55] [SEVERE ] Key 87 was pressed by player 0
[2022-12-16 13:21:55] [SEVERE ] Key 81 was pressed by player 0
[2022-12-16 13:21:55] [SEVERE ] Key 69 was pressed by player 0
[2022-12-16 13:21:56] [SEVERE ] Key 69 was pressed by player 0
[2022-12-16 13:21:56] [SEVERE ] setting player 0 freeze to 2000
[2022-12-16 13:21:57] [SEVERE ] setting player 0 freeze to 1000
[2022-12-16 13:21:58] [SEVERE ] setting player 0 freeze to 0
[2022-12-16 13:21:58] [SEVERE ] removing player 0 token from slot 0
[2022-12-16 13:21:58] [SEVERE ] removing player 0 token from slot 2
[2022-12-16 13:21:58] [SEVERE ] removing player 0 token from slot 1
[2022-12-16 13:21:58] [SEVERE ] Key 81 was pressed by player 0
[2022-12-16 13:21:58] [SEVERE ] player 0 placing token on slot 0
[2022-12-16 13:21:58] [SEVERE ] Key 87 was pressed by player 0
[2022-12-16 13:21:58] [SEVERE ] player 0 placing token on slot 1
[2022-12-16 13:21:58] [SEVERE ] Key 69 was pressed by player 0
[2022-12-16 13:21:58] [SEVERE ] player 0 placing token on slot 2
[2022-12-16 13:21:58] [SEVERE ] Key 81 was pressed by player 0
[2022-12-16 13:21:58] [SEVERE ] removing player 0 token from slot 0
[2022-12-16 13:21:58] [SEVERE ] Key 69 was pressed by player 0
[2022-12-16 13:21:58] [SEVERE ] removing player 0 token from slot 2
[2022-12-16 13:21:58] [SEVERE ] Key 81 was pressed by player 0
[2022-12-16 13:21:58] [SEVERE ] player 0 placing token on slot 0
[2022-12-16 13:21:59] [SEVERE ] setting player 0 freeze to 3000
[2022-12-16 13:22:00] [SEVERE ] setting player 0 freeze to 2000
[2022-12-16 13:22:01] [SEVERE ] setting player 0 freeze to 1000
[2022-12-16 13:22:02] [SEVERE ] setting player 0 freeze to 0
[2022-12-16 13:22:08] [SEVERE ] Key 87 was pressed by player 0
[2022-12-16 13:22:08] [SEVERE ] removing player 0 token from slot 1
[2022-12-16 13:22:08] [SEVERE ] Key 81 was pressed by player 0
[2022-12-16 13:22:08] [SEVERE ] removing player 0 token from slot 0
[2022-12-16 13:22:10] [SEVERE ] Key 69 was pressed by player 0
[2022-12-16 13:22:10] [SEVERE ] player 0 placing token on slot 2
[2022-12-16 13:22:10] [SEVERE ] Key 87 was pressed by player 0
[2022-12-16 13:22:10] [SEVERE ] player 0 placing token on slot 1
[2022-12-16 13:22:10] [SEVERE ] Key 81 was pressed by player 0
[2022-12-16 13:22:10] [SEVERE ] player 0 placing token on slot 0
[2022-12-16 13:22:10] [SEVERE ] Key 69 was pressed by player 0
[2022-12-16 13:22:10] [SEVERE ] removing player 0 token from slot 2
[2022-12-16 13:22:10] [SEVERE ] Key 87 was pressed by player 0
[2022-12-16 13:22:10] [SEVERE ] removing player 0 token from slot 1
[2022-12-16 13:22:10] [SEVERE ] Key 81 was pressed by player 0
[2022-12-16 13:22:10] [SEVERE ] removing player 0 token from slot 0
[2022-12-16 13:22:11] [SEVERE ] setting player 0 freeze to 3000
[2022-12-16 13:22:12] [SEVERE ] setting player 0 freeze to 2000
[2022-12-16 13:22:13] [SEVERE ] setting player 0 freeze to 1000
[2022-12-16 13:22:14] [SEVERE ] setting player 0 freeze to 0
[2022-12-16 13:22:17] [SEVERE ] Key 81 was pressed by player 0
[2022-12-16 13:22:17] [SEVERE ] player 0 placing token on slot 0
[2022-12-16 13:22:17] [SEVERE ] Key 87 was pressed by player 0
[2022-12-16 13:22:17] [SEVERE ] player 0 placing token on slot 1
[2022-12-16 13:22:18] [SEVERE ] Key 69 was pressed by player 0
[2022-12-16 13:22:18] [SEVERE ] player 0 placing token on slot 2
[2022-12-16 13:22:18] [SEVERE ] setting player 0 freeze to 3000
[2022-12-16 13:22:19] [SEVERE ] setting player 0 freeze to 2000
[2022-12-16 13:22:19] [SEVERE ] Key 81 was pressed by player 0
[2022-12-16 13:22:19] [SEVERE ] Key 87 was pressed by player 0
[2022-12-16 13:22:19] [SEVERE ] Key 87 was pressed by player 0
[2022-12-16 13:22:19] [SEVERE ] Key 69 was pressed by player 0
[2022-12-16 13:22:19] [SEVERE ] Key 87 was pressed by player 0
[2022-12-16 13:22:19] [SEVERE ] Key 81 was pressed by player 0
[2022-12-16 13:22:19] [SEVERE ] Key 69 was pressed by player 0
[2022-12-16 13:22:20] [SEVERE ] Key 69 was pressed by player 0
[2022-12-16 13:22:20] [SEVERE ] Key 87 was pressed by player 0
[2022-12-16 13:22:20] [SEVERE ] Key 69 was pressed by player 0
[2022-12-16 13:22:20] [SEVERE ] Key 87 was pressed by player 0
[2022-12-16 13:22:20] [SEVERE ] Key 81 was pressed by player 0
[2022-12-16 13:22:20] [SEVERE ] setting player 0 freeze to 1000
[2022-12-16 13:22:21] [SEVERE ] setting player 0 freeze to 0
[2022-12-16 13:22:21] [SEVERE ] removing player 0 token from slot 0
[2022-12-16 13:22:21] [SEVERE ] removing player 0 token from slot 1
[2022-12-16 13:22:21] [SEVERE ] player 0 placing token on slot 1
[2022-12-16 13:22:22] [SEVERE ] Key 87 was pressed by player 0
[2022-12-16 13:22:22] [SEVERE ] removing player 0 token from slot 1
[2022-12-16 13:22:22] [SEVERE ] Key 69 was pressed by player 0
[2022-12-16 13:22:22] [SEVERE ] removing player 0 token from slot 2
[2022-12-16 13:22:24] [SEVERE ] Key 81 was pressed by player 0
[2022-12-16 13:22:24] [SEVERE ] player 0 placing token on slot 0
[2022-12-16 13:22:24] [SEVERE ] Key 87 was pressed by player 0
[2022-12-16 13:22:24] [SEVERE ] player 0 placing token on slot 1
[2022-12-16 13:22:24] [SEVERE ] Key 69 was pressed by player 0
[2022-12-16 13:22:24] [SEVERE ] player 0 placing token on slot 2
[2022-12-16 13:22:24] [SEVERE ] Key 81 was pressed by player 0
[2022-12-16 13:22:24] [SEVERE ] removing player 0 token from slot 0
[2022-12-16 13:22:24] [SEVERE ] Key 69 was pressed by player 0
[2022-12-16 13:22:24] [SEVERE ] removing player 0 token from slot 2
[2022-12-16 13:22:24] [SEVERE ] Key 87 was pressed by player 0
[2022-12-16 13:22:24] [SEVERE ] removing player 0 token from slot 1
[2022-12-16 13:22:24] [SEVERE ] Key 81 was pressed by player 0
[2022-12-16 13:22:24] [SEVERE ] player 0 placing token on slot 0
[2022-12-16 13:22:25] [SEVERE ] setting player 0 freeze to 3000
[2022-12-16 13:22:26] [SEVERE ] setting player 0 freeze to 2000
[2022-12-16 13:22:27] [SEVERE ] setting player 0 freeze to 1000
[2022-12-16 13:22:28] [SEVERE ] setting player 0 freeze to 0
[2022-12-16 13:22:30] [SEVERE ] Key 81 was pressed by player 0
[2022-12-16 13:22:30] [SEVERE ] removing player 0 token from slot 0
[2022-12-16 13:22:31] [SEVERE ] Key 81 was pressed by player 0
[2022-12-16 13:22:31] [SEVERE ] player 0 placing token on slot 0
[2022-12-16 13:22:31] [SEVERE ] Key 87 was pressed by player 0
[2022-12-16 13:22:31] [SEVERE ] player 0 placing token on slot 1
[2022-12-16 13:22:31] [SEVERE ] Key 69 was pressed by player 0
[2022-12-16 13:22:31] [SEVERE ] player 0 placing token on slot 2
[2022-12-16 13:22:31] [SEVERE ] Key 81 was pressed by player 0
[2022-12-16 13:22:31] [SEVERE ] removing player 0 token from slot 0
[2022-12-16 13:22:31] [SEVERE ] Key 69 was pressed by player 0
[2022-12-16 13:22:31] [SEVERE ] removing player 0 token from slot 2
[2022-12-16 13:22:31] [SEVERE ] Key 87 was pressed by player 0
[2022-12-16 13:22:31] [SEVERE ] removing player 0 token from slot 1
[2022-12-16 13:22:32] [SEVERE ] Key 81 was pressed by player 0
[2022-12-16 13:22:32] [SEVERE ] player 0 placing token on slot 0
[2022-12-16 13:22:32] [SEVERE ] Key 87 was pressed by player 0
[2022-12-16 13:22:32] [SEVERE ] player 0 placing token on slot 1
[2022-12-16 13:22:32] [SEVERE ] Key 69 was pressed by player 0
[2022-12-16 13:22:32] [SEVERE ] player 0 placing token on slot 2
[2022-12-16 13:22:32] [SEVERE ] Key 81 was pressed by player 0
[2022-12-16 13:22:32] [SEVERE ] removing player 0 token from slot 0
[2022-12-16 13:22:32] [SEVERE ] Key 69 was pressed by player 0
[2022-12-16 13:22:32] [SEVERE ] removing player 0 token from slot 2
[2022-12-16 13:22:32] [SEVERE ] Key 87 was pressed by player 0
[2022-12-16 13:22:32] [SEVERE ] removing player 0 token from slot 1
[2022-12-16 13:22:32] [SEVERE ] setting player 0 freeze to 3000
[2022-12-16 13:22:32] [SEVERE ] Key 81 was pressed by player 0
[2022-12-16 13:22:32] [SEVERE ] Key 87 was pressed by player 0
[2022-12-16 13:22:32] [SEVERE ] Key 69 was pressed by player 0
[2022-12-16 13:22:32] [SEVERE ] Key 69 was pressed by player 0
[2022-12-16 13:22:32] [SEVERE ] Key 87 was pressed by player 0
[2022-12-16 13:22:32] [SEVERE ] Key 81 was pressed by player 0
[2022-12-16 13:22:33] [SEVERE ] setting player 0 freeze to 2000
[2022-12-16 13:22:34] [SEVERE ] setting player 0 freeze to 1000
