[2022-12-16 16:02:41] [INFO   ] cannot read configuration file config.properties trying from resources.
[2022-12-16 16:02:41] [INFO   ] configuration file was loaded from resources directory.
[2022-12-16 16:02:42] [INFO   ] Thread dealer starting.
[2022-12-16 16:02:42] [INFO   ] Thread Thread-0starting.
[2022-12-16 16:02:42] [INFO   ] Thread Thread-3starting.
[2022-12-16 16:02:42] [INFO   ] Thread Thread-2starting.
[2022-12-16 16:02:42] [INFO   ] Thread Thread-1starting.
[2022-12-16 16:02:42] [INFO   ] Thread computer-3 starting.
[2022-12-16 16:02:42] [SEVERE ] player 3 placing token on slot 0
[2022-12-16 16:02:42] [INFO   ] Thread computer-2 starting.
[2022-12-16 16:02:42] [SEVERE ] player 2 placing token on slot 10
[2022-12-16 16:02:42] [SEVERE ] placing card 63 in slot 0
[2022-12-16 16:02:42] [SEVERE ] placing card 41 in slot 1
[2022-12-16 16:02:42] [SEVERE ] placing card 4 in slot 2
[2022-12-16 16:02:42] [SEVERE ] placing card 11 in slot 3
[2022-12-16 16:02:43] [SEVERE ] placing card 17 in slot 4
[2022-12-16 16:02:43] [SEVERE ] placing card 46 in slot 5
[2022-12-16 16:02:43] [SEVERE ] placing card 64 in slot 6
[2022-12-16 16:02:43] [SEVERE ] player 3 placing token on slot 9
[2022-12-16 16:02:43] [SEVERE ] player 2 placing token on slot 9
[2022-12-16 16:02:43] [SEVERE ] placing card 79 in slot 7
[2022-12-16 16:02:43] [SEVERE ] placing card 6 in slot 8
[2022-12-16 16:02:43] [SEVERE ] placing card 44 in slot 9
[2022-12-16 16:02:43] [SEVERE ] placing card 70 in slot 10
[2022-12-16 16:02:43] [SEVERE ] placing card 62 in slot 11
[2022-12-16 16:02:44] [SEVERE ] player 3 placing token on slot 1
[2022-12-16 16:02:44] [SEVERE ] setting player 3 freeze to 3000
[2022-12-16 16:02:44] [SEVERE ] player 2 placing token on slot 4
[2022-12-16 16:02:44] [SEVERE ] setting player 2 freeze to 3000
[2022-12-16 16:02:44] [SEVERE ] setting player 2 freeze to 2000
[2022-12-16 16:02:44] [SEVERE ] setting player 3 freeze to 2000
[2022-12-16 16:02:45] [SEVERE ] setting player 2 freeze to 1000
[2022-12-16 16:02:45] [SEVERE ] setting player 3 freeze to 1000
[2022-12-16 16:02:46] [SEVERE ] setting player 2 freeze to 0
[2022-12-16 16:02:46] [SEVERE ] setting player 3 freeze to 0
[2022-12-16 16:02:47] [SEVERE ] setting player 3 freeze to 0
[2022-12-16 16:02:47] [SEVERE ] removing player 3 token from slot 1
[2022-12-16 16:02:47] [SEVERE ] player 3 placing token on slot 4
[2022-12-16 16:02:47] [SEVERE ] setting player 3 freeze to 3000
[2022-12-16 16:02:47] [SEVERE ] setting player 2 freeze to 0
[2022-12-16 16:02:47] [SEVERE ] setting player 3 freeze to 2000
[2022-12-16 16:02:48] [SEVERE ] setting player 3 freeze to 1000
[2022-12-16 16:02:49] [SEVERE ] setting player 3 freeze to 0
[2022-12-16 16:02:50] [SEVERE ] setting player 3 freeze to 0
[2022-12-16 16:02:50] [SEVERE ] removing player 3 token from slot 9
[2022-12-16 16:02:50] [SEVERE ] Exit button pressed
[2022-12-16 16:02:50] [SEVERE ] player 3 placing token on slot 9
[2022-12-16 16:02:50] [SEVERE ] setting player 3 freeze to 3000
[2022-12-16 16:02:50] [SEVERE ] removing player 2 token from slot 4
[2022-12-16 16:02:50] [SEVERE ] setting player 3 freeze to 2000
[2022-12-16 16:02:50] [SEVERE ] removing tokens from slot 0
[2022-12-16 16:02:50] [SEVERE ] removing card from slot 0
[2022-12-16 16:02:51] [SEVERE ] removing tokens from slot 1
[2022-12-16 16:02:51] [SEVERE ] removing card from slot 1
[2022-12-16 16:02:51] [SEVERE ] removing tokens from slot 2
[2022-12-16 16:02:51] [SEVERE ] removing card from slot 2
[2022-12-16 16:02:51] [SEVERE ] removing tokens from slot 3
[2022-12-16 16:02:51] [SEVERE ] removing card from slot 3
[2022-12-16 16:02:51] [SEVERE ] player 2 placing token on slot 8
[2022-12-16 16:02:51] [SEVERE ] setting player 2 freeze to 3000
[2022-12-16 16:02:51] [SEVERE ] removing tokens from slot 4
[2022-12-16 16:02:51] [SEVERE ] removing card from slot 4
[2022-12-16 16:02:51] [SEVERE ] removing tokens from slot 5
[2022-12-16 16:02:51] [SEVERE ] removing card from slot 5
[2022-12-16 16:02:51] [SEVERE ] removing tokens from slot 6
[2022-12-16 16:02:51] [SEVERE ] removing card from slot 6
[2022-12-16 16:02:51] [SEVERE ] removing tokens from slot 7
[2022-12-16 16:02:51] [SEVERE ] removing card from slot 7
[2022-12-16 16:02:51] [SEVERE ] removing tokens from slot 8
[2022-12-16 16:02:51] [SEVERE ] removing card from slot 8
[2022-12-16 16:02:51] [SEVERE ] removing tokens from slot 9
[2022-12-16 16:02:51] [SEVERE ] removing card from slot 9
[2022-12-16 16:02:52] [SEVERE ] removing tokens from slot 10
[2022-12-16 16:02:52] [SEVERE ] removing card from slot 10
[2022-12-16 16:02:52] [SEVERE ] removing tokens from slot 11
[2022-12-16 16:02:52] [SEVERE ] removing card from slot 11
[2022-12-16 16:02:52] [INFO   ] Thread main terminated.
