[2022-12-16 14:22:20] [INFO   ] cannot read configuration file config.properties trying from resources.
[2022-12-16 14:22:20] [INFO   ] configuration file was loaded from resources directory.
[2022-12-16 14:22:21] [INFO   ] Thread dealer starting.
[2022-12-16 14:22:21] [INFO   ] Thread Thread-0starting.
[2022-12-16 14:22:21] [INFO   ] Thread Thread-1starting.
[2022-12-16 14:22:21] [SEVERE ] placing card 60 in slot 0
[2022-12-16 14:22:21] [SEVERE ] placing card 68 in slot 1
[2022-12-16 14:22:21] [SEVERE ] placing card 42 in slot 2
[2022-12-16 14:22:22] [SEVERE ] placing card 63 in slot 3
[2022-12-16 14:22:22] [SEVERE ] placing card 27 in slot 4
[2022-12-16 14:22:22] [SEVERE ] placing card 70 in slot 5
[2022-12-16 14:22:22] [SEVERE ] placing card 77 in slot 6
[2022-12-16 14:22:22] [SEVERE ] placing card 75 in slot 7
[2022-12-16 14:22:22] [SEVERE ] placing card 37 in slot 8
[2022-12-16 14:22:22] [SEVERE ] placing card 80 in slot 9
[2022-12-16 14:22:22] [SEVERE ] placing card 61 in slot 10
[2022-12-16 14:22:22] [SEVERE ] placing card 74 in slot 11
[2022-12-16 14:22:24] [SEVERE ] Key 81 was pressed by player 0
[2022-12-16 14:22:24] [SEVERE ] player 0 placing token on slot 0
[2022-12-16 14:22:24] [SEVERE ] Key 87 was pressed by player 0
[2022-12-16 14:22:24] [SEVERE ] player 0 placing token on slot 1
[2022-12-16 14:22:24] [SEVERE ] Key 69 was pressed by player 0
[2022-12-16 14:22:24] [SEVERE ] player 0 placing token on slot 2
[2022-12-16 14:22:24] [SEVERE ] setting player 0 freeze to 3000
[2022-12-16 14:22:24] [SEVERE ] setting player 0 freeze to 2000
[2022-12-16 14:22:25] [SEVERE ] setting player 0 freeze to 1000
[2022-12-16 14:22:26] [SEVERE ] setting player 0 freeze to 0
