[2022-12-16 15:47:24] [INFO   ] cannot read configuration file config.properties trying from resources.
[2022-12-16 15:47:24] [INFO   ] configuration file was loaded from resources directory.
[2022-12-16 15:47:25] [INFO   ] Thread dealer starting.
[2022-12-16 15:47:25] [INFO   ] Thread Thread-0starting.
[2022-12-16 15:47:25] [INFO   ] Thread Thread-1starting.
[2022-12-16 15:47:25] [INFO   ] Thread Thread-2starting.
[2022-12-16 15:47:25] [INFO   ] Thread computer-2 starting.
[2022-12-16 15:47:25] [SEVERE ] player 2 placing token on slot 5
[2022-12-16 15:47:26] [SEVERE ] placing card 35 in slot 0
[2022-12-16 15:47:26] [SEVERE ] placing card 68 in slot 1
[2022-12-16 15:47:26] [SEVERE ] placing card 4 in slot 2
[2022-12-16 15:47:26] [SEVERE ] removing player 2 token from slot 5
[2022-12-16 15:47:26] [SEVERE ] placing card 75 in slot 3
[2022-12-16 15:47:26] [SEVERE ] placing card 8 in slot 4
[2022-12-16 15:47:27] [SEVERE ] placing card 17 in slot 5
[2022-12-16 15:47:27] [SEVERE ] placing card 67 in slot 6
[2022-12-16 15:47:27] [SEVERE ] player 2 placing token on slot 10
[2022-12-16 15:47:27] [SEVERE ] placing card 44 in slot 7
[2022-12-16 15:47:27] [SEVERE ] placing card 45 in slot 8
[2022-12-16 15:47:28] [SEVERE ] placing card 76 in slot 9
[2022-12-16 15:47:28] [SEVERE ] placing card 9 in slot 10
[2022-12-16 15:47:28] [SEVERE ] player 2 placing token on slot 2
[2022-12-16 15:47:28] [SEVERE ] placing card 59 in slot 11
[2022-12-16 15:47:29] [SEVERE ] removing player 2 token from slot 2
[2022-12-16 15:47:29] [SEVERE ] player 2 placing token on slot 9
[2022-12-16 15:47:30] [SEVERE ] removing player 2 token from slot 10
[2022-12-16 15:47:31] [SEVERE ] removing player 2 token from slot 9
[2022-12-16 15:47:32] [SEVERE ] player 2 placing token on slot 1
[2022-12-16 15:47:33] [SEVERE ] player 2 placing token on slot 10
[2022-12-16 15:47:33] [SEVERE ] player 2 placing token on slot 2
[2022-12-16 15:47:33] [SEVERE ] setting player 2 freeze to 3000
[2022-12-16 15:47:34] [SEVERE ] setting player 2 freeze to 2000
[2022-12-16 15:47:35] [SEVERE ] setting player 2 freeze to 1000
[2022-12-16 15:47:36] [SEVERE ] setting player 2 freeze to 0
[2022-12-16 15:47:36] [SEVERE ] setting player 2 freeze to 0
[2022-12-16 15:47:40] [SEVERE ] removing player 2 token from slot 10
[2022-12-16 15:47:41] [SEVERE ] removing player 2 token from slot 2
[2022-12-16 15:47:41] [SEVERE ] removing player 2 token from slot 1
[2022-12-16 15:47:42] [SEVERE ] player 2 placing token on slot 10
[2022-12-16 15:47:43] [SEVERE ] player 2 placing token on slot 7
[2022-12-16 15:47:44] [SEVERE ] player 2 placing token on slot 1
[2022-12-16 15:47:44] [SEVERE ] setting player 2 freeze to 3000
[2022-12-16 15:47:44] [SEVERE ] setting player 2 freeze to 2000
[2022-12-16 15:47:45] [SEVERE ] setting player 2 freeze to 1000
[2022-12-16 15:47:46] [SEVERE ] setting player 2 freeze to 0
[2022-12-16 15:47:47] [SEVERE ] setting player 2 freeze to 0
[2022-12-16 15:47:47] [SEVERE ] removing player 2 token from slot 10
[2022-12-16 15:47:47] [SEVERE ] player 2 placing token on slot 9
[2022-12-16 15:47:47] [SEVERE ] setting player 2 freeze to 3000
[2022-12-16 15:47:47] [SEVERE ] setting player 2 freeze to 2000
[2022-12-16 15:47:47] [SEVERE ] Exit button pressed
[2022-12-16 15:47:48] [SEVERE ] setting player 2 freeze to 1000
[2022-12-16 15:47:48] [SEVERE ] removing tokens from slot 0
[2022-12-16 15:47:48] [SEVERE ] removing card from slot 0
[2022-12-16 15:47:48] [SEVERE ] removing tokens from slot 1
[2022-12-16 15:47:48] [SEVERE ] removing card from slot 1
[2022-12-16 15:47:49] [SEVERE ] removing tokens from slot 2
[2022-12-16 15:47:49] [SEVERE ] removing card from slot 2
[2022-12-16 15:47:49] [SEVERE ] removing tokens from slot 3
[2022-12-16 15:47:49] [SEVERE ] removing card from slot 3
[2022-12-16 15:47:49] [SEVERE ] removing tokens from slot 4
[2022-12-16 15:47:49] [SEVERE ] removing card from slot 4
[2022-12-16 15:47:49] [SEVERE ] removing tokens from slot 5
[2022-12-16 15:47:49] [SEVERE ] removing card from slot 5
[2022-12-16 15:47:50] [SEVERE ] removing tokens from slot 6
[2022-12-16 15:47:50] [SEVERE ] removing card from slot 6
[2022-12-16 15:47:50] [SEVERE ] removing tokens from slot 7
[2022-12-16 15:47:50] [SEVERE ] removing card from slot 7
[2022-12-16 15:47:50] [SEVERE ] setting player 2 freeze to 0
[2022-12-16 15:47:50] [SEVERE ] removing player 2 token from slot 7
[2022-12-16 15:47:50] [SEVERE ] removing tokens from slot 8
[2022-12-16 15:47:50] [SEVERE ] removing card from slot 8
[2022-12-16 15:47:50] [SEVERE ] removing tokens from slot 9
[2022-12-16 15:47:50] [SEVERE ] removing card from slot 9
[2022-12-16 15:47:50] [SEVERE ] removing tokens from slot 10
[2022-12-16 15:47:50] [SEVERE ] removing card from slot 10
[2022-12-16 15:47:51] [SEVERE ] removing tokens from slot 11
[2022-12-16 15:47:51] [SEVERE ] removing card from slot 11
[2022-12-16 15:47:51] [INFO   ] Thread Thread-1 terminated.
[2022-12-16 15:47:51] [INFO   ] Thread Thread-0 terminated.
[2022-12-16 15:47:51] [INFO   ] Thread main terminated.
