[2022-12-16 15:43:11] [INFO   ] cannot read configuration file config.properties trying from resources.
[2022-12-16 15:43:11] [INFO   ] configuration file was loaded from resources directory.
[2022-12-16 15:43:11] [INFO   ] Thread dealer starting.
[2022-12-16 15:43:11] [INFO   ] Thread Thread-0starting.
[2022-12-16 15:43:11] [INFO   ] Thread Thread-2starting.
[2022-12-16 15:43:11] [INFO   ] Thread Thread-1starting.
[2022-12-16 15:43:11] [INFO   ] Thread computer-2 starting.
[2022-12-16 15:43:11] [SEVERE ] player 2 placing token on slot 9
[2022-12-16 15:43:12] [SEVERE ] placing card 31 in slot 0
[2022-12-16 15:43:12] [SEVERE ] placing card 13 in slot 1
[2022-12-16 15:43:12] [SEVERE ] placing card 3 in slot 2
[2022-12-16 15:43:12] [SEVERE ] player 2 placing token on slot 8
[2022-12-16 15:43:12] [SEVERE ] placing card 17 in slot 3
[2022-12-16 15:43:13] [SEVERE ] placing card 73 in slot 4
[2022-12-16 15:43:13] [SEVERE ] placing card 4 in slot 5
[2022-12-16 15:43:13] [SEVERE ] placing card 24 in slot 6
[2022-12-16 15:43:13] [SEVERE ] placing card 2 in slot 7
[2022-12-16 15:43:13] [SEVERE ] placing card 26 in slot 8
[2022-12-16 15:43:14] [SEVERE ] placing card 20 in slot 9
[2022-12-16 15:43:14] [SEVERE ] placing card 61 in slot 10
[2022-12-16 15:43:14] [SEVERE ] placing card 11 in slot 11
[2022-12-16 15:43:20] [SEVERE ] Exit button pressed
[2022-12-16 15:43:21] [SEVERE ] removing tokens from slot 0
[2022-12-16 15:43:21] [SEVERE ] removing card from slot 0
[2022-12-16 15:43:22] [SEVERE ] removing tokens from slot 1
[2022-12-16 15:43:22] [SEVERE ] removing card from slot 1
[2022-12-16 15:43:22] [SEVERE ] removing tokens from slot 2
[2022-12-16 15:43:22] [SEVERE ] removing card from slot 2
[2022-12-16 15:43:22] [SEVERE ] removing tokens from slot 3
[2022-12-16 15:43:22] [SEVERE ] removing card from slot 3
[2022-12-16 15:43:22] [SEVERE ] removing tokens from slot 4
[2022-12-16 15:43:22] [SEVERE ] removing card from slot 4
[2022-12-16 15:43:22] [SEVERE ] removing tokens from slot 5
[2022-12-16 15:43:22] [SEVERE ] removing card from slot 5
[2022-12-16 15:43:23] [SEVERE ] removing tokens from slot 6
[2022-12-16 15:43:23] [SEVERE ] removing card from slot 6
[2022-12-16 15:43:23] [SEVERE ] removing tokens from slot 7
[2022-12-16 15:43:23] [SEVERE ] removing card from slot 7
[2022-12-16 15:43:23] [SEVERE ] removing tokens from slot 8
[2022-12-16 15:43:23] [SEVERE ] removing card from slot 8
[2022-12-16 15:43:23] [SEVERE ] removing tokens from slot 9
[2022-12-16 15:43:23] [SEVERE ] removing card from slot 9
[2022-12-16 15:43:23] [SEVERE ] removing tokens from slot 10
[2022-12-16 15:43:23] [SEVERE ] removing card from slot 10
[2022-12-16 15:43:24] [SEVERE ] removing tokens from slot 11
[2022-12-16 15:43:24] [SEVERE ] removing card from slot 11
[2022-12-16 15:43:24] [INFO   ] Thread Thread-1 terminated.
[2022-12-16 15:43:24] [INFO   ] Thread Thread-0 terminated.
[2022-12-16 15:43:24] [INFO   ] Thread main terminated.
