[2022-12-16 13:11:56] [INFO   ] cannot read configuration file config.properties trying from resources.
[2022-12-16 13:11:56] [INFO   ] configuration file was loaded from resources directory.
[2022-12-16 13:11:57] [INFO   ] Thread dealer starting.
[2022-12-16 13:11:57] [INFO   ] Thread Thread-0starting.
[2022-12-16 13:11:57] [INFO   ] Thread Thread-1starting.
[2022-12-16 13:11:58] [SEVERE ] placing card 13 in slot 0
[2022-12-16 13:11:58] [SEVERE ] placing card 45 in slot 1
[2022-12-16 13:11:58] [SEVERE ] placing card 2 in slot 2
[2022-12-16 13:11:58] [SEVERE ] placing card 3 in slot 3
[2022-12-16 13:11:58] [SEVERE ] placing card 47 in slot 4
[2022-12-16 13:11:58] [SEVERE ] placing card 42 in slot 5
[2022-12-16 13:11:58] [SEVERE ] placing card 48 in slot 6
[2022-12-16 13:11:58] [SEVERE ] placing card 38 in slot 7
[2022-12-16 13:11:58] [SEVERE ] placing card 51 in slot 8
[2022-12-16 13:11:59] [SEVERE ] placing card 23 in slot 9
[2022-12-16 13:11:59] [SEVERE ] placing card 19 in slot 10
[2022-12-16 13:11:59] [SEVERE ] placing card 5 in slot 11
[2022-12-16 13:12:00] [SEVERE ] Key 81 was pressed by player 0
[2022-12-16 13:12:00] [SEVERE ] player 0 placing token on slot 0
[2022-12-16 13:12:01] [SEVERE ] Key 87 was pressed by player 0
[2022-12-16 13:12:01] [SEVERE ] player 0 placing token on slot 1
[2022-12-16 13:12:01] [SEVERE ] Key 69 was pressed by player 0
[2022-12-16 13:12:01] [SEVERE ] player 0 placing token on slot 2
[2022-12-16 13:12:02] [SEVERE ] setting player 0 freeze to 3000
[2022-12-16 13:12:03] [SEVERE ] setting player 0 freeze to 2000
[2022-12-16 13:12:04] [SEVERE ] setting player 0 freeze to 1000
[2022-12-16 13:12:05] [SEVERE ] setting player 0 freeze to 0
