[2022-12-16 13:59:26] [INFO   ] cannot read configuration file config.properties trying from resources.
[2022-12-16 13:59:26] [INFO   ] configuration file was loaded from resources directory.
[2022-12-16 13:59:27] [INFO   ] Thread dealer starting.
[2022-12-16 13:59:27] [INFO   ] Thread Thread-1starting.
[2022-12-16 13:59:27] [INFO   ] Thread Thread-0starting.
[2022-12-16 13:59:27] [SEVERE ] placing card 40 in slot 0
[2022-12-16 13:59:28] [SEVERE ] placing card 35 in slot 1
[2022-12-16 13:59:28] [SEVERE ] placing card 17 in slot 2
[2022-12-16 13:59:28] [SEVERE ] placing card 26 in slot 3
[2022-12-16 13:59:28] [SEVERE ] placing card 29 in slot 4
[2022-12-16 13:59:28] [SEVERE ] placing card 78 in slot 5
[2022-12-16 13:59:28] [SEVERE ] placing card 58 in slot 6
[2022-12-16 13:59:28] [SEVERE ] placing card 15 in slot 7
[2022-12-16 13:59:28] [SEVERE ] placing card 24 in slot 8
[2022-12-16 13:59:28] [SEVERE ] placing card 75 in slot 9
[2022-12-16 13:59:29] [SEVERE ] placing card 30 in slot 10
[2022-12-16 13:59:29] [SEVERE ] placing card 1 in slot 11
[2022-12-16 13:59:44] [SEVERE ] Key 81 was pressed by player 0
[2022-12-16 13:59:44] [SEVERE ] player 0 placing token on slot 0
[2022-12-16 13:59:45] [SEVERE ] Key 87 was pressed by player 0
[2022-12-16 13:59:45] [SEVERE ] player 0 placing token on slot 1
[2022-12-16 13:59:45] [SEVERE ] Key 69 was pressed by player 0
[2022-12-16 13:59:45] [SEVERE ] player 0 placing token on slot 2
[2022-12-16 13:59:49] [SEVERE ] setting player 0 freeze to 3000
[2022-12-16 13:59:54] [SEVERE ] setting player 0 freeze to 2000
[2022-12-16 13:59:55] [SEVERE ] setting player 0 freeze to 0
[2022-12-16 13:59:59] [SEVERE ] Key 69 was pressed by player 0
[2022-12-16 13:59:59] [SEVERE ] removing player 0 token from slot 2
[2022-12-16 13:59:59] [SEVERE ] Key 69 was pressed by player 0
[2022-12-16 13:59:59] [SEVERE ] player 0 placing token on slot 2
[2022-12-16 14:00:07] [SEVERE ] setting player 0 freeze to 3000
[2022-12-16 14:00:11] [SEVERE ] setting player 0 freeze to 2000
[2022-12-16 14:00:14] [SEVERE ] setting player 0 freeze to 1000
[2022-12-16 14:00:17] [SEVERE ] setting player 0 freeze to 0
[2022-12-16 14:00:20] [SEVERE ] setting player 0 freeze to -1000
[2022-12-16 14:00:22] [SEVERE ] setting player 0 freeze to -2000
