[2022-12-16 15:18:21] [INFO   ] cannot read configuration file config.properties trying from resources.
[2022-12-16 15:18:21] [INFO   ] configuration file was loaded from resources directory.
[2022-12-16 15:18:22] [INFO   ] Thread dealer starting.
[2022-12-16 15:18:22] [INFO   ] Thread Thread-0starting.
[2022-12-16 15:18:22] [INFO   ] Thread Thread-1starting.
[2022-12-16 15:18:22] [INFO   ] Thread Thread-2starting.
[2022-12-16 15:18:22] [INFO   ] Thread computer-2 starting.
[2022-12-16 15:18:22] [SEVERE ] player 2 placing token on slot 5
[2022-12-16 15:18:22] [SEVERE ] placing card 17 in slot 0
[2022-12-16 15:18:22] [SEVERE ] placing card 4 in slot 1
[2022-12-16 15:18:22] [SEVERE ] placing card 67 in slot 2
[2022-12-16 15:18:23] [SEVERE ] placing card 71 in slot 3
[2022-12-16 15:18:23] [SEVERE ] placing card 6 in slot 4
[2022-12-16 15:18:23] [SEVERE ] placing card 48 in slot 5
[2022-12-16 15:18:23] [SEVERE ] placing card 60 in slot 6
[2022-12-16 15:18:23] [SEVERE ] player 2 placing token on slot 7
[2022-12-16 15:18:23] [SEVERE ] placing card 65 in slot 7
[2022-12-16 15:18:23] [SEVERE ] placing card 10 in slot 8
[2022-12-16 15:18:23] [SEVERE ] placing card 31 in slot 9
[2022-12-16 15:18:23] [SEVERE ] placing card 29 in slot 10
[2022-12-16 15:18:23] [SEVERE ] placing card 25 in slot 11
[2022-12-16 15:18:24] [SEVERE ] player 2 placing token on slot 3
[2022-12-16 15:18:24] [SEVERE ] setting player 2 freeze to 3000
[2022-12-16 15:18:24] [SEVERE ] setting player 2 freeze to 2000
[2022-12-16 15:18:25] [SEVERE ] Exit button pressed
[2022-12-16 15:18:25] [SEVERE ] setting player 2 freeze to 1000
[2022-12-16 15:18:26] [SEVERE ] removing tokens from slot 0
[2022-12-16 15:18:26] [SEVERE ] removing card from slot 0
[2022-12-16 15:18:26] [SEVERE ] removing tokens from slot 1
[2022-12-16 15:18:26] [SEVERE ] removing card from slot 1
[2022-12-16 15:18:26] [SEVERE ] removing tokens from slot 2
[2022-12-16 15:18:26] [SEVERE ] removing card from slot 2
[2022-12-16 15:18:26] [SEVERE ] removing tokens from slot 3
[2022-12-16 15:18:26] [SEVERE ] removing card from slot 3
[2022-12-16 15:18:26] [SEVERE ] removing tokens from slot 4
[2022-12-16 15:18:26] [SEVERE ] removing card from slot 4
[2022-12-16 15:18:26] [SEVERE ] removing tokens from slot 5
[2022-12-16 15:18:26] [SEVERE ] removing card from slot 5
[2022-12-16 15:18:26] [SEVERE ] removing tokens from slot 6
[2022-12-16 15:18:26] [SEVERE ] removing card from slot 6
[2022-12-16 15:18:26] [SEVERE ] removing tokens from slot 7
[2022-12-16 15:18:26] [SEVERE ] removing card from slot 7
[2022-12-16 15:18:26] [SEVERE ] removing tokens from slot 8
[2022-12-16 15:18:26] [SEVERE ] removing card from slot 8
[2022-12-16 15:18:26] [SEVERE ] removing tokens from slot 9
[2022-12-16 15:18:26] [SEVERE ] removing card from slot 9
[2022-12-16 15:18:27] [SEVERE ] removing tokens from slot 10
[2022-12-16 15:18:27] [SEVERE ] removing card from slot 10
[2022-12-16 15:18:27] [SEVERE ] removing tokens from slot 11
[2022-12-16 15:18:27] [SEVERE ] removing card from slot 11
[2022-12-16 15:18:27] [INFO   ] Thread main terminated.
