[2022-12-16 11:56:52] [INFO   ] cannot read configuration file config.properties trying from resources.
[2022-12-16 11:56:52] [INFO   ] configuration file was loaded from resources directory.
[2022-12-16 11:56:53] [INFO   ] Thread dealer starting.
[2022-12-16 11:56:53] [INFO   ] Thread Thread-0starting.
[2022-12-16 11:56:53] [INFO   ] Thread Thread-1starting.
[2022-12-16 11:56:53] [SEVERE ] placing card 57 in slot 0
[2022-12-16 11:56:53] [SEVERE ] placing card 23 in slot 1
[2022-12-16 11:56:53] [SEVERE ] placing card 9 in slot 2
[2022-12-16 11:56:53] [SEVERE ] placing card 32 in slot 3
[2022-12-16 11:56:53] [SEVERE ] placing card 45 in slot 4
[2022-12-16 11:56:53] [SEVERE ] placing card 29 in slot 5
[2022-12-16 11:56:53] [SEVERE ] placing card 58 in slot 6
[2022-12-16 11:56:54] [SEVERE ] placing card 18 in slot 7
[2022-12-16 11:56:54] [SEVERE ] placing card 78 in slot 8
[2022-12-16 11:56:54] [SEVERE ] placing card 44 in slot 9
[2022-12-16 11:56:54] [SEVERE ] placing card 62 in slot 10
[2022-12-16 11:56:54] [SEVERE ] placing card 30 in slot 11
[2022-12-16 11:56:56] [SEVERE ] Key 81 was pressed by player 0
[2022-12-16 11:56:56] [SEVERE ] player 0 placing token on slot 0
[2022-12-16 11:56:56] [SEVERE ] Key 87 was pressed by player 0
[2022-12-16 11:56:57] [SEVERE ] player 0 placing token on slot 1
[2022-12-16 11:56:57] [SEVERE ] Key 69 was pressed by player 0
[2022-12-16 11:56:58] [SEVERE ] player 0 placing token on slot 2
[2022-12-16 11:56:58] [SEVERE ] setting player 0 freeze to 3000
[2022-12-16 11:56:59] [SEVERE ] setting player 0 freeze to 2999
[2022-12-16 11:57:00] [SEVERE ] setting player 0 freeze to 2998
