[2022-12-16 13:51:53] [INFO   ] cannot read configuration file config.properties trying from resources.
[2022-12-16 13:51:53] [INFO   ] configuration file was loaded from resources directory.
[2022-12-16 13:51:54] [INFO   ] Thread dealer starting.
[2022-12-16 13:51:54] [INFO   ] Thread Thread-0starting.
[2022-12-16 13:51:54] [INFO   ] Thread Thread-1starting.
[2022-12-16 13:51:54] [SEVERE ] placing card 18 in slot 0
[2022-12-16 13:51:54] [SEVERE ] placing card 20 in slot 1
[2022-12-16 13:51:54] [SEVERE ] placing card 27 in slot 2
[2022-12-16 13:51:54] [SEVERE ] placing card 24 in slot 3
[2022-12-16 13:51:54] [SEVERE ] placing card 22 in slot 4
[2022-12-16 13:51:54] [SEVERE ] placing card 43 in slot 5
[2022-12-16 13:51:54] [SEVERE ] placing card 2 in slot 6
[2022-12-16 13:51:55] [SEVERE ] placing card 65 in slot 7
[2022-12-16 13:51:55] [SEVERE ] placing card 16 in slot 8
[2022-12-16 13:51:55] [SEVERE ] placing card 59 in slot 9
[2022-12-16 13:51:55] [SEVERE ] placing card 31 in slot 10
[2022-12-16 13:51:55] [SEVERE ] placing card 58 in slot 11
[2022-12-16 13:51:57] [SEVERE ] Key 81 was pressed by player 0
[2022-12-16 13:51:57] [SEVERE ] player 0 placing token on slot 0
[2022-12-16 13:51:57] [SEVERE ] Key 87 was pressed by player 0
[2022-12-16 13:51:57] [SEVERE ] player 0 placing token on slot 1
[2022-12-16 13:51:58] [SEVERE ] Key 69 was pressed by player 0
[2022-12-16 13:51:58] [SEVERE ] player 0 placing token on slot 2
[2022-12-16 13:51:58] [SEVERE ] setting player 0 freeze to 1000
[2022-12-16 13:51:59] [SEVERE ] setting player 0 freeze to 2000
[2022-12-16 13:51:59] [SEVERE ] setting player 0 freeze to 0
[2022-12-16 13:51:59] [SEVERE ] setting player 0 freeze to 1000
[2022-12-16 13:52:00] [SEVERE ] setting player 0 freeze to 1000
[2022-12-16 13:52:00] [SEVERE ] setting player 0 freeze to 0
[2022-12-16 13:52:00] [SEVERE ] setting player 0 freeze to 1000
[2022-12-16 13:52:01] [SEVERE ] setting player 0 freeze to 0
[2022-12-16 13:52:01] [SEVERE ] setting player 0 freeze to 0
[2022-12-16 13:52:01] [SEVERE ] setting player 0 freeze to 1000
[2022-12-16 13:52:02] [SEVERE ] setting player 0 freeze to -1000
[2022-12-16 13:52:02] [SEVERE ] setting player 0 freeze to 0
[2022-12-16 13:52:02] [SEVERE ] setting player 0 freeze to 1000
[2022-12-16 13:52:03] [SEVERE ] setting player 0 freeze to -2000
[2022-12-16 13:52:03] [SEVERE ] setting player 0 freeze to 0
[2022-12-16 13:52:03] [SEVERE ] setting player 0 freeze to 1000
[2022-12-16 13:52:04] [SEVERE ] setting player 0 freeze to -3000
[2022-12-16 13:52:04] [SEVERE ] setting player 0 freeze to 0
[2022-12-16 13:52:04] [SEVERE ] setting player 0 freeze to 1000
[2022-12-16 13:52:05] [SEVERE ] setting player 0 freeze to -4000
