[2022-12-16 14:20:27] [INFO   ] cannot read configuration file config.properties trying from resources.
[2022-12-16 14:20:27] [INFO   ] configuration file was loaded from resources directory.
[2022-12-16 14:20:28] [INFO   ] Thread dealer starting.
[2022-12-16 14:20:28] [INFO   ] Thread Thread-0starting.
[2022-12-16 14:20:28] [INFO   ] Thread Thread-1starting.
[2022-12-16 14:20:28] [SEVERE ] placing card 15 in slot 0
[2022-12-16 14:20:28] [SEVERE ] placing card 26 in slot 1
[2022-12-16 14:20:28] [SEVERE ] placing card 18 in slot 2
[2022-12-16 14:20:28] [SEVERE ] placing card 63 in slot 3
[2022-12-16 14:20:28] [SEVERE ] placing card 67 in slot 4
[2022-12-16 14:20:28] [SEVERE ] placing card 79 in slot 5
[2022-12-16 14:20:28] [SEVERE ] placing card 14 in slot 6
[2022-12-16 14:20:28] [SEVERE ] placing card 66 in slot 7
[2022-12-16 14:20:29] [SEVERE ] placing card 41 in slot 8
[2022-12-16 14:20:29] [SEVERE ] placing card 80 in slot 9
[2022-12-16 14:20:29] [SEVERE ] placing card 73 in slot 10
[2022-12-16 14:20:29] [SEVERE ] placing card 68 in slot 11
[2022-12-16 14:20:34] [SEVERE ] Key 65 was pressed by player 0
[2022-12-16 14:20:34] [SEVERE ] player 0 placing token on slot 4
[2022-12-16 14:20:36] [SEVERE ] Key 70 was pressed by player 0
[2022-12-16 14:20:36] [SEVERE ] player 0 placing token on slot 7
[2022-12-16 14:20:38] [SEVERE ] Key 86 was pressed by player 0
[2022-12-16 14:20:38] [SEVERE ] player 0 placing token on slot 11
[2022-12-16 14:20:38] [SEVERE ] setting player 0 freeze to 1000
[2022-12-16 14:20:39] [SEVERE ] setting player 0 freeze to 0
[2022-12-16 14:20:39] [SEVERE ] removing player 0 token from slot 4
[2022-12-16 14:20:39] [SEVERE ] removing player 0 token from slot 7
[2022-12-16 14:20:39] [SEVERE ] removing player 0 token from slot 11
[2022-12-16 14:20:39] [SEVERE ] setting player 0 score to 1
[2022-12-16 14:20:39] [SEVERE ] setting player 0 freeze to 0
[2022-12-16 14:20:39] [SEVERE ] removing tokens from slot 4
[2022-12-16 14:20:39] [SEVERE ] removing card from slot 4
[2022-12-16 14:20:39] [SEVERE ] removing tokens from slot 7
[2022-12-16 14:20:39] [SEVERE ] removing card from slot 7
[2022-12-16 14:20:39] [SEVERE ] removing tokens from slot 11
[2022-12-16 14:20:39] [SEVERE ] removing card from slot 11
[2022-12-16 14:20:39] [SEVERE ] placing card 30 in slot 4
[2022-12-16 14:20:39] [SEVERE ] placing card 10 in slot 7
[2022-12-16 14:20:40] [SEVERE ] placing card 33 in slot 11
