[2022-12-16 15:53:23] [INFO   ] cannot read configuration file config.properties trying from resources.
[2022-12-16 15:53:23] [INFO   ] configuration file was loaded from resources directory.
[2022-12-16 15:53:24] [INFO   ] Thread dealer starting.
[2022-12-16 15:53:24] [INFO   ] Thread Thread-0starting.
[2022-12-16 15:53:24] [INFO   ] Thread Thread-1starting.
[2022-12-16 15:53:24] [INFO   ] Thread Thread-3starting.
[2022-12-16 15:53:24] [INFO   ] Thread Thread-2starting.
[2022-12-16 15:53:24] [INFO   ] Thread computer-2 starting.
[2022-12-16 15:53:24] [INFO   ] Thread computer-3 starting.
[2022-12-16 15:53:24] [SEVERE ] player 2 placing token on slot 3
[2022-12-16 15:53:24] [SEVERE ] player 3 placing token on slot 1
[2022-12-16 15:53:24] [SEVERE ] placing card 66 in slot 0
[2022-12-16 15:53:24] [SEVERE ] placing card 63 in slot 1
[2022-12-16 15:53:25] [SEVERE ] placing card 51 in slot 2
[2022-12-16 15:53:25] [SEVERE ] placing card 35 in slot 3
[2022-12-16 15:53:25] [SEVERE ] placing card 61 in slot 4
[2022-12-16 15:53:25] [SEVERE ] placing card 75 in slot 5
[2022-12-16 15:53:25] [SEVERE ] placing card 55 in slot 6
[2022-12-16 15:53:25] [SEVERE ] player 3 placing token on slot 5
[2022-12-16 15:53:25] [SEVERE ] player 2 placing token on slot 10
[2022-12-16 15:53:25] [SEVERE ] placing card 4 in slot 7
[2022-12-16 15:53:25] [SEVERE ] placing card 0 in slot 8
[2022-12-16 15:53:25] [SEVERE ] placing card 31 in slot 9
[2022-12-16 15:53:25] [SEVERE ] placing card 69 in slot 10
[2022-12-16 15:53:25] [SEVERE ] placing card 23 in slot 11
[2022-12-16 15:53:26] [SEVERE ] removing player 3 token from slot 5
[2022-12-16 15:53:26] [SEVERE ] player 2 placing token on slot 4
[2022-12-16 15:53:26] [SEVERE ] setting player 2 freeze to 3000
[2022-12-16 15:53:27] [SEVERE ] setting player 2 freeze to 2000
[2022-12-16 15:53:27] [SEVERE ] player 3 placing token on slot 0
[2022-12-16 15:53:27] [SEVERE ] player 3 placing token on slot 10
[2022-12-16 15:53:27] [SEVERE ] setting player 3 freeze to 1000
[2022-12-16 15:53:28] [SEVERE ] setting player 2 freeze to 1000
[2022-12-16 15:53:28] [SEVERE ] setting player 3 freeze to 0
[2022-12-16 15:53:28] [SEVERE ] removing player 3 token from slot 1
[2022-12-16 15:53:28] [SEVERE ] removing player 3 token from slot 0
[2022-12-16 15:53:28] [SEVERE ] removing player 3 token from slot 10
[2022-12-16 15:53:28] [SEVERE ] setting player 3 score to 1
[2022-12-16 15:53:28] [SEVERE ] removing player 2 token from slot 1
[2022-12-16 15:53:28] [SEVERE ] removing tokens from slot 1
[2022-12-16 15:53:28] [SEVERE ] removing card from slot 1
[2022-12-16 15:53:28] [SEVERE ] removing tokens from slot 0
[2022-12-16 15:53:28] [SEVERE ] removing card from slot 0
[2022-12-16 15:53:28] [SEVERE ] removing tokens from slot 10
[2022-12-16 15:53:28] [SEVERE ] removing card from slot 10
[2022-12-16 15:53:28] [SEVERE ] placing card 24 in slot 0
[2022-12-16 15:53:28] [SEVERE ] placing card 48 in slot 1
[2022-12-16 15:53:28] [SEVERE ] placing card 79 in slot 10
[2022-12-16 15:53:28] [SEVERE ] setting player 3 freeze to 0
[2022-12-16 15:53:28] [SEVERE ] player 3 placing token on slot 8
[2022-12-16 15:53:29] [SEVERE ] setting player 2 freeze to 0
[2022-12-16 15:53:29] [SEVERE ] player 2 placing token on slot 7
[2022-12-16 15:53:29] [SEVERE ] setting player 2 freeze to 3000
[2022-12-16 15:53:29] [SEVERE ] player 3 placing token on slot 4
[2022-12-16 15:53:29] [SEVERE ] setting player 2 freeze to 0
[2022-12-16 15:53:30] [SEVERE ] player 3 placing token on slot 0
[2022-12-16 15:53:30] [SEVERE ] setting player 3 freeze to 3000
[2022-12-16 15:53:30] [SEVERE ] setting player 2 freeze to 2000
[2022-12-16 15:53:30] [SEVERE ] setting player 3 freeze to 2000
[2022-12-16 15:53:31] [SEVERE ] setting player 2 freeze to 1000
[2022-12-16 15:53:31] [SEVERE ] setting player 3 freeze to 1000
[2022-12-16 15:53:32] [SEVERE ] setting player 2 freeze to 0
[2022-12-16 15:53:32] [SEVERE ] setting player 3 freeze to 0
[2022-12-16 15:53:33] [SEVERE ] setting player 3 freeze to 0
[2022-12-16 15:53:35] [SEVERE ] removing player 3 token from slot 4
[2022-12-16 15:53:35] [SEVERE ] player 3 placing token on slot 7
[2022-12-16 15:53:35] [SEVERE ] setting player 3 freeze to 3000
[2022-12-16 15:53:36] [SEVERE ] setting player 3 freeze to 2000
[2022-12-16 15:53:36] [SEVERE ] removing player 2 token from slot 4
[2022-12-16 15:53:37] [SEVERE ] Exit button pressed
[2022-12-16 15:53:37] [SEVERE ] player 2 placing token on slot 8
[2022-12-16 15:53:37] [SEVERE ] setting player 2 freeze to 3000
[2022-12-16 15:53:37] [SEVERE ] setting player 2 freeze to 0
[2022-12-16 15:53:37] [SEVERE ] setting player 3 freeze to 1000
[2022-12-16 15:53:37] [SEVERE ] removing tokens from slot 0
[2022-12-16 15:53:37] [SEVERE ] removing card from slot 0
[2022-12-16 15:53:37] [SEVERE ] removing tokens from slot 1
[2022-12-16 15:53:37] [SEVERE ] removing card from slot 1
[2022-12-16 15:53:38] [SEVERE ] removing tokens from slot 2
[2022-12-16 15:53:38] [SEVERE ] removing card from slot 2
[2022-12-16 15:53:38] [SEVERE ] removing tokens from slot 3
[2022-12-16 15:53:38] [SEVERE ] removing card from slot 3
[2022-12-16 15:53:38] [SEVERE ] removing tokens from slot 4
[2022-12-16 15:53:38] [SEVERE ] removing card from slot 4
[2022-12-16 15:53:38] [SEVERE ] removing tokens from slot 5
[2022-12-16 15:53:38] [SEVERE ] removing card from slot 5
[2022-12-16 15:53:38] [SEVERE ] removing tokens from slot 6
[2022-12-16 15:53:38] [SEVERE ] removing card from slot 6
[2022-12-16 15:53:38] [SEVERE ] removing tokens from slot 7
[2022-12-16 15:53:38] [SEVERE ] removing card from slot 7
[2022-12-16 15:53:38] [SEVERE ] removing tokens from slot 8
[2022-12-16 15:53:38] [SEVERE ] removing card from slot 8
[2022-12-16 15:53:38] [SEVERE ] removing tokens from slot 9
[2022-12-16 15:53:38] [SEVERE ] removing card from slot 9
[2022-12-16 15:53:38] [SEVERE ] removing tokens from slot 10
[2022-12-16 15:53:38] [SEVERE ] removing card from slot 10
[2022-12-16 15:53:38] [SEVERE ] setting player 3 freeze to 0
[2022-12-16 15:53:39] [SEVERE ] removing tokens from slot 11
[2022-12-16 15:53:39] [SEVERE ] removing card from slot 11
[2022-12-16 15:53:39] [INFO   ] Thread Thread-1 terminated.
[2022-12-16 15:53:39] [INFO   ] Thread Thread-0 terminated.
[2022-12-16 15:53:39] [SEVERE ] announcing winners: [0, 0, 0, 3]
[2022-12-16 15:53:39] [INFO   ] Thread dealer terminated.
[2022-12-16 15:53:39] [INFO   ] Thread main terminated.
